 line   address	contents
    1                      ; Linked by DLX-LD.
    2                      ; MemSize 24576
    3                      ; Data size: 206
    4                      ; Text size: 5032
    5                      ; Stack size: 8192
    6  00000000          	.text 0x1000
    7  00001000          	.data 0x3000
    8                      ; Compiled by GCC
    9  00003000          	.text
   10  00001000          	.align 2
   11  00001000          	.proc _isspace
   12  00001000          	.global _isspace
   13  00001000          	_isspace:
   14                      ;  Function 'isspace'; 0 bytes of locals, 1 regs to save.
   15  00001000  afbefffc	sw	-4(r29),r30; push fp
   16  00001004  001df020	add	r30,r0,r29; fp = sp
   17  00001008  afbffff8	sw	-8(r29),r31; push ret addr
   18  0000100c  2fbd0010	subui	r29,r29,#16; alloc local storage
   19  00001010  afa20000	sw	0(r29),r2
   20  00001014  83c20003	lb	r2,3(r30)
   21  00001018  201f0000	addi	r31,r0,#0
   22  0000101c  304100ff	andi	r1,r2,#0x00ff
   23  00001020  60210020	seqi	r1,r1,#32
   24  00001024  14200018	bnez	r1,L6_LF0
   25  00001028  54000000	nop; not filled.
   26  0000102c  2041fff7	addi	r1,r2,#-9
   27  00001030  302100ff	andi	r1,r1,#0x00ff
   28  00001034  70210001	sleui	r1,r1,#1
   29  00001038  10200008	beqz	r1,L5_LF0
   30  0000103c  54000000	nop; not filled.
   31  00001040          	L6_LF0:
   32  00001040  201f0001	addi	r31,r0,#1
   33  00001044          	L5_LF0:
   34  00001044  001f0820	add	r1,r0,r31
   35  00001048  8fa20000	lw	r2,0(r29)
   36  0000104c  8fdffff8	lw	r31,-8(r30)
   37  00001050  001ee820	add	r29,r0,r30
   38  00001054  8fdefffc	lw	r30,-4(r30)
   39  00001058  4be00000	jr	r31
   40  0000105c  54000000	nop
   41  00001060          	.endproc _isspace
   42  00001060          	.align 2
   43  00001060          	.proc _isxdigit
   44  00001060          	.global _isxdigit
   45  00001060          	_isxdigit:
   46                      ;  Function 'isxdigit'; 0 bytes of locals, 1 regs to save.
   47  00001060  afbefffc	sw	-4(r29),r30; push fp
   48  00001064  001df020	add	r30,r0,r29; fp = sp
   49  00001068  afbffff8	sw	-8(r29),r31; push ret addr
   50  0000106c  2fbd0010	subui	r29,r29,#16; alloc local storage
   51  00001070  afa20000	sw	0(r29),r2
   52  00001074  83df0003	lb	r31,3(r30)
   53  00001078  20020000	addi	r2,r0,#0
   54  0000107c  23e1ffd0	addi	r1,r31,#-48
   55  00001080  302100ff	andi	r1,r1,#0x00ff
   56  00001084  70210009	sleui	r1,r1,#9
   57  00001088  14200028	bnez	r1,L12_LF0
   58  0000108c  54000000	nop; not filled.
   59  00001090  23e1ff9f	addi	r1,r31,#-97
   60  00001094  302100ff	andi	r1,r1,#0x00ff
   61  00001098  70210005	sleui	r1,r1,#5
   62  0000109c  14200014	bnez	r1,L12_LF0
   63  000010a0  54000000	nop; not filled.
   64  000010a4  33e100ff	andi	r1,r31,#0x00ff
   65  000010a8  64210041	snei	r1,r1,#65
   66  000010ac  14200008	bnez	r1,L11_LF0
   67  000010b0  54000000	nop; not filled.
   68  000010b4          	L12_LF0:
   69  000010b4  20020001	addi	r2,r0,#1
   70  000010b8          	L11_LF0:
   71  000010b8  00020820	add	r1,r0,r2
   72  000010bc  8fa20000	lw	r2,0(r29)
   73  000010c0  8fdffff8	lw	r31,-8(r30)
   74  000010c4  001ee820	add	r29,r0,r30
   75  000010c8  8fdefffc	lw	r30,-4(r30)
   76  000010cc  4be00000	jr	r31
   77  000010d0  54000000	nop
   78  000010d4          	.endproc _isxdigit
   79  000010d4          	.data
   80  00003000          	.align 2
   81  00003000          	LC0_LF0:
   82  00003000  55736167	.ascii "Usage: \000"
   82  00003004  653a2000	
   83  00003008          	.align 2
   84  00003008          	LC1_LF0:
   85  00003008  203c6861	.ascii " <handle_to_shared_memory_page> <handle_to_page_mapped_semaphore>\n\000"
   85  0000300c  6e646c65	
   85  00003010  5f746f5f	
   85  00003014  73686172	
   85  00003018  65645f6d	
   85  0000301c  656d6f72	
   85  00003020  795f7061	
   85  00003024  67653e20	
   85  00003028  3c68616e	
   85  0000302c  646c655f	
   85  00003030  746f5f70	
   85  00003034  6167655f	
   85  00003038  6d617070	
   85  0000303c  65645f73	
   85  00003040  656d6170	
   85  00003044  686f7265	
   85  00003048  3e0a00  	
   86  0000304b          	.align 2
   87  0000304c          	LC2_LF0:
   88  0000304c  52656163	.ascii "Reaction: 1 PID: %d\n\000"
   88  00003050  74696f6e	
   88  00003054  3a203120	
   88  00003058  5049443a	
   88  0000305c  2025640a	
   88  00003060  00      	
   89  00003061          	.align 2
   90  00003064          	LC3_LF0:
   91  00003064  52656163	.ascii "Reaction: 2 PID: %d\n\000"
   91  00003068  74696f6e	
   91  0000306c  3a203220	
   91  00003070  5049443a	
   91  00003074  2025640a	
   91  00003078  00      	
   92  00003079          	.align 2
   93  0000307c          	LC4_LF0:
   94  0000307c  52656163	.ascii "Reaction: 3 PID: %d\n\000"
   94  00003080  74696f6e	
   94  00003084  3a203320	
   94  00003088  5049443a	
   94  0000308c  2025640a	
   94  00003090  00      	
   95  00003091          	.align 2
   96  00003094          	LC5_LF0:
   97  00003094  42616420	.ascii "Bad semaphore s_procs_completed (%d) in \000"
   97  00003098  73656d61	
   97  0000309c  70686f72	
   97  000030a0  6520735f	
   97  000030a4  70726f63	
   97  000030a8  735f636f	
   97  000030ac  6d706c65	
   97  000030b0  74656420	
   97  000030b4  28256429	
   97  000030b8  20696e20	
   97  000030bc  00      	
   98  000030bd          	.align 2
   99  000030c0          	LC6_LF0:
  100  000030c0  2c206578	.ascii ", exiting...\n\000"
  100  000030c4  6974696e	
  100  000030c8  672e2e2e	
  100  000030cc  0a00    	
  101  000030ce          	.text
  102  000010d4          	.align 2
  103  000010d4          	.proc _main
  104  000010d4          	.global _main
  105  000010d4          	_main:
  106                      ;  Function 'main'; 0 bytes of locals, 0 regs to save.
  107  000010d4  afbefffc	sw	-4(r29),r30; push fp
  108  000010d8  001df020	add	r30,r0,r29; fp = sp
  109  000010dc  afbffff8	sw	-8(r29),r31; push ret addr
  110  000010e0  2fbd0008	subui	r29,r29,#8; alloc local storage
  111  000010e4  8fc20000	lw	r2,(r30)
  112  000010e8  8fcc0004	lw	r12,4(r30)
  113  000010ec  0c0012b0	jal	___main
  114  000010f0  54000000	nop; not filled.
  115  000010f4  20050000	addi	r5,r0,#0
  116  000010f8  20080000	addi	r8,r0,#0
  117  000010fc  20070000	addi	r7,r0,#0
  118  00001100  20030000	addi	r3,r0,#0
  119  00001104  6441000a	snei	r1,r2,#10
  120  00001108  1020004c	beqz	r1,L14_LF0
  121  0000110c  54000000	nop; not filled.
  122  00001110  23bdfff8	addi	r29,r29,#-8
  123  00001114  3c100000	lhi	r16,((LC0_LF0)>>16)&0xffff
  124  00001118  26103000	addui	r16,r16,(LC0_LF0)&0xffff
  125  0000111c  afb00000	sw	(r29),r16
  126  00001120  0c000474	jal	_Printf
  127  00001124  54000000	nop; not filled.
  128  00001128  8d900000	lw	r16,(r12)
  129  0000112c  afb00000	sw	(r29),r16
  130  00001130  0c000464	jal	_Printf
  131  00001134  54000000	nop; not filled.
  132  00001138  3c100000	lhi	r16,((LC1_LF0)>>16)&0xffff
  133  0000113c  26103008	addui	r16,r16,(LC1_LF0)&0xffff
  134  00001140  afb00000	sw	(r29),r16
  135  00001144  0c000450	jal	_Printf
  136  00001148  54000000	nop; not filled.
  137  0000114c  0c0004fc	jal	_Exit
  138  00001150  54000000	nop; not filled.
  139  00001154  23bd0008	addi	r29,r29,#8
  140  00001158          	L14_LF0:
  141  00001158  23bdfff0	addi	r29,r29,#-16
  142  0000115c  8d900004	lw	r16,4(r12)
  143  00001160  afb00000	sw	(r29),r16
  144  00001164  20100000	addi	r16,r0,#0
  145  00001168  afb00004	sw	4(r29),r16
  146  0000116c  2010000a	addi	r16,r0,#10
  147  00001170  afb00008	sw	8(r29),r16
  148  00001174  0c000d80	jal	_dstrtol
  149  00001178  54000000	nop; not filled.
  150  0000117c  00016820	add	r13,r0,r1
  151  00001180  8d900008	lw	r16,8(r12)
  152  00001184  afb00000	sw	(r29),r16
  153  00001188  20100000	addi	r16,r0,#0
  154  0000118c  afb00004	sw	4(r29),r16
  155  00001190  2010000a	addi	r16,r0,#10
  156  00001194  afb00008	sw	8(r29),r16
  157  00001198  0c000d5c	jal	_dstrtol
  158  0000119c  54000000	nop; not filled.
  159  000011a0  00015020	add	r10,r0,r1
  160  000011a4  8d90000c	lw	r16,12(r12)
  161  000011a8  afb00000	sw	(r29),r16
  162  000011ac  20100000	addi	r16,r0,#0
  163  000011b0  afb00004	sw	4(r29),r16
  164  000011b4  2010000a	addi	r16,r0,#10
  165  000011b8  afb00008	sw	8(r29),r16
  166  000011bc  0c000d38	jal	_dstrtol
  167  000011c0  54000000	nop; not filled.
  168  000011c4  00013020	add	r6,r0,r1
  169  000011c8  8d900010	lw	r16,16(r12)
  170  000011cc  afb00000	sw	(r29),r16
  171  000011d0  20100000	addi	r16,r0,#0
  172  000011d4  afb00004	sw	4(r29),r16
  173  000011d8  2010000a	addi	r16,r0,#10
  174  000011dc  afb00008	sw	8(r29),r16
  175  000011e0  0c000d14	jal	_dstrtol
  176  000011e4  54000000	nop; not filled.
  177  000011e8  00017020	add	r14,r0,r1
  178  000011ec  8d900020	lw	r16,32(r12)
  179  000011f0  afb00000	sw	(r29),r16
  180  000011f4  20100000	addi	r16,r0,#0
  181  000011f8  afb00004	sw	4(r29),r16
  182  000011fc  2010000a	addi	r16,r0,#10
  183  00001200  afb00008	sw	8(r29),r16
  184  00001204  0c000cf0	jal	_dstrtol
  185  00001208  54000000	nop; not filled.
  186  0000120c  00017820	add	r15,r0,r1
  187  00001210  8d900024	lw	r16,36(r12)
  188  00001214  afb00000	sw	(r29),r16
  189  00001218  20100000	addi	r16,r0,#0
  190  0000121c  afb00004	sw	4(r29),r16
  191  00001220  2010000a	addi	r16,r0,#10
  192  00001224  afb00008	sw	8(r29),r16
  193  00001228  0c000ccc	jal	_dstrtol
  194  0000122c  54000000	nop; not filled.
  195  00001230  00015820	add	r11,r0,r1
  196  00001234  8d900014	lw	r16,20(r12)
  197  00001238  afb00000	sw	(r29),r16
  198  0000123c  20100000	addi	r16,r0,#0
  199  00001240  afb00004	sw	4(r29),r16
  200  00001244  2010000a	addi	r16,r0,#10
  201  00001248  afb00008	sw	8(r29),r16
  202  0000124c  0c000ca8	jal	_dstrtol
  203  00001250  54000000	nop; not filled.
  204  00001254  00011020	add	r2,r0,r1
  205  00001258  8d900018	lw	r16,24(r12)
  206  0000125c  afb00000	sw	(r29),r16
  207  00001260  20100000	addi	r16,r0,#0
  208  00001264  afb00004	sw	4(r29),r16
  209  00001268  2010000a	addi	r16,r0,#10
  210  0000126c  afb00008	sw	8(r29),r16
  211  00001270  0c000c84	jal	_dstrtol
  212  00001274  54000000	nop; not filled.
  213  00001278  00012020	add	r4,r0,r1
  214  0000127c  8d90001c	lw	r16,28(r12)
  215  00001280  afb00000	sw	(r29),r16
  216  00001284  20100000	addi	r16,r0,#0
  217  00001288  afb00004	sw	4(r29),r16
  218  0000128c  2010000a	addi	r16,r0,#10
  219  00001290  afb00008	sw	8(r29),r16
  220  00001294  0c000c60	jal	_dstrtol
  221  00001298  54000000	nop; not filled.
  222  0000129c  00014820	add	r9,r0,r1
  223  000012a0  23bd0010	addi	r29,r29,#16
  224  000012a4  65610003	snei	r1,r11,#3
  225  000012a8  10200218	beqz	r1,L25_LF0
  226  000012ac  54000000	nop; not filled.
  227  000012b0  6c410001	sgti	r1,r2,#1
  228  000012b4  10200224	beqz	r1,L24_LF0
  229  000012b8  54000000	nop; not filled.
  230  000012bc  61630001	seqi	r3,r11,#1
  231  000012c0          	L18_LF0:
  232  000012c0  23bdfff8	addi	r29,r29,#-8
  233  000012c4  afad0000	sw	(r29),r13
  234  000012c8  0c000320	jal	_sem_wait
  235  000012cc  54000000	nop; not filled.
  236  000012d0  23bd0008	addi	r29,r29,#8
  237  000012d4  60210001	seqi	r1,r1,#1
  238  000012d8  102000a4	beqz	r1,L16_LF0
  239  000012dc  54000000	nop; not filled.
  240  000012e0  20a50001	addi	r5,r5,#1
  241  000012e4  60a10002	seqi	r1,r5,#2
  242  000012e8  10200094	beqz	r1,L16_LF0
  243  000012ec  54000000	nop; not filled.
  244  000012f0  10600038	beqz	r3,L21_LF0
  245  000012f4  54000000	nop; not filled.
  246  000012f8  23bdfff8	addi	r29,r29,#-8
  247  000012fc  afaa0000	sw	(r29),r10
  248  00001300  0c0002f4	jal	_sem_signal
  249  00001304  54000000	nop; not filled.
  250  00001308  afa60000	sw	(r29),r6
  251  0000130c  0c0002e8	jal	_sem_signal
  252  00001310  54000000	nop; not filled.
  253  00001314  0c000298	jal	_Getpid
  254  00001318  54000000	nop; not filled.
  255  0000131c  3c100000	lhi	r16,((LC2_LF0)>>16)&0xffff
  256  00001320  2610304c	addui	r16,r16,(LC2_LF0)&0xffff
  257  00001324  0800003c	j	L37_LF0
  258  00001328  54000000	nop; not filled.
  259  0000132c          	L21_LF0:
  260  0000132c  23bdfff8	addi	r29,r29,#-8
  261  00001330  afaa0000	sw	(r29),r10
  262  00001334  0c0002c0	jal	_sem_signal
  263  00001338  54000000	nop; not filled.
  264  0000133c  afaa0000	sw	(r29),r10
  265  00001340  0c0002b4	jal	_sem_signal
  266  00001344  54000000	nop; not filled.
  267  00001348  afa60000	sw	(r29),r6
  268  0000134c  0c0002a8	jal	_sem_signal
  269  00001350  54000000	nop; not filled.
  270  00001354  0c000258	jal	_Getpid
  271  00001358  54000000	nop; not filled.
  272  0000135c  3c100000	lhi	r16,((LC3_LF0)>>16)&0xffff
  273  00001360  26103064	addui	r16,r16,(LC3_LF0)&0xffff
  274  00001364          	L37_LF0:
  275  00001364  afb00000	sw	(r29),r16
  276  00001368  afa10004	sw	4(r29),r1
  277  0000136c  0c000228	jal	_Printf
  278  00001370  54000000	nop; not filled.
  279  00001374  2042fffe	addi	r2,r2,#-2
  280  00001378  23bd0008	addi	r29,r29,#8
  281  0000137c  20050000	addi	r5,r0,#0
  282  00001380          	L16_LF0:
  283  00001380  6c410001	sgti	r1,r2,#1
  284  00001384  10200154	beqz	r1,L24_LF0
  285  00001388  54000000	nop; not filled.
  286  0000138c  0bffff30	j	L18_LF0
  287  00001390  54000000	nop; not filled.
  288  00001394          	L35_LF0:
  289  00001394  6d210002	sgti	r1,r9,#2
  290  00001398  10200140	beqz	r1,L24_LF0
  291  0000139c  54000000	nop; not filled.
  292  000013a0  23bdfff8	addi	r29,r29,#-8
  293  000013a4  afad0000	sw	(r29),r13
  294  000013a8  0c000240	jal	_sem_wait
  295  000013ac  54000000	nop; not filled.
  296  000013b0  23bd0008	addi	r29,r29,#8
  297  000013b4  60210001	seqi	r1,r1,#1
  298  000013b8  10200008	beqz	r1,L29_LF0
  299  000013bc  54000000	nop; not filled.
  300  000013c0  21080001	addi	r8,r8,#1
  301  000013c4          	L29_LF0:
  302  000013c4  23bdfff8	addi	r29,r29,#-8
  303  000013c8  afaa0000	sw	(r29),r10
  304  000013cc  0c00021c	jal	_sem_wait
  305  000013d0  54000000	nop; not filled.
  306  000013d4  23bd0008	addi	r29,r29,#8
  307  000013d8  60210001	seqi	r1,r1,#1
  308  000013dc  10200008	beqz	r1,L30_LF0
  309  000013e0  54000000	nop; not filled.
  310  000013e4  20e70001	addi	r7,r7,#1
  311  000013e8          	L30_LF0:
  312  000013e8  23bdfff8	addi	r29,r29,#-8
  313  000013ec  afa60000	sw	(r29),r6
  314  000013f0  0c0001f8	jal	_sem_wait
  315  000013f4  54000000	nop; not filled.
  316  000013f8  23bd0008	addi	r29,r29,#8
  317  000013fc  60210001	seqi	r1,r1,#1
  318  00001400  10200008	beqz	r1,L31_LF0
  319  00001404  54000000	nop; not filled.
  320  00001408  20630001	addi	r3,r3,#1
  321  0000140c          	L31_LF0:
  322  0000140c  23bdfff8	addi	r29,r29,#-8
  323  00001410  afa60000	sw	(r29),r6
  324  00001414  0c0001d4	jal	_sem_wait
  325  00001418  54000000	nop; not filled.
  326  0000141c  23bd0008	addi	r29,r29,#8
  327  00001420  60210001	seqi	r1,r1,#1
  328  00001424  10200008	beqz	r1,L32_LF0
  329  00001428  54000000	nop; not filled.
  330  0000142c  20630001	addi	r3,r3,#1
  331  00001430          	L32_LF0:
  332  00001430  23bdfff8	addi	r29,r29,#-8
  333  00001434  afa60000	sw	(r29),r6
  334  00001438  0c0001b0	jal	_sem_wait
  335  0000143c  54000000	nop; not filled.
  336  00001440  23bd0008	addi	r29,r29,#8
  337  00001444  60210001	seqi	r1,r1,#1
  338  00001448  10200008	beqz	r1,L33_LF0
  339  0000144c  54000000	nop; not filled.
  340  00001450  20630001	addi	r3,r3,#1
  341  00001454          	L33_LF0:
  342  00001454  61010001	seqi	r1,r8,#1
  343  00001458  10200068	beqz	r1,L25_LF0
  344  0000145c  54000000	nop; not filled.
  345  00001460  60e10001	seqi	r1,r7,#1
  346  00001464  1020005c	beqz	r1,L25_LF0
  347  00001468  54000000	nop; not filled.
  348  0000146c  60610003	seqi	r1,r3,#3
  349  00001470  10200050	beqz	r1,L25_LF0
  350  00001474  54000000	nop; not filled.
  351  00001478  23bdfff8	addi	r29,r29,#-8
  352  0000147c  afae0000	sw	(r29),r14
  353  00001480  0c000174	jal	_sem_signal
  354  00001484  54000000	nop; not filled.
  355  00001488  20080000	addi	r8,r0,#0
  356  0000148c  20070000	addi	r7,r0,#0
  357  00001490  20030000	addi	r3,r0,#0
  358  00001494  0c000118	jal	_Getpid
  359  00001498  54000000	nop; not filled.
  360  0000149c  3c100000	lhi	r16,((LC4_LF0)>>16)&0xffff
  361  000014a0  2610307c	addui	r16,r16,(LC4_LF0)&0xffff
  362  000014a4  afb00000	sw	(r29),r16
  363  000014a8  afa10004	sw	4(r29),r1
  364  000014ac  0c0000e8	jal	_Printf
  365  000014b0  54000000	nop; not filled.
  366  000014b4  2129fffd	addi	r9,r9,#-3
  367  000014b8  2084ffff	addi	r4,r4,#-1
  368  000014bc  2042ffff	addi	r2,r2,#-1
  369  000014c0  23bd0008	addi	r29,r29,#8
  370  000014c4          	L25_LF0:
  371  000014c4  6c410000	sgti	r1,r2,#0
  372  000014c8  10200010	beqz	r1,L24_LF0
  373  000014cc  54000000	nop; not filled.
  374  000014d0  6c810000	sgti	r1,r4,#0
  375  000014d4  1420febc	bnez	r1,L35_LF0
  376  000014d8  54000000	nop; not filled.
  377  000014dc          	L24_LF0:
  378  000014dc  23bdfff8	addi	r29,r29,#-8
  379  000014e0  afaf0000	sw	(r29),r15
  380  000014e4  0c000110	jal	_sem_signal
  381  000014e8  54000000	nop; not filled.
  382  000014ec  23bd0008	addi	r29,r29,#8
  383  000014f0  64210001	snei	r1,r1,#1
  384  000014f4  10200050	beqz	r1,L36_LF0
  385  000014f8  54000000	nop; not filled.
  386  000014fc  23bdfff8	addi	r29,r29,#-8
  387  00001500  3c100000	lhi	r16,((LC5_LF0)>>16)&0xffff
  388  00001504  26103094	addui	r16,r16,(LC5_LF0)&0xffff
  389  00001508  afb00000	sw	(r29),r16
  390  0000150c  afaf0004	sw	4(r29),r15
  391  00001510  0c000084	jal	_Printf
  392  00001514  54000000	nop; not filled.
  393  00001518  8d8c0000	lw	r12,(r12)
  394  0000151c  afac0000	sw	(r29),r12
  395  00001520  0c000074	jal	_Printf
  396  00001524  54000000	nop; not filled.
  397  00001528  3c100000	lhi	r16,((LC6_LF0)>>16)&0xffff
  398  0000152c  261030c0	addui	r16,r16,(LC6_LF0)&0xffff
  399  00001530  afb00000	sw	(r29),r16
  400  00001534  0c000060	jal	_Printf
  401  00001538  54000000	nop; not filled.
  402  0000153c  0c00010c	jal	_Exit
  403  00001540  54000000	nop; not filled.
  404  00001544  23bd0008	addi	r29,r29,#8
  405  00001548          	L36_LF0:
  406  00001548  0c000e48	jal	_exit
  407  0000154c  54000000	nop
  408  00001550          	.endproc _main
  409                      ;;;
  410                      ;;; Stub functions for DLX traps.
  411                      ;;;
  412                      ;;; Ethan L. Miller, 1999.  Released to the public domain.
  413                      ;;;
  414                      ;;; The traps such as Open and Close
  415                      ;;; (note the capital letters) are for use by user programs.  The traps
  416                      ;;; with names such as open and close (lower case) are for use by the OS.
  417                      ;;;
  420  00001550          	.align 2
  422                      ;;; The following are the traps to be used by user-level programs
  423                      ;;;
  425  00001550          	.align 2
  426  00001550          	.proc _Open
  427  00001550          	.global _Open
  428  00001550          	_Open:
  429                      ;;; Note that trap #0x213 actually causes a trap vector in the OS of
  430                      ;;; 0x1213.  The same is true for other user traps.  Thus, a user trap
  431                      ;;; with trap #0x240 will result in a trap vector of 0x1240 in the OS.
  432  00001550  44000213	trap	#0x213
  433  00001554  4be00000	jr	r31
  434  00001558  54000000	nop
  435  0000155c          	.endproc _Open
  437  0000155c          	.proc _Close
  438  0000155c          	.global _Close
  439  0000155c          	_Close:
  440  0000155c  44000214	trap	#0x214
  441  00001560  4be00000	jr	r31
  442  00001564  54000000	nop
  443  00001568          	.endproc _Close
  445  00001568          	.proc _Read
  446  00001568          	.global _Read
  447  00001568          	_Read:
  448  00001568  44000210	trap	#0x210
  449  0000156c  4be00000	jr	r31
  450  00001570  54000000	nop
  451  00001574          	.endproc _Read
  453  00001574          	.proc _Write
  454  00001574          	.global _Write
  455  00001574          	_Write:
  456  00001574  44000211	trap	#0x211
  457  00001578  4be00000	jr	r31
  458  0000157c  54000000	nop
  459  00001580          	.endproc _Write
  461  00001580          	.proc _Lseek
  462  00001580          	.global _Lseek
  463  00001580          	_Lseek:
  464  00001580  44000212	trap	#0x212
  465  00001584  4be00000	jr	r31
  466  00001588  54000000	nop
  467  0000158c          	.endproc _Lseek
  469  0000158c          	.proc _Putchar
  470  0000158c          	.global _Putchar
  471  0000158c          	_Putchar:
  472  0000158c  44000280	trap	#0x280
  473  00001590  4be00000	jr	r31
  474  00001594  54000000	nop
  475  00001598          	.endproc _Putchar
  477  00001598          	.proc _Printf
  478  00001598          	.global _Printf
  479  00001598          	_Printf:
  480  00001598  44000201	trap	#0x201
  481  0000159c  4be00000	jr	r31
  482  000015a0  54000000	nop
  483  000015a4          	.endproc _Printf
  485  000015a4          	.proc _run_os_tests
  486  000015a4          	.global _run_os_tests
  487  000015a4          	_run_os_tests:
  488  000015a4  440004ff	trap	#0x4FF
  489  000015a8  4be00000	jr	r31
  490  000015ac  54000000	nop
  491  000015b0          	.endproc _run_os_tests
  493  000015b0          	.proc _Getpid
  494  000015b0          	.global _Getpid
  495  000015b0          	_Getpid:
  496  000015b0  44000431	trap	#0x431
  497  000015b4  4be00000	jr	r31
  498  000015b8  54000000	nop
  499  000015bc          	.endproc _Getpid
  501  000015bc          	.proc _process_create
  502  000015bc          	.global _process_create
  503  000015bc          	_process_create:
  504  000015bc  44000432	trap	#0x432
  505  000015c0  4be00000	jr	r31
  506  000015c4  54000000	nop
  507  000015c8          	.endproc _process_create
  509  000015c8          	.proc _shmget
  510  000015c8          	.global _shmget
  511  000015c8          	_shmget:
  512  000015c8  44000440	trap	#0x440
  513  000015cc  4be00000	jr	r31
  514  000015d0  54000000	nop
  515  000015d4          	.endproc _shmget
  517  000015d4          	.proc _shmat
  518  000015d4          	.global _shmat
  519  000015d4          	_shmat:
  520  000015d4  44000441	trap	#0x441
  521  000015d8  4be00000	jr	r31
  522  000015dc  54000000	nop
  523  000015e0          	.endproc _shmat
  525  000015e0          	.proc _sem_create
  526  000015e0          	.global _sem_create
  527  000015e0          	_sem_create:
  528  000015e0  44000450	trap	#0x450
  529  000015e4  4be00000	jr	r31
  530  000015e8  54000000	nop
  531  000015ec          	.endproc _sem_create
  533  000015ec          	.proc _sem_wait
  534  000015ec          	.global _sem_wait
  535  000015ec          	_sem_wait:
  536  000015ec  44000451	trap	#0x451
  537  000015f0  4be00000	jr	r31
  538  000015f4  54000000	nop
  539  000015f8          	.endproc _sem_wait
  541  000015f8          	.proc _sem_signal
  542  000015f8          	.global _sem_signal
  543  000015f8          	_sem_signal:
  544  000015f8  44000452	trap	#0x452
  545  000015fc  4be00000	jr	r31
  546  00001600  54000000	nop
  547  00001604          	.endproc _sem_signal
  549  00001604          	.proc _lock_create
  550  00001604          	.global _lock_create
  551  00001604          	_lock_create:
  552  00001604  44000453	trap	#0x453
  553  00001608  4be00000	jr	r31
  554  0000160c  54000000	nop
  555  00001610          	.endproc _lock_create
  557  00001610          	.proc _lock_acquire
  558  00001610          	.global _lock_acquire
  559  00001610          	_lock_acquire:
  560  00001610  44000454	trap	#0x454
  561  00001614  4be00000	jr	r31
  562  00001618  54000000	nop
  563  0000161c          	.endproc _lock_acquire
  565  0000161c          	.proc _lock_release
  566  0000161c          	.global _lock_release
  567  0000161c          	_lock_release:
  568  0000161c  44000455	trap	#0x455
  569  00001620  4be00000	jr	r31
  570  00001624  54000000	nop
  571  00001628          	.endproc _lock_release
  573  00001628          	.proc _cond_create
  574  00001628          	.global _cond_create
  575  00001628          	_cond_create:
  576  00001628  44000456	trap	#0x456
  577  0000162c  4be00000	jr	r31
  578  00001630  54000000	nop
  579  00001634          	.endproc _cond_create
  581  00001634          	.proc _cond_wait
  582  00001634          	.global _cond_wait
  583  00001634          	_cond_wait:
  584  00001634  44000457	trap	#0x457
  585  00001638  4be00000	jr	r31
  586  0000163c  54000000	nop
  587  00001640          	.endproc _cond_wait
  589  00001640          	.proc _cond_signal
  590  00001640          	.global _cond_signal
  591  00001640          	_cond_signal:
  592  00001640  44000458	trap	#0x458
  593  00001644  4be00000	jr	r31
  594  00001648  54000000	nop
  595  0000164c          	.endproc _cond_signal
  597  0000164c          	.proc _Exit
  598  0000164c          	.global _Exit
  599  0000164c          	_Exit:
  600  0000164c  44000500	trap	#0x500
  601  00001650  4be00000	jr	r31
  602  00001654  54000000	nop
  603  00001658          	.endproc _Exit
  604                      ; Compiled by GCC
  606  00001658          	.align 2
  607  00001658          	.proc _isspace
  608  00001658          	.global _isspace
  609  00001658          	_isspace:
  610                      ;  Function 'isspace'; 0 bytes of locals, 3 regs to save.
  611  00001658  afbefffc	sw	-4(r29),r30; push fp
  612  0000165c  001df020	add	r30,r0,r29; fp = sp
  613  00001660  afbffff8	sw	-8(r29),r31; push ret addr
  614  00001664  2fbd0018	subui	r29,r29,#24; alloc local storage
  615  00001668  afa20000	sw	0(r29),r2
  616  0000166c  afa30004	sw	4(r29),r3
  617  00001670  afa40008	sw	8(r29),r4
  618  00001674  83c20003	lb	r2,3(r30)
  619  00001678  20010000	addi	r1,r0,#0
  620  0000167c  304300ff	andi	r3,r2,#0x00ff
  621  00001680  60640020	seqi	r4,r3,#32
  622  00001684  1480002c	bnez	r4,L3_LF2
  623  00001688  54000000	nop; delay slot nop
  624  0000168c  304300ff	andi	r3,r2,#0x00ff
  625  00001690  60640009	seqi	r4,r3,#9
  626  00001694  1480001c	bnez	r4,L3_LF2
  627  00001698  54000000	nop; delay slot nop
  628  0000169c  304300ff	andi	r3,r2,#0x00ff
  629  000016a0  6064000a	seqi	r4,r3,#10
  630  000016a4  1480000c	bnez	r4,L3_LF2
  631  000016a8  54000000	nop; delay slot nop
  632  000016ac  08000008	j	L2_LF2
  633  000016b0  54000000	nop; delay slot nop
  634  000016b4          	L3_LF2:
  635  000016b4  20010001	addi	r1,r0,#1
  636  000016b8          	L2_LF2:
  637  000016b8  08000004	j	L1_LF2
  638  000016bc  54000000	nop; delay slot nop
  639  000016c0          	L1_LF2:
  640  000016c0  8fa20000	lw	r2,0(r29)
  641  000016c4  8fa30004	lw	r3,4(r29)
  642  000016c8  8fa40008	lw	r4,8(r29)
  643  000016cc  8fdffff8	lw	r31,-8(r30)
  644  000016d0  001ee820	add	r29,r0,r30
  645  000016d4  8fdefffc	lw	r30,-4(r30)
  646  000016d8  4be00000	jr	r31
  647  000016dc  54000000	nop
  648  000016e0          	.endproc _isspace
  649  000016e0          	.align 2
  650  000016e0          	.proc _isxdigit
  651  000016e0          	.global _isxdigit
  652  000016e0          	_isxdigit:
  653                      ;  Function 'isxdigit'; 0 bytes of locals, 3 regs to save.
  654  000016e0  afbefffc	sw	-4(r29),r30; push fp
  655  000016e4  001df020	add	r30,r0,r29; fp = sp
  656  000016e8  afbffff8	sw	-8(r29),r31; push ret addr
  657  000016ec  2fbd0018	subui	r29,r29,#24; alloc local storage
  658  000016f0  afa20000	sw	0(r29),r2
  659  000016f4  afa30004	sw	4(r29),r3
  660  000016f8  afa40008	sw	8(r29),r4
  661  000016fc  83c20003	lb	r2,3(r30)
  662  00001700  20010000	addi	r1,r0,#0
  663  00001704  304300ff	andi	r3,r2,#0x00ff
  664  00001708  6c64002f	sgtui	r4,r3,#47
  665  0000170c  1080001c	beqz	r4,L7_LF2
  666  00001710  54000000	nop; delay slot nop
  667  00001714  304300ff	andi	r3,r2,#0x00ff
  668  00001718  70640039	sleui	r4,r3,#57
  669  0000171c  1480005c	bnez	r4,L6_LF2
  670  00001720  54000000	nop; delay slot nop
  671  00001724  08000004	j	L7_LF2
  672  00001728  54000000	nop; delay slot nop
  673  0000172c          	L7_LF2:
  674  0000172c  304300ff	andi	r3,r2,#0x00ff
  675  00001730  6c640060	sgtui	r4,r3,#96
  676  00001734  1080001c	beqz	r4,L8_LF2
  677  00001738  54000000	nop; delay slot nop
  678  0000173c  304300ff	andi	r3,r2,#0x00ff
  679  00001740  70640066	sleui	r4,r3,#102
  680  00001744  14800034	bnez	r4,L6_LF2
  681  00001748  54000000	nop; delay slot nop
  682  0000174c  08000004	j	L8_LF2
  683  00001750  54000000	nop; delay slot nop
  684  00001754          	L8_LF2:
  685  00001754  304300ff	andi	r3,r2,#0x00ff
  686  00001758  6c640040	sgtui	r4,r3,#64
  687  0000175c  10800020	beqz	r4,L5_LF2
  688  00001760  54000000	nop; delay slot nop
  689  00001764  304300ff	andi	r3,r2,#0x00ff
  690  00001768  70640041	sleui	r4,r3,#65
  691  0000176c  1480000c	bnez	r4,L6_LF2
  692  00001770  54000000	nop; delay slot nop
  693  00001774  08000008	j	L5_LF2
  694  00001778  54000000	nop; delay slot nop
  695  0000177c          	L6_LF2:
  696  0000177c  20010001	addi	r1,r0,#1
  697  00001780          	L5_LF2:
  698  00001780  08000004	j	L4_LF2
  699  00001784  54000000	nop; delay slot nop
  700  00001788          	L4_LF2:
  701  00001788  8fa20000	lw	r2,0(r29)
  702  0000178c  8fa30004	lw	r3,4(r29)
  703  00001790  8fa40008	lw	r4,8(r29)
  704  00001794  8fdffff8	lw	r31,-8(r30)
  705  00001798  001ee820	add	r29,r0,r30
  706  0000179c  8fdefffc	lw	r30,-4(r30)
  707  000017a0  4be00000	jr	r31
  708  000017a4  54000000	nop
  709  000017a8          	.endproc _isxdigit
  710  000017a8          	.align 2
  711  000017a8          	.proc _dstrcpy
  712  000017a8          	.global _dstrcpy
  713  000017a8          	_dstrcpy:
  714                      ;  Function 'dstrcpy'; 8 bytes of locals, 2 regs to save.
  715  000017a8  afbefffc	sw	-4(r29),r30; push fp
  716  000017ac  001df020	add	r30,r0,r29; fp = sp
  717  000017b0  afbffff8	sw	-8(r29),r31; push ret addr
  718  000017b4  2fbd0018	subui	r29,r29,#24; alloc local storage
  719  000017b8  afa20000	sw	0(r29),r2
  720  000017bc  afa30004	sw	4(r29),r3
  721  000017c0  8fc10000	lw	r1,(r30)
  722  000017c4  afc1fff4	sw	-12(r30),r1
  723  000017c8          	L10_LF2:
  724  000017c8  8fc10000	lw	r1,(r30)
  725  000017cc  20220001	addi	r2,r1,#1
  726  000017d0  afc20000	sw	(r30),r2
  727  000017d4  8fc20004	lw	r2,4(r30)
  728  000017d8  20430001	addi	r3,r2,#1
  729  000017dc  afc30004	sw	4(r30),r3
  730  000017e0  80420000	lb	r2,(r2)
  731  000017e4  a0220000	sb	(r1),r2
  732  000017e8  a3c2fff3	sb	-13(r30),r2
  733  000017ec          	L12_LF2:
  734  000017ec  93c1fff3	lbu	r1,-13(r30)
  735  000017f0  64220000	snei	r2,r1,#0
  736  000017f4  1440000c	bnez	r2,L13_LF2
  737  000017f8  54000000	nop; delay slot nop
  738  000017fc  0800000c	j	L11_LF2
  739  00001800  54000000	nop; delay slot nop
  740  00001804          	L13_LF2:
  741  00001804  0bffffc0	j	L10_LF2
  742  00001808  54000000	nop; delay slot nop
  743  0000180c          	L11_LF2:
  744  0000180c  8fc1fff4	lw	r1,-12(r30)
  745  00001810  08000004	j	L9_LF2
  746  00001814  54000000	nop; delay slot nop
  747  00001818          	L9_LF2:
  748  00001818  8fa20000	lw	r2,0(r29)
  749  0000181c  8fa30004	lw	r3,4(r29)
  750  00001820  8fdffff8	lw	r31,-8(r30)
  751  00001824  001ee820	add	r29,r0,r30
  752  00001828  8fdefffc	lw	r30,-4(r30)
  753  0000182c  4be00000	jr	r31
  754  00001830  54000000	nop
  755  00001834          	.endproc _dstrcpy
  756  00001834          	.align 2
  757  00001834          	.proc _dstrncpy
  758  00001834          	.global _dstrncpy
  759  00001834          	_dstrncpy:
  760                      ;  Function 'dstrncpy'; 8 bytes of locals, 2 regs to save.
  761  00001834  afbefffc	sw	-4(r29),r30; push fp
  762  00001838  001df020	add	r30,r0,r29; fp = sp
  763  0000183c  afbffff8	sw	-8(r29),r31; push ret addr
  764  00001840  2fbd0018	subui	r29,r29,#24; alloc local storage
  765  00001844  afa20000	sw	0(r29),r2
  766  00001848  afa30004	sw	4(r29),r3
  767  0000184c  8fc10000	lw	r1,(r30)
  768  00001850  afc1fff4	sw	-12(r30),r1
  769  00001854          	L15_LF2:
  770  00001854  8fc10008	lw	r1,8(r30)
  771  00001858  2022ffff	addi	r2,r1,#-1
  772  0000185c  afc20008	sw	8(r30),r2
  773  00001860  70210000	slei	r1,r1,#0
  774  00001864  1020000c	beqz	r1,L18_LF2
  775  00001868  54000000	nop; delay slot nop
  776  0000186c  08000048	j	L16_LF2
  777  00001870  54000000	nop; delay slot nop
  778  00001874          	L18_LF2:
  779  00001874  8fc10000	lw	r1,(r30)
  780  00001878  20220001	addi	r2,r1,#1
  781  0000187c  afc20000	sw	(r30),r2
  782  00001880  8fc20004	lw	r2,4(r30)
  783  00001884  20430001	addi	r3,r2,#1
  784  00001888  afc30004	sw	4(r30),r3
  785  0000188c  80420000	lb	r2,(r2)
  786  00001890  a0220000	sb	(r1),r2
  787  00001894  a3c2fff3	sb	-13(r30),r2
  788  00001898          	L17_LF2:
  789  00001898  93c1fff3	lbu	r1,-13(r30)
  790  0000189c  64220000	snei	r2,r1,#0
  791  000018a0  1440000c	bnez	r2,L19_LF2
  792  000018a4  54000000	nop; delay slot nop
  793  000018a8  0800000c	j	L16_LF2
  794  000018ac  54000000	nop; delay slot nop
  795  000018b0          	L19_LF2:
  796  000018b0  0bffffa0	j	L15_LF2
  797  000018b4  54000000	nop; delay slot nop
  798  000018b8          	L16_LF2:
  799  000018b8  8fc1fff4	lw	r1,-12(r30)
  800  000018bc  08000004	j	L14_LF2
  801  000018c0  54000000	nop; delay slot nop
  802  000018c4          	L14_LF2:
  803  000018c4  8fa20000	lw	r2,0(r29)
  804  000018c8  8fa30004	lw	r3,4(r29)
  805  000018cc  8fdffff8	lw	r31,-8(r30)
  806  000018d0  001ee820	add	r29,r0,r30
  807  000018d4  8fdefffc	lw	r30,-4(r30)
  808  000018d8  4be00000	jr	r31
  809  000018dc  54000000	nop
  810  000018e0          	.endproc _dstrncpy
  811  000018e0          	.align 2
  812  000018e0          	.proc _dstrcat
  813  000018e0          	.global _dstrcat
  814  000018e0          	_dstrcat:
  815                      ;  Function 'dstrcat'; 8 bytes of locals, 1 regs to save.
  816  000018e0  afbefffc	sw	-4(r29),r30; push fp
  817  000018e4  001df020	add	r30,r0,r29; fp = sp
  818  000018e8  afbffff8	sw	-8(r29),r31; push ret addr
  819  000018ec  2fbd0018	subui	r29,r29,#24; alloc local storage
  820  000018f0  afa20000	sw	0(r29),r2
  821  000018f4  8fc10000	lw	r1,(r30)
  822  000018f8  afc1fff4	sw	-12(r30),r1
  823  000018fc          	L21_LF2:
  824  000018fc  8fc10000	lw	r1,(r30)
  825  00001900  90220000	lbu	r2,(r1)
  826  00001904  64410000	snei	r1,r2,#0
  827  00001908  1420000c	bnez	r1,L23_LF2
  828  0000190c  54000000	nop; delay slot nop
  829  00001910  0800001c	j	L22_LF2
  830  00001914  54000000	nop; delay slot nop
  831  00001918          	L23_LF2:
  832  00001918  8fc20000	lw	r2,(r30)
  833  0000191c  20410001	addi	r1,r2,#1
  834  00001920  00011020	add	r2,r0,r1
  835  00001924  afc20000	sw	(r30),r2
  836  00001928  0bffffd0	j	L21_LF2
  837  0000192c  54000000	nop; delay slot nop
  838  00001930          	L22_LF2:
  839  00001930  23bdfff8	addi	r29,r29,#-8
  840  00001934  001d0820	add	r1,r0,r29
  841  00001938  8fc20000	lw	r2,(r30)
  842  0000193c  ac220000	sw	(r1),r2
  843  00001940  8fc20004	lw	r2,4(r30)
  844  00001944  ac220004	sw	4(r1),r2
  845  00001948  0ffffe5c	jal	_dstrcpy
  846  0000194c  54000000	nop; delay slot nop
  847  00001950  23bd0008	addi	r29,r29,#8
  848  00001954  8fc1fff4	lw	r1,-12(r30)
  849  00001958  08000004	j	L20_LF2
  850  0000195c  54000000	nop; delay slot nop
  851  00001960          	L20_LF2:
  852  00001960  8fa20000	lw	r2,0(r29)
  853  00001964  8fdffff8	lw	r31,-8(r30)
  854  00001968  001ee820	add	r29,r0,r30
  855  0000196c  8fdefffc	lw	r30,-4(r30)
  856  00001970  4be00000	jr	r31
  857  00001974  54000000	nop
  858  00001978          	.endproc _dstrcat
  859  00001978          	.align 2
  860  00001978          	.proc _dstrncmp
  861  00001978          	.global _dstrncmp
  862  00001978          	_dstrncmp:
  863                      ;  Function 'dstrncmp'; 8 bytes of locals, 2 regs to save.
  864  00001978  afbefffc	sw	-4(r29),r30; push fp
  865  0000197c  001df020	add	r30,r0,r29; fp = sp
  866  00001980  afbffff8	sw	-8(r29),r31; push ret addr
  867  00001984  2fbd0018	subui	r29,r29,#24; alloc local storage
  868  00001988  afa20000	sw	0(r29),r2
  869  0000198c  afa30004	sw	4(r29),r3
  870  00001990  54000000	nop
  871  00001994  20010000	addi	r1,r0,#0
  872  00001998  afc1fff4	sw	-12(r30),r1
  873  0000199c          	L25_LF2:
  874  0000199c  8fc1fff4	lw	r1,-12(r30)
  875  000019a0  8fc20008	lw	r2,8(r30)
  876  000019a4  0022082a	slt	r1,r1,r2
  877  000019a8  1420000c	bnez	r1,L28_LF2
  878  000019ac  54000000	nop; delay slot nop
  879  000019b0  08000088	j	L26_LF2
  880  000019b4  54000000	nop; delay slot nop
  881  000019b8          	L28_LF2:
  882  000019b8  8fc10004	lw	r1,4(r30)
  883  000019bc  90220000	lbu	r2,(r1)
  884  000019c0  64410000	snei	r1,r2,#0
  885  000019c4  14200018	bnez	r1,L29_LF2
  886  000019c8  54000000	nop; delay slot nop
  887  000019cc  20010000	addi	r1,r0,#0
  888  000019d0  080000d8	j	L24_LF2
  889  000019d4  54000000	nop; delay slot nop
  890  000019d8  08000028	j	L30_LF2
  891  000019dc  54000000	nop; delay slot nop
  892  000019e0          	L29_LF2:
  893  000019e0  8fc10000	lw	r1,(r30)
  894  000019e4  8fc20004	lw	r2,4(r30)
  895  000019e8  90210000	lbu	r1,(r1)
  896  000019ec  90420000	lbu	r2,(r2)
  897  000019f0  00220829	sne	r1,r1,r2
  898  000019f4  1020000c	beqz	r1,L30_LF2
  899  000019f8  54000000	nop; delay slot nop
  900  000019fc  0800003c	j	L26_LF2
  901  00001a00  54000000	nop; delay slot nop
  902  00001a04          	L31_LF2:
  903  00001a04          	L30_LF2:
  904  00001a04  8fc20000	lw	r2,(r30)
  905  00001a08  20410001	addi	r1,r2,#1
  906  00001a0c  00011020	add	r2,r0,r1
  907  00001a10  afc20000	sw	(r30),r2
  908  00001a14  8fc20004	lw	r2,4(r30)
  909  00001a18  20410001	addi	r1,r2,#1
  910  00001a1c  00011020	add	r2,r0,r1
  911  00001a20  afc20004	sw	4(r30),r2
  912  00001a24          	L27_LF2:
  913  00001a24  8fc2fff4	lw	r2,-12(r30)
  914  00001a28  20410001	addi	r1,r2,#1
  915  00001a2c  00011020	add	r2,r0,r1
  916  00001a30  afc2fff4	sw	-12(r30),r2
  917  00001a34  0bffff64	j	L25_LF2
  918  00001a38  54000000	nop; delay slot nop
  919  00001a3c          	L26_LF2:
  920  00001a3c  8fc1fff4	lw	r1,-12(r30)
  921  00001a40  8fc20008	lw	r2,8(r30)
  922  00001a44  00220828	seq	r1,r1,r2
  923  00001a48  10200018	beqz	r1,L32_LF2
  924  00001a4c  54000000	nop; delay slot nop
  925  00001a50  20010000	addi	r1,r0,#0
  926  00001a54  08000054	j	L24_LF2
  927  00001a58  54000000	nop; delay slot nop
  928  00001a5c  0800004c	j	L33_LF2
  929  00001a60  54000000	nop; delay slot nop
  930  00001a64          	L32_LF2:
  931  00001a64  8fc20000	lw	r2,(r30)
  932  00001a68  90410000	lbu	r1,(r2)
  933  00001a6c  8fc20004	lw	r2,4(r30)
  934  00001a70  90430000	lbu	r3,(r2)
  935  00001a74  00230822	sub	r1,r1,r3
  936  00001a78  74220000	sgei	r2,r1,#0
  937  00001a7c  10400020	beqz	r2,L34_LF2
  938  00001a80  54000000	nop; delay slot nop
  939  00001a84  8fc10000	lw	r1,(r30)
  940  00001a88  8fc20004	lw	r2,4(r30)
  941  00001a8c  90210000	lbu	r1,(r1)
  942  00001a90  90420000	lbu	r2,(r2)
  943  00001a94  00220829	sne	r1,r1,r2
  944  00001a98  08000008	j	L35_LF2
  945  00001a9c  54000000	nop; delay slot nop
  946  00001aa0          	L34_LF2:
  947  00001aa0  2001ffff	addi	r1,r0,#-1
  948  00001aa4          	L35_LF2:
  949  00001aa4  08000004	j	L24_LF2
  950  00001aa8  54000000	nop; delay slot nop
  951  00001aac          	L33_LF2:
  952  00001aac          	L24_LF2:
  953  00001aac  8fa20000	lw	r2,0(r29)
  954  00001ab0  8fa30004	lw	r3,4(r29)
  955  00001ab4  8fdffff8	lw	r31,-8(r30)
  956  00001ab8  001ee820	add	r29,r0,r30
  957  00001abc  8fdefffc	lw	r30,-4(r30)
  958  00001ac0  4be00000	jr	r31
  959  00001ac4  54000000	nop
  960  00001ac8          	.endproc _dstrncmp
  961  00001ac8          	.align 2
  962  00001ac8          	.proc _dstrlen
  963  00001ac8          	.global _dstrlen
  964  00001ac8          	_dstrlen:
  965                      ;  Function 'dstrlen'; 8 bytes of locals, 1 regs to save.
  966  00001ac8  afbefffc	sw	-4(r29),r30; push fp
  967  00001acc  001df020	add	r30,r0,r29; fp = sp
  968  00001ad0  afbffff8	sw	-8(r29),r31; push ret addr
  969  00001ad4  2fbd0018	subui	r29,r29,#24; alloc local storage
  970  00001ad8  afa20000	sw	0(r29),r2
  971  00001adc  20010000	addi	r1,r0,#0
  972  00001ae0  afc1fff4	sw	-12(r30),r1
  973  00001ae4          	L37_LF2:
  974  00001ae4  8fc10000	lw	r1,(r30)
  975  00001ae8  20220001	addi	r2,r1,#1
  976  00001aec  afc20000	sw	(r30),r2
  977  00001af0  90210000	lbu	r1,(r1)
  978  00001af4  64220000	snei	r2,r1,#0
  979  00001af8  1440000c	bnez	r2,L39_LF2
  980  00001afc  54000000	nop; delay slot nop
  981  00001b00  0800001c	j	L38_LF2
  982  00001b04  54000000	nop; delay slot nop
  983  00001b08          	L39_LF2:
  984  00001b08  8fc2fff4	lw	r2,-12(r30)
  985  00001b0c  20410001	addi	r1,r2,#1
  986  00001b10  00011020	add	r2,r0,r1
  987  00001b14  afc2fff4	sw	-12(r30),r2
  988  00001b18  0bffffc8	j	L37_LF2
  989  00001b1c  54000000	nop; delay slot nop
  990  00001b20          	L38_LF2:
  991  00001b20  8fc1fff4	lw	r1,-12(r30)
  992  00001b24  08000004	j	L36_LF2
  993  00001b28  54000000	nop; delay slot nop
  994  00001b2c          	L36_LF2:
  995  00001b2c  8fa20000	lw	r2,0(r29)
  996  00001b30  8fdffff8	lw	r31,-8(r30)
  997  00001b34  001ee820	add	r29,r0,r30
  998  00001b38  8fdefffc	lw	r30,-4(r30)
  999  00001b3c  4be00000	jr	r31
 1000  00001b40  54000000	nop
 1001  00001b44          	.endproc _dstrlen
 1002  00001b44          	.align 2
 1003  00001b44          	.proc _dstrstr
 1004  00001b44          	.global _dstrstr
 1005  00001b44          	_dstrstr:
 1006                      ;  Function 'dstrstr'; 8 bytes of locals, 1 regs to save.
 1007  00001b44  afbefffc	sw	-4(r29),r30; push fp
 1008  00001b48  001df020	add	r30,r0,r29; fp = sp
 1009  00001b4c  afbffff8	sw	-8(r29),r31; push ret addr
 1010  00001b50  2fbd0018	subui	r29,r29,#24; alloc local storage
 1011  00001b54  afa20000	sw	0(r29),r2
 1012  00001b58  23bdfff8	addi	r29,r29,#-8
 1013  00001b5c  001d0820	add	r1,r0,r29
 1014  00001b60  8fc20004	lw	r2,4(r30)
 1015  00001b64  ac220000	sw	(r1),r2
 1016  00001b68  0fffff5c	jal	_dstrlen
 1017  00001b6c  54000000	nop; delay slot nop
 1018  00001b70  23bd0008	addi	r29,r29,#8
 1019  00001b74  afc1fff4	sw	-12(r30),r1
 1020  00001b78          	L41_LF2:
 1021  00001b78  8fc10000	lw	r1,(r30)
 1022  00001b7c  90220000	lbu	r2,(r1)
 1023  00001b80  64410000	snei	r1,r2,#0
 1024  00001b84  1420000c	bnez	r1,L43_LF2
 1025  00001b88  54000000	nop; delay slot nop
 1026  00001b8c  08000060	j	L42_LF2
 1027  00001b90  54000000	nop; delay slot nop
 1028  00001b94          	L43_LF2:
 1029  00001b94  23bdfff0	addi	r29,r29,#-16
 1030  00001b98  001d0820	add	r1,r0,r29
 1031  00001b9c  8fc20000	lw	r2,(r30)
 1032  00001ba0  ac220000	sw	(r1),r2
 1033  00001ba4  8fc20004	lw	r2,4(r30)
 1034  00001ba8  ac220004	sw	4(r1),r2
 1035  00001bac  8fc2fff4	lw	r2,-12(r30)
 1036  00001bb0  ac220008	sw	8(r1),r2
 1037  00001bb4  0ffffdc0	jal	_dstrncmp
 1038  00001bb8  54000000	nop; delay slot nop
 1039  00001bbc  23bd0010	addi	r29,r29,#16
 1040  00001bc0  64220000	snei	r2,r1,#0
 1041  00001bc4  14400010	bnez	r2,L44_LF2
 1042  00001bc8  54000000	nop; delay slot nop
 1043  00001bcc  8fc10000	lw	r1,(r30)
 1044  00001bd0  08000028	j	L40_LF2
 1045  00001bd4  54000000	nop; delay slot nop
 1046  00001bd8          	L44_LF2:
 1047  00001bd8  8fc20000	lw	r2,(r30)
 1048  00001bdc  20410001	addi	r1,r2,#1
 1049  00001be0  00011020	add	r2,r0,r1
 1050  00001be4  afc20000	sw	(r30),r2
 1051  00001be8  0bffff8c	j	L41_LF2
 1052  00001bec  54000000	nop; delay slot nop
 1053  00001bf0          	L42_LF2:
 1054  00001bf0  20010000	addi	r1,r0,#0
 1055  00001bf4  08000004	j	L40_LF2
 1056  00001bf8  54000000	nop; delay slot nop
 1057  00001bfc          	L40_LF2:
 1058  00001bfc  8fa20000	lw	r2,0(r29)
 1059  00001c00  8fdffff8	lw	r31,-8(r30)
 1060  00001c04  001ee820	add	r29,r0,r30
 1061  00001c08  8fdefffc	lw	r30,-4(r30)
 1062  00001c0c  4be00000	jr	r31
 1063  00001c10  54000000	nop
 1064  00001c14          	.endproc _dstrstr
 1065  00001c14          	.align 2
 1066  00001c14          	.proc _dmindex
 1067  00001c14          	.global _dmindex
 1068  00001c14          	_dmindex:
 1069                      ;  Function 'dmindex'; 8 bytes of locals, 1 regs to save.
 1070  00001c14  afbefffc	sw	-4(r29),r30; push fp
 1071  00001c18  001df020	add	r30,r0,r29; fp = sp
 1072  00001c1c  afbffff8	sw	-8(r29),r31; push ret addr
 1073  00001c20  2fbd0018	subui	r29,r29,#24; alloc local storage
 1074  00001c24  afa20000	sw	0(r29),r2
 1075  00001c28  54000000	nop
 1076  00001c2c          	L46_LF2:
 1077  00001c2c  8fc10000	lw	r1,(r30)
 1078  00001c30  90220000	lbu	r2,(r1)
 1079  00001c34  64410000	snei	r1,r2,#0
 1080  00001c38  1420000c	bnez	r1,L48_LF2
 1081  00001c3c  54000000	nop; delay slot nop
 1082  00001c40  08000070	j	L47_LF2
 1083  00001c44  54000000	nop; delay slot nop
 1084  00001c48          	L48_LF2:
 1085  00001c48  8fc10004	lw	r1,4(r30)
 1086  00001c4c  afc1fff4	sw	-12(r30),r1
 1087  00001c50          	L49_LF2:
 1088  00001c50  8fc1fff4	lw	r1,-12(r30)
 1089  00001c54  90220000	lbu	r2,(r1)
 1090  00001c58  64410000	snei	r1,r2,#0
 1091  00001c5c  1420000c	bnez	r1,L52_LF2
 1092  00001c60  54000000	nop; delay slot nop
 1093  00001c64  08000044	j	L50_LF2
 1094  00001c68  54000000	nop; delay slot nop
 1095  00001c6c          	L52_LF2:
 1096  00001c6c  8fc10000	lw	r1,(r30)
 1097  00001c70  8fc2fff4	lw	r2,-12(r30)
 1098  00001c74  90210000	lbu	r1,(r1)
 1099  00001c78  90420000	lbu	r2,(r2)
 1100  00001c7c  00220828	seq	r1,r1,r2
 1101  00001c80  10200010	beqz	r1,L51_LF2
 1102  00001c84  54000000	nop; delay slot nop
 1103  00001c88  8fc10000	lw	r1,(r30)
 1104  00001c8c  08000030	j	L45_LF2
 1105  00001c90  54000000	nop; delay slot nop
 1106  00001c94          	L53_LF2:
 1107  00001c94          	L51_LF2:
 1108  00001c94  8fc2fff4	lw	r2,-12(r30)
 1109  00001c98  20410001	addi	r1,r2,#1
 1110  00001c9c  00011020	add	r2,r0,r1
 1111  00001ca0  afc2fff4	sw	-12(r30),r2
 1112  00001ca4  0bffffa8	j	L49_LF2
 1113  00001ca8  54000000	nop; delay slot nop
 1114  00001cac          	L50_LF2:
 1115  00001cac  0bffff7c	j	L46_LF2
 1116  00001cb0  54000000	nop; delay slot nop
 1117  00001cb4          	L47_LF2:
 1118  00001cb4  20010000	addi	r1,r0,#0
 1119  00001cb8  08000004	j	L45_LF2
 1120  00001cbc  54000000	nop; delay slot nop
 1121  00001cc0          	L45_LF2:
 1122  00001cc0  8fa20000	lw	r2,0(r29)
 1123  00001cc4  8fdffff8	lw	r31,-8(r30)
 1124  00001cc8  001ee820	add	r29,r0,r30
 1125  00001ccc  8fdefffc	lw	r30,-4(r30)
 1126  00001cd0  4be00000	jr	r31
 1127  00001cd4  54000000	nop
 1128  00001cd8          	.endproc _dmindex
 1129  00001cd8          	.align 2
 1130  00001cd8          	.proc _dindex
 1131  00001cd8          	.global _dindex
 1132  00001cd8          	_dindex:
 1133                      ;  Function 'dindex'; 0 bytes of locals, 1 regs to save.
 1134  00001cd8  afbefffc	sw	-4(r29),r30; push fp
 1135  00001cdc  001df020	add	r30,r0,r29; fp = sp
 1136  00001ce0  afbffff8	sw	-8(r29),r31; push ret addr
 1137  00001ce4  2fbd0010	subui	r29,r29,#16; alloc local storage
 1138  00001ce8  afa20000	sw	0(r29),r2
 1139  00001cec  54000000	nop
 1140  00001cf0          	L55_LF2:
 1141  00001cf0  8fc10000	lw	r1,(r30)
 1142  00001cf4  90220000	lbu	r2,(r1)
 1143  00001cf8  64410000	snei	r1,r2,#0
 1144  00001cfc  1420000c	bnez	r1,L57_LF2
 1145  00001d00  54000000	nop; delay slot nop
 1146  00001d04  08000040	j	L56_LF2
 1147  00001d08  54000000	nop; delay slot nop
 1148  00001d0c          	L57_LF2:
 1149  00001d0c  8fc10000	lw	r1,(r30)
 1150  00001d10  90220000	lbu	r2,(r1)
 1151  00001d14  8fc10004	lw	r1,4(r30)
 1152  00001d18  00411028	seq	r2,r2,r1
 1153  00001d1c  10400010	beqz	r2,L58_LF2
 1154  00001d20  54000000	nop; delay slot nop
 1155  00001d24  8fc10000	lw	r1,(r30)
 1156  00001d28  08000028	j	L54_LF2
 1157  00001d2c  54000000	nop; delay slot nop
 1158  00001d30          	L58_LF2:
 1159  00001d30  8fc20000	lw	r2,(r30)
 1160  00001d34  20410001	addi	r1,r2,#1
 1161  00001d38  00011020	add	r2,r0,r1
 1162  00001d3c  afc20000	sw	(r30),r2
 1163  00001d40  0bffffac	j	L55_LF2
 1164  00001d44  54000000	nop; delay slot nop
 1165  00001d48          	L56_LF2:
 1166  00001d48  20010000	addi	r1,r0,#0
 1167  00001d4c  08000004	j	L54_LF2
 1168  00001d50  54000000	nop; delay slot nop
 1169  00001d54          	L54_LF2:
 1170  00001d54  8fa20000	lw	r2,0(r29)
 1171  00001d58  8fdffff8	lw	r31,-8(r30)
 1172  00001d5c  001ee820	add	r29,r0,r30
 1173  00001d60  8fdefffc	lw	r30,-4(r30)
 1174  00001d64  4be00000	jr	r31
 1175  00001d68  54000000	nop
 1176  00001d6c          	.endproc _dindex
 1177  00001d6c          	.align 2
 1178  00001d6c          	.proc _ditoa
 1179  00001d6c          	.global _ditoa
 1180  00001d6c          	_ditoa:
 1181                      ;  Function 'ditoa'; 8 bytes of locals, 2 regs to save.
 1182  00001d6c  afbefffc	sw	-4(r29),r30; push fp
 1183  00001d70  001df020	add	r30,r0,r29; fp = sp
 1184  00001d74  afbffff8	sw	-8(r29),r31; push ret addr
 1185  00001d78  2fbd0018	subui	r29,r29,#24; alloc local storage
 1186  00001d7c  afa20000	sw	0(r29),r2
 1187  00001d80  afa30004	sw	4(r29),r3
 1188  00001d84  8fc10000	lw	r1,(r30)
 1189  00001d88  68220000	slti	r2,r1,#0
 1190  00001d8c  1040002c	beqz	r2,L60_LF2
 1191  00001d90  54000000	nop; delay slot nop
 1192  00001d94  8fc10004	lw	r1,4(r30)
 1193  00001d98  20220001	addi	r2,r1,#1
 1194  00001d9c  afc20004	sw	4(r30),r2
 1195  00001da0  2002002d	addi	r2,r0,(#0x2d)&0xff
 1196  00001da4  a0220000	sb	(r1),r2
 1197  00001da8  8fc10000	lw	r1,(r30)
 1198  00001dac  00011022	sub	r2,r0,r1
 1199  00001db0  afc20000	sw	(r30),r2
 1200  00001db4  08000118	j	L61_LF2
 1201  00001db8  54000000	nop; delay slot nop
 1202  00001dbc          	L60_LF2:
 1203  00001dbc  8fc10000	lw	r1,(r30)
 1204  00001dc0  64220000	snei	r2,r1,#0
 1205  00001dc4  14400020	bnez	r2,L62_LF2
 1206  00001dc8  54000000	nop; delay slot nop
 1207  00001dcc  8fc10004	lw	r1,4(r30)
 1208  00001dd0  20220001	addi	r2,r1,#1
 1209  00001dd4  afc20004	sw	4(r30),r2
 1210  00001dd8  20020030	addi	r2,r0,(#0x30)&0xff
 1211  00001ddc  a0220000	sb	(r1),r2
 1212  00001de0  080000ec	j	L61_LF2
 1213  00001de4  54000000	nop; delay slot nop
 1214  00001de8          	L62_LF2:
 1215  00001de8  20010001	addi	r1,r0,#1
 1216  00001dec  afc1fff4	sw	-12(r30),r1
 1217  00001df0          	L64_LF2:
 1218  00001df0  8fc1fff4	lw	r1,-12(r30)
 1219  00001df4  8fc20000	lw	r2,(r30)
 1220  00001df8  0022082c	sle	r1,r1,r2
 1221  00001dfc  1420000c	bnez	r1,L66_LF2
 1222  00001e00  54000000	nop; delay slot nop
 1223  00001e04  08000024	j	L65_LF2
 1224  00001e08  54000000	nop; delay slot nop
 1225  00001e0c          	L67_LF2:
 1226  00001e0c          	L66_LF2:
 1227  00001e0c  8fc1fff4	lw	r1,-12(r30)
 1228  00001e10  00011820	add	r3,r0,r1
 1229  00001e14  50620002	slli	r2,r3,#0x2
 1230  00001e18  00411020	add	r2,r2,r1
 1231  00001e1c  50410001	slli	r1,r2,#0x1
 1232  00001e20  afc1fff4	sw	-12(r30),r1
 1233  00001e24  0bffffc8	j	L64_LF2
 1234  00001e28  54000000	nop; delay slot nop
 1235  00001e2c          	L65_LF2:
 1236  00001e2c  54000000	nop
 1237  00001e30          	L68_LF2:
 1238  00001e30  8fc1fff4	lw	r1,-12(r30)
 1239  00001e34  2002000a	addi	r2,r0,#10
 1240  00001e38  00200035	movi2fp	f0,r1
 1241  00001e3c  00400835	movi2fp	f1,r2
 1242  00001e40  0401000f	div	f0,f0,f1
 1243  00001e44  00000834	movfp2i	r1,f0
 1244  00001e48  afc1fff4	sw	-12(r30),r1
 1245  00001e4c  8fc10004	lw	r1,4(r30)
 1246  00001e50  20220001	addi	r2,r1,#1
 1247  00001e54  afc20004	sw	4(r30),r2
 1248  00001e58  8fc20000	lw	r2,(r30)
 1249  00001e5c  8fc3fff4	lw	r3,-12(r30)
 1250  00001e60  00400035	movi2fp	f0,r2
 1251  00001e64  00600835	movi2fp	f1,r3
 1252  00001e68  0401000f	div	f0,f0,f1
 1253  00001e6c  00001034	movfp2i	r2,f0
 1254  00001e70  00021820	add	r3,r0,r2
 1255  00001e74  20620030	addi	r2,r3,#48
 1256  00001e78  a0220000	sb	(r1),r2
 1257  00001e7c  8fc10000	lw	r1,(r30)
 1258  00001e80  8fc3fff4	lw	r3,-12(r30)
 1259  00001e84  00200035	movi2fp	f0,r1
 1260  00001e88  00600835	movi2fp	f1,r3
 1261  00001e8c  0401000f	div	f0,f0,f1
 1262  00001e90  00001034	movfp2i	r2,f0
 1263  00001e94  8fc3fff4	lw	r3,-12(r30)
 1264  00001e98  00400035	movi2fp	f0,r2
 1265  00001e9c  00600835	movi2fp	f1,r3
 1266  00001ea0  0401000e	mult	f0,f0,f1
 1267  00001ea4  00001034	movfp2i	r2,f0
 1268  00001ea8  00220822	sub	r1,r1,r2
 1269  00001eac  afc10000	sw	(r30),r1
 1270  00001eb0          	L70_LF2:
 1271  00001eb0  8fc1fff4	lw	r1,-12(r30)
 1272  00001eb4  6c220001	sgti	r2,r1,#1
 1273  00001eb8  1440000c	bnez	r2,L71_LF2
 1274  00001ebc  54000000	nop; delay slot nop
 1275  00001ec0  0800000c	j	L61_LF2
 1276  00001ec4  54000000	nop; delay slot nop
 1277  00001ec8          	L71_LF2:
 1278  00001ec8  0bffff64	j	L68_LF2
 1279  00001ecc  54000000	nop; delay slot nop
 1280  00001ed0          	L69_LF2:
 1281  00001ed0          	L63_LF2:
 1282  00001ed0          	L61_LF2:
 1283  00001ed0  8fc10004	lw	r1,4(r30)
 1284  00001ed4  20020000	addi	r2,r0,(#0x0)&0xff
 1285  00001ed8  a0220000	sb	(r1),r2
 1286  00001edc          	L59_LF2:
 1287  00001edc  8fa20000	lw	r2,0(r29)
 1288  00001ee0  8fa30004	lw	r3,4(r29)
 1289  00001ee4  8fdffff8	lw	r31,-8(r30)
 1290  00001ee8  001ee820	add	r29,r0,r30
 1291  00001eec  8fdefffc	lw	r30,-4(r30)
 1292  00001ef0  4be00000	jr	r31
 1293  00001ef4  54000000	nop
 1294  00001ef8          	.endproc _ditoa
 1295  00001ef8          	.align 2
 1296  00001ef8          	.proc _dstrtol
 1297  00001ef8          	.global _dstrtol
 1298  00001ef8          	_dstrtol:
 1299                      ;  Function 'dstrtol'; 16 bytes of locals, 1 regs to save.
 1300  00001ef8  afbefffc	sw	-4(r29),r30; push fp
 1301  00001efc  001df020	add	r30,r0,r29; fp = sp
 1302  00001f00  afbffff8	sw	-8(r29),r31; push ret addr
 1303  00001f04  2fbd0020	subui	r29,r29,#32; alloc local storage
 1304  00001f08  afa20000	sw	0(r29),r2
 1305  00001f0c  20010000	addi	r1,r0,#0
 1306  00001f10  afc1fff4	sw	-12(r30),r1
 1307  00001f14          	L73_LF2:
 1308  00001f14  8fc10000	lw	r1,(r30)
 1309  00001f18  90220000	lbu	r2,(r1)
 1310  00001f1c  60410020	seqi	r1,r2,#32
 1311  00001f20  14200034	bnez	r1,L75_LF2
 1312  00001f24  54000000	nop; delay slot nop
 1313  00001f28  8fc10000	lw	r1,(r30)
 1314  00001f2c  90220000	lbu	r2,(r1)
 1315  00001f30  60410009	seqi	r1,r2,#9
 1316  00001f34  14200020	bnez	r1,L75_LF2
 1317  00001f38  54000000	nop; delay slot nop
 1318  00001f3c  8fc10000	lw	r1,(r30)
 1319  00001f40  90220000	lbu	r2,(r1)
 1320  00001f44  6041000a	seqi	r1,r2,#10
 1321  00001f48  1420000c	bnez	r1,L75_LF2
 1322  00001f4c  54000000	nop; delay slot nop
 1323  00001f50  0800001c	j	L74_LF2
 1324  00001f54  54000000	nop; delay slot nop
 1325  00001f58          	L75_LF2:
 1326  00001f58  8fc20000	lw	r2,(r30)
 1327  00001f5c  20410001	addi	r1,r2,#1
 1328  00001f60  00011020	add	r2,r0,r1
 1329  00001f64  afc20000	sw	(r30),r2
 1330  00001f68  0bffffa8	j	L73_LF2
 1331  00001f6c  54000000	nop; delay slot nop
 1332  00001f70          	L74_LF2:
 1333  00001f70  8fc10004	lw	r1,4(r30)
 1334  00001f74  64220000	snei	r2,r1,#0
 1335  00001f78  10400010	beqz	r2,L76_LF2
 1336  00001f7c  54000000	nop; delay slot nop
 1337  00001f80  8fc10004	lw	r1,4(r30)
 1338  00001f84  8fc20000	lw	r2,(r30)
 1339  00001f88  ac220000	sw	(r1),r2
 1340  00001f8c          	L76_LF2:
 1341  00001f8c  8fc10000	lw	r1,(r30)
 1342  00001f90  90220000	lbu	r2,(r1)
 1343  00001f94  64410000	snei	r1,r2,#0
 1344  00001f98  14200010	bnez	r1,L77_LF2
 1345  00001f9c  54000000	nop; delay slot nop
 1346  00001fa0  8fc1fff4	lw	r1,-12(r30)
 1347  00001fa4  08000294	j	L72_LF2
 1348  00001fa8  54000000	nop; delay slot nop
 1349  00001fac          	L77_LF2:
 1350  00001fac  8fc10000	lw	r1,(r30)
 1351  00001fb0  90220000	lbu	r2,(r1)
 1352  00001fb4  6041002d	seqi	r1,r2,#45
 1353  00001fb8  10200024	beqz	r1,L78_LF2
 1354  00001fbc  54000000	nop; delay slot nop
 1355  00001fc0  2001ffff	addi	r1,r0,#-1
 1356  00001fc4  afc1ffec	sw	-20(r30),r1
 1357  00001fc8  8fc20000	lw	r2,(r30)
 1358  00001fcc  20410001	addi	r1,r2,#1
 1359  00001fd0  00011020	add	r2,r0,r1
 1360  00001fd4  afc20000	sw	(r30),r2
 1361  00001fd8  0800000c	j	L79_LF2
 1362  00001fdc  54000000	nop; delay slot nop
 1363  00001fe0          	L78_LF2:
 1364  00001fe0  20010001	addi	r1,r0,#1
 1365  00001fe4  afc1ffec	sw	-20(r30),r1
 1366  00001fe8          	L79_LF2:
 1367  00001fe8  8fc10008	lw	r1,8(r30)
 1368  00001fec  64220000	snei	r2,r1,#0
 1369  00001ff0  14400090	bnez	r2,L80_LF2
 1370  00001ff4  54000000	nop; delay slot nop
 1371  00001ff8  8fc10000	lw	r1,(r30)
 1372  00001ffc  90220000	lbu	r2,(r1)
 1373  00002000  60410030	seqi	r1,r2,#48
 1374  00002004  10200074	beqz	r1,L81_LF2
 1375  00002008  54000000	nop; delay slot nop
 1376  0000200c  8fc20000	lw	r2,(r30)
 1377  00002010  20410001	addi	r1,r2,#1
 1378  00002014  00011020	add	r2,r0,r1
 1379  00002018  afc20000	sw	(r30),r2
 1380  0000201c  8fc10000	lw	r1,(r30)
 1381  00002020  90220000	lbu	r2,(r1)
 1382  00002024  60410078	seqi	r1,r2,#120
 1383  00002028  14200020	bnez	r1,L83_LF2
 1384  0000202c  54000000	nop; delay slot nop
 1385  00002030  8fc10000	lw	r1,(r30)
 1386  00002034  90220000	lbu	r2,(r1)
 1387  00002038  60410058	seqi	r1,r2,#88
 1388  0000203c  1420000c	bnez	r1,L83_LF2
 1389  00002040  54000000	nop; delay slot nop
 1390  00002044  08000024	j	L82_LF2
 1391  00002048  54000000	nop; delay slot nop
 1392  0000204c          	L83_LF2:
 1393  0000204c  20010010	addi	r1,r0,#16
 1394  00002050  afc10008	sw	8(r30),r1
 1395  00002054  8fc20000	lw	r2,(r30)
 1396  00002058  20410001	addi	r1,r2,#1
 1397  0000205c  00011020	add	r2,r0,r1
 1398  00002060  afc20000	sw	(r30),r2
 1399  00002064  0800000c	j	L84_LF2
 1400  00002068  54000000	nop; delay slot nop
 1401  0000206c          	L82_LF2:
 1402  0000206c  20010008	addi	r1,r0,#8
 1403  00002070  afc10008	sw	8(r30),r1
 1404  00002074          	L84_LF2:
 1405  00002074  0800000c	j	L80_LF2
 1406  00002078  54000000	nop; delay slot nop
 1407  0000207c          	L81_LF2:
 1408  0000207c  2001000a	addi	r1,r0,#10
 1409  00002080  afc10008	sw	8(r30),r1
 1410  00002084          	L85_LF2:
 1411  00002084          	L80_LF2:
 1412  00002084  8fc10008	lw	r1,8(r30)
 1413  00002088  70220000	slei	r2,r1,#0
 1414  0000208c  1440001c	bnez	r2,L87_LF2
 1415  00002090  54000000	nop; delay slot nop
 1416  00002094  8fc10008	lw	r1,8(r30)
 1417  00002098  6c220010	sgti	r2,r1,#16
 1418  0000209c  1440000c	bnez	r2,L87_LF2
 1419  000020a0  54000000	nop; delay slot nop
 1420  000020a4  08000010	j	L86_LF2
 1421  000020a8  54000000	nop; delay slot nop
 1422  000020ac          	L87_LF2:
 1423  000020ac  8fc1fff4	lw	r1,-12(r30)
 1424  000020b0  08000188	j	L72_LF2
 1425  000020b4  54000000	nop; delay slot nop
 1426  000020b8          	L86_LF2:
 1427  000020b8  54000000	nop
 1428  000020bc          	L88_LF2:
 1429  000020bc  8fc10000	lw	r1,(r30)
 1430  000020c0  90220000	lbu	r2,(r1)
 1431  000020c4  6c41002f	sgtui	r1,r2,#47
 1432  000020c8  10200030	beqz	r1,L91_LF2
 1433  000020cc  54000000	nop; delay slot nop
 1434  000020d0  8fc10000	lw	r1,(r30)
 1435  000020d4  90220000	lbu	r2,(r1)
 1436  000020d8  70410039	sleui	r1,r2,#57
 1437  000020dc  1020001c	beqz	r1,L91_LF2
 1438  000020e0  54000000	nop; delay slot nop
 1439  000020e4  8fc10000	lw	r1,(r30)
 1440  000020e8  90220000	lbu	r2,(r1)
 1441  000020ec  2041ffd0	addi	r1,r2,#-48
 1442  000020f0  afc1fff0	sw	-16(r30),r1
 1443  000020f4  0800008c	j	L92_LF2
 1444  000020f8  54000000	nop; delay slot nop
 1445  000020fc          	L91_LF2:
 1446  000020fc  8fc10000	lw	r1,(r30)
 1447  00002100  90220000	lbu	r2,(r1)
 1448  00002104  6c410060	sgtui	r1,r2,#96
 1449  00002108  10200030	beqz	r1,L93_LF2
 1450  0000210c  54000000	nop; delay slot nop
 1451  00002110  8fc10000	lw	r1,(r30)
 1452  00002114  90220000	lbu	r2,(r1)
 1453  00002118  7041007a	sleui	r1,r2,#122
 1454  0000211c  1020001c	beqz	r1,L93_LF2
 1455  00002120  54000000	nop; delay slot nop
 1456  00002124  8fc10000	lw	r1,(r30)
 1457  00002128  90220000	lbu	r2,(r1)
 1458  0000212c  2041ffa9	addi	r1,r2,#-87
 1459  00002130  afc1fff0	sw	-16(r30),r1
 1460  00002134  0800004c	j	L92_LF2
 1461  00002138  54000000	nop; delay slot nop
 1462  0000213c          	L93_LF2:
 1463  0000213c  8fc10000	lw	r1,(r30)
 1464  00002140  90220000	lbu	r2,(r1)
 1465  00002144  6c410040	sgtui	r1,r2,#64
 1466  00002148  10200030	beqz	r1,L95_LF2
 1467  0000214c  54000000	nop; delay slot nop
 1468  00002150  8fc10000	lw	r1,(r30)
 1469  00002154  90220000	lbu	r2,(r1)
 1470  00002158  7041005a	sleui	r1,r2,#90
 1471  0000215c  1020001c	beqz	r1,L95_LF2
 1472  00002160  54000000	nop; delay slot nop
 1473  00002164  8fc10000	lw	r1,(r30)
 1474  00002168  90220000	lbu	r2,(r1)
 1475  0000216c  2041ffc9	addi	r1,r2,#-55
 1476  00002170  afc1fff0	sw	-16(r30),r1
 1477  00002174  0800000c	j	L92_LF2
 1478  00002178  54000000	nop; delay slot nop
 1479  0000217c          	L95_LF2:
 1480  0000217c  200103e8	addi	r1,r0,#1000
 1481  00002180  afc1fff0	sw	-16(r30),r1
 1482  00002184          	L96_LF2:
 1483  00002184          	L94_LF2:
 1484  00002184          	L92_LF2:
 1485  00002184  8fc1fff0	lw	r1,-16(r30)
 1486  00002188  8fc20008	lw	r2,8(r30)
 1487  0000218c  0022082a	slt	r1,r1,r2
 1488  00002190  10200040	beqz	r1,L90_LF2
 1489  00002194  54000000	nop; delay slot nop
 1490  00002198  8fc1fff4	lw	r1,-12(r30)
 1491  0000219c  8fc20008	lw	r2,8(r30)
 1492  000021a0  00200035	movi2fp	f0,r1
 1493  000021a4  00400835	movi2fp	f1,r2
 1494  000021a8  0401000e	mult	f0,f0,f1
 1495  000021ac  00000834	movfp2i	r1,f0
 1496  000021b0  afc1fff4	sw	-12(r30),r1
 1497  000021b4  8fc1fff4	lw	r1,-12(r30)
 1498  000021b8  8fc2fff0	lw	r2,-16(r30)
 1499  000021bc  00220820	add	r1,r1,r2
 1500  000021c0  afc1fff4	sw	-12(r30),r1
 1501  000021c4  8fc20000	lw	r2,(r30)
 1502  000021c8  20410001	addi	r1,r2,#1
 1503  000021cc  00011020	add	r2,r0,r1
 1504  000021d0  afc20000	sw	(r30),r2
 1505  000021d4          	L97_LF2:
 1506  000021d4          	L90_LF2:
 1507  000021d4  8fc1fff0	lw	r1,-16(r30)
 1508  000021d8  8fc20008	lw	r2,8(r30)
 1509  000021dc  0022082a	slt	r1,r1,r2
 1510  000021e0  1420000c	bnez	r1,L98_LF2
 1511  000021e4  54000000	nop; delay slot nop
 1512  000021e8  0800000c	j	L89_LF2
 1513  000021ec  54000000	nop; delay slot nop
 1514  000021f0          	L98_LF2:
 1515  000021f0  0bfffec8	j	L88_LF2
 1516  000021f4  54000000	nop; delay slot nop
 1517  000021f8          	L89_LF2:
 1518  000021f8  8fc10004	lw	r1,4(r30)
 1519  000021fc  64220000	snei	r2,r1,#0
 1520  00002200  10400010	beqz	r2,L99_LF2
 1521  00002204  54000000	nop; delay slot nop
 1522  00002208  8fc10004	lw	r1,4(r30)
 1523  0000220c  8fc20000	lw	r2,(r30)
 1524  00002210  ac220000	sw	(r1),r2
 1525  00002214          	L99_LF2:
 1526  00002214  8fc1fff4	lw	r1,-12(r30)
 1527  00002218  8fc2ffec	lw	r2,-20(r30)
 1528  0000221c  00200035	movi2fp	f0,r1
 1529  00002220  00400835	movi2fp	f1,r2
 1530  00002224  0401000e	mult	f0,f0,f1
 1531  00002228  00000834	movfp2i	r1,f0
 1532  0000222c  afc1fff4	sw	-12(r30),r1
 1533  00002230  8fc1fff4	lw	r1,-12(r30)
 1534  00002234  08000004	j	L72_LF2
 1535  00002238  54000000	nop; delay slot nop
 1536  0000223c          	L72_LF2:
 1537  0000223c  8fa20000	lw	r2,0(r29)
 1538  00002240  8fdffff8	lw	r31,-8(r30)
 1539  00002244  001ee820	add	r29,r0,r30
 1540  00002248  8fdefffc	lw	r30,-4(r30)
 1541  0000224c  4be00000	jr	r31
 1542  00002250  54000000	nop
 1543  00002254          	.endproc _dstrtol
 1544  00002254          	.align 2
 1545  00002254          	.proc _bcopy
 1546  00002254          	.global _bcopy
 1547  00002254          	_bcopy:
 1548                      ;  Function 'bcopy'; 0 bytes of locals, 2 regs to save.
 1549  00002254  afbefffc	sw	-4(r29),r30; push fp
 1550  00002258  001df020	add	r30,r0,r29; fp = sp
 1551  0000225c  afbffff8	sw	-8(r29),r31; push ret addr
 1552  00002260  2fbd0010	subui	r29,r29,#16; alloc local storage
 1553  00002264  afa20000	sw	0(r29),r2
 1554  00002268  afa30004	sw	4(r29),r3
 1555  0000226c  54000000	nop
 1556  00002270          	L101_LF2:
 1557  00002270  8fc10008	lw	r1,8(r30)
 1558  00002274  2022ffff	addi	r2,r1,#-1
 1559  00002278  afc20008	sw	8(r30),r2
 1560  0000227c  6c210000	sgti	r1,r1,#0
 1561  00002280  1420000c	bnez	r1,L103_LF2
 1562  00002284  54000000	nop; delay slot nop
 1563  00002288  0800002c	j	L102_LF2
 1564  0000228c  54000000	nop; delay slot nop
 1565  00002290          	L103_LF2:
 1566  00002290  8fc10004	lw	r1,4(r30)
 1567  00002294  20220001	addi	r2,r1,#1
 1568  00002298  afc20004	sw	4(r30),r2
 1569  0000229c  8fc20000	lw	r2,(r30)
 1570  000022a0  20430001	addi	r3,r2,#1
 1571  000022a4  afc30000	sw	(r30),r3
 1572  000022a8  80420000	lb	r2,(r2)
 1573  000022ac  a0220000	sb	(r1),r2
 1574  000022b0  0bffffbc	j	L101_LF2
 1575  000022b4  54000000	nop; delay slot nop
 1576  000022b8          	L102_LF2:
 1577  000022b8          	L100_LF2:
 1578  000022b8  8fa20000	lw	r2,0(r29)
 1579  000022bc  8fa30004	lw	r3,4(r29)
 1580  000022c0  8fdffff8	lw	r31,-8(r30)
 1581  000022c4  001ee820	add	r29,r0,r30
 1582  000022c8  8fdefffc	lw	r30,-4(r30)
 1583  000022cc  4be00000	jr	r31
 1584  000022d0  54000000	nop
 1585  000022d4          	.endproc _bcopy
 1586  000022d4          	.align 2
 1587  000022d4          	.proc _bzero
 1588  000022d4          	.global _bzero
 1589  000022d4          	_bzero:
 1590                      ;  Function 'bzero'; 0 bytes of locals, 1 regs to save.
 1591  000022d4  afbefffc	sw	-4(r29),r30; push fp
 1592  000022d8  001df020	add	r30,r0,r29; fp = sp
 1593  000022dc  afbffff8	sw	-8(r29),r31; push ret addr
 1594  000022e0  2fbd0010	subui	r29,r29,#16; alloc local storage
 1595  000022e4  afa20000	sw	0(r29),r2
 1596  000022e8  54000000	nop
 1597  000022ec          	L105_LF2:
 1598  000022ec  8fc10004	lw	r1,4(r30)
 1599  000022f0  2022ffff	addi	r2,r1,#-1
 1600  000022f4  afc20004	sw	4(r30),r2
 1601  000022f8  6c210000	sgti	r1,r1,#0
 1602  000022fc  1420000c	bnez	r1,L107_LF2
 1603  00002300  54000000	nop; delay slot nop
 1604  00002304  08000020	j	L106_LF2
 1605  00002308  54000000	nop; delay slot nop
 1606  0000230c          	L107_LF2:
 1607  0000230c  8fc10000	lw	r1,(r30)
 1608  00002310  20220001	addi	r2,r1,#1
 1609  00002314  afc20000	sw	(r30),r2
 1610  00002318  20020000	addi	r2,r0,(#0x0)&0xff
 1611  0000231c  a0220000	sb	(r1),r2
 1612  00002320  0bffffc8	j	L105_LF2
 1613  00002324  54000000	nop; delay slot nop
 1614  00002328          	L106_LF2:
 1615  00002328          	L104_LF2:
 1616  00002328  8fa20000	lw	r2,0(r29)
 1617  0000232c  8fdffff8	lw	r31,-8(r30)
 1618  00002330  001ee820	add	r29,r0,r30
 1619  00002334  8fdefffc	lw	r30,-4(r30)
 1620  00002338  4be00000	jr	r31
 1621  0000233c  54000000	nop
 1622  00002340          	.endproc _bzero
 1623  00002340          	.align 2
 1624  00002340          	.proc _min
 1625  00002340          	.global _min
 1626  00002340          	_min:
 1627                      ;  Function 'min'; 0 bytes of locals, 2 regs to save.
 1628  00002340  afbefffc	sw	-4(r29),r30; push fp
 1629  00002344  001df020	add	r30,r0,r29; fp = sp
 1630  00002348  afbffff8	sw	-8(r29),r31; push ret addr
 1631  0000234c  2fbd0010	subui	r29,r29,#16; alloc local storage
 1632  00002350  afa20000	sw	0(r29),r2
 1633  00002354  afa30004	sw	4(r29),r3
 1634  00002358  8fc10000	lw	r1,(r30)
 1635  0000235c  8fc20004	lw	r2,4(r30)
 1636  00002360  0022182c	sle	r3,r1,r2
 1637  00002364  14600008	bnez	r3,L109_LF2
 1638  00002368  54000000	nop; delay slot nop
 1639  0000236c  8fc10004	lw	r1,4(r30)
 1640  00002370          	L109_LF2:
 1641  00002370  08000004	j	L108_LF2
 1642  00002374  54000000	nop; delay slot nop
 1643  00002378          	L108_LF2:
 1644  00002378  8fa20000	lw	r2,0(r29)
 1645  0000237c  8fa30004	lw	r3,4(r29)
 1646  00002380  8fdffff8	lw	r31,-8(r30)
 1647  00002384  001ee820	add	r29,r0,r30
 1648  00002388  8fdefffc	lw	r30,-4(r30)
 1649  0000238c  4be00000	jr	r31
 1650  00002390  54000000	nop
 1651  00002394          	.endproc _min
 1652                      ;;; Ethan L. Miller, 1999.  Released to the public domain
 1653                      ;;;
 1654                      ;;; Most of the traps are called in files from libtraps.
 1657  00002394          	.align 2
 1658  00002394          	.proc _exit
 1659  00002394          	.global _exit
 1660  00002394          	_exit:
 1661  00002394  44000300	trap	#0x300
 1662  00002398  4be00000	jr	r31
 1663  0000239c  54000000	nop
 1664  000023a0          	.endproc _exit
 1666                      ; for the benefit of gcc.
 1667  000023a0          	.proc ___main
 1668  000023a0          	.global ___main
 1669  000023a0          	___main:
 1670  000023a0  4be00000	jr	r31
 1671  000023a4  54000000	nop
 1672  000023a8          	.endproc ___main
 1673  000023a8          	.text
 1674  000023a8          	.global _etext
 1675  000023a8          	_etext:
 1676  000023a8          	.align 3
 1677  000023a8          	.data
 1678  000030ce          	.global _edata
 1679  000030ce          	_edata:
