 line   address	contents
    1                      ; Linked by DLX-LD.
    2                      ; MemSize 24576
    3                      ; Data size: 199
    4                      ; Text size: 4544
    5                      ; Stack size: 8192
    6  00000000          	.text 0x1000
    7  00001000          	.data 0x3000
    8                      ; Compiled by GCC
    9  00003000          	.text
   10  00001000          	.align 2
   11  00001000          	.proc _isspace
   12  00001000          	.global _isspace
   13  00001000          	_isspace:
   14                      ;  Function 'isspace'; 0 bytes of locals, 1 regs to save.
   15  00001000  afbefffc	sw	-4(r29),r30; push fp
   16  00001004  001df020	add	r30,r0,r29; fp = sp
   17  00001008  afbffff8	sw	-8(r29),r31; push ret addr
   18  0000100c  2fbd0010	subui	r29,r29,#16; alloc local storage
   19  00001010  afa20000	sw	0(r29),r2
   20  00001014  83c20003	lb	r2,3(r30)
   21  00001018  201f0000	addi	r31,r0,#0
   22  0000101c  304100ff	andi	r1,r2,#0x00ff
   23  00001020  60210020	seqi	r1,r1,#32
   24  00001024  14200018	bnez	r1,L6_LF0
   25  00001028  54000000	nop; not filled.
   26  0000102c  2041fff7	addi	r1,r2,#-9
   27  00001030  302100ff	andi	r1,r1,#0x00ff
   28  00001034  70210001	sleui	r1,r1,#1
   29  00001038  10200008	beqz	r1,L5_LF0
   30  0000103c  54000000	nop; not filled.
   31  00001040          	L6_LF0:
   32  00001040  201f0001	addi	r31,r0,#1
   33  00001044          	L5_LF0:
   34  00001044  001f0820	add	r1,r0,r31
   35  00001048  8fa20000	lw	r2,0(r29)
   36  0000104c  8fdffff8	lw	r31,-8(r30)
   37  00001050  001ee820	add	r29,r0,r30
   38  00001054  8fdefffc	lw	r30,-4(r30)
   39  00001058  4be00000	jr	r31
   40  0000105c  54000000	nop
   41  00001060          	.endproc _isspace
   42  00001060          	.align 2
   43  00001060          	.proc _isxdigit
   44  00001060          	.global _isxdigit
   45  00001060          	_isxdigit:
   46                      ;  Function 'isxdigit'; 0 bytes of locals, 1 regs to save.
   47  00001060  afbefffc	sw	-4(r29),r30; push fp
   48  00001064  001df020	add	r30,r0,r29; fp = sp
   49  00001068  afbffff8	sw	-8(r29),r31; push ret addr
   50  0000106c  2fbd0010	subui	r29,r29,#16; alloc local storage
   51  00001070  afa20000	sw	0(r29),r2
   52  00001074  83df0003	lb	r31,3(r30)
   53  00001078  20020000	addi	r2,r0,#0
   54  0000107c  23e1ffd0	addi	r1,r31,#-48
   55  00001080  302100ff	andi	r1,r1,#0x00ff
   56  00001084  70210009	sleui	r1,r1,#9
   57  00001088  14200028	bnez	r1,L12_LF0
   58  0000108c  54000000	nop; not filled.
   59  00001090  23e1ff9f	addi	r1,r31,#-97
   60  00001094  302100ff	andi	r1,r1,#0x00ff
   61  00001098  70210005	sleui	r1,r1,#5
   62  0000109c  14200014	bnez	r1,L12_LF0
   63  000010a0  54000000	nop; not filled.
   64  000010a4  33e100ff	andi	r1,r31,#0x00ff
   65  000010a8  64210041	snei	r1,r1,#65
   66  000010ac  14200008	bnez	r1,L11_LF0
   67  000010b0  54000000	nop; not filled.
   68  000010b4          	L12_LF0:
   69  000010b4  20020001	addi	r2,r0,#1
   70  000010b8          	L11_LF0:
   71  000010b8  00020820	add	r1,r0,r2
   72  000010bc  8fa20000	lw	r2,0(r29)
   73  000010c0  8fdffff8	lw	r31,-8(r30)
   74  000010c4  001ee820	add	r29,r0,r30
   75  000010c8  8fdefffc	lw	r30,-4(r30)
   76  000010cc  4be00000	jr	r31
   77  000010d0  54000000	nop
   78  000010d4          	.endproc _isxdigit
   79  000010d4          	.data
   80  00003000          	.align 2
   81  00003000          	LC0_LF0:
   82  00003000  55736167	.ascii "Usage: \000"
   82  00003004  653a2000	
   83  00003008          	.align 2
   84  00003008          	LC1_LF0:
   85  00003008  203c6861	.ascii " <handle_to_shared_memory_page> <handle_to_page_mapped_semaphore>\n\000"
   85  0000300c  6e646c65	
   85  00003010  5f746f5f	
   85  00003014  73686172	
   85  00003018  65645f6d	
   85  0000301c  656d6f72	
   85  00003020  795f7061	
   85  00003024  67653e20	
   85  00003028  3c68616e	
   85  0000302c  646c655f	
   85  00003030  746f5f70	
   85  00003034  6167655f	
   85  00003038  6d617070	
   85  0000303c  65645f73	
   85  00003040  656d6170	
   85  00003044  686f7265	
   85  00003048  3e0a00  	
   86  0000304b          	.align 2
   87  0000304c          	LC2_LF0:
   88  0000304c  436f756c	.ascii "Could not map the virtual address to the memory in \000"
   88  00003050  64206e6f	
   88  00003054  74206d61	
   88  00003058  70207468	
   88  0000305c  65207669	
   88  00003060  72747561	
   88  00003064  6c206164	
   88  00003068  64726573	
   88  0000306c  7320746f	
   88  00003070  20746865	
   88  00003074  206d656d	
   88  00003078  6f727920	
   88  0000307c  696e2000	
   89  00003080          	.align 2
   90  00003080          	LC3_LF0:
   91  00003080  2c206578	.ascii ", exiting...\n\000"
   91  00003084  6974696e	
   91  00003088  672e2e2e	
   91  0000308c  0a00    	
   92  0000308e          	.align 2
   93  00003090          	LC4_LF0:
   94  00003090  436f6e73	.ascii "Consumer %d removed: %c\n\000"
   94  00003094  756d6572	
   94  00003098  20256420	
   94  0000309c  72656d6f	
   94  000030a0  7665643a	
   94  000030a4  2025630a	
   94  000030a8  00      	
   95  000030a9          	.align 2
   96  000030ac          	LC5_LF0:
   97  000030ac  42616420	.ascii "Bad semaphore sem (%d) in \000"
   97  000030b0  73656d61	
   97  000030b4  70686f72	
   97  000030b8  65207365	
   97  000030bc  6d202825	
   97  000030c0  64292069	
   97  000030c4  6e2000  	
   98  000030c7          	.text
   99  000010d4          	.align 2
  100  000010d4          	.proc _main
  101  000010d4          	.global _main
  102  000010d4          	_main:
  103                      ;  Function 'main'; 0 bytes of locals, 0 regs to save.
  104  000010d4  afbefffc	sw	-4(r29),r30; push fp
  105  000010d8  001df020	add	r30,r0,r29; fp = sp
  106  000010dc  afbffff8	sw	-8(r29),r31; push ret addr
  107  000010e0  2fbd0008	subui	r29,r29,#8; alloc local storage
  108  000010e4  8fc20000	lw	r2,(r30)
  109  000010e8  8fc50004	lw	r5,4(r30)
  110  000010ec  0c0010c8	jal	___main
  111  000010f0  54000000	nop; not filled.
  112  000010f4  64410003	snei	r1,r2,#3
  113  000010f8  1020004c	beqz	r1,L14_LF0
  114  000010fc  54000000	nop; not filled.
  115  00001100  23bdfff8	addi	r29,r29,#-8
  116  00001104  3c070000	lhi	r7,((LC0_LF0)>>16)&0xffff
  117  00001108  24e73000	addui	r7,r7,(LC0_LF0)&0xffff
  118  0000110c  afa70000	sw	(r29),r7
  119  00001110  0c00029c	jal	_Printf
  120  00001114  54000000	nop; not filled.
  121  00001118  8ca70000	lw	r7,(r5)
  122  0000111c  afa70000	sw	(r29),r7
  123  00001120  0c00028c	jal	_Printf
  124  00001124  54000000	nop; not filled.
  125  00001128  3c070000	lhi	r7,((LC1_LF0)>>16)&0xffff
  126  0000112c  24e73008	addui	r7,r7,(LC1_LF0)&0xffff
  127  00001130  afa70000	sw	(r29),r7
  128  00001134  0c000278	jal	_Printf
  129  00001138  54000000	nop; not filled.
  130  0000113c  0c000324	jal	_Exit
  131  00001140  54000000	nop; not filled.
  132  00001144  23bd0008	addi	r29,r29,#8
  133  00001148          	L14_LF0:
  134  00001148  23bdfff0	addi	r29,r29,#-16
  135  0000114c  8ca70004	lw	r7,4(r5)
  136  00001150  afa70000	sw	(r29),r7
  137  00001154  20070000	addi	r7,r0,#0
  138  00001158  afa70004	sw	4(r29),r7
  139  0000115c  2007000a	addi	r7,r0,#10
  140  00001160  afa70008	sw	8(r29),r7
  141  00001164  0c000ba8	jal	_dstrtol
  142  00001168  54000000	nop; not filled.
  143  0000116c  00011020	add	r2,r0,r1
  144  00001170  8ca70008	lw	r7,8(r5)
  145  00001174  afa70000	sw	(r29),r7
  146  00001178  20070000	addi	r7,r0,#0
  147  0000117c  afa70004	sw	4(r29),r7
  148  00001180  2007000a	addi	r7,r0,#10
  149  00001184  afa70008	sw	8(r29),r7
  150  00001188  0c000b84	jal	_dstrtol
  151  0000118c  54000000	nop; not filled.
  152  00001190  00013020	add	r6,r0,r1
  153  00001194  afa20000	sw	(r29),r2
  154  00001198  0c000250	jal	_shmat
  155  0000119c  54000000	nop; not filled.
  156  000011a0  00011820	add	r3,r0,r1
  157  000011a4  23bd0010	addi	r29,r29,#16
  158  000011a8  64610000	snei	r1,r3,#0
  159  000011ac  1420004c	bnez	r1,L15_LF0
  160  000011b0  54000000	nop; not filled.
  161  000011b4  23bdfff8	addi	r29,r29,#-8
  162  000011b8  3c070000	lhi	r7,((LC2_LF0)>>16)&0xffff
  163  000011bc  24e7304c	addui	r7,r7,(LC2_LF0)&0xffff
  164  000011c0  afa70000	sw	(r29),r7
  165  000011c4  0c0001e8	jal	_Printf
  166  000011c8  54000000	nop; not filled.
  167  000011cc  8ca70000	lw	r7,(r5)
  168  000011d0  afa70000	sw	(r29),r7
  169  000011d4  0c0001d8	jal	_Printf
  170  000011d8  54000000	nop; not filled.
  171  000011dc  3c070000	lhi	r7,((LC3_LF0)>>16)&0xffff
  172  000011e0  24e73080	addui	r7,r7,(LC3_LF0)&0xffff
  173  000011e4  afa70000	sw	(r29),r7
  174  000011e8  0c0001c4	jal	_Printf
  175  000011ec  54000000	nop; not filled.
  176  000011f0  0c000270	jal	_Exit
  177  000011f4  54000000	nop; not filled.
  178  000011f8  23bd0008	addi	r29,r29,#8
  179  000011fc          	L15_LF0:
  180  000011fc  20040000	addi	r4,r0,#0
  181  00001200          	L18_LF0:
  182  00001200  23bdfff8	addi	r29,r29,#-8
  183  00001204  8c670014	lw	r7,20(r3)
  184  00001208  afa70000	sw	(r29),r7
  185  0000120c  0c000218	jal	_lock_acquire
  186  00001210  54000000	nop; not filled.
  187  00001214  8c620000	lw	r2,(r3)
  188  00001218  8c610004	lw	r1,4(r3)
  189  0000121c  23bd0008	addi	r29,r29,#8
  190  00001220  00410828	seq	r1,r2,r1
  191  00001224  1020003c	beqz	r1,L19_LF0
  192  00001228  54000000	nop; not filled.
  193  0000122c  23bdfff8	addi	r29,r29,#-8
  194  00001230  8c670014	lw	r7,20(r3)
  195  00001234  afa70000	sw	(r29),r7
  196  00001238  0c0001f8	jal	_lock_release
  197  0000123c  54000000	nop; not filled.
  198  00001240  8c67001c	lw	r7,28(r3)
  199  00001244  afa70000	sw	(r29),r7
  200  00001248  0c000200	jal	_cond_wait
  201  0000124c  54000000	nop; not filled.
  202  00001250  8c670014	lw	r7,20(r3)
  203  00001254  afa70000	sw	(r29),r7
  204  00001258  0c0001cc	jal	_lock_acquire
  205  0000125c  54000000	nop; not filled.
  206  00001260  23bd0008	addi	r29,r29,#8
  207  00001264          	L19_LF0:
  208  00001264  0c000160	jal	_Getpid
  209  00001268  54000000	nop; not filled.
  210  0000126c  23bdfff0	addi	r29,r29,#-16
  211  00001270  3c070000	lhi	r7,((LC4_LF0)>>16)&0xffff
  212  00001274  24e73090	addui	r7,r7,(LC4_LF0)&0xffff
  213  00001278  afa70000	sw	(r29),r7
  214  0000127c  afa10004	sw	4(r29),r1
  215  00001280  8c610000	lw	r1,(r3)
  216  00001284  00610820	add	r1,r3,r1
  217  00001288  9021000c	lbu	r1,12(r1)
  218  0000128c  afa10008	sw	8(r29),r1
  219  00001290  0c00011c	jal	_Printf
  220  00001294  54000000	nop; not filled.
  221  00001298  8c610000	lw	r1,(r3)
  222  0000129c  20210001	addi	r1,r1,#1
  223  000012a0  ac610000	sw	(r3),r1
  224  000012a4  23bd0010	addi	r29,r29,#16
  225  000012a8  6c210004	sgti	r1,r1,#4
  226  000012ac  1020000c	beqz	r1,L20_LF0
  227  000012b0  54000000	nop; not filled.
  228  000012b4  20070000	addi	r7,r0,#0
  229  000012b8  ac670000	sw	(r3),r7
  230  000012bc          	L20_LF0:
  231  000012bc  20840001	addi	r4,r4,#1
  232  000012c0  23bdfff8	addi	r29,r29,#-8
  233  000012c4  8c670018	lw	r7,24(r3)
  234  000012c8  afa70000	sw	(r29),r7
  235  000012cc  0c000188	jal	_cond_signal
  236  000012d0  54000000	nop; not filled.
  237  000012d4  8c670014	lw	r7,20(r3)
  238  000012d8  afa70000	sw	(r29),r7
  239  000012dc  0c000154	jal	_lock_release
  240  000012e0  54000000	nop; not filled.
  241  000012e4  23bd0008	addi	r29,r29,#8
  242  000012e8  6481000b	snei	r1,r4,#11
  243  000012ec  1420ff10	bnez	r1,L18_LF0
  244  000012f0  54000000	nop; not filled.
  245  000012f4  23bdfff8	addi	r29,r29,#-8
  246  000012f8  afa60000	sw	(r29),r6
  247  000012fc  0c000110	jal	_sem_signal
  248  00001300  54000000	nop; not filled.
  249  00001304  23bd0008	addi	r29,r29,#8
  250  00001308  64210001	snei	r1,r1,#1
  251  0000130c  10200050	beqz	r1,L22_LF0
  252  00001310  54000000	nop; not filled.
  253  00001314  23bdfff8	addi	r29,r29,#-8
  254  00001318  3c070000	lhi	r7,((LC5_LF0)>>16)&0xffff
  255  0000131c  24e730ac	addui	r7,r7,(LC5_LF0)&0xffff
  256  00001320  afa70000	sw	(r29),r7
  257  00001324  afa60004	sw	4(r29),r6
  258  00001328  0c000084	jal	_Printf
  259  0000132c  54000000	nop; not filled.
  260  00001330  8ca50000	lw	r5,(r5)
  261  00001334  afa50000	sw	(r29),r5
  262  00001338  0c000074	jal	_Printf
  263  0000133c  54000000	nop; not filled.
  264  00001340  3c070000	lhi	r7,((LC3_LF0)>>16)&0xffff
  265  00001344  24e73080	addui	r7,r7,(LC3_LF0)&0xffff
  266  00001348  afa70000	sw	(r29),r7
  267  0000134c  0c000060	jal	_Printf
  268  00001350  54000000	nop; not filled.
  269  00001354  0c00010c	jal	_Exit
  270  00001358  54000000	nop; not filled.
  271  0000135c  23bd0008	addi	r29,r29,#8
  272  00001360          	L22_LF0:
  273  00001360  0c000e48	jal	_exit
  274  00001364  54000000	nop
  275  00001368          	.endproc _main
  276                      ;;;
  277                      ;;; Stub functions for DLX traps.
  278                      ;;;
  279                      ;;; Ethan L. Miller, 1999.  Released to the public domain.
  280                      ;;;
  281                      ;;; The traps such as Open and Close
  282                      ;;; (note the capital letters) are for use by user programs.  The traps
  283                      ;;; with names such as open and close (lower case) are for use by the OS.
  284                      ;;;
  287  00001368          	.align 2
  289                      ;;; The following are the traps to be used by user-level programs
  290                      ;;;
  292  00001368          	.align 2
  293  00001368          	.proc _Open
  294  00001368          	.global _Open
  295  00001368          	_Open:
  296                      ;;; Note that trap #0x213 actually causes a trap vector in the OS of
  297                      ;;; 0x1213.  The same is true for other user traps.  Thus, a user trap
  298                      ;;; with trap #0x240 will result in a trap vector of 0x1240 in the OS.
  299  00001368  44000213	trap	#0x213
  300  0000136c  4be00000	jr	r31
  301  00001370  54000000	nop
  302  00001374          	.endproc _Open
  304  00001374          	.proc _Close
  305  00001374          	.global _Close
  306  00001374          	_Close:
  307  00001374  44000214	trap	#0x214
  308  00001378  4be00000	jr	r31
  309  0000137c  54000000	nop
  310  00001380          	.endproc _Close
  312  00001380          	.proc _Read
  313  00001380          	.global _Read
  314  00001380          	_Read:
  315  00001380  44000210	trap	#0x210
  316  00001384  4be00000	jr	r31
  317  00001388  54000000	nop
  318  0000138c          	.endproc _Read
  320  0000138c          	.proc _Write
  321  0000138c          	.global _Write
  322  0000138c          	_Write:
  323  0000138c  44000211	trap	#0x211
  324  00001390  4be00000	jr	r31
  325  00001394  54000000	nop
  326  00001398          	.endproc _Write
  328  00001398          	.proc _Lseek
  329  00001398          	.global _Lseek
  330  00001398          	_Lseek:
  331  00001398  44000212	trap	#0x212
  332  0000139c  4be00000	jr	r31
  333  000013a0  54000000	nop
  334  000013a4          	.endproc _Lseek
  336  000013a4          	.proc _Putchar
  337  000013a4          	.global _Putchar
  338  000013a4          	_Putchar:
  339  000013a4  44000280	trap	#0x280
  340  000013a8  4be00000	jr	r31
  341  000013ac  54000000	nop
  342  000013b0          	.endproc _Putchar
  344  000013b0          	.proc _Printf
  345  000013b0          	.global _Printf
  346  000013b0          	_Printf:
  347  000013b0  44000201	trap	#0x201
  348  000013b4  4be00000	jr	r31
  349  000013b8  54000000	nop
  350  000013bc          	.endproc _Printf
  352  000013bc          	.proc _run_os_tests
  353  000013bc          	.global _run_os_tests
  354  000013bc          	_run_os_tests:
  355  000013bc  440004ff	trap	#0x4FF
  356  000013c0  4be00000	jr	r31
  357  000013c4  54000000	nop
  358  000013c8          	.endproc _run_os_tests
  360  000013c8          	.proc _Getpid
  361  000013c8          	.global _Getpid
  362  000013c8          	_Getpid:
  363  000013c8  44000431	trap	#0x431
  364  000013cc  4be00000	jr	r31
  365  000013d0  54000000	nop
  366  000013d4          	.endproc _Getpid
  368  000013d4          	.proc _process_create
  369  000013d4          	.global _process_create
  370  000013d4          	_process_create:
  371  000013d4  44000432	trap	#0x432
  372  000013d8  4be00000	jr	r31
  373  000013dc  54000000	nop
  374  000013e0          	.endproc _process_create
  376  000013e0          	.proc _shmget
  377  000013e0          	.global _shmget
  378  000013e0          	_shmget:
  379  000013e0  44000440	trap	#0x440
  380  000013e4  4be00000	jr	r31
  381  000013e8  54000000	nop
  382  000013ec          	.endproc _shmget
  384  000013ec          	.proc _shmat
  385  000013ec          	.global _shmat
  386  000013ec          	_shmat:
  387  000013ec  44000441	trap	#0x441
  388  000013f0  4be00000	jr	r31
  389  000013f4  54000000	nop
  390  000013f8          	.endproc _shmat
  392  000013f8          	.proc _sem_create
  393  000013f8          	.global _sem_create
  394  000013f8          	_sem_create:
  395  000013f8  44000450	trap	#0x450
  396  000013fc  4be00000	jr	r31
  397  00001400  54000000	nop
  398  00001404          	.endproc _sem_create
  400  00001404          	.proc _sem_wait
  401  00001404          	.global _sem_wait
  402  00001404          	_sem_wait:
  403  00001404  44000451	trap	#0x451
  404  00001408  4be00000	jr	r31
  405  0000140c  54000000	nop
  406  00001410          	.endproc _sem_wait
  408  00001410          	.proc _sem_signal
  409  00001410          	.global _sem_signal
  410  00001410          	_sem_signal:
  411  00001410  44000452	trap	#0x452
  412  00001414  4be00000	jr	r31
  413  00001418  54000000	nop
  414  0000141c          	.endproc _sem_signal
  416  0000141c          	.proc _lock_create
  417  0000141c          	.global _lock_create
  418  0000141c          	_lock_create:
  419  0000141c  44000453	trap	#0x453
  420  00001420  4be00000	jr	r31
  421  00001424  54000000	nop
  422  00001428          	.endproc _lock_create
  424  00001428          	.proc _lock_acquire
  425  00001428          	.global _lock_acquire
  426  00001428          	_lock_acquire:
  427  00001428  44000454	trap	#0x454
  428  0000142c  4be00000	jr	r31
  429  00001430  54000000	nop
  430  00001434          	.endproc _lock_acquire
  432  00001434          	.proc _lock_release
  433  00001434          	.global _lock_release
  434  00001434          	_lock_release:
  435  00001434  44000455	trap	#0x455
  436  00001438  4be00000	jr	r31
  437  0000143c  54000000	nop
  438  00001440          	.endproc _lock_release
  440  00001440          	.proc _cond_create
  441  00001440          	.global _cond_create
  442  00001440          	_cond_create:
  443  00001440  44000456	trap	#0x456
  444  00001444  4be00000	jr	r31
  445  00001448  54000000	nop
  446  0000144c          	.endproc _cond_create
  448  0000144c          	.proc _cond_wait
  449  0000144c          	.global _cond_wait
  450  0000144c          	_cond_wait:
  451  0000144c  44000457	trap	#0x457
  452  00001450  4be00000	jr	r31
  453  00001454  54000000	nop
  454  00001458          	.endproc _cond_wait
  456  00001458          	.proc _cond_signal
  457  00001458          	.global _cond_signal
  458  00001458          	_cond_signal:
  459  00001458  44000458	trap	#0x458
  460  0000145c  4be00000	jr	r31
  461  00001460  54000000	nop
  462  00001464          	.endproc _cond_signal
  464  00001464          	.proc _Exit
  465  00001464          	.global _Exit
  466  00001464          	_Exit:
  467  00001464  44000500	trap	#0x500
  468  00001468  4be00000	jr	r31
  469  0000146c  54000000	nop
  470  00001470          	.endproc _Exit
  471                      ; Compiled by GCC
  473  00001470          	.align 2
  474  00001470          	.proc _isspace
  475  00001470          	.global _isspace
  476  00001470          	_isspace:
  477                      ;  Function 'isspace'; 0 bytes of locals, 3 regs to save.
  478  00001470  afbefffc	sw	-4(r29),r30; push fp
  479  00001474  001df020	add	r30,r0,r29; fp = sp
  480  00001478  afbffff8	sw	-8(r29),r31; push ret addr
  481  0000147c  2fbd0018	subui	r29,r29,#24; alloc local storage
  482  00001480  afa20000	sw	0(r29),r2
  483  00001484  afa30004	sw	4(r29),r3
  484  00001488  afa40008	sw	8(r29),r4
  485  0000148c  83c20003	lb	r2,3(r30)
  486  00001490  20010000	addi	r1,r0,#0
  487  00001494  304300ff	andi	r3,r2,#0x00ff
  488  00001498  60640020	seqi	r4,r3,#32
  489  0000149c  1480002c	bnez	r4,L3_LF2
  490  000014a0  54000000	nop; delay slot nop
  491  000014a4  304300ff	andi	r3,r2,#0x00ff
  492  000014a8  60640009	seqi	r4,r3,#9
  493  000014ac  1480001c	bnez	r4,L3_LF2
  494  000014b0  54000000	nop; delay slot nop
  495  000014b4  304300ff	andi	r3,r2,#0x00ff
  496  000014b8  6064000a	seqi	r4,r3,#10
  497  000014bc  1480000c	bnez	r4,L3_LF2
  498  000014c0  54000000	nop; delay slot nop
  499  000014c4  08000008	j	L2_LF2
  500  000014c8  54000000	nop; delay slot nop
  501  000014cc          	L3_LF2:
  502  000014cc  20010001	addi	r1,r0,#1
  503  000014d0          	L2_LF2:
  504  000014d0  08000004	j	L1_LF2
  505  000014d4  54000000	nop; delay slot nop
  506  000014d8          	L1_LF2:
  507  000014d8  8fa20000	lw	r2,0(r29)
  508  000014dc  8fa30004	lw	r3,4(r29)
  509  000014e0  8fa40008	lw	r4,8(r29)
  510  000014e4  8fdffff8	lw	r31,-8(r30)
  511  000014e8  001ee820	add	r29,r0,r30
  512  000014ec  8fdefffc	lw	r30,-4(r30)
  513  000014f0  4be00000	jr	r31
  514  000014f4  54000000	nop
  515  000014f8          	.endproc _isspace
  516  000014f8          	.align 2
  517  000014f8          	.proc _isxdigit
  518  000014f8          	.global _isxdigit
  519  000014f8          	_isxdigit:
  520                      ;  Function 'isxdigit'; 0 bytes of locals, 3 regs to save.
  521  000014f8  afbefffc	sw	-4(r29),r30; push fp
  522  000014fc  001df020	add	r30,r0,r29; fp = sp
  523  00001500  afbffff8	sw	-8(r29),r31; push ret addr
  524  00001504  2fbd0018	subui	r29,r29,#24; alloc local storage
  525  00001508  afa20000	sw	0(r29),r2
  526  0000150c  afa30004	sw	4(r29),r3
  527  00001510  afa40008	sw	8(r29),r4
  528  00001514  83c20003	lb	r2,3(r30)
  529  00001518  20010000	addi	r1,r0,#0
  530  0000151c  304300ff	andi	r3,r2,#0x00ff
  531  00001520  6c64002f	sgtui	r4,r3,#47
  532  00001524  1080001c	beqz	r4,L7_LF2
  533  00001528  54000000	nop; delay slot nop
  534  0000152c  304300ff	andi	r3,r2,#0x00ff
  535  00001530  70640039	sleui	r4,r3,#57
  536  00001534  1480005c	bnez	r4,L6_LF2
  537  00001538  54000000	nop; delay slot nop
  538  0000153c  08000004	j	L7_LF2
  539  00001540  54000000	nop; delay slot nop
  540  00001544          	L7_LF2:
  541  00001544  304300ff	andi	r3,r2,#0x00ff
  542  00001548  6c640060	sgtui	r4,r3,#96
  543  0000154c  1080001c	beqz	r4,L8_LF2
  544  00001550  54000000	nop; delay slot nop
  545  00001554  304300ff	andi	r3,r2,#0x00ff
  546  00001558  70640066	sleui	r4,r3,#102
  547  0000155c  14800034	bnez	r4,L6_LF2
  548  00001560  54000000	nop; delay slot nop
  549  00001564  08000004	j	L8_LF2
  550  00001568  54000000	nop; delay slot nop
  551  0000156c          	L8_LF2:
  552  0000156c  304300ff	andi	r3,r2,#0x00ff
  553  00001570  6c640040	sgtui	r4,r3,#64
  554  00001574  10800020	beqz	r4,L5_LF2
  555  00001578  54000000	nop; delay slot nop
  556  0000157c  304300ff	andi	r3,r2,#0x00ff
  557  00001580  70640041	sleui	r4,r3,#65
  558  00001584  1480000c	bnez	r4,L6_LF2
  559  00001588  54000000	nop; delay slot nop
  560  0000158c  08000008	j	L5_LF2
  561  00001590  54000000	nop; delay slot nop
  562  00001594          	L6_LF2:
  563  00001594  20010001	addi	r1,r0,#1
  564  00001598          	L5_LF2:
  565  00001598  08000004	j	L4_LF2
  566  0000159c  54000000	nop; delay slot nop
  567  000015a0          	L4_LF2:
  568  000015a0  8fa20000	lw	r2,0(r29)
  569  000015a4  8fa30004	lw	r3,4(r29)
  570  000015a8  8fa40008	lw	r4,8(r29)
  571  000015ac  8fdffff8	lw	r31,-8(r30)
  572  000015b0  001ee820	add	r29,r0,r30
  573  000015b4  8fdefffc	lw	r30,-4(r30)
  574  000015b8  4be00000	jr	r31
  575  000015bc  54000000	nop
  576  000015c0          	.endproc _isxdigit
  577  000015c0          	.align 2
  578  000015c0          	.proc _dstrcpy
  579  000015c0          	.global _dstrcpy
  580  000015c0          	_dstrcpy:
  581                      ;  Function 'dstrcpy'; 8 bytes of locals, 2 regs to save.
  582  000015c0  afbefffc	sw	-4(r29),r30; push fp
  583  000015c4  001df020	add	r30,r0,r29; fp = sp
  584  000015c8  afbffff8	sw	-8(r29),r31; push ret addr
  585  000015cc  2fbd0018	subui	r29,r29,#24; alloc local storage
  586  000015d0  afa20000	sw	0(r29),r2
  587  000015d4  afa30004	sw	4(r29),r3
  588  000015d8  8fc10000	lw	r1,(r30)
  589  000015dc  afc1fff4	sw	-12(r30),r1
  590  000015e0          	L10_LF2:
  591  000015e0  8fc10000	lw	r1,(r30)
  592  000015e4  20220001	addi	r2,r1,#1
  593  000015e8  afc20000	sw	(r30),r2
  594  000015ec  8fc20004	lw	r2,4(r30)
  595  000015f0  20430001	addi	r3,r2,#1
  596  000015f4  afc30004	sw	4(r30),r3
  597  000015f8  80420000	lb	r2,(r2)
  598  000015fc  a0220000	sb	(r1),r2
  599  00001600  a3c2fff3	sb	-13(r30),r2
  600  00001604          	L12_LF2:
  601  00001604  93c1fff3	lbu	r1,-13(r30)
  602  00001608  64220000	snei	r2,r1,#0
  603  0000160c  1440000c	bnez	r2,L13_LF2
  604  00001610  54000000	nop; delay slot nop
  605  00001614  0800000c	j	L11_LF2
  606  00001618  54000000	nop; delay slot nop
  607  0000161c          	L13_LF2:
  608  0000161c  0bffffc0	j	L10_LF2
  609  00001620  54000000	nop; delay slot nop
  610  00001624          	L11_LF2:
  611  00001624  8fc1fff4	lw	r1,-12(r30)
  612  00001628  08000004	j	L9_LF2
  613  0000162c  54000000	nop; delay slot nop
  614  00001630          	L9_LF2:
  615  00001630  8fa20000	lw	r2,0(r29)
  616  00001634  8fa30004	lw	r3,4(r29)
  617  00001638  8fdffff8	lw	r31,-8(r30)
  618  0000163c  001ee820	add	r29,r0,r30
  619  00001640  8fdefffc	lw	r30,-4(r30)
  620  00001644  4be00000	jr	r31
  621  00001648  54000000	nop
  622  0000164c          	.endproc _dstrcpy
  623  0000164c          	.align 2
  624  0000164c          	.proc _dstrncpy
  625  0000164c          	.global _dstrncpy
  626  0000164c          	_dstrncpy:
  627                      ;  Function 'dstrncpy'; 8 bytes of locals, 2 regs to save.
  628  0000164c  afbefffc	sw	-4(r29),r30; push fp
  629  00001650  001df020	add	r30,r0,r29; fp = sp
  630  00001654  afbffff8	sw	-8(r29),r31; push ret addr
  631  00001658  2fbd0018	subui	r29,r29,#24; alloc local storage
  632  0000165c  afa20000	sw	0(r29),r2
  633  00001660  afa30004	sw	4(r29),r3
  634  00001664  8fc10000	lw	r1,(r30)
  635  00001668  afc1fff4	sw	-12(r30),r1
  636  0000166c          	L15_LF2:
  637  0000166c  8fc10008	lw	r1,8(r30)
  638  00001670  2022ffff	addi	r2,r1,#-1
  639  00001674  afc20008	sw	8(r30),r2
  640  00001678  70210000	slei	r1,r1,#0
  641  0000167c  1020000c	beqz	r1,L18_LF2
  642  00001680  54000000	nop; delay slot nop
  643  00001684  08000048	j	L16_LF2
  644  00001688  54000000	nop; delay slot nop
  645  0000168c          	L18_LF2:
  646  0000168c  8fc10000	lw	r1,(r30)
  647  00001690  20220001	addi	r2,r1,#1
  648  00001694  afc20000	sw	(r30),r2
  649  00001698  8fc20004	lw	r2,4(r30)
  650  0000169c  20430001	addi	r3,r2,#1
  651  000016a0  afc30004	sw	4(r30),r3
  652  000016a4  80420000	lb	r2,(r2)
  653  000016a8  a0220000	sb	(r1),r2
  654  000016ac  a3c2fff3	sb	-13(r30),r2
  655  000016b0          	L17_LF2:
  656  000016b0  93c1fff3	lbu	r1,-13(r30)
  657  000016b4  64220000	snei	r2,r1,#0
  658  000016b8  1440000c	bnez	r2,L19_LF2
  659  000016bc  54000000	nop; delay slot nop
  660  000016c0  0800000c	j	L16_LF2
  661  000016c4  54000000	nop; delay slot nop
  662  000016c8          	L19_LF2:
  663  000016c8  0bffffa0	j	L15_LF2
  664  000016cc  54000000	nop; delay slot nop
  665  000016d0          	L16_LF2:
  666  000016d0  8fc1fff4	lw	r1,-12(r30)
  667  000016d4  08000004	j	L14_LF2
  668  000016d8  54000000	nop; delay slot nop
  669  000016dc          	L14_LF2:
  670  000016dc  8fa20000	lw	r2,0(r29)
  671  000016e0  8fa30004	lw	r3,4(r29)
  672  000016e4  8fdffff8	lw	r31,-8(r30)
  673  000016e8  001ee820	add	r29,r0,r30
  674  000016ec  8fdefffc	lw	r30,-4(r30)
  675  000016f0  4be00000	jr	r31
  676  000016f4  54000000	nop
  677  000016f8          	.endproc _dstrncpy
  678  000016f8          	.align 2
  679  000016f8          	.proc _dstrcat
  680  000016f8          	.global _dstrcat
  681  000016f8          	_dstrcat:
  682                      ;  Function 'dstrcat'; 8 bytes of locals, 1 regs to save.
  683  000016f8  afbefffc	sw	-4(r29),r30; push fp
  684  000016fc  001df020	add	r30,r0,r29; fp = sp
  685  00001700  afbffff8	sw	-8(r29),r31; push ret addr
  686  00001704  2fbd0018	subui	r29,r29,#24; alloc local storage
  687  00001708  afa20000	sw	0(r29),r2
  688  0000170c  8fc10000	lw	r1,(r30)
  689  00001710  afc1fff4	sw	-12(r30),r1
  690  00001714          	L21_LF2:
  691  00001714  8fc10000	lw	r1,(r30)
  692  00001718  90220000	lbu	r2,(r1)
  693  0000171c  64410000	snei	r1,r2,#0
  694  00001720  1420000c	bnez	r1,L23_LF2
  695  00001724  54000000	nop; delay slot nop
  696  00001728  0800001c	j	L22_LF2
  697  0000172c  54000000	nop; delay slot nop
  698  00001730          	L23_LF2:
  699  00001730  8fc20000	lw	r2,(r30)
  700  00001734  20410001	addi	r1,r2,#1
  701  00001738  00011020	add	r2,r0,r1
  702  0000173c  afc20000	sw	(r30),r2
  703  00001740  0bffffd0	j	L21_LF2
  704  00001744  54000000	nop; delay slot nop
  705  00001748          	L22_LF2:
  706  00001748  23bdfff8	addi	r29,r29,#-8
  707  0000174c  001d0820	add	r1,r0,r29
  708  00001750  8fc20000	lw	r2,(r30)
  709  00001754  ac220000	sw	(r1),r2
  710  00001758  8fc20004	lw	r2,4(r30)
  711  0000175c  ac220004	sw	4(r1),r2
  712  00001760  0ffffe5c	jal	_dstrcpy
  713  00001764  54000000	nop; delay slot nop
  714  00001768  23bd0008	addi	r29,r29,#8
  715  0000176c  8fc1fff4	lw	r1,-12(r30)
  716  00001770  08000004	j	L20_LF2
  717  00001774  54000000	nop; delay slot nop
  718  00001778          	L20_LF2:
  719  00001778  8fa20000	lw	r2,0(r29)
  720  0000177c  8fdffff8	lw	r31,-8(r30)
  721  00001780  001ee820	add	r29,r0,r30
  722  00001784  8fdefffc	lw	r30,-4(r30)
  723  00001788  4be00000	jr	r31
  724  0000178c  54000000	nop
  725  00001790          	.endproc _dstrcat
  726  00001790          	.align 2
  727  00001790          	.proc _dstrncmp
  728  00001790          	.global _dstrncmp
  729  00001790          	_dstrncmp:
  730                      ;  Function 'dstrncmp'; 8 bytes of locals, 2 regs to save.
  731  00001790  afbefffc	sw	-4(r29),r30; push fp
  732  00001794  001df020	add	r30,r0,r29; fp = sp
  733  00001798  afbffff8	sw	-8(r29),r31; push ret addr
  734  0000179c  2fbd0018	subui	r29,r29,#24; alloc local storage
  735  000017a0  afa20000	sw	0(r29),r2
  736  000017a4  afa30004	sw	4(r29),r3
  737  000017a8  54000000	nop
  738  000017ac  20010000	addi	r1,r0,#0
  739  000017b0  afc1fff4	sw	-12(r30),r1
  740  000017b4          	L25_LF2:
  741  000017b4  8fc1fff4	lw	r1,-12(r30)
  742  000017b8  8fc20008	lw	r2,8(r30)
  743  000017bc  0022082a	slt	r1,r1,r2
  744  000017c0  1420000c	bnez	r1,L28_LF2
  745  000017c4  54000000	nop; delay slot nop
  746  000017c8  08000088	j	L26_LF2
  747  000017cc  54000000	nop; delay slot nop
  748  000017d0          	L28_LF2:
  749  000017d0  8fc10004	lw	r1,4(r30)
  750  000017d4  90220000	lbu	r2,(r1)
  751  000017d8  64410000	snei	r1,r2,#0
  752  000017dc  14200018	bnez	r1,L29_LF2
  753  000017e0  54000000	nop; delay slot nop
  754  000017e4  20010000	addi	r1,r0,#0
  755  000017e8  080000d8	j	L24_LF2
  756  000017ec  54000000	nop; delay slot nop
  757  000017f0  08000028	j	L30_LF2
  758  000017f4  54000000	nop; delay slot nop
  759  000017f8          	L29_LF2:
  760  000017f8  8fc10000	lw	r1,(r30)
  761  000017fc  8fc20004	lw	r2,4(r30)
  762  00001800  90210000	lbu	r1,(r1)
  763  00001804  90420000	lbu	r2,(r2)
  764  00001808  00220829	sne	r1,r1,r2
  765  0000180c  1020000c	beqz	r1,L30_LF2
  766  00001810  54000000	nop; delay slot nop
  767  00001814  0800003c	j	L26_LF2
  768  00001818  54000000	nop; delay slot nop
  769  0000181c          	L31_LF2:
  770  0000181c          	L30_LF2:
  771  0000181c  8fc20000	lw	r2,(r30)
  772  00001820  20410001	addi	r1,r2,#1
  773  00001824  00011020	add	r2,r0,r1
  774  00001828  afc20000	sw	(r30),r2
  775  0000182c  8fc20004	lw	r2,4(r30)
  776  00001830  20410001	addi	r1,r2,#1
  777  00001834  00011020	add	r2,r0,r1
  778  00001838  afc20004	sw	4(r30),r2
  779  0000183c          	L27_LF2:
  780  0000183c  8fc2fff4	lw	r2,-12(r30)
  781  00001840  20410001	addi	r1,r2,#1
  782  00001844  00011020	add	r2,r0,r1
  783  00001848  afc2fff4	sw	-12(r30),r2
  784  0000184c  0bffff64	j	L25_LF2
  785  00001850  54000000	nop; delay slot nop
  786  00001854          	L26_LF2:
  787  00001854  8fc1fff4	lw	r1,-12(r30)
  788  00001858  8fc20008	lw	r2,8(r30)
  789  0000185c  00220828	seq	r1,r1,r2
  790  00001860  10200018	beqz	r1,L32_LF2
  791  00001864  54000000	nop; delay slot nop
  792  00001868  20010000	addi	r1,r0,#0
  793  0000186c  08000054	j	L24_LF2
  794  00001870  54000000	nop; delay slot nop
  795  00001874  0800004c	j	L33_LF2
  796  00001878  54000000	nop; delay slot nop
  797  0000187c          	L32_LF2:
  798  0000187c  8fc20000	lw	r2,(r30)
  799  00001880  90410000	lbu	r1,(r2)
  800  00001884  8fc20004	lw	r2,4(r30)
  801  00001888  90430000	lbu	r3,(r2)
  802  0000188c  00230822	sub	r1,r1,r3
  803  00001890  74220000	sgei	r2,r1,#0
  804  00001894  10400020	beqz	r2,L34_LF2
  805  00001898  54000000	nop; delay slot nop
  806  0000189c  8fc10000	lw	r1,(r30)
  807  000018a0  8fc20004	lw	r2,4(r30)
  808  000018a4  90210000	lbu	r1,(r1)
  809  000018a8  90420000	lbu	r2,(r2)
  810  000018ac  00220829	sne	r1,r1,r2
  811  000018b0  08000008	j	L35_LF2
  812  000018b4  54000000	nop; delay slot nop
  813  000018b8          	L34_LF2:
  814  000018b8  2001ffff	addi	r1,r0,#-1
  815  000018bc          	L35_LF2:
  816  000018bc  08000004	j	L24_LF2
  817  000018c0  54000000	nop; delay slot nop
  818  000018c4          	L33_LF2:
  819  000018c4          	L24_LF2:
  820  000018c4  8fa20000	lw	r2,0(r29)
  821  000018c8  8fa30004	lw	r3,4(r29)
  822  000018cc  8fdffff8	lw	r31,-8(r30)
  823  000018d0  001ee820	add	r29,r0,r30
  824  000018d4  8fdefffc	lw	r30,-4(r30)
  825  000018d8  4be00000	jr	r31
  826  000018dc  54000000	nop
  827  000018e0          	.endproc _dstrncmp
  828  000018e0          	.align 2
  829  000018e0          	.proc _dstrlen
  830  000018e0          	.global _dstrlen
  831  000018e0          	_dstrlen:
  832                      ;  Function 'dstrlen'; 8 bytes of locals, 1 regs to save.
  833  000018e0  afbefffc	sw	-4(r29),r30; push fp
  834  000018e4  001df020	add	r30,r0,r29; fp = sp
  835  000018e8  afbffff8	sw	-8(r29),r31; push ret addr
  836  000018ec  2fbd0018	subui	r29,r29,#24; alloc local storage
  837  000018f0  afa20000	sw	0(r29),r2
  838  000018f4  20010000	addi	r1,r0,#0
  839  000018f8  afc1fff4	sw	-12(r30),r1
  840  000018fc          	L37_LF2:
  841  000018fc  8fc10000	lw	r1,(r30)
  842  00001900  20220001	addi	r2,r1,#1
  843  00001904  afc20000	sw	(r30),r2
  844  00001908  90210000	lbu	r1,(r1)
  845  0000190c  64220000	snei	r2,r1,#0
  846  00001910  1440000c	bnez	r2,L39_LF2
  847  00001914  54000000	nop; delay slot nop
  848  00001918  0800001c	j	L38_LF2
  849  0000191c  54000000	nop; delay slot nop
  850  00001920          	L39_LF2:
  851  00001920  8fc2fff4	lw	r2,-12(r30)
  852  00001924  20410001	addi	r1,r2,#1
  853  00001928  00011020	add	r2,r0,r1
  854  0000192c  afc2fff4	sw	-12(r30),r2
  855  00001930  0bffffc8	j	L37_LF2
  856  00001934  54000000	nop; delay slot nop
  857  00001938          	L38_LF2:
  858  00001938  8fc1fff4	lw	r1,-12(r30)
  859  0000193c  08000004	j	L36_LF2
  860  00001940  54000000	nop; delay slot nop
  861  00001944          	L36_LF2:
  862  00001944  8fa20000	lw	r2,0(r29)
  863  00001948  8fdffff8	lw	r31,-8(r30)
  864  0000194c  001ee820	add	r29,r0,r30
  865  00001950  8fdefffc	lw	r30,-4(r30)
  866  00001954  4be00000	jr	r31
  867  00001958  54000000	nop
  868  0000195c          	.endproc _dstrlen
  869  0000195c          	.align 2
  870  0000195c          	.proc _dstrstr
  871  0000195c          	.global _dstrstr
  872  0000195c          	_dstrstr:
  873                      ;  Function 'dstrstr'; 8 bytes of locals, 1 regs to save.
  874  0000195c  afbefffc	sw	-4(r29),r30; push fp
  875  00001960  001df020	add	r30,r0,r29; fp = sp
  876  00001964  afbffff8	sw	-8(r29),r31; push ret addr
  877  00001968  2fbd0018	subui	r29,r29,#24; alloc local storage
  878  0000196c  afa20000	sw	0(r29),r2
  879  00001970  23bdfff8	addi	r29,r29,#-8
  880  00001974  001d0820	add	r1,r0,r29
  881  00001978  8fc20004	lw	r2,4(r30)
  882  0000197c  ac220000	sw	(r1),r2
  883  00001980  0fffff5c	jal	_dstrlen
  884  00001984  54000000	nop; delay slot nop
  885  00001988  23bd0008	addi	r29,r29,#8
  886  0000198c  afc1fff4	sw	-12(r30),r1
  887  00001990          	L41_LF2:
  888  00001990  8fc10000	lw	r1,(r30)
  889  00001994  90220000	lbu	r2,(r1)
  890  00001998  64410000	snei	r1,r2,#0
  891  0000199c  1420000c	bnez	r1,L43_LF2
  892  000019a0  54000000	nop; delay slot nop
  893  000019a4  08000060	j	L42_LF2
  894  000019a8  54000000	nop; delay slot nop
  895  000019ac          	L43_LF2:
  896  000019ac  23bdfff0	addi	r29,r29,#-16
  897  000019b0  001d0820	add	r1,r0,r29
  898  000019b4  8fc20000	lw	r2,(r30)
  899  000019b8  ac220000	sw	(r1),r2
  900  000019bc  8fc20004	lw	r2,4(r30)
  901  000019c0  ac220004	sw	4(r1),r2
  902  000019c4  8fc2fff4	lw	r2,-12(r30)
  903  000019c8  ac220008	sw	8(r1),r2
  904  000019cc  0ffffdc0	jal	_dstrncmp
  905  000019d0  54000000	nop; delay slot nop
  906  000019d4  23bd0010	addi	r29,r29,#16
  907  000019d8  64220000	snei	r2,r1,#0
  908  000019dc  14400010	bnez	r2,L44_LF2
  909  000019e0  54000000	nop; delay slot nop
  910  000019e4  8fc10000	lw	r1,(r30)
  911  000019e8  08000028	j	L40_LF2
  912  000019ec  54000000	nop; delay slot nop
  913  000019f0          	L44_LF2:
  914  000019f0  8fc20000	lw	r2,(r30)
  915  000019f4  20410001	addi	r1,r2,#1
  916  000019f8  00011020	add	r2,r0,r1
  917  000019fc  afc20000	sw	(r30),r2
  918  00001a00  0bffff8c	j	L41_LF2
  919  00001a04  54000000	nop; delay slot nop
  920  00001a08          	L42_LF2:
  921  00001a08  20010000	addi	r1,r0,#0
  922  00001a0c  08000004	j	L40_LF2
  923  00001a10  54000000	nop; delay slot nop
  924  00001a14          	L40_LF2:
  925  00001a14  8fa20000	lw	r2,0(r29)
  926  00001a18  8fdffff8	lw	r31,-8(r30)
  927  00001a1c  001ee820	add	r29,r0,r30
  928  00001a20  8fdefffc	lw	r30,-4(r30)
  929  00001a24  4be00000	jr	r31
  930  00001a28  54000000	nop
  931  00001a2c          	.endproc _dstrstr
  932  00001a2c          	.align 2
  933  00001a2c          	.proc _dmindex
  934  00001a2c          	.global _dmindex
  935  00001a2c          	_dmindex:
  936                      ;  Function 'dmindex'; 8 bytes of locals, 1 regs to save.
  937  00001a2c  afbefffc	sw	-4(r29),r30; push fp
  938  00001a30  001df020	add	r30,r0,r29; fp = sp
  939  00001a34  afbffff8	sw	-8(r29),r31; push ret addr
  940  00001a38  2fbd0018	subui	r29,r29,#24; alloc local storage
  941  00001a3c  afa20000	sw	0(r29),r2
  942  00001a40  54000000	nop
  943  00001a44          	L46_LF2:
  944  00001a44  8fc10000	lw	r1,(r30)
  945  00001a48  90220000	lbu	r2,(r1)
  946  00001a4c  64410000	snei	r1,r2,#0
  947  00001a50  1420000c	bnez	r1,L48_LF2
  948  00001a54  54000000	nop; delay slot nop
  949  00001a58  08000070	j	L47_LF2
  950  00001a5c  54000000	nop; delay slot nop
  951  00001a60          	L48_LF2:
  952  00001a60  8fc10004	lw	r1,4(r30)
  953  00001a64  afc1fff4	sw	-12(r30),r1
  954  00001a68          	L49_LF2:
  955  00001a68  8fc1fff4	lw	r1,-12(r30)
  956  00001a6c  90220000	lbu	r2,(r1)
  957  00001a70  64410000	snei	r1,r2,#0
  958  00001a74  1420000c	bnez	r1,L52_LF2
  959  00001a78  54000000	nop; delay slot nop
  960  00001a7c  08000044	j	L50_LF2
  961  00001a80  54000000	nop; delay slot nop
  962  00001a84          	L52_LF2:
  963  00001a84  8fc10000	lw	r1,(r30)
  964  00001a88  8fc2fff4	lw	r2,-12(r30)
  965  00001a8c  90210000	lbu	r1,(r1)
  966  00001a90  90420000	lbu	r2,(r2)
  967  00001a94  00220828	seq	r1,r1,r2
  968  00001a98  10200010	beqz	r1,L51_LF2
  969  00001a9c  54000000	nop; delay slot nop
  970  00001aa0  8fc10000	lw	r1,(r30)
  971  00001aa4  08000030	j	L45_LF2
  972  00001aa8  54000000	nop; delay slot nop
  973  00001aac          	L53_LF2:
  974  00001aac          	L51_LF2:
  975  00001aac  8fc2fff4	lw	r2,-12(r30)
  976  00001ab0  20410001	addi	r1,r2,#1
  977  00001ab4  00011020	add	r2,r0,r1
  978  00001ab8  afc2fff4	sw	-12(r30),r2
  979  00001abc  0bffffa8	j	L49_LF2
  980  00001ac0  54000000	nop; delay slot nop
  981  00001ac4          	L50_LF2:
  982  00001ac4  0bffff7c	j	L46_LF2
  983  00001ac8  54000000	nop; delay slot nop
  984  00001acc          	L47_LF2:
  985  00001acc  20010000	addi	r1,r0,#0
  986  00001ad0  08000004	j	L45_LF2
  987  00001ad4  54000000	nop; delay slot nop
  988  00001ad8          	L45_LF2:
  989  00001ad8  8fa20000	lw	r2,0(r29)
  990  00001adc  8fdffff8	lw	r31,-8(r30)
  991  00001ae0  001ee820	add	r29,r0,r30
  992  00001ae4  8fdefffc	lw	r30,-4(r30)
  993  00001ae8  4be00000	jr	r31
  994  00001aec  54000000	nop
  995  00001af0          	.endproc _dmindex
  996  00001af0          	.align 2
  997  00001af0          	.proc _dindex
  998  00001af0          	.global _dindex
  999  00001af0          	_dindex:
 1000                      ;  Function 'dindex'; 0 bytes of locals, 1 regs to save.
 1001  00001af0  afbefffc	sw	-4(r29),r30; push fp
 1002  00001af4  001df020	add	r30,r0,r29; fp = sp
 1003  00001af8  afbffff8	sw	-8(r29),r31; push ret addr
 1004  00001afc  2fbd0010	subui	r29,r29,#16; alloc local storage
 1005  00001b00  afa20000	sw	0(r29),r2
 1006  00001b04  54000000	nop
 1007  00001b08          	L55_LF2:
 1008  00001b08  8fc10000	lw	r1,(r30)
 1009  00001b0c  90220000	lbu	r2,(r1)
 1010  00001b10  64410000	snei	r1,r2,#0
 1011  00001b14  1420000c	bnez	r1,L57_LF2
 1012  00001b18  54000000	nop; delay slot nop
 1013  00001b1c  08000040	j	L56_LF2
 1014  00001b20  54000000	nop; delay slot nop
 1015  00001b24          	L57_LF2:
 1016  00001b24  8fc10000	lw	r1,(r30)
 1017  00001b28  90220000	lbu	r2,(r1)
 1018  00001b2c  8fc10004	lw	r1,4(r30)
 1019  00001b30  00411028	seq	r2,r2,r1
 1020  00001b34  10400010	beqz	r2,L58_LF2
 1021  00001b38  54000000	nop; delay slot nop
 1022  00001b3c  8fc10000	lw	r1,(r30)
 1023  00001b40  08000028	j	L54_LF2
 1024  00001b44  54000000	nop; delay slot nop
 1025  00001b48          	L58_LF2:
 1026  00001b48  8fc20000	lw	r2,(r30)
 1027  00001b4c  20410001	addi	r1,r2,#1
 1028  00001b50  00011020	add	r2,r0,r1
 1029  00001b54  afc20000	sw	(r30),r2
 1030  00001b58  0bffffac	j	L55_LF2
 1031  00001b5c  54000000	nop; delay slot nop
 1032  00001b60          	L56_LF2:
 1033  00001b60  20010000	addi	r1,r0,#0
 1034  00001b64  08000004	j	L54_LF2
 1035  00001b68  54000000	nop; delay slot nop
 1036  00001b6c          	L54_LF2:
 1037  00001b6c  8fa20000	lw	r2,0(r29)
 1038  00001b70  8fdffff8	lw	r31,-8(r30)
 1039  00001b74  001ee820	add	r29,r0,r30
 1040  00001b78  8fdefffc	lw	r30,-4(r30)
 1041  00001b7c  4be00000	jr	r31
 1042  00001b80  54000000	nop
 1043  00001b84          	.endproc _dindex
 1044  00001b84          	.align 2
 1045  00001b84          	.proc _ditoa
 1046  00001b84          	.global _ditoa
 1047  00001b84          	_ditoa:
 1048                      ;  Function 'ditoa'; 8 bytes of locals, 2 regs to save.
 1049  00001b84  afbefffc	sw	-4(r29),r30; push fp
 1050  00001b88  001df020	add	r30,r0,r29; fp = sp
 1051  00001b8c  afbffff8	sw	-8(r29),r31; push ret addr
 1052  00001b90  2fbd0018	subui	r29,r29,#24; alloc local storage
 1053  00001b94  afa20000	sw	0(r29),r2
 1054  00001b98  afa30004	sw	4(r29),r3
 1055  00001b9c  8fc10000	lw	r1,(r30)
 1056  00001ba0  68220000	slti	r2,r1,#0
 1057  00001ba4  1040002c	beqz	r2,L60_LF2
 1058  00001ba8  54000000	nop; delay slot nop
 1059  00001bac  8fc10004	lw	r1,4(r30)
 1060  00001bb0  20220001	addi	r2,r1,#1
 1061  00001bb4  afc20004	sw	4(r30),r2
 1062  00001bb8  2002002d	addi	r2,r0,(#0x2d)&0xff
 1063  00001bbc  a0220000	sb	(r1),r2
 1064  00001bc0  8fc10000	lw	r1,(r30)
 1065  00001bc4  00011022	sub	r2,r0,r1
 1066  00001bc8  afc20000	sw	(r30),r2
 1067  00001bcc  08000118	j	L61_LF2
 1068  00001bd0  54000000	nop; delay slot nop
 1069  00001bd4          	L60_LF2:
 1070  00001bd4  8fc10000	lw	r1,(r30)
 1071  00001bd8  64220000	snei	r2,r1,#0
 1072  00001bdc  14400020	bnez	r2,L62_LF2
 1073  00001be0  54000000	nop; delay slot nop
 1074  00001be4  8fc10004	lw	r1,4(r30)
 1075  00001be8  20220001	addi	r2,r1,#1
 1076  00001bec  afc20004	sw	4(r30),r2
 1077  00001bf0  20020030	addi	r2,r0,(#0x30)&0xff
 1078  00001bf4  a0220000	sb	(r1),r2
 1079  00001bf8  080000ec	j	L61_LF2
 1080  00001bfc  54000000	nop; delay slot nop
 1081  00001c00          	L62_LF2:
 1082  00001c00  20010001	addi	r1,r0,#1
 1083  00001c04  afc1fff4	sw	-12(r30),r1
 1084  00001c08          	L64_LF2:
 1085  00001c08  8fc1fff4	lw	r1,-12(r30)
 1086  00001c0c  8fc20000	lw	r2,(r30)
 1087  00001c10  0022082c	sle	r1,r1,r2
 1088  00001c14  1420000c	bnez	r1,L66_LF2
 1089  00001c18  54000000	nop; delay slot nop
 1090  00001c1c  08000024	j	L65_LF2
 1091  00001c20  54000000	nop; delay slot nop
 1092  00001c24          	L67_LF2:
 1093  00001c24          	L66_LF2:
 1094  00001c24  8fc1fff4	lw	r1,-12(r30)
 1095  00001c28  00011820	add	r3,r0,r1
 1096  00001c2c  50620002	slli	r2,r3,#0x2
 1097  00001c30  00411020	add	r2,r2,r1
 1098  00001c34  50410001	slli	r1,r2,#0x1
 1099  00001c38  afc1fff4	sw	-12(r30),r1
 1100  00001c3c  0bffffc8	j	L64_LF2
 1101  00001c40  54000000	nop; delay slot nop
 1102  00001c44          	L65_LF2:
 1103  00001c44  54000000	nop
 1104  00001c48          	L68_LF2:
 1105  00001c48  8fc1fff4	lw	r1,-12(r30)
 1106  00001c4c  2002000a	addi	r2,r0,#10
 1107  00001c50  00200035	movi2fp	f0,r1
 1108  00001c54  00400835	movi2fp	f1,r2
 1109  00001c58  0401000f	div	f0,f0,f1
 1110  00001c5c  00000834	movfp2i	r1,f0
 1111  00001c60  afc1fff4	sw	-12(r30),r1
 1112  00001c64  8fc10004	lw	r1,4(r30)
 1113  00001c68  20220001	addi	r2,r1,#1
 1114  00001c6c  afc20004	sw	4(r30),r2
 1115  00001c70  8fc20000	lw	r2,(r30)
 1116  00001c74  8fc3fff4	lw	r3,-12(r30)
 1117  00001c78  00400035	movi2fp	f0,r2
 1118  00001c7c  00600835	movi2fp	f1,r3
 1119  00001c80  0401000f	div	f0,f0,f1
 1120  00001c84  00001034	movfp2i	r2,f0
 1121  00001c88  00021820	add	r3,r0,r2
 1122  00001c8c  20620030	addi	r2,r3,#48
 1123  00001c90  a0220000	sb	(r1),r2
 1124  00001c94  8fc10000	lw	r1,(r30)
 1125  00001c98  8fc3fff4	lw	r3,-12(r30)
 1126  00001c9c  00200035	movi2fp	f0,r1
 1127  00001ca0  00600835	movi2fp	f1,r3
 1128  00001ca4  0401000f	div	f0,f0,f1
 1129  00001ca8  00001034	movfp2i	r2,f0
 1130  00001cac  8fc3fff4	lw	r3,-12(r30)
 1131  00001cb0  00400035	movi2fp	f0,r2
 1132  00001cb4  00600835	movi2fp	f1,r3
 1133  00001cb8  0401000e	mult	f0,f0,f1
 1134  00001cbc  00001034	movfp2i	r2,f0
 1135  00001cc0  00220822	sub	r1,r1,r2
 1136  00001cc4  afc10000	sw	(r30),r1
 1137  00001cc8          	L70_LF2:
 1138  00001cc8  8fc1fff4	lw	r1,-12(r30)
 1139  00001ccc  6c220001	sgti	r2,r1,#1
 1140  00001cd0  1440000c	bnez	r2,L71_LF2
 1141  00001cd4  54000000	nop; delay slot nop
 1142  00001cd8  0800000c	j	L61_LF2
 1143  00001cdc  54000000	nop; delay slot nop
 1144  00001ce0          	L71_LF2:
 1145  00001ce0  0bffff64	j	L68_LF2
 1146  00001ce4  54000000	nop; delay slot nop
 1147  00001ce8          	L69_LF2:
 1148  00001ce8          	L63_LF2:
 1149  00001ce8          	L61_LF2:
 1150  00001ce8  8fc10004	lw	r1,4(r30)
 1151  00001cec  20020000	addi	r2,r0,(#0x0)&0xff
 1152  00001cf0  a0220000	sb	(r1),r2
 1153  00001cf4          	L59_LF2:
 1154  00001cf4  8fa20000	lw	r2,0(r29)
 1155  00001cf8  8fa30004	lw	r3,4(r29)
 1156  00001cfc  8fdffff8	lw	r31,-8(r30)
 1157  00001d00  001ee820	add	r29,r0,r30
 1158  00001d04  8fdefffc	lw	r30,-4(r30)
 1159  00001d08  4be00000	jr	r31
 1160  00001d0c  54000000	nop
 1161  00001d10          	.endproc _ditoa
 1162  00001d10          	.align 2
 1163  00001d10          	.proc _dstrtol
 1164  00001d10          	.global _dstrtol
 1165  00001d10          	_dstrtol:
 1166                      ;  Function 'dstrtol'; 16 bytes of locals, 1 regs to save.
 1167  00001d10  afbefffc	sw	-4(r29),r30; push fp
 1168  00001d14  001df020	add	r30,r0,r29; fp = sp
 1169  00001d18  afbffff8	sw	-8(r29),r31; push ret addr
 1170  00001d1c  2fbd0020	subui	r29,r29,#32; alloc local storage
 1171  00001d20  afa20000	sw	0(r29),r2
 1172  00001d24  20010000	addi	r1,r0,#0
 1173  00001d28  afc1fff4	sw	-12(r30),r1
 1174  00001d2c          	L73_LF2:
 1175  00001d2c  8fc10000	lw	r1,(r30)
 1176  00001d30  90220000	lbu	r2,(r1)
 1177  00001d34  60410020	seqi	r1,r2,#32
 1178  00001d38  14200034	bnez	r1,L75_LF2
 1179  00001d3c  54000000	nop; delay slot nop
 1180  00001d40  8fc10000	lw	r1,(r30)
 1181  00001d44  90220000	lbu	r2,(r1)
 1182  00001d48  60410009	seqi	r1,r2,#9
 1183  00001d4c  14200020	bnez	r1,L75_LF2
 1184  00001d50  54000000	nop; delay slot nop
 1185  00001d54  8fc10000	lw	r1,(r30)
 1186  00001d58  90220000	lbu	r2,(r1)
 1187  00001d5c  6041000a	seqi	r1,r2,#10
 1188  00001d60  1420000c	bnez	r1,L75_LF2
 1189  00001d64  54000000	nop; delay slot nop
 1190  00001d68  0800001c	j	L74_LF2
 1191  00001d6c  54000000	nop; delay slot nop
 1192  00001d70          	L75_LF2:
 1193  00001d70  8fc20000	lw	r2,(r30)
 1194  00001d74  20410001	addi	r1,r2,#1
 1195  00001d78  00011020	add	r2,r0,r1
 1196  00001d7c  afc20000	sw	(r30),r2
 1197  00001d80  0bffffa8	j	L73_LF2
 1198  00001d84  54000000	nop; delay slot nop
 1199  00001d88          	L74_LF2:
 1200  00001d88  8fc10004	lw	r1,4(r30)
 1201  00001d8c  64220000	snei	r2,r1,#0
 1202  00001d90  10400010	beqz	r2,L76_LF2
 1203  00001d94  54000000	nop; delay slot nop
 1204  00001d98  8fc10004	lw	r1,4(r30)
 1205  00001d9c  8fc20000	lw	r2,(r30)
 1206  00001da0  ac220000	sw	(r1),r2
 1207  00001da4          	L76_LF2:
 1208  00001da4  8fc10000	lw	r1,(r30)
 1209  00001da8  90220000	lbu	r2,(r1)
 1210  00001dac  64410000	snei	r1,r2,#0
 1211  00001db0  14200010	bnez	r1,L77_LF2
 1212  00001db4  54000000	nop; delay slot nop
 1213  00001db8  8fc1fff4	lw	r1,-12(r30)
 1214  00001dbc  08000294	j	L72_LF2
 1215  00001dc0  54000000	nop; delay slot nop
 1216  00001dc4          	L77_LF2:
 1217  00001dc4  8fc10000	lw	r1,(r30)
 1218  00001dc8  90220000	lbu	r2,(r1)
 1219  00001dcc  6041002d	seqi	r1,r2,#45
 1220  00001dd0  10200024	beqz	r1,L78_LF2
 1221  00001dd4  54000000	nop; delay slot nop
 1222  00001dd8  2001ffff	addi	r1,r0,#-1
 1223  00001ddc  afc1ffec	sw	-20(r30),r1
 1224  00001de0  8fc20000	lw	r2,(r30)
 1225  00001de4  20410001	addi	r1,r2,#1
 1226  00001de8  00011020	add	r2,r0,r1
 1227  00001dec  afc20000	sw	(r30),r2
 1228  00001df0  0800000c	j	L79_LF2
 1229  00001df4  54000000	nop; delay slot nop
 1230  00001df8          	L78_LF2:
 1231  00001df8  20010001	addi	r1,r0,#1
 1232  00001dfc  afc1ffec	sw	-20(r30),r1
 1233  00001e00          	L79_LF2:
 1234  00001e00  8fc10008	lw	r1,8(r30)
 1235  00001e04  64220000	snei	r2,r1,#0
 1236  00001e08  14400090	bnez	r2,L80_LF2
 1237  00001e0c  54000000	nop; delay slot nop
 1238  00001e10  8fc10000	lw	r1,(r30)
 1239  00001e14  90220000	lbu	r2,(r1)
 1240  00001e18  60410030	seqi	r1,r2,#48
 1241  00001e1c  10200074	beqz	r1,L81_LF2
 1242  00001e20  54000000	nop; delay slot nop
 1243  00001e24  8fc20000	lw	r2,(r30)
 1244  00001e28  20410001	addi	r1,r2,#1
 1245  00001e2c  00011020	add	r2,r0,r1
 1246  00001e30  afc20000	sw	(r30),r2
 1247  00001e34  8fc10000	lw	r1,(r30)
 1248  00001e38  90220000	lbu	r2,(r1)
 1249  00001e3c  60410078	seqi	r1,r2,#120
 1250  00001e40  14200020	bnez	r1,L83_LF2
 1251  00001e44  54000000	nop; delay slot nop
 1252  00001e48  8fc10000	lw	r1,(r30)
 1253  00001e4c  90220000	lbu	r2,(r1)
 1254  00001e50  60410058	seqi	r1,r2,#88
 1255  00001e54  1420000c	bnez	r1,L83_LF2
 1256  00001e58  54000000	nop; delay slot nop
 1257  00001e5c  08000024	j	L82_LF2
 1258  00001e60  54000000	nop; delay slot nop
 1259  00001e64          	L83_LF2:
 1260  00001e64  20010010	addi	r1,r0,#16
 1261  00001e68  afc10008	sw	8(r30),r1
 1262  00001e6c  8fc20000	lw	r2,(r30)
 1263  00001e70  20410001	addi	r1,r2,#1
 1264  00001e74  00011020	add	r2,r0,r1
 1265  00001e78  afc20000	sw	(r30),r2
 1266  00001e7c  0800000c	j	L84_LF2
 1267  00001e80  54000000	nop; delay slot nop
 1268  00001e84          	L82_LF2:
 1269  00001e84  20010008	addi	r1,r0,#8
 1270  00001e88  afc10008	sw	8(r30),r1
 1271  00001e8c          	L84_LF2:
 1272  00001e8c  0800000c	j	L80_LF2
 1273  00001e90  54000000	nop; delay slot nop
 1274  00001e94          	L81_LF2:
 1275  00001e94  2001000a	addi	r1,r0,#10
 1276  00001e98  afc10008	sw	8(r30),r1
 1277  00001e9c          	L85_LF2:
 1278  00001e9c          	L80_LF2:
 1279  00001e9c  8fc10008	lw	r1,8(r30)
 1280  00001ea0  70220000	slei	r2,r1,#0
 1281  00001ea4  1440001c	bnez	r2,L87_LF2
 1282  00001ea8  54000000	nop; delay slot nop
 1283  00001eac  8fc10008	lw	r1,8(r30)
 1284  00001eb0  6c220010	sgti	r2,r1,#16
 1285  00001eb4  1440000c	bnez	r2,L87_LF2
 1286  00001eb8  54000000	nop; delay slot nop
 1287  00001ebc  08000010	j	L86_LF2
 1288  00001ec0  54000000	nop; delay slot nop
 1289  00001ec4          	L87_LF2:
 1290  00001ec4  8fc1fff4	lw	r1,-12(r30)
 1291  00001ec8  08000188	j	L72_LF2
 1292  00001ecc  54000000	nop; delay slot nop
 1293  00001ed0          	L86_LF2:
 1294  00001ed0  54000000	nop
 1295  00001ed4          	L88_LF2:
 1296  00001ed4  8fc10000	lw	r1,(r30)
 1297  00001ed8  90220000	lbu	r2,(r1)
 1298  00001edc  6c41002f	sgtui	r1,r2,#47
 1299  00001ee0  10200030	beqz	r1,L91_LF2
 1300  00001ee4  54000000	nop; delay slot nop
 1301  00001ee8  8fc10000	lw	r1,(r30)
 1302  00001eec  90220000	lbu	r2,(r1)
 1303  00001ef0  70410039	sleui	r1,r2,#57
 1304  00001ef4  1020001c	beqz	r1,L91_LF2
 1305  00001ef8  54000000	nop; delay slot nop
 1306  00001efc  8fc10000	lw	r1,(r30)
 1307  00001f00  90220000	lbu	r2,(r1)
 1308  00001f04  2041ffd0	addi	r1,r2,#-48
 1309  00001f08  afc1fff0	sw	-16(r30),r1
 1310  00001f0c  0800008c	j	L92_LF2
 1311  00001f10  54000000	nop; delay slot nop
 1312  00001f14          	L91_LF2:
 1313  00001f14  8fc10000	lw	r1,(r30)
 1314  00001f18  90220000	lbu	r2,(r1)
 1315  00001f1c  6c410060	sgtui	r1,r2,#96
 1316  00001f20  10200030	beqz	r1,L93_LF2
 1317  00001f24  54000000	nop; delay slot nop
 1318  00001f28  8fc10000	lw	r1,(r30)
 1319  00001f2c  90220000	lbu	r2,(r1)
 1320  00001f30  7041007a	sleui	r1,r2,#122
 1321  00001f34  1020001c	beqz	r1,L93_LF2
 1322  00001f38  54000000	nop; delay slot nop
 1323  00001f3c  8fc10000	lw	r1,(r30)
 1324  00001f40  90220000	lbu	r2,(r1)
 1325  00001f44  2041ffa9	addi	r1,r2,#-87
 1326  00001f48  afc1fff0	sw	-16(r30),r1
 1327  00001f4c  0800004c	j	L92_LF2
 1328  00001f50  54000000	nop; delay slot nop
 1329  00001f54          	L93_LF2:
 1330  00001f54  8fc10000	lw	r1,(r30)
 1331  00001f58  90220000	lbu	r2,(r1)
 1332  00001f5c  6c410040	sgtui	r1,r2,#64
 1333  00001f60  10200030	beqz	r1,L95_LF2
 1334  00001f64  54000000	nop; delay slot nop
 1335  00001f68  8fc10000	lw	r1,(r30)
 1336  00001f6c  90220000	lbu	r2,(r1)
 1337  00001f70  7041005a	sleui	r1,r2,#90
 1338  00001f74  1020001c	beqz	r1,L95_LF2
 1339  00001f78  54000000	nop; delay slot nop
 1340  00001f7c  8fc10000	lw	r1,(r30)
 1341  00001f80  90220000	lbu	r2,(r1)
 1342  00001f84  2041ffc9	addi	r1,r2,#-55
 1343  00001f88  afc1fff0	sw	-16(r30),r1
 1344  00001f8c  0800000c	j	L92_LF2
 1345  00001f90  54000000	nop; delay slot nop
 1346  00001f94          	L95_LF2:
 1347  00001f94  200103e8	addi	r1,r0,#1000
 1348  00001f98  afc1fff0	sw	-16(r30),r1
 1349  00001f9c          	L96_LF2:
 1350  00001f9c          	L94_LF2:
 1351  00001f9c          	L92_LF2:
 1352  00001f9c  8fc1fff0	lw	r1,-16(r30)
 1353  00001fa0  8fc20008	lw	r2,8(r30)
 1354  00001fa4  0022082a	slt	r1,r1,r2
 1355  00001fa8  10200040	beqz	r1,L90_LF2
 1356  00001fac  54000000	nop; delay slot nop
 1357  00001fb0  8fc1fff4	lw	r1,-12(r30)
 1358  00001fb4  8fc20008	lw	r2,8(r30)
 1359  00001fb8  00200035	movi2fp	f0,r1
 1360  00001fbc  00400835	movi2fp	f1,r2
 1361  00001fc0  0401000e	mult	f0,f0,f1
 1362  00001fc4  00000834	movfp2i	r1,f0
 1363  00001fc8  afc1fff4	sw	-12(r30),r1
 1364  00001fcc  8fc1fff4	lw	r1,-12(r30)
 1365  00001fd0  8fc2fff0	lw	r2,-16(r30)
 1366  00001fd4  00220820	add	r1,r1,r2
 1367  00001fd8  afc1fff4	sw	-12(r30),r1
 1368  00001fdc  8fc20000	lw	r2,(r30)
 1369  00001fe0  20410001	addi	r1,r2,#1
 1370  00001fe4  00011020	add	r2,r0,r1
 1371  00001fe8  afc20000	sw	(r30),r2
 1372  00001fec          	L97_LF2:
 1373  00001fec          	L90_LF2:
 1374  00001fec  8fc1fff0	lw	r1,-16(r30)
 1375  00001ff0  8fc20008	lw	r2,8(r30)
 1376  00001ff4  0022082a	slt	r1,r1,r2
 1377  00001ff8  1420000c	bnez	r1,L98_LF2
 1378  00001ffc  54000000	nop; delay slot nop
 1379  00002000  0800000c	j	L89_LF2
 1380  00002004  54000000	nop; delay slot nop
 1381  00002008          	L98_LF2:
 1382  00002008  0bfffec8	j	L88_LF2
 1383  0000200c  54000000	nop; delay slot nop
 1384  00002010          	L89_LF2:
 1385  00002010  8fc10004	lw	r1,4(r30)
 1386  00002014  64220000	snei	r2,r1,#0
 1387  00002018  10400010	beqz	r2,L99_LF2
 1388  0000201c  54000000	nop; delay slot nop
 1389  00002020  8fc10004	lw	r1,4(r30)
 1390  00002024  8fc20000	lw	r2,(r30)
 1391  00002028  ac220000	sw	(r1),r2
 1392  0000202c          	L99_LF2:
 1393  0000202c  8fc1fff4	lw	r1,-12(r30)
 1394  00002030  8fc2ffec	lw	r2,-20(r30)
 1395  00002034  00200035	movi2fp	f0,r1
 1396  00002038  00400835	movi2fp	f1,r2
 1397  0000203c  0401000e	mult	f0,f0,f1
 1398  00002040  00000834	movfp2i	r1,f0
 1399  00002044  afc1fff4	sw	-12(r30),r1
 1400  00002048  8fc1fff4	lw	r1,-12(r30)
 1401  0000204c  08000004	j	L72_LF2
 1402  00002050  54000000	nop; delay slot nop
 1403  00002054          	L72_LF2:
 1404  00002054  8fa20000	lw	r2,0(r29)
 1405  00002058  8fdffff8	lw	r31,-8(r30)
 1406  0000205c  001ee820	add	r29,r0,r30
 1407  00002060  8fdefffc	lw	r30,-4(r30)
 1408  00002064  4be00000	jr	r31
 1409  00002068  54000000	nop
 1410  0000206c          	.endproc _dstrtol
 1411  0000206c          	.align 2
 1412  0000206c          	.proc _bcopy
 1413  0000206c          	.global _bcopy
 1414  0000206c          	_bcopy:
 1415                      ;  Function 'bcopy'; 0 bytes of locals, 2 regs to save.
 1416  0000206c  afbefffc	sw	-4(r29),r30; push fp
 1417  00002070  001df020	add	r30,r0,r29; fp = sp
 1418  00002074  afbffff8	sw	-8(r29),r31; push ret addr
 1419  00002078  2fbd0010	subui	r29,r29,#16; alloc local storage
 1420  0000207c  afa20000	sw	0(r29),r2
 1421  00002080  afa30004	sw	4(r29),r3
 1422  00002084  54000000	nop
 1423  00002088          	L101_LF2:
 1424  00002088  8fc10008	lw	r1,8(r30)
 1425  0000208c  2022ffff	addi	r2,r1,#-1
 1426  00002090  afc20008	sw	8(r30),r2
 1427  00002094  6c210000	sgti	r1,r1,#0
 1428  00002098  1420000c	bnez	r1,L103_LF2
 1429  0000209c  54000000	nop; delay slot nop
 1430  000020a0  0800002c	j	L102_LF2
 1431  000020a4  54000000	nop; delay slot nop
 1432  000020a8          	L103_LF2:
 1433  000020a8  8fc10004	lw	r1,4(r30)
 1434  000020ac  20220001	addi	r2,r1,#1
 1435  000020b0  afc20004	sw	4(r30),r2
 1436  000020b4  8fc20000	lw	r2,(r30)
 1437  000020b8  20430001	addi	r3,r2,#1
 1438  000020bc  afc30000	sw	(r30),r3
 1439  000020c0  80420000	lb	r2,(r2)
 1440  000020c4  a0220000	sb	(r1),r2
 1441  000020c8  0bffffbc	j	L101_LF2
 1442  000020cc  54000000	nop; delay slot nop
 1443  000020d0          	L102_LF2:
 1444  000020d0          	L100_LF2:
 1445  000020d0  8fa20000	lw	r2,0(r29)
 1446  000020d4  8fa30004	lw	r3,4(r29)
 1447  000020d8  8fdffff8	lw	r31,-8(r30)
 1448  000020dc  001ee820	add	r29,r0,r30
 1449  000020e0  8fdefffc	lw	r30,-4(r30)
 1450  000020e4  4be00000	jr	r31
 1451  000020e8  54000000	nop
 1452  000020ec          	.endproc _bcopy
 1453  000020ec          	.align 2
 1454  000020ec          	.proc _bzero
 1455  000020ec          	.global _bzero
 1456  000020ec          	_bzero:
 1457                      ;  Function 'bzero'; 0 bytes of locals, 1 regs to save.
 1458  000020ec  afbefffc	sw	-4(r29),r30; push fp
 1459  000020f0  001df020	add	r30,r0,r29; fp = sp
 1460  000020f4  afbffff8	sw	-8(r29),r31; push ret addr
 1461  000020f8  2fbd0010	subui	r29,r29,#16; alloc local storage
 1462  000020fc  afa20000	sw	0(r29),r2
 1463  00002100  54000000	nop
 1464  00002104          	L105_LF2:
 1465  00002104  8fc10004	lw	r1,4(r30)
 1466  00002108  2022ffff	addi	r2,r1,#-1
 1467  0000210c  afc20004	sw	4(r30),r2
 1468  00002110  6c210000	sgti	r1,r1,#0
 1469  00002114  1420000c	bnez	r1,L107_LF2
 1470  00002118  54000000	nop; delay slot nop
 1471  0000211c  08000020	j	L106_LF2
 1472  00002120  54000000	nop; delay slot nop
 1473  00002124          	L107_LF2:
 1474  00002124  8fc10000	lw	r1,(r30)
 1475  00002128  20220001	addi	r2,r1,#1
 1476  0000212c  afc20000	sw	(r30),r2
 1477  00002130  20020000	addi	r2,r0,(#0x0)&0xff
 1478  00002134  a0220000	sb	(r1),r2
 1479  00002138  0bffffc8	j	L105_LF2
 1480  0000213c  54000000	nop; delay slot nop
 1481  00002140          	L106_LF2:
 1482  00002140          	L104_LF2:
 1483  00002140  8fa20000	lw	r2,0(r29)
 1484  00002144  8fdffff8	lw	r31,-8(r30)
 1485  00002148  001ee820	add	r29,r0,r30
 1486  0000214c  8fdefffc	lw	r30,-4(r30)
 1487  00002150  4be00000	jr	r31
 1488  00002154  54000000	nop
 1489  00002158          	.endproc _bzero
 1490  00002158          	.align 2
 1491  00002158          	.proc _min
 1492  00002158          	.global _min
 1493  00002158          	_min:
 1494                      ;  Function 'min'; 0 bytes of locals, 2 regs to save.
 1495  00002158  afbefffc	sw	-4(r29),r30; push fp
 1496  0000215c  001df020	add	r30,r0,r29; fp = sp
 1497  00002160  afbffff8	sw	-8(r29),r31; push ret addr
 1498  00002164  2fbd0010	subui	r29,r29,#16; alloc local storage
 1499  00002168  afa20000	sw	0(r29),r2
 1500  0000216c  afa30004	sw	4(r29),r3
 1501  00002170  8fc10000	lw	r1,(r30)
 1502  00002174  8fc20004	lw	r2,4(r30)
 1503  00002178  0022182c	sle	r3,r1,r2
 1504  0000217c  14600008	bnez	r3,L109_LF2
 1505  00002180  54000000	nop; delay slot nop
 1506  00002184  8fc10004	lw	r1,4(r30)
 1507  00002188          	L109_LF2:
 1508  00002188  08000004	j	L108_LF2
 1509  0000218c  54000000	nop; delay slot nop
 1510  00002190          	L108_LF2:
 1511  00002190  8fa20000	lw	r2,0(r29)
 1512  00002194  8fa30004	lw	r3,4(r29)
 1513  00002198  8fdffff8	lw	r31,-8(r30)
 1514  0000219c  001ee820	add	r29,r0,r30
 1515  000021a0  8fdefffc	lw	r30,-4(r30)
 1516  000021a4  4be00000	jr	r31
 1517  000021a8  54000000	nop
 1518  000021ac          	.endproc _min
 1519                      ;;; Ethan L. Miller, 1999.  Released to the public domain
 1520                      ;;;
 1521                      ;;; Most of the traps are called in files from libtraps.
 1524  000021ac          	.align 2
 1525  000021ac          	.proc _exit
 1526  000021ac          	.global _exit
 1527  000021ac          	_exit:
 1528  000021ac  44000300	trap	#0x300
 1529  000021b0  4be00000	jr	r31
 1530  000021b4  54000000	nop
 1531  000021b8          	.endproc _exit
 1533                      ; for the benefit of gcc.
 1534  000021b8          	.proc ___main
 1535  000021b8          	.global ___main
 1536  000021b8          	___main:
 1537  000021b8  4be00000	jr	r31
 1538  000021bc  54000000	nop
 1539  000021c0          	.endproc ___main
 1540  000021c0          	.text
 1541  000021c0          	.global _etext
 1542  000021c0          	_etext:
 1543  000021c0          	.align 3
 1544  000021c0          	.data
 1545  000030c7          	.global _edata
 1546  000030c7          	_edata:
