 line   address	contents
    1                      ; Linked by DLX-LD.
    2                      ; MemSize 24576
    3                      ; Data size: 279
    4                      ; Text size: 4696
    5                      ; Stack size: 8192
    6  00000000          	.text 0x1000
    7  00001000          	.data 0x3000
    8                      ; Compiled by GCC
    9  00003000          	.text
   10  00001000          	.align 2
   11  00001000          	.proc _isspace
   12  00001000          	.global _isspace
   13  00001000          	_isspace:
   14                      ;  Function 'isspace'; 0 bytes of locals, 1 regs to save.
   15  00001000  afbefffc	sw	-4(r29),r30; push fp
   16  00001004  001df020	add	r30,r0,r29; fp = sp
   17  00001008  afbffff8	sw	-8(r29),r31; push ret addr
   18  0000100c  2fbd0010	subui	r29,r29,#16; alloc local storage
   19  00001010  afa20000	sw	0(r29),r2
   20  00001014  83c20003	lb	r2,3(r30)
   21  00001018  201f0000	addi	r31,r0,#0
   22  0000101c  304100ff	andi	r1,r2,#0x00ff
   23  00001020  60210020	seqi	r1,r1,#32
   24  00001024  14200018	bnez	r1,L6_LF0
   25  00001028  54000000	nop; not filled.
   26  0000102c  2041fff7	addi	r1,r2,#-9
   27  00001030  302100ff	andi	r1,r1,#0x00ff
   28  00001034  70210001	sleui	r1,r1,#1
   29  00001038  10200008	beqz	r1,L5_LF0
   30  0000103c  54000000	nop; not filled.
   31  00001040          	L6_LF0:
   32  00001040  201f0001	addi	r31,r0,#1
   33  00001044          	L5_LF0:
   34  00001044  001f0820	add	r1,r0,r31
   35  00001048  8fa20000	lw	r2,0(r29)
   36  0000104c  8fdffff8	lw	r31,-8(r30)
   37  00001050  001ee820	add	r29,r0,r30
   38  00001054  8fdefffc	lw	r30,-4(r30)
   39  00001058  4be00000	jr	r31
   40  0000105c  54000000	nop
   41  00001060          	.endproc _isspace
   42  00001060          	.align 2
   43  00001060          	.proc _isxdigit
   44  00001060          	.global _isxdigit
   45  00001060          	_isxdigit:
   46                      ;  Function 'isxdigit'; 0 bytes of locals, 1 regs to save.
   47  00001060  afbefffc	sw	-4(r29),r30; push fp
   48  00001064  001df020	add	r30,r0,r29; fp = sp
   49  00001068  afbffff8	sw	-8(r29),r31; push ret addr
   50  0000106c  2fbd0010	subui	r29,r29,#16; alloc local storage
   51  00001070  afa20000	sw	0(r29),r2
   52  00001074  83df0003	lb	r31,3(r30)
   53  00001078  20020000	addi	r2,r0,#0
   54  0000107c  23e1ffd0	addi	r1,r31,#-48
   55  00001080  302100ff	andi	r1,r1,#0x00ff
   56  00001084  70210009	sleui	r1,r1,#9
   57  00001088  14200028	bnez	r1,L12_LF0
   58  0000108c  54000000	nop; not filled.
   59  00001090  23e1ff9f	addi	r1,r31,#-97
   60  00001094  302100ff	andi	r1,r1,#0x00ff
   61  00001098  70210005	sleui	r1,r1,#5
   62  0000109c  14200014	bnez	r1,L12_LF0
   63  000010a0  54000000	nop; not filled.
   64  000010a4  33e100ff	andi	r1,r31,#0x00ff
   65  000010a8  64210041	snei	r1,r1,#65
   66  000010ac  14200008	bnez	r1,L11_LF0
   67  000010b0  54000000	nop; not filled.
   68  000010b4          	L12_LF0:
   69  000010b4  20020001	addi	r2,r0,#1
   70  000010b8          	L11_LF0:
   71  000010b8  00020820	add	r1,r0,r2
   72  000010bc  8fa20000	lw	r2,0(r29)
   73  000010c0  8fdffff8	lw	r31,-8(r30)
   74  000010c4  001ee820	add	r29,r0,r30
   75  000010c8  8fdefffc	lw	r30,-4(r30)
   76  000010cc  4be00000	jr	r31
   77  000010d0  54000000	nop
   78  000010d4          	.endproc _isxdigit
   79  000010d4          	.data
   80  00003000          	.align 2
   81  00003000          	LC0_LF0:
   82  00003000  4e4f00  	.ascii "NO\000"
   83  00003003          	.align 2
   84  00003004          	LC1_LF0:
   85  00003004  4552524f	.ascii "ERROR: wrong number of arguments to injection_NO\n\000"
   85  00003008  523a2077	
   85  0000300c  726f6e67	
   85  00003010  206e756d	
   85  00003014  62657220	
   85  00003018  6f662061	
   85  0000301c  7267756d	
   85  00003020  656e7473	
   85  00003024  20746f20	
   85  00003028  696e6a65	
   85  0000302c  6374696f	
   85  00003030  6e5f4e4f	
   85  00003034  0a00    	
   86  00003036          	.align 2
   87  00003038          	LC2_LF0:
   88  00003038  73706177	.ascii "spawn_me (%d): Could not open the mailbox!\n\000"
   88  0000303c  6e5f6d65	
   88  00003040  20282564	
   88  00003044  293a2043	
   88  00003048  6f756c64	
   88  0000304c  206e6f74	
   88  00003050  206f7065	
   88  00003054  6e207468	
   88  00003058  65206d61	
   88  0000305c  696c626f	
   88  00003060  78210a00	
   89  00003064          	.align 2
   90  00003064          	LC3_LF0:
   91  00003064  436f756c	.ascii "Could not send message to mailbox %d in %s (%d)\n\000"
   91  00003068  64206e6f	
   91  0000306c  74207365	
   91  00003070  6e64206d	
   91  00003074  65737361	
   91  00003078  67652074	
   91  0000307c  6f206d61	
   91  00003080  696c626f	
   91  00003084  78202564	
   91  00003088  20696e20	
   91  0000308c  25732028	
   91  00003090  2564290a	
   91  00003094  00      	
   92  00003095          	.align 2
   93  00003098          	LC4_LF0:
   94  00003098  6d616b65	.ascii "makeprocs (%d): Could not open mailbox %d!\n\000"
   94  0000309c  70726f63	
   94  000030a0  73202825	
   94  000030a4  64293a20	
   94  000030a8  436f756c	
   94  000030ac  64206e6f	
   94  000030b0  74206f70	
   94  000030b4  656e206d	
   94  000030b8  61696c62	
   94  000030bc  6f782025	
   94  000030c0  64210a00	
   95  000030c4          	.align 2
   96  000030c4          	LC5_LF0:
   97  000030c4  42616420	.ascii "Bad semaphore s_procs_completed (%d) in \000"
   97  000030c8  73656d61	
   97  000030cc  70686f72	
   97  000030d0  6520735f	
   97  000030d4  70726f63	
   97  000030d8  735f636f	
   97  000030dc  6d706c65	
   97  000030e0  74656420	
   97  000030e4  28256429	
   97  000030e8  20696e20	
   97  000030ec  00      	
   98  000030ed          	.align 2
   99  000030f0          	LC6_LF0:
  100  000030f0  2c206578	.ascii ", exiting...\n\000"
  100  000030f4  6974696e	
  100  000030f8  672e2e2e	
  100  000030fc  0a00    	
  101  000030fe          	.align 2
  102  00003100          	LC7_LF0:
  103  00003100  496e6a65	.ascii "Injection: NO PID: %d\n\000"
  103  00003104  6374696f	
  103  00003108  6e3a204e	
  103  0000310c  4f205049	
  103  00003110  443a2025	
  103  00003114  640a00  	
  104  00003117          	.text
  105  000010d4          	.align 2
  106  000010d4          	.proc _main
  107  000010d4          	.global _main
  108  000010d4          	_main:
  109                      ;  Function 'main'; 16 bytes of locals, 0 regs to save.
  110  000010d4  afbefffc	sw	-4(r29),r30; push fp
  111  000010d8  001df020	add	r30,r0,r29; fp = sp
  112  000010dc  afbffff8	sw	-8(r29),r31; push ret addr
  113  000010e0  2fbd0018	subui	r29,r29,#24; alloc local storage
  114  000010e4  8fc20000	lw	r2,(r30)
  115  000010e8  8fc30004	lw	r3,4(r30)
  116  000010ec  0c001160	jal	___main
  117  000010f0  54000000	nop; not filled.
  118  000010f4  3c010000	lhi	r1,((LC0_LF0)>>16)&0xffff
  119  000010f8  24213000	addui	r1,r1,(LC0_LF0)&0xffff
  120  000010fc  80250000	lb	r5,(r1)
  121  00001100  a3c5ffe8	sb	-24(r30),r5
  122  00001104  80250001	lb	r5,1(r1)
  123  00001108  a3c5ffe9	sb	-23(r30),r5
  124  0000110c  80210002	lb	r1,2(r1)
  125  00001110  a3c1ffea	sb	-22(r30),r1
  126  00001114  23c1ffeb	addi	r1,r30,#-21
  127  00001118  23bdfff8	addi	r29,r29,#-8
  128  0000111c  afa10000	sw	(r29),r1
  129  00001120  20050007	addi	r5,r0,#7
  130  00001124  afa50004	sw	4(r29),r5
  131  00001128  0c001004	jal	_bzero
  132  0000112c  54000000	nop; not filled.
  133  00001130  23bd0008	addi	r29,r29,#8
  134  00001134  64410003	snei	r1,r2,#3
  135  00001138  10200028	beqz	r1,L14_LF0
  136  0000113c  54000000	nop; not filled.
  137  00001140  23bdfff8	addi	r29,r29,#-8
  138  00001144  3c050000	lhi	r5,((LC1_LF0)>>16)&0xffff
  139  00001148  24a53004	addui	r5,r5,(LC1_LF0)&0xffff
  140  0000114c  afa50000	sw	(r29),r5
  141  00001150  0c00024c	jal	_Printf
  142  00001154  54000000	nop; not filled.
  143  00001158  0c00034c	jal	_Exit
  144  0000115c  54000000	nop; not filled.
  145  00001160  23bd0008	addi	r29,r29,#8
  146  00001164          	L14_LF0:
  147  00001164  23bdfff0	addi	r29,r29,#-16
  148  00001168  8c650004	lw	r5,4(r3)
  149  0000116c  afa50000	sw	(r29),r5
  150  00001170  20050000	addi	r5,r0,#0
  151  00001174  afa50004	sw	4(r29),r5
  152  00001178  2005000a	addi	r5,r0,#10
  153  0000117c  afa50008	sw	8(r29),r5
  154  00001180  0c000bd0	jal	_dstrtol
  155  00001184  54000000	nop; not filled.
  156  00001188  00011020	add	r2,r0,r1
  157  0000118c  8c650008	lw	r5,8(r3)
  158  00001190  afa50000	sw	(r29),r5
  159  00001194  20050000	addi	r5,r0,#0
  160  00001198  afa50004	sw	4(r29),r5
  161  0000119c  2005000a	addi	r5,r0,#10
  162  000011a0  afa50008	sw	8(r29),r5
  163  000011a4  0c000bac	jal	_dstrtol
  164  000011a8  54000000	nop; not filled.
  165  000011ac  00012020	add	r4,r0,r1
  166  000011b0  afa20000	sw	(r29),r2
  167  000011b4  0c0002a8	jal	_mbox_open
  168  000011b8  54000000	nop; not filled.
  169  000011bc  23bd0010	addi	r29,r29,#16
  170  000011c0  6021ffff	seqi	r1,r1,#-1
  171  000011c4  10200034	beqz	r1,L15_LF0
  172  000011c8  54000000	nop; not filled.
  173  000011cc  0c0001dc	jal	_getpid
  174  000011d0  54000000	nop; not filled.
  175  000011d4  23bdfff8	addi	r29,r29,#-8
  176  000011d8  3c050000	lhi	r5,((LC2_LF0)>>16)&0xffff
  177  000011dc  24a53038	addui	r5,r5,(LC2_LF0)&0xffff
  178  000011e0  afa50000	sw	(r29),r5
  179  000011e4  afa10004	sw	4(r29),r1
  180  000011e8  0c0001b4	jal	_Printf
  181  000011ec  54000000	nop; not filled.
  182  000011f0  0c0002b4	jal	_Exit
  183  000011f4  54000000	nop; not filled.
  184  000011f8  23bd0008	addi	r29,r29,#8
  185  000011fc          	L15_LF0:
  186  000011fc  23bdfff0	addi	r29,r29,#-16
  187  00001200  afa20000	sw	(r29),r2
  188  00001204  2005000a	addi	r5,r0,#10
  189  00001208  afa50004	sw	4(r29),r5
  190  0000120c  23c1ffe8	addi	r1,r30,#-24
  191  00001210  afa10008	sw	8(r29),r1
  192  00001214  0c000260	jal	_mbox_send
  193  00001218  54000000	nop; not filled.
  194  0000121c  23bd0010	addi	r29,r29,#16
  195  00001220  6021ffff	seqi	r1,r1,#-1
  196  00001224  10200040	beqz	r1,L16_LF0
  197  00001228  54000000	nop; not filled.
  198  0000122c  0c00017c	jal	_getpid
  199  00001230  54000000	nop; not filled.
  200  00001234  23bdfff0	addi	r29,r29,#-16
  201  00001238  3c050000	lhi	r5,((LC3_LF0)>>16)&0xffff
  202  0000123c  24a53064	addui	r5,r5,(LC3_LF0)&0xffff
  203  00001240  afa50000	sw	(r29),r5
  204  00001244  afa20004	sw	4(r29),r2
  205  00001248  8c650000	lw	r5,(r3)
  206  0000124c  afa50008	sw	8(r29),r5
  207  00001250  afa1000c	sw	12(r29),r1
  208  00001254  0c000148	jal	_Printf
  209  00001258  54000000	nop; not filled.
  210  0000125c  0c000248	jal	_Exit
  211  00001260  54000000	nop; not filled.
  212  00001264  23bd0010	addi	r29,r29,#16
  213  00001268          	L16_LF0:
  214  00001268  23bdfff8	addi	r29,r29,#-8
  215  0000126c  afa20000	sw	(r29),r2
  216  00001270  0c0001f8	jal	_mbox_close
  217  00001274  54000000	nop; not filled.
  218  00001278  23bd0008	addi	r29,r29,#8
  219  0000127c  6021ffff	seqi	r1,r1,#-1
  220  00001280  10200038	beqz	r1,L17_LF0
  221  00001284  54000000	nop; not filled.
  222  00001288  0c000120	jal	_getpid
  223  0000128c  54000000	nop; not filled.
  224  00001290  23bdfff0	addi	r29,r29,#-16
  225  00001294  3c050000	lhi	r5,((LC4_LF0)>>16)&0xffff
  226  00001298  24a53098	addui	r5,r5,(LC4_LF0)&0xffff
  227  0000129c  afa50000	sw	(r29),r5
  228  000012a0  afa10004	sw	4(r29),r1
  229  000012a4  afa20008	sw	8(r29),r2
  230  000012a8  0c0000f4	jal	_Printf
  231  000012ac  54000000	nop; not filled.
  232  000012b0  0c0001f4	jal	_Exit
  233  000012b4  54000000	nop; not filled.
  234  000012b8  23bd0010	addi	r29,r29,#16
  235  000012bc          	L17_LF0:
  236  000012bc  23bdfff8	addi	r29,r29,#-8
  237  000012c0  afa40000	sw	(r29),r4
  238  000012c4  0c00012c	jal	_sem_signal
  239  000012c8  54000000	nop; not filled.
  240  000012cc  23bd0008	addi	r29,r29,#8
  241  000012d0  64210001	snei	r1,r1,#1
  242  000012d4  10200050	beqz	r1,L18_LF0
  243  000012d8  54000000	nop; not filled.
  244  000012dc  23bdfff8	addi	r29,r29,#-8
  245  000012e0  3c050000	lhi	r5,((LC5_LF0)>>16)&0xffff
  246  000012e4  24a530c4	addui	r5,r5,(LC5_LF0)&0xffff
  247  000012e8  afa50000	sw	(r29),r5
  248  000012ec  afa40004	sw	4(r29),r4
  249  000012f0  0c0000ac	jal	_Printf
  250  000012f4  54000000	nop; not filled.
  251  000012f8  8c630000	lw	r3,(r3)
  252  000012fc  afa30000	sw	(r29),r3
  253  00001300  0c00009c	jal	_Printf
  254  00001304  54000000	nop; not filled.
  255  00001308  3c050000	lhi	r5,((LC6_LF0)>>16)&0xffff
  256  0000130c  24a530f0	addui	r5,r5,(LC6_LF0)&0xffff
  257  00001310  afa50000	sw	(r29),r5
  258  00001314  0c000088	jal	_Printf
  259  00001318  54000000	nop; not filled.
  260  0000131c  0c000188	jal	_Exit
  261  00001320  54000000	nop; not filled.
  262  00001324  23bd0008	addi	r29,r29,#8
  263  00001328          	L18_LF0:
  264  00001328  0c000080	jal	_getpid
  265  0000132c  54000000	nop; not filled.
  266  00001330  23bdfff8	addi	r29,r29,#-8
  267  00001334  3c050000	lhi	r5,((LC7_LF0)>>16)&0xffff
  268  00001338  24a53100	addui	r5,r5,(LC7_LF0)&0xffff
  269  0000133c  afa50000	sw	(r29),r5
  270  00001340  afa10004	sw	4(r29),r1
  271  00001344  0c000058	jal	_Printf
  272  00001348  54000000	nop; not filled.
  273  0000134c  23bd0008	addi	r29,r29,#8
  274  00001350  0c000ef0	jal	_exit
  275  00001354  54000000	nop
  276  00001358          	.endproc _main
  277                      ;;;
  278                      ;;; Stub functions for DLX traps.
  279                      ;;;
  280                      ;;; Ethan L. Miller, 1999.  Released to the public domain.
  281                      ;;;
  282                      ;;; The traps such as Open and Close
  283                      ;;; (note the capital letters) are for use by user programs.  The traps
  284                      ;;; with names such as open and close (lower case) are for use by the OS.
  285                      ;;;
  288  00001358          	.align 2
  290                      ;;; The following are the traps to be used by user-level programs
  291                      ;;;
  293  00001358          	.align 2
  294  00001358          	.proc _Open
  295  00001358          	.global _Open
  296  00001358          	_Open:
  297                      ;;; Note that trap #0x213 actually causes a trap vector in the OS of
  298                      ;;; 0x1213.  The same is true for other user traps.  Thus, a user trap
  299                      ;;; with trap #0x240 will result in a trap vector of 0x1240 in the OS.
  300  00001358  44000213	trap	#0x213
  301  0000135c  4be00000	jr	r31
  302  00001360  54000000	nop
  303  00001364          	.endproc _Open
  305  00001364          	.proc _Close
  306  00001364          	.global _Close
  307  00001364          	_Close:
  308  00001364  44000214	trap	#0x214
  309  00001368  4be00000	jr	r31
  310  0000136c  54000000	nop
  311  00001370          	.endproc _Close
  313  00001370          	.proc _Read
  314  00001370          	.global _Read
  315  00001370          	_Read:
  316  00001370  44000210	trap	#0x210
  317  00001374  4be00000	jr	r31
  318  00001378  54000000	nop
  319  0000137c          	.endproc _Read
  321  0000137c          	.proc _Write
  322  0000137c          	.global _Write
  323  0000137c          	_Write:
  324  0000137c  44000211	trap	#0x211
  325  00001380  4be00000	jr	r31
  326  00001384  54000000	nop
  327  00001388          	.endproc _Write
  329  00001388          	.proc _Lseek
  330  00001388          	.global _Lseek
  331  00001388          	_Lseek:
  332  00001388  44000212	trap	#0x212
  333  0000138c  4be00000	jr	r31
  334  00001390  54000000	nop
  335  00001394          	.endproc _Lseek
  337  00001394          	.proc _Putchar
  338  00001394          	.global _Putchar
  339  00001394          	_Putchar:
  340  00001394  44000280	trap	#0x280
  341  00001398  4be00000	jr	r31
  342  0000139c  54000000	nop
  343  000013a0          	.endproc _Putchar
  345  000013a0          	.proc _Printf
  346  000013a0          	.global _Printf
  347  000013a0          	_Printf:
  348  000013a0  44000201	trap	#0x201
  349  000013a4  4be00000	jr	r31
  350  000013a8  54000000	nop
  351  000013ac          	.endproc _Printf
  353  000013ac          	.proc _getpid
  354  000013ac          	.global _getpid
  355  000013ac          	_getpid:
  356  000013ac  44000431	trap	#0x431
  357  000013b0  4be00000	jr	r31
  358  000013b4  54000000	nop
  359  000013b8          	.endproc _getpid
  361  000013b8          	.proc _process_create
  362  000013b8          	.global _process_create
  363  000013b8          	_process_create:
  364  000013b8  44000432	trap	#0x432
  365  000013bc  4be00000	jr	r31
  366  000013c0  54000000	nop
  367  000013c4          	.endproc _process_create
  369  000013c4          	.proc _shmget
  370  000013c4          	.global _shmget
  371  000013c4          	_shmget:
  372  000013c4  44000440	trap	#0x440
  373  000013c8  4be00000	jr	r31
  374  000013cc  54000000	nop
  375  000013d0          	.endproc _shmget
  377  000013d0          	.proc _shmat
  378  000013d0          	.global _shmat
  379  000013d0          	_shmat:
  380  000013d0  44000441	trap	#0x441
  381  000013d4  4be00000	jr	r31
  382  000013d8  54000000	nop
  383  000013dc          	.endproc _shmat
  385  000013dc          	.proc _sem_create
  386  000013dc          	.global _sem_create
  387  000013dc          	_sem_create:
  388  000013dc  44000450	trap	#0x450
  389  000013e0  4be00000	jr	r31
  390  000013e4  54000000	nop
  391  000013e8          	.endproc _sem_create
  393  000013e8          	.proc _sem_wait
  394  000013e8          	.global _sem_wait
  395  000013e8          	_sem_wait:
  396  000013e8  44000451	trap	#0x451
  397  000013ec  4be00000	jr	r31
  398  000013f0  54000000	nop
  399  000013f4          	.endproc _sem_wait
  401  000013f4          	.proc _sem_signal
  402  000013f4          	.global _sem_signal
  403  000013f4          	_sem_signal:
  404  000013f4  44000452	trap	#0x452
  405  000013f8  4be00000	jr	r31
  406  000013fc  54000000	nop
  407  00001400          	.endproc _sem_signal
  409  00001400          	.proc _lock_create
  410  00001400          	.global _lock_create
  411  00001400          	_lock_create:
  412  00001400  44000453	trap	#0x453
  413  00001404  4be00000	jr	r31
  414  00001408  54000000	nop
  415  0000140c          	.endproc _lock_create
  417  0000140c          	.proc _lock_acquire
  418  0000140c          	.global _lock_acquire
  419  0000140c          	_lock_acquire:
  420  0000140c  44000454	trap	#0x454
  421  00001410  4be00000	jr	r31
  422  00001414  54000000	nop
  423  00001418          	.endproc _lock_acquire
  425  00001418          	.proc _lock_release
  426  00001418          	.global _lock_release
  427  00001418          	_lock_release:
  428  00001418  44000455	trap	#0x455
  429  0000141c  4be00000	jr	r31
  430  00001420  54000000	nop
  431  00001424          	.endproc _lock_release
  433  00001424          	.proc _cond_create
  434  00001424          	.global _cond_create
  435  00001424          	_cond_create:
  436  00001424  44000456	trap	#0x456
  437  00001428  4be00000	jr	r31
  438  0000142c  54000000	nop
  439  00001430          	.endproc _cond_create
  441  00001430          	.proc _cond_wait
  442  00001430          	.global _cond_wait
  443  00001430          	_cond_wait:
  444  00001430  44000457	trap	#0x457
  445  00001434  4be00000	jr	r31
  446  00001438  54000000	nop
  447  0000143c          	.endproc _cond_wait
  449  0000143c          	.proc _cond_signal
  450  0000143c          	.global _cond_signal
  451  0000143c          	_cond_signal:
  452  0000143c  44000458	trap	#0x458
  453  00001440  4be00000	jr	r31
  454  00001444  54000000	nop
  455  00001448          	.endproc _cond_signal
  457  00001448          	.proc _cond_broadcast
  458  00001448          	.global _cond_broadcast
  459  00001448          	_cond_broadcast:
  460  00001448  44000459	trap	#0x459
  461  0000144c  4be00000	jr	r31
  462  00001450  54000000	nop
  463  00001454          	.endproc _cond_broadcast
  465  00001454          	.proc _mbox_create
  466  00001454          	.global _mbox_create
  467  00001454          	_mbox_create:
  468  00001454  44000460	trap	#0x460
  469  00001458  4be00000	jr	r31
  470  0000145c  54000000	nop
  471  00001460          	.endproc _mbox_create
  473  00001460          	.proc _mbox_open
  474  00001460          	.global _mbox_open
  475  00001460          	_mbox_open:
  476  00001460  44000461	trap	#0x461
  477  00001464  4be00000	jr	r31
  478  00001468  54000000	nop
  479  0000146c          	.endproc _mbox_open
  481  0000146c          	.proc _mbox_close
  482  0000146c          	.global _mbox_close
  483  0000146c          	_mbox_close:
  484  0000146c  44000462	trap	#0x462
  485  00001470  4be00000	jr	r31
  486  00001474  54000000	nop
  487  00001478          	.endproc _mbox_close
  489  00001478          	.proc _mbox_send
  490  00001478          	.global _mbox_send
  491  00001478          	_mbox_send:
  492  00001478  44000463	trap	#0x463
  493  0000147c  4be00000	jr	r31
  494  00001480  54000000	nop
  495  00001484          	.endproc _mbox_send
  497  00001484          	.proc _mbox_recv
  498  00001484          	.global _mbox_recv
  499  00001484          	_mbox_recv:
  500  00001484  44000464	trap	#0x464
  501  00001488  4be00000	jr	r31
  502  0000148c  54000000	nop
  503  00001490          	.endproc _mbox_recv
  505  00001490          	.proc _sleep
  506  00001490          	.global _sleep
  507  00001490          	_sleep:
  508  00001490  44000465	trap	#0x465
  509  00001494  4be00000	jr	r31
  510  00001498  54000000	nop
  511  0000149c          	.endproc _sleep
  513  0000149c          	.proc _yield
  514  0000149c          	.global _yield
  515  0000149c          	_yield:
  516  0000149c  44000466	trap	#0x466
  517  000014a0  4be00000	jr	r31
  518  000014a4  54000000	nop
  519  000014a8          	.endproc _yield
  522  000014a8          	.proc _Exit
  523  000014a8          	.global _Exit
  524  000014a8          	_Exit:
  525  000014a8  44000500	trap	#0x500
  526  000014ac  4be00000	jr	r31
  527  000014b0  54000000	nop
  528  000014b4          	.endproc _Exit
  529                      ; Compiled by GCC
  531  000014b4          	.align 2
  532  000014b4          	.proc _isspace
  533  000014b4          	.global _isspace
  534  000014b4          	_isspace:
  535                      ;  Function 'isspace'; 0 bytes of locals, 3 regs to save.
  536  000014b4  afbefffc	sw	-4(r29),r30; push fp
  537  000014b8  001df020	add	r30,r0,r29; fp = sp
  538  000014bc  afbffff8	sw	-8(r29),r31; push ret addr
  539  000014c0  2fbd0018	subui	r29,r29,#24; alloc local storage
  540  000014c4  afa20000	sw	0(r29),r2
  541  000014c8  afa30004	sw	4(r29),r3
  542  000014cc  afa40008	sw	8(r29),r4
  543  000014d0  83c20003	lb	r2,3(r30)
  544  000014d4  20010000	addi	r1,r0,#0
  545  000014d8  304300ff	andi	r3,r2,#0x00ff
  546  000014dc  60640020	seqi	r4,r3,#32
  547  000014e0  1480002c	bnez	r4,L3_LF2
  548  000014e4  54000000	nop; delay slot nop
  549  000014e8  304300ff	andi	r3,r2,#0x00ff
  550  000014ec  60640009	seqi	r4,r3,#9
  551  000014f0  1480001c	bnez	r4,L3_LF2
  552  000014f4  54000000	nop; delay slot nop
  553  000014f8  304300ff	andi	r3,r2,#0x00ff
  554  000014fc  6064000a	seqi	r4,r3,#10
  555  00001500  1480000c	bnez	r4,L3_LF2
  556  00001504  54000000	nop; delay slot nop
  557  00001508  08000008	j	L2_LF2
  558  0000150c  54000000	nop; delay slot nop
  559  00001510          	L3_LF2:
  560  00001510  20010001	addi	r1,r0,#1
  561  00001514          	L2_LF2:
  562  00001514  08000004	j	L1_LF2
  563  00001518  54000000	nop; delay slot nop
  564  0000151c          	L1_LF2:
  565  0000151c  8fa20000	lw	r2,0(r29)
  566  00001520  8fa30004	lw	r3,4(r29)
  567  00001524  8fa40008	lw	r4,8(r29)
  568  00001528  8fdffff8	lw	r31,-8(r30)
  569  0000152c  001ee820	add	r29,r0,r30
  570  00001530  8fdefffc	lw	r30,-4(r30)
  571  00001534  4be00000	jr	r31
  572  00001538  54000000	nop
  573  0000153c          	.endproc _isspace
  574  0000153c          	.align 2
  575  0000153c          	.proc _isxdigit
  576  0000153c          	.global _isxdigit
  577  0000153c          	_isxdigit:
  578                      ;  Function 'isxdigit'; 0 bytes of locals, 3 regs to save.
  579  0000153c  afbefffc	sw	-4(r29),r30; push fp
  580  00001540  001df020	add	r30,r0,r29; fp = sp
  581  00001544  afbffff8	sw	-8(r29),r31; push ret addr
  582  00001548  2fbd0018	subui	r29,r29,#24; alloc local storage
  583  0000154c  afa20000	sw	0(r29),r2
  584  00001550  afa30004	sw	4(r29),r3
  585  00001554  afa40008	sw	8(r29),r4
  586  00001558  83c20003	lb	r2,3(r30)
  587  0000155c  20010000	addi	r1,r0,#0
  588  00001560  304300ff	andi	r3,r2,#0x00ff
  589  00001564  6c64002f	sgtui	r4,r3,#47
  590  00001568  1080001c	beqz	r4,L7_LF2
  591  0000156c  54000000	nop; delay slot nop
  592  00001570  304300ff	andi	r3,r2,#0x00ff
  593  00001574  70640039	sleui	r4,r3,#57
  594  00001578  1480005c	bnez	r4,L6_LF2
  595  0000157c  54000000	nop; delay slot nop
  596  00001580  08000004	j	L7_LF2
  597  00001584  54000000	nop; delay slot nop
  598  00001588          	L7_LF2:
  599  00001588  304300ff	andi	r3,r2,#0x00ff
  600  0000158c  6c640060	sgtui	r4,r3,#96
  601  00001590  1080001c	beqz	r4,L8_LF2
  602  00001594  54000000	nop; delay slot nop
  603  00001598  304300ff	andi	r3,r2,#0x00ff
  604  0000159c  70640066	sleui	r4,r3,#102
  605  000015a0  14800034	bnez	r4,L6_LF2
  606  000015a4  54000000	nop; delay slot nop
  607  000015a8  08000004	j	L8_LF2
  608  000015ac  54000000	nop; delay slot nop
  609  000015b0          	L8_LF2:
  610  000015b0  304300ff	andi	r3,r2,#0x00ff
  611  000015b4  6c640040	sgtui	r4,r3,#64
  612  000015b8  10800020	beqz	r4,L5_LF2
  613  000015bc  54000000	nop; delay slot nop
  614  000015c0  304300ff	andi	r3,r2,#0x00ff
  615  000015c4  70640041	sleui	r4,r3,#65
  616  000015c8  1480000c	bnez	r4,L6_LF2
  617  000015cc  54000000	nop; delay slot nop
  618  000015d0  08000008	j	L5_LF2
  619  000015d4  54000000	nop; delay slot nop
  620  000015d8          	L6_LF2:
  621  000015d8  20010001	addi	r1,r0,#1
  622  000015dc          	L5_LF2:
  623  000015dc  08000004	j	L4_LF2
  624  000015e0  54000000	nop; delay slot nop
  625  000015e4          	L4_LF2:
  626  000015e4  8fa20000	lw	r2,0(r29)
  627  000015e8  8fa30004	lw	r3,4(r29)
  628  000015ec  8fa40008	lw	r4,8(r29)
  629  000015f0  8fdffff8	lw	r31,-8(r30)
  630  000015f4  001ee820	add	r29,r0,r30
  631  000015f8  8fdefffc	lw	r30,-4(r30)
  632  000015fc  4be00000	jr	r31
  633  00001600  54000000	nop
  634  00001604          	.endproc _isxdigit
  635  00001604          	.align 2
  636  00001604          	.proc _dstrcpy
  637  00001604          	.global _dstrcpy
  638  00001604          	_dstrcpy:
  639                      ;  Function 'dstrcpy'; 8 bytes of locals, 2 regs to save.
  640  00001604  afbefffc	sw	-4(r29),r30; push fp
  641  00001608  001df020	add	r30,r0,r29; fp = sp
  642  0000160c  afbffff8	sw	-8(r29),r31; push ret addr
  643  00001610  2fbd0018	subui	r29,r29,#24; alloc local storage
  644  00001614  afa20000	sw	0(r29),r2
  645  00001618  afa30004	sw	4(r29),r3
  646  0000161c  8fc10000	lw	r1,(r30)
  647  00001620  afc1fff4	sw	-12(r30),r1
  648  00001624          	L10_LF2:
  649  00001624  8fc10000	lw	r1,(r30)
  650  00001628  20220001	addi	r2,r1,#1
  651  0000162c  afc20000	sw	(r30),r2
  652  00001630  8fc20004	lw	r2,4(r30)
  653  00001634  20430001	addi	r3,r2,#1
  654  00001638  afc30004	sw	4(r30),r3
  655  0000163c  80420000	lb	r2,(r2)
  656  00001640  a0220000	sb	(r1),r2
  657  00001644  a3c2fff3	sb	-13(r30),r2
  658  00001648          	L12_LF2:
  659  00001648  93c1fff3	lbu	r1,-13(r30)
  660  0000164c  64220000	snei	r2,r1,#0
  661  00001650  1440000c	bnez	r2,L13_LF2
  662  00001654  54000000	nop; delay slot nop
  663  00001658  0800000c	j	L11_LF2
  664  0000165c  54000000	nop; delay slot nop
  665  00001660          	L13_LF2:
  666  00001660  0bffffc0	j	L10_LF2
  667  00001664  54000000	nop; delay slot nop
  668  00001668          	L11_LF2:
  669  00001668  8fc1fff4	lw	r1,-12(r30)
  670  0000166c  08000004	j	L9_LF2
  671  00001670  54000000	nop; delay slot nop
  672  00001674          	L9_LF2:
  673  00001674  8fa20000	lw	r2,0(r29)
  674  00001678  8fa30004	lw	r3,4(r29)
  675  0000167c  8fdffff8	lw	r31,-8(r30)
  676  00001680  001ee820	add	r29,r0,r30
  677  00001684  8fdefffc	lw	r30,-4(r30)
  678  00001688  4be00000	jr	r31
  679  0000168c  54000000	nop
  680  00001690          	.endproc _dstrcpy
  681  00001690          	.align 2
  682  00001690          	.proc _dstrncpy
  683  00001690          	.global _dstrncpy
  684  00001690          	_dstrncpy:
  685                      ;  Function 'dstrncpy'; 8 bytes of locals, 2 regs to save.
  686  00001690  afbefffc	sw	-4(r29),r30; push fp
  687  00001694  001df020	add	r30,r0,r29; fp = sp
  688  00001698  afbffff8	sw	-8(r29),r31; push ret addr
  689  0000169c  2fbd0018	subui	r29,r29,#24; alloc local storage
  690  000016a0  afa20000	sw	0(r29),r2
  691  000016a4  afa30004	sw	4(r29),r3
  692  000016a8  8fc10000	lw	r1,(r30)
  693  000016ac  afc1fff4	sw	-12(r30),r1
  694  000016b0          	L15_LF2:
  695  000016b0  8fc10008	lw	r1,8(r30)
  696  000016b4  2022ffff	addi	r2,r1,#-1
  697  000016b8  afc20008	sw	8(r30),r2
  698  000016bc  70210000	slei	r1,r1,#0
  699  000016c0  1020000c	beqz	r1,L18_LF2
  700  000016c4  54000000	nop; delay slot nop
  701  000016c8  08000048	j	L16_LF2
  702  000016cc  54000000	nop; delay slot nop
  703  000016d0          	L18_LF2:
  704  000016d0  8fc10000	lw	r1,(r30)
  705  000016d4  20220001	addi	r2,r1,#1
  706  000016d8  afc20000	sw	(r30),r2
  707  000016dc  8fc20004	lw	r2,4(r30)
  708  000016e0  20430001	addi	r3,r2,#1
  709  000016e4  afc30004	sw	4(r30),r3
  710  000016e8  80420000	lb	r2,(r2)
  711  000016ec  a0220000	sb	(r1),r2
  712  000016f0  a3c2fff3	sb	-13(r30),r2
  713  000016f4          	L17_LF2:
  714  000016f4  93c1fff3	lbu	r1,-13(r30)
  715  000016f8  64220000	snei	r2,r1,#0
  716  000016fc  1440000c	bnez	r2,L19_LF2
  717  00001700  54000000	nop; delay slot nop
  718  00001704  0800000c	j	L16_LF2
  719  00001708  54000000	nop; delay slot nop
  720  0000170c          	L19_LF2:
  721  0000170c  0bffffa0	j	L15_LF2
  722  00001710  54000000	nop; delay slot nop
  723  00001714          	L16_LF2:
  724  00001714  8fc1fff4	lw	r1,-12(r30)
  725  00001718  08000004	j	L14_LF2
  726  0000171c  54000000	nop; delay slot nop
  727  00001720          	L14_LF2:
  728  00001720  8fa20000	lw	r2,0(r29)
  729  00001724  8fa30004	lw	r3,4(r29)
  730  00001728  8fdffff8	lw	r31,-8(r30)
  731  0000172c  001ee820	add	r29,r0,r30
  732  00001730  8fdefffc	lw	r30,-4(r30)
  733  00001734  4be00000	jr	r31
  734  00001738  54000000	nop
  735  0000173c          	.endproc _dstrncpy
  736  0000173c          	.align 2
  737  0000173c          	.proc _dstrcat
  738  0000173c          	.global _dstrcat
  739  0000173c          	_dstrcat:
  740                      ;  Function 'dstrcat'; 8 bytes of locals, 1 regs to save.
  741  0000173c  afbefffc	sw	-4(r29),r30; push fp
  742  00001740  001df020	add	r30,r0,r29; fp = sp
  743  00001744  afbffff8	sw	-8(r29),r31; push ret addr
  744  00001748  2fbd0018	subui	r29,r29,#24; alloc local storage
  745  0000174c  afa20000	sw	0(r29),r2
  746  00001750  8fc10000	lw	r1,(r30)
  747  00001754  afc1fff4	sw	-12(r30),r1
  748  00001758          	L21_LF2:
  749  00001758  8fc10000	lw	r1,(r30)
  750  0000175c  90220000	lbu	r2,(r1)
  751  00001760  64410000	snei	r1,r2,#0
  752  00001764  1420000c	bnez	r1,L23_LF2
  753  00001768  54000000	nop; delay slot nop
  754  0000176c  0800001c	j	L22_LF2
  755  00001770  54000000	nop; delay slot nop
  756  00001774          	L23_LF2:
  757  00001774  8fc20000	lw	r2,(r30)
  758  00001778  20410001	addi	r1,r2,#1
  759  0000177c  00011020	add	r2,r0,r1
  760  00001780  afc20000	sw	(r30),r2
  761  00001784  0bffffd0	j	L21_LF2
  762  00001788  54000000	nop; delay slot nop
  763  0000178c          	L22_LF2:
  764  0000178c  23bdfff8	addi	r29,r29,#-8
  765  00001790  001d0820	add	r1,r0,r29
  766  00001794  8fc20000	lw	r2,(r30)
  767  00001798  ac220000	sw	(r1),r2
  768  0000179c  8fc20004	lw	r2,4(r30)
  769  000017a0  ac220004	sw	4(r1),r2
  770  000017a4  0ffffe5c	jal	_dstrcpy
  771  000017a8  54000000	nop; delay slot nop
  772  000017ac  23bd0008	addi	r29,r29,#8
  773  000017b0  8fc1fff4	lw	r1,-12(r30)
  774  000017b4  08000004	j	L20_LF2
  775  000017b8  54000000	nop; delay slot nop
  776  000017bc          	L20_LF2:
  777  000017bc  8fa20000	lw	r2,0(r29)
  778  000017c0  8fdffff8	lw	r31,-8(r30)
  779  000017c4  001ee820	add	r29,r0,r30
  780  000017c8  8fdefffc	lw	r30,-4(r30)
  781  000017cc  4be00000	jr	r31
  782  000017d0  54000000	nop
  783  000017d4          	.endproc _dstrcat
  784  000017d4          	.align 2
  785  000017d4          	.proc _dstrncmp
  786  000017d4          	.global _dstrncmp
  787  000017d4          	_dstrncmp:
  788                      ;  Function 'dstrncmp'; 8 bytes of locals, 2 regs to save.
  789  000017d4  afbefffc	sw	-4(r29),r30; push fp
  790  000017d8  001df020	add	r30,r0,r29; fp = sp
  791  000017dc  afbffff8	sw	-8(r29),r31; push ret addr
  792  000017e0  2fbd0018	subui	r29,r29,#24; alloc local storage
  793  000017e4  afa20000	sw	0(r29),r2
  794  000017e8  afa30004	sw	4(r29),r3
  795  000017ec  54000000	nop
  796  000017f0  20010000	addi	r1,r0,#0
  797  000017f4  afc1fff4	sw	-12(r30),r1
  798  000017f8          	L25_LF2:
  799  000017f8  8fc1fff4	lw	r1,-12(r30)
  800  000017fc  8fc20008	lw	r2,8(r30)
  801  00001800  0022082a	slt	r1,r1,r2
  802  00001804  1420000c	bnez	r1,L28_LF2
  803  00001808  54000000	nop; delay slot nop
  804  0000180c  08000088	j	L26_LF2
  805  00001810  54000000	nop; delay slot nop
  806  00001814          	L28_LF2:
  807  00001814  8fc10004	lw	r1,4(r30)
  808  00001818  90220000	lbu	r2,(r1)
  809  0000181c  64410000	snei	r1,r2,#0
  810  00001820  14200018	bnez	r1,L29_LF2
  811  00001824  54000000	nop; delay slot nop
  812  00001828  20010000	addi	r1,r0,#0
  813  0000182c  080000d8	j	L24_LF2
  814  00001830  54000000	nop; delay slot nop
  815  00001834  08000028	j	L30_LF2
  816  00001838  54000000	nop; delay slot nop
  817  0000183c          	L29_LF2:
  818  0000183c  8fc10000	lw	r1,(r30)
  819  00001840  8fc20004	lw	r2,4(r30)
  820  00001844  90210000	lbu	r1,(r1)
  821  00001848  90420000	lbu	r2,(r2)
  822  0000184c  00220829	sne	r1,r1,r2
  823  00001850  1020000c	beqz	r1,L30_LF2
  824  00001854  54000000	nop; delay slot nop
  825  00001858  0800003c	j	L26_LF2
  826  0000185c  54000000	nop; delay slot nop
  827  00001860          	L31_LF2:
  828  00001860          	L30_LF2:
  829  00001860  8fc20000	lw	r2,(r30)
  830  00001864  20410001	addi	r1,r2,#1
  831  00001868  00011020	add	r2,r0,r1
  832  0000186c  afc20000	sw	(r30),r2
  833  00001870  8fc20004	lw	r2,4(r30)
  834  00001874  20410001	addi	r1,r2,#1
  835  00001878  00011020	add	r2,r0,r1
  836  0000187c  afc20004	sw	4(r30),r2
  837  00001880          	L27_LF2:
  838  00001880  8fc2fff4	lw	r2,-12(r30)
  839  00001884  20410001	addi	r1,r2,#1
  840  00001888  00011020	add	r2,r0,r1
  841  0000188c  afc2fff4	sw	-12(r30),r2
  842  00001890  0bffff64	j	L25_LF2
  843  00001894  54000000	nop; delay slot nop
  844  00001898          	L26_LF2:
  845  00001898  8fc1fff4	lw	r1,-12(r30)
  846  0000189c  8fc20008	lw	r2,8(r30)
  847  000018a0  00220828	seq	r1,r1,r2
  848  000018a4  10200018	beqz	r1,L32_LF2
  849  000018a8  54000000	nop; delay slot nop
  850  000018ac  20010000	addi	r1,r0,#0
  851  000018b0  08000054	j	L24_LF2
  852  000018b4  54000000	nop; delay slot nop
  853  000018b8  0800004c	j	L33_LF2
  854  000018bc  54000000	nop; delay slot nop
  855  000018c0          	L32_LF2:
  856  000018c0  8fc20000	lw	r2,(r30)
  857  000018c4  90410000	lbu	r1,(r2)
  858  000018c8  8fc20004	lw	r2,4(r30)
  859  000018cc  90430000	lbu	r3,(r2)
  860  000018d0  00230822	sub	r1,r1,r3
  861  000018d4  74220000	sgei	r2,r1,#0
  862  000018d8  10400020	beqz	r2,L34_LF2
  863  000018dc  54000000	nop; delay slot nop
  864  000018e0  8fc10000	lw	r1,(r30)
  865  000018e4  8fc20004	lw	r2,4(r30)
  866  000018e8  90210000	lbu	r1,(r1)
  867  000018ec  90420000	lbu	r2,(r2)
  868  000018f0  00220829	sne	r1,r1,r2
  869  000018f4  08000008	j	L35_LF2
  870  000018f8  54000000	nop; delay slot nop
  871  000018fc          	L34_LF2:
  872  000018fc  2001ffff	addi	r1,r0,#-1
  873  00001900          	L35_LF2:
  874  00001900  08000004	j	L24_LF2
  875  00001904  54000000	nop; delay slot nop
  876  00001908          	L33_LF2:
  877  00001908          	L24_LF2:
  878  00001908  8fa20000	lw	r2,0(r29)
  879  0000190c  8fa30004	lw	r3,4(r29)
  880  00001910  8fdffff8	lw	r31,-8(r30)
  881  00001914  001ee820	add	r29,r0,r30
  882  00001918  8fdefffc	lw	r30,-4(r30)
  883  0000191c  4be00000	jr	r31
  884  00001920  54000000	nop
  885  00001924          	.endproc _dstrncmp
  886  00001924          	.align 2
  887  00001924          	.proc _dstrlen
  888  00001924          	.global _dstrlen
  889  00001924          	_dstrlen:
  890                      ;  Function 'dstrlen'; 8 bytes of locals, 1 regs to save.
  891  00001924  afbefffc	sw	-4(r29),r30; push fp
  892  00001928  001df020	add	r30,r0,r29; fp = sp
  893  0000192c  afbffff8	sw	-8(r29),r31; push ret addr
  894  00001930  2fbd0018	subui	r29,r29,#24; alloc local storage
  895  00001934  afa20000	sw	0(r29),r2
  896  00001938  20010000	addi	r1,r0,#0
  897  0000193c  afc1fff4	sw	-12(r30),r1
  898  00001940          	L37_LF2:
  899  00001940  8fc10000	lw	r1,(r30)
  900  00001944  20220001	addi	r2,r1,#1
  901  00001948  afc20000	sw	(r30),r2
  902  0000194c  90210000	lbu	r1,(r1)
  903  00001950  64220000	snei	r2,r1,#0
  904  00001954  1440000c	bnez	r2,L39_LF2
  905  00001958  54000000	nop; delay slot nop
  906  0000195c  0800001c	j	L38_LF2
  907  00001960  54000000	nop; delay slot nop
  908  00001964          	L39_LF2:
  909  00001964  8fc2fff4	lw	r2,-12(r30)
  910  00001968  20410001	addi	r1,r2,#1
  911  0000196c  00011020	add	r2,r0,r1
  912  00001970  afc2fff4	sw	-12(r30),r2
  913  00001974  0bffffc8	j	L37_LF2
  914  00001978  54000000	nop; delay slot nop
  915  0000197c          	L38_LF2:
  916  0000197c  8fc1fff4	lw	r1,-12(r30)
  917  00001980  08000004	j	L36_LF2
  918  00001984  54000000	nop; delay slot nop
  919  00001988          	L36_LF2:
  920  00001988  8fa20000	lw	r2,0(r29)
  921  0000198c  8fdffff8	lw	r31,-8(r30)
  922  00001990  001ee820	add	r29,r0,r30
  923  00001994  8fdefffc	lw	r30,-4(r30)
  924  00001998  4be00000	jr	r31
  925  0000199c  54000000	nop
  926  000019a0          	.endproc _dstrlen
  927  000019a0          	.align 2
  928  000019a0          	.proc _dstrstr
  929  000019a0          	.global _dstrstr
  930  000019a0          	_dstrstr:
  931                      ;  Function 'dstrstr'; 8 bytes of locals, 1 regs to save.
  932  000019a0  afbefffc	sw	-4(r29),r30; push fp
  933  000019a4  001df020	add	r30,r0,r29; fp = sp
  934  000019a8  afbffff8	sw	-8(r29),r31; push ret addr
  935  000019ac  2fbd0018	subui	r29,r29,#24; alloc local storage
  936  000019b0  afa20000	sw	0(r29),r2
  937  000019b4  23bdfff8	addi	r29,r29,#-8
  938  000019b8  001d0820	add	r1,r0,r29
  939  000019bc  8fc20004	lw	r2,4(r30)
  940  000019c0  ac220000	sw	(r1),r2
  941  000019c4  0fffff5c	jal	_dstrlen
  942  000019c8  54000000	nop; delay slot nop
  943  000019cc  23bd0008	addi	r29,r29,#8
  944  000019d0  afc1fff4	sw	-12(r30),r1
  945  000019d4          	L41_LF2:
  946  000019d4  8fc10000	lw	r1,(r30)
  947  000019d8  90220000	lbu	r2,(r1)
  948  000019dc  64410000	snei	r1,r2,#0
  949  000019e0  1420000c	bnez	r1,L43_LF2
  950  000019e4  54000000	nop; delay slot nop
  951  000019e8  08000060	j	L42_LF2
  952  000019ec  54000000	nop; delay slot nop
  953  000019f0          	L43_LF2:
  954  000019f0  23bdfff0	addi	r29,r29,#-16
  955  000019f4  001d0820	add	r1,r0,r29
  956  000019f8  8fc20000	lw	r2,(r30)
  957  000019fc  ac220000	sw	(r1),r2
  958  00001a00  8fc20004	lw	r2,4(r30)
  959  00001a04  ac220004	sw	4(r1),r2
  960  00001a08  8fc2fff4	lw	r2,-12(r30)
  961  00001a0c  ac220008	sw	8(r1),r2
  962  00001a10  0ffffdc0	jal	_dstrncmp
  963  00001a14  54000000	nop; delay slot nop
  964  00001a18  23bd0010	addi	r29,r29,#16
  965  00001a1c  64220000	snei	r2,r1,#0
  966  00001a20  14400010	bnez	r2,L44_LF2
  967  00001a24  54000000	nop; delay slot nop
  968  00001a28  8fc10000	lw	r1,(r30)
  969  00001a2c  08000028	j	L40_LF2
  970  00001a30  54000000	nop; delay slot nop
  971  00001a34          	L44_LF2:
  972  00001a34  8fc20000	lw	r2,(r30)
  973  00001a38  20410001	addi	r1,r2,#1
  974  00001a3c  00011020	add	r2,r0,r1
  975  00001a40  afc20000	sw	(r30),r2
  976  00001a44  0bffff8c	j	L41_LF2
  977  00001a48  54000000	nop; delay slot nop
  978  00001a4c          	L42_LF2:
  979  00001a4c  20010000	addi	r1,r0,#0
  980  00001a50  08000004	j	L40_LF2
  981  00001a54  54000000	nop; delay slot nop
  982  00001a58          	L40_LF2:
  983  00001a58  8fa20000	lw	r2,0(r29)
  984  00001a5c  8fdffff8	lw	r31,-8(r30)
  985  00001a60  001ee820	add	r29,r0,r30
  986  00001a64  8fdefffc	lw	r30,-4(r30)
  987  00001a68  4be00000	jr	r31
  988  00001a6c  54000000	nop
  989  00001a70          	.endproc _dstrstr
  990  00001a70          	.align 2
  991  00001a70          	.proc _dmindex
  992  00001a70          	.global _dmindex
  993  00001a70          	_dmindex:
  994                      ;  Function 'dmindex'; 8 bytes of locals, 1 regs to save.
  995  00001a70  afbefffc	sw	-4(r29),r30; push fp
  996  00001a74  001df020	add	r30,r0,r29; fp = sp
  997  00001a78  afbffff8	sw	-8(r29),r31; push ret addr
  998  00001a7c  2fbd0018	subui	r29,r29,#24; alloc local storage
  999  00001a80  afa20000	sw	0(r29),r2
 1000  00001a84  54000000	nop
 1001  00001a88          	L46_LF2:
 1002  00001a88  8fc10000	lw	r1,(r30)
 1003  00001a8c  90220000	lbu	r2,(r1)
 1004  00001a90  64410000	snei	r1,r2,#0
 1005  00001a94  1420000c	bnez	r1,L48_LF2
 1006  00001a98  54000000	nop; delay slot nop
 1007  00001a9c  08000070	j	L47_LF2
 1008  00001aa0  54000000	nop; delay slot nop
 1009  00001aa4          	L48_LF2:
 1010  00001aa4  8fc10004	lw	r1,4(r30)
 1011  00001aa8  afc1fff4	sw	-12(r30),r1
 1012  00001aac          	L49_LF2:
 1013  00001aac  8fc1fff4	lw	r1,-12(r30)
 1014  00001ab0  90220000	lbu	r2,(r1)
 1015  00001ab4  64410000	snei	r1,r2,#0
 1016  00001ab8  1420000c	bnez	r1,L52_LF2
 1017  00001abc  54000000	nop; delay slot nop
 1018  00001ac0  08000044	j	L50_LF2
 1019  00001ac4  54000000	nop; delay slot nop
 1020  00001ac8          	L52_LF2:
 1021  00001ac8  8fc10000	lw	r1,(r30)
 1022  00001acc  8fc2fff4	lw	r2,-12(r30)
 1023  00001ad0  90210000	lbu	r1,(r1)
 1024  00001ad4  90420000	lbu	r2,(r2)
 1025  00001ad8  00220828	seq	r1,r1,r2
 1026  00001adc  10200010	beqz	r1,L51_LF2
 1027  00001ae0  54000000	nop; delay slot nop
 1028  00001ae4  8fc10000	lw	r1,(r30)
 1029  00001ae8  08000030	j	L45_LF2
 1030  00001aec  54000000	nop; delay slot nop
 1031  00001af0          	L53_LF2:
 1032  00001af0          	L51_LF2:
 1033  00001af0  8fc2fff4	lw	r2,-12(r30)
 1034  00001af4  20410001	addi	r1,r2,#1
 1035  00001af8  00011020	add	r2,r0,r1
 1036  00001afc  afc2fff4	sw	-12(r30),r2
 1037  00001b00  0bffffa8	j	L49_LF2
 1038  00001b04  54000000	nop; delay slot nop
 1039  00001b08          	L50_LF2:
 1040  00001b08  0bffff7c	j	L46_LF2
 1041  00001b0c  54000000	nop; delay slot nop
 1042  00001b10          	L47_LF2:
 1043  00001b10  20010000	addi	r1,r0,#0
 1044  00001b14  08000004	j	L45_LF2
 1045  00001b18  54000000	nop; delay slot nop
 1046  00001b1c          	L45_LF2:
 1047  00001b1c  8fa20000	lw	r2,0(r29)
 1048  00001b20  8fdffff8	lw	r31,-8(r30)
 1049  00001b24  001ee820	add	r29,r0,r30
 1050  00001b28  8fdefffc	lw	r30,-4(r30)
 1051  00001b2c  4be00000	jr	r31
 1052  00001b30  54000000	nop
 1053  00001b34          	.endproc _dmindex
 1054  00001b34          	.align 2
 1055  00001b34          	.proc _dindex
 1056  00001b34          	.global _dindex
 1057  00001b34          	_dindex:
 1058                      ;  Function 'dindex'; 0 bytes of locals, 1 regs to save.
 1059  00001b34  afbefffc	sw	-4(r29),r30; push fp
 1060  00001b38  001df020	add	r30,r0,r29; fp = sp
 1061  00001b3c  afbffff8	sw	-8(r29),r31; push ret addr
 1062  00001b40  2fbd0010	subui	r29,r29,#16; alloc local storage
 1063  00001b44  afa20000	sw	0(r29),r2
 1064  00001b48  54000000	nop
 1065  00001b4c          	L55_LF2:
 1066  00001b4c  8fc10000	lw	r1,(r30)
 1067  00001b50  90220000	lbu	r2,(r1)
 1068  00001b54  64410000	snei	r1,r2,#0
 1069  00001b58  1420000c	bnez	r1,L57_LF2
 1070  00001b5c  54000000	nop; delay slot nop
 1071  00001b60  08000040	j	L56_LF2
 1072  00001b64  54000000	nop; delay slot nop
 1073  00001b68          	L57_LF2:
 1074  00001b68  8fc10000	lw	r1,(r30)
 1075  00001b6c  90220000	lbu	r2,(r1)
 1076  00001b70  8fc10004	lw	r1,4(r30)
 1077  00001b74  00411028	seq	r2,r2,r1
 1078  00001b78  10400010	beqz	r2,L58_LF2
 1079  00001b7c  54000000	nop; delay slot nop
 1080  00001b80  8fc10000	lw	r1,(r30)
 1081  00001b84  08000028	j	L54_LF2
 1082  00001b88  54000000	nop; delay slot nop
 1083  00001b8c          	L58_LF2:
 1084  00001b8c  8fc20000	lw	r2,(r30)
 1085  00001b90  20410001	addi	r1,r2,#1
 1086  00001b94  00011020	add	r2,r0,r1
 1087  00001b98  afc20000	sw	(r30),r2
 1088  00001b9c  0bffffac	j	L55_LF2
 1089  00001ba0  54000000	nop; delay slot nop
 1090  00001ba4          	L56_LF2:
 1091  00001ba4  20010000	addi	r1,r0,#0
 1092  00001ba8  08000004	j	L54_LF2
 1093  00001bac  54000000	nop; delay slot nop
 1094  00001bb0          	L54_LF2:
 1095  00001bb0  8fa20000	lw	r2,0(r29)
 1096  00001bb4  8fdffff8	lw	r31,-8(r30)
 1097  00001bb8  001ee820	add	r29,r0,r30
 1098  00001bbc  8fdefffc	lw	r30,-4(r30)
 1099  00001bc0  4be00000	jr	r31
 1100  00001bc4  54000000	nop
 1101  00001bc8          	.endproc _dindex
 1102  00001bc8          	.align 2
 1103  00001bc8          	.proc _ditoa
 1104  00001bc8          	.global _ditoa
 1105  00001bc8          	_ditoa:
 1106                      ;  Function 'ditoa'; 8 bytes of locals, 2 regs to save.
 1107  00001bc8  afbefffc	sw	-4(r29),r30; push fp
 1108  00001bcc  001df020	add	r30,r0,r29; fp = sp
 1109  00001bd0  afbffff8	sw	-8(r29),r31; push ret addr
 1110  00001bd4  2fbd0018	subui	r29,r29,#24; alloc local storage
 1111  00001bd8  afa20000	sw	0(r29),r2
 1112  00001bdc  afa30004	sw	4(r29),r3
 1113  00001be0  8fc10000	lw	r1,(r30)
 1114  00001be4  68220000	slti	r2,r1,#0
 1115  00001be8  1040002c	beqz	r2,L60_LF2
 1116  00001bec  54000000	nop; delay slot nop
 1117  00001bf0  8fc10004	lw	r1,4(r30)
 1118  00001bf4  20220001	addi	r2,r1,#1
 1119  00001bf8  afc20004	sw	4(r30),r2
 1120  00001bfc  2002002d	addi	r2,r0,(#0x2d)&0xff
 1121  00001c00  a0220000	sb	(r1),r2
 1122  00001c04  8fc10000	lw	r1,(r30)
 1123  00001c08  00011022	sub	r2,r0,r1
 1124  00001c0c  afc20000	sw	(r30),r2
 1125  00001c10  08000118	j	L61_LF2
 1126  00001c14  54000000	nop; delay slot nop
 1127  00001c18          	L60_LF2:
 1128  00001c18  8fc10000	lw	r1,(r30)
 1129  00001c1c  64220000	snei	r2,r1,#0
 1130  00001c20  14400020	bnez	r2,L62_LF2
 1131  00001c24  54000000	nop; delay slot nop
 1132  00001c28  8fc10004	lw	r1,4(r30)
 1133  00001c2c  20220001	addi	r2,r1,#1
 1134  00001c30  afc20004	sw	4(r30),r2
 1135  00001c34  20020030	addi	r2,r0,(#0x30)&0xff
 1136  00001c38  a0220000	sb	(r1),r2
 1137  00001c3c  080000ec	j	L61_LF2
 1138  00001c40  54000000	nop; delay slot nop
 1139  00001c44          	L62_LF2:
 1140  00001c44  20010001	addi	r1,r0,#1
 1141  00001c48  afc1fff4	sw	-12(r30),r1
 1142  00001c4c          	L64_LF2:
 1143  00001c4c  8fc1fff4	lw	r1,-12(r30)
 1144  00001c50  8fc20000	lw	r2,(r30)
 1145  00001c54  0022082c	sle	r1,r1,r2
 1146  00001c58  1420000c	bnez	r1,L66_LF2
 1147  00001c5c  54000000	nop; delay slot nop
 1148  00001c60  08000024	j	L65_LF2
 1149  00001c64  54000000	nop; delay slot nop
 1150  00001c68          	L67_LF2:
 1151  00001c68          	L66_LF2:
 1152  00001c68  8fc1fff4	lw	r1,-12(r30)
 1153  00001c6c  00011820	add	r3,r0,r1
 1154  00001c70  50620002	slli	r2,r3,#0x2
 1155  00001c74  00411020	add	r2,r2,r1
 1156  00001c78  50410001	slli	r1,r2,#0x1
 1157  00001c7c  afc1fff4	sw	-12(r30),r1
 1158  00001c80  0bffffc8	j	L64_LF2
 1159  00001c84  54000000	nop; delay slot nop
 1160  00001c88          	L65_LF2:
 1161  00001c88  54000000	nop
 1162  00001c8c          	L68_LF2:
 1163  00001c8c  8fc1fff4	lw	r1,-12(r30)
 1164  00001c90  2002000a	addi	r2,r0,#10
 1165  00001c94  00200035	movi2fp	f0,r1
 1166  00001c98  00400835	movi2fp	f1,r2
 1167  00001c9c  0401000f	div	f0,f0,f1
 1168  00001ca0  00000834	movfp2i	r1,f0
 1169  00001ca4  afc1fff4	sw	-12(r30),r1
 1170  00001ca8  8fc10004	lw	r1,4(r30)
 1171  00001cac  20220001	addi	r2,r1,#1
 1172  00001cb0  afc20004	sw	4(r30),r2
 1173  00001cb4  8fc20000	lw	r2,(r30)
 1174  00001cb8  8fc3fff4	lw	r3,-12(r30)
 1175  00001cbc  00400035	movi2fp	f0,r2
 1176  00001cc0  00600835	movi2fp	f1,r3
 1177  00001cc4  0401000f	div	f0,f0,f1
 1178  00001cc8  00001034	movfp2i	r2,f0
 1179  00001ccc  00021820	add	r3,r0,r2
 1180  00001cd0  20620030	addi	r2,r3,#48
 1181  00001cd4  a0220000	sb	(r1),r2
 1182  00001cd8  8fc10000	lw	r1,(r30)
 1183  00001cdc  8fc3fff4	lw	r3,-12(r30)
 1184  00001ce0  00200035	movi2fp	f0,r1
 1185  00001ce4  00600835	movi2fp	f1,r3
 1186  00001ce8  0401000f	div	f0,f0,f1
 1187  00001cec  00001034	movfp2i	r2,f0
 1188  00001cf0  8fc3fff4	lw	r3,-12(r30)
 1189  00001cf4  00400035	movi2fp	f0,r2
 1190  00001cf8  00600835	movi2fp	f1,r3
 1191  00001cfc  0401000e	mult	f0,f0,f1
 1192  00001d00  00001034	movfp2i	r2,f0
 1193  00001d04  00220822	sub	r1,r1,r2
 1194  00001d08  afc10000	sw	(r30),r1
 1195  00001d0c          	L70_LF2:
 1196  00001d0c  8fc1fff4	lw	r1,-12(r30)
 1197  00001d10  6c220001	sgti	r2,r1,#1
 1198  00001d14  1440000c	bnez	r2,L71_LF2
 1199  00001d18  54000000	nop; delay slot nop
 1200  00001d1c  0800000c	j	L61_LF2
 1201  00001d20  54000000	nop; delay slot nop
 1202  00001d24          	L71_LF2:
 1203  00001d24  0bffff64	j	L68_LF2
 1204  00001d28  54000000	nop; delay slot nop
 1205  00001d2c          	L69_LF2:
 1206  00001d2c          	L63_LF2:
 1207  00001d2c          	L61_LF2:
 1208  00001d2c  8fc10004	lw	r1,4(r30)
 1209  00001d30  20020000	addi	r2,r0,(#0x0)&0xff
 1210  00001d34  a0220000	sb	(r1),r2
 1211  00001d38          	L59_LF2:
 1212  00001d38  8fa20000	lw	r2,0(r29)
 1213  00001d3c  8fa30004	lw	r3,4(r29)
 1214  00001d40  8fdffff8	lw	r31,-8(r30)
 1215  00001d44  001ee820	add	r29,r0,r30
 1216  00001d48  8fdefffc	lw	r30,-4(r30)
 1217  00001d4c  4be00000	jr	r31
 1218  00001d50  54000000	nop
 1219  00001d54          	.endproc _ditoa
 1220  00001d54          	.align 2
 1221  00001d54          	.proc _dstrtol
 1222  00001d54          	.global _dstrtol
 1223  00001d54          	_dstrtol:
 1224                      ;  Function 'dstrtol'; 16 bytes of locals, 1 regs to save.
 1225  00001d54  afbefffc	sw	-4(r29),r30; push fp
 1226  00001d58  001df020	add	r30,r0,r29; fp = sp
 1227  00001d5c  afbffff8	sw	-8(r29),r31; push ret addr
 1228  00001d60  2fbd0020	subui	r29,r29,#32; alloc local storage
 1229  00001d64  afa20000	sw	0(r29),r2
 1230  00001d68  20010000	addi	r1,r0,#0
 1231  00001d6c  afc1fff4	sw	-12(r30),r1
 1232  00001d70          	L73_LF2:
 1233  00001d70  8fc10000	lw	r1,(r30)
 1234  00001d74  90220000	lbu	r2,(r1)
 1235  00001d78  60410020	seqi	r1,r2,#32
 1236  00001d7c  14200034	bnez	r1,L75_LF2
 1237  00001d80  54000000	nop; delay slot nop
 1238  00001d84  8fc10000	lw	r1,(r30)
 1239  00001d88  90220000	lbu	r2,(r1)
 1240  00001d8c  60410009	seqi	r1,r2,#9
 1241  00001d90  14200020	bnez	r1,L75_LF2
 1242  00001d94  54000000	nop; delay slot nop
 1243  00001d98  8fc10000	lw	r1,(r30)
 1244  00001d9c  90220000	lbu	r2,(r1)
 1245  00001da0  6041000a	seqi	r1,r2,#10
 1246  00001da4  1420000c	bnez	r1,L75_LF2
 1247  00001da8  54000000	nop; delay slot nop
 1248  00001dac  0800001c	j	L74_LF2
 1249  00001db0  54000000	nop; delay slot nop
 1250  00001db4          	L75_LF2:
 1251  00001db4  8fc20000	lw	r2,(r30)
 1252  00001db8  20410001	addi	r1,r2,#1
 1253  00001dbc  00011020	add	r2,r0,r1
 1254  00001dc0  afc20000	sw	(r30),r2
 1255  00001dc4  0bffffa8	j	L73_LF2
 1256  00001dc8  54000000	nop; delay slot nop
 1257  00001dcc          	L74_LF2:
 1258  00001dcc  8fc10004	lw	r1,4(r30)
 1259  00001dd0  64220000	snei	r2,r1,#0
 1260  00001dd4  10400010	beqz	r2,L76_LF2
 1261  00001dd8  54000000	nop; delay slot nop
 1262  00001ddc  8fc10004	lw	r1,4(r30)
 1263  00001de0  8fc20000	lw	r2,(r30)
 1264  00001de4  ac220000	sw	(r1),r2
 1265  00001de8          	L76_LF2:
 1266  00001de8  8fc10000	lw	r1,(r30)
 1267  00001dec  90220000	lbu	r2,(r1)
 1268  00001df0  64410000	snei	r1,r2,#0
 1269  00001df4  14200010	bnez	r1,L77_LF2
 1270  00001df8  54000000	nop; delay slot nop
 1271  00001dfc  8fc1fff4	lw	r1,-12(r30)
 1272  00001e00  08000294	j	L72_LF2
 1273  00001e04  54000000	nop; delay slot nop
 1274  00001e08          	L77_LF2:
 1275  00001e08  8fc10000	lw	r1,(r30)
 1276  00001e0c  90220000	lbu	r2,(r1)
 1277  00001e10  6041002d	seqi	r1,r2,#45
 1278  00001e14  10200024	beqz	r1,L78_LF2
 1279  00001e18  54000000	nop; delay slot nop
 1280  00001e1c  2001ffff	addi	r1,r0,#-1
 1281  00001e20  afc1ffec	sw	-20(r30),r1
 1282  00001e24  8fc20000	lw	r2,(r30)
 1283  00001e28  20410001	addi	r1,r2,#1
 1284  00001e2c  00011020	add	r2,r0,r1
 1285  00001e30  afc20000	sw	(r30),r2
 1286  00001e34  0800000c	j	L79_LF2
 1287  00001e38  54000000	nop; delay slot nop
 1288  00001e3c          	L78_LF2:
 1289  00001e3c  20010001	addi	r1,r0,#1
 1290  00001e40  afc1ffec	sw	-20(r30),r1
 1291  00001e44          	L79_LF2:
 1292  00001e44  8fc10008	lw	r1,8(r30)
 1293  00001e48  64220000	snei	r2,r1,#0
 1294  00001e4c  14400090	bnez	r2,L80_LF2
 1295  00001e50  54000000	nop; delay slot nop
 1296  00001e54  8fc10000	lw	r1,(r30)
 1297  00001e58  90220000	lbu	r2,(r1)
 1298  00001e5c  60410030	seqi	r1,r2,#48
 1299  00001e60  10200074	beqz	r1,L81_LF2
 1300  00001e64  54000000	nop; delay slot nop
 1301  00001e68  8fc20000	lw	r2,(r30)
 1302  00001e6c  20410001	addi	r1,r2,#1
 1303  00001e70  00011020	add	r2,r0,r1
 1304  00001e74  afc20000	sw	(r30),r2
 1305  00001e78  8fc10000	lw	r1,(r30)
 1306  00001e7c  90220000	lbu	r2,(r1)
 1307  00001e80  60410078	seqi	r1,r2,#120
 1308  00001e84  14200020	bnez	r1,L83_LF2
 1309  00001e88  54000000	nop; delay slot nop
 1310  00001e8c  8fc10000	lw	r1,(r30)
 1311  00001e90  90220000	lbu	r2,(r1)
 1312  00001e94  60410058	seqi	r1,r2,#88
 1313  00001e98  1420000c	bnez	r1,L83_LF2
 1314  00001e9c  54000000	nop; delay slot nop
 1315  00001ea0  08000024	j	L82_LF2
 1316  00001ea4  54000000	nop; delay slot nop
 1317  00001ea8          	L83_LF2:
 1318  00001ea8  20010010	addi	r1,r0,#16
 1319  00001eac  afc10008	sw	8(r30),r1
 1320  00001eb0  8fc20000	lw	r2,(r30)
 1321  00001eb4  20410001	addi	r1,r2,#1
 1322  00001eb8  00011020	add	r2,r0,r1
 1323  00001ebc  afc20000	sw	(r30),r2
 1324  00001ec0  0800000c	j	L84_LF2
 1325  00001ec4  54000000	nop; delay slot nop
 1326  00001ec8          	L82_LF2:
 1327  00001ec8  20010008	addi	r1,r0,#8
 1328  00001ecc  afc10008	sw	8(r30),r1
 1329  00001ed0          	L84_LF2:
 1330  00001ed0  0800000c	j	L80_LF2
 1331  00001ed4  54000000	nop; delay slot nop
 1332  00001ed8          	L81_LF2:
 1333  00001ed8  2001000a	addi	r1,r0,#10
 1334  00001edc  afc10008	sw	8(r30),r1
 1335  00001ee0          	L85_LF2:
 1336  00001ee0          	L80_LF2:
 1337  00001ee0  8fc10008	lw	r1,8(r30)
 1338  00001ee4  70220000	slei	r2,r1,#0
 1339  00001ee8  1440001c	bnez	r2,L87_LF2
 1340  00001eec  54000000	nop; delay slot nop
 1341  00001ef0  8fc10008	lw	r1,8(r30)
 1342  00001ef4  6c220010	sgti	r2,r1,#16
 1343  00001ef8  1440000c	bnez	r2,L87_LF2
 1344  00001efc  54000000	nop; delay slot nop
 1345  00001f00  08000010	j	L86_LF2
 1346  00001f04  54000000	nop; delay slot nop
 1347  00001f08          	L87_LF2:
 1348  00001f08  8fc1fff4	lw	r1,-12(r30)
 1349  00001f0c  08000188	j	L72_LF2
 1350  00001f10  54000000	nop; delay slot nop
 1351  00001f14          	L86_LF2:
 1352  00001f14  54000000	nop
 1353  00001f18          	L88_LF2:
 1354  00001f18  8fc10000	lw	r1,(r30)
 1355  00001f1c  90220000	lbu	r2,(r1)
 1356  00001f20  6c41002f	sgtui	r1,r2,#47
 1357  00001f24  10200030	beqz	r1,L91_LF2
 1358  00001f28  54000000	nop; delay slot nop
 1359  00001f2c  8fc10000	lw	r1,(r30)
 1360  00001f30  90220000	lbu	r2,(r1)
 1361  00001f34  70410039	sleui	r1,r2,#57
 1362  00001f38  1020001c	beqz	r1,L91_LF2
 1363  00001f3c  54000000	nop; delay slot nop
 1364  00001f40  8fc10000	lw	r1,(r30)
 1365  00001f44  90220000	lbu	r2,(r1)
 1366  00001f48  2041ffd0	addi	r1,r2,#-48
 1367  00001f4c  afc1fff0	sw	-16(r30),r1
 1368  00001f50  0800008c	j	L92_LF2
 1369  00001f54  54000000	nop; delay slot nop
 1370  00001f58          	L91_LF2:
 1371  00001f58  8fc10000	lw	r1,(r30)
 1372  00001f5c  90220000	lbu	r2,(r1)
 1373  00001f60  6c410060	sgtui	r1,r2,#96
 1374  00001f64  10200030	beqz	r1,L93_LF2
 1375  00001f68  54000000	nop; delay slot nop
 1376  00001f6c  8fc10000	lw	r1,(r30)
 1377  00001f70  90220000	lbu	r2,(r1)
 1378  00001f74  7041007a	sleui	r1,r2,#122
 1379  00001f78  1020001c	beqz	r1,L93_LF2
 1380  00001f7c  54000000	nop; delay slot nop
 1381  00001f80  8fc10000	lw	r1,(r30)
 1382  00001f84  90220000	lbu	r2,(r1)
 1383  00001f88  2041ffa9	addi	r1,r2,#-87
 1384  00001f8c  afc1fff0	sw	-16(r30),r1
 1385  00001f90  0800004c	j	L92_LF2
 1386  00001f94  54000000	nop; delay slot nop
 1387  00001f98          	L93_LF2:
 1388  00001f98  8fc10000	lw	r1,(r30)
 1389  00001f9c  90220000	lbu	r2,(r1)
 1390  00001fa0  6c410040	sgtui	r1,r2,#64
 1391  00001fa4  10200030	beqz	r1,L95_LF2
 1392  00001fa8  54000000	nop; delay slot nop
 1393  00001fac  8fc10000	lw	r1,(r30)
 1394  00001fb0  90220000	lbu	r2,(r1)
 1395  00001fb4  7041005a	sleui	r1,r2,#90
 1396  00001fb8  1020001c	beqz	r1,L95_LF2
 1397  00001fbc  54000000	nop; delay slot nop
 1398  00001fc0  8fc10000	lw	r1,(r30)
 1399  00001fc4  90220000	lbu	r2,(r1)
 1400  00001fc8  2041ffc9	addi	r1,r2,#-55
 1401  00001fcc  afc1fff0	sw	-16(r30),r1
 1402  00001fd0  0800000c	j	L92_LF2
 1403  00001fd4  54000000	nop; delay slot nop
 1404  00001fd8          	L95_LF2:
 1405  00001fd8  200103e8	addi	r1,r0,#1000
 1406  00001fdc  afc1fff0	sw	-16(r30),r1
 1407  00001fe0          	L96_LF2:
 1408  00001fe0          	L94_LF2:
 1409  00001fe0          	L92_LF2:
 1410  00001fe0  8fc1fff0	lw	r1,-16(r30)
 1411  00001fe4  8fc20008	lw	r2,8(r30)
 1412  00001fe8  0022082a	slt	r1,r1,r2
 1413  00001fec  10200040	beqz	r1,L90_LF2
 1414  00001ff0  54000000	nop; delay slot nop
 1415  00001ff4  8fc1fff4	lw	r1,-12(r30)
 1416  00001ff8  8fc20008	lw	r2,8(r30)
 1417  00001ffc  00200035	movi2fp	f0,r1
 1418  00002000  00400835	movi2fp	f1,r2
 1419  00002004  0401000e	mult	f0,f0,f1
 1420  00002008  00000834	movfp2i	r1,f0
 1421  0000200c  afc1fff4	sw	-12(r30),r1
 1422  00002010  8fc1fff4	lw	r1,-12(r30)
 1423  00002014  8fc2fff0	lw	r2,-16(r30)
 1424  00002018  00220820	add	r1,r1,r2
 1425  0000201c  afc1fff4	sw	-12(r30),r1
 1426  00002020  8fc20000	lw	r2,(r30)
 1427  00002024  20410001	addi	r1,r2,#1
 1428  00002028  00011020	add	r2,r0,r1
 1429  0000202c  afc20000	sw	(r30),r2
 1430  00002030          	L97_LF2:
 1431  00002030          	L90_LF2:
 1432  00002030  8fc1fff0	lw	r1,-16(r30)
 1433  00002034  8fc20008	lw	r2,8(r30)
 1434  00002038  0022082a	slt	r1,r1,r2
 1435  0000203c  1420000c	bnez	r1,L98_LF2
 1436  00002040  54000000	nop; delay slot nop
 1437  00002044  0800000c	j	L89_LF2
 1438  00002048  54000000	nop; delay slot nop
 1439  0000204c          	L98_LF2:
 1440  0000204c  0bfffec8	j	L88_LF2
 1441  00002050  54000000	nop; delay slot nop
 1442  00002054          	L89_LF2:
 1443  00002054  8fc10004	lw	r1,4(r30)
 1444  00002058  64220000	snei	r2,r1,#0
 1445  0000205c  10400010	beqz	r2,L99_LF2
 1446  00002060  54000000	nop; delay slot nop
 1447  00002064  8fc10004	lw	r1,4(r30)
 1448  00002068  8fc20000	lw	r2,(r30)
 1449  0000206c  ac220000	sw	(r1),r2
 1450  00002070          	L99_LF2:
 1451  00002070  8fc1fff4	lw	r1,-12(r30)
 1452  00002074  8fc2ffec	lw	r2,-20(r30)
 1453  00002078  00200035	movi2fp	f0,r1
 1454  0000207c  00400835	movi2fp	f1,r2
 1455  00002080  0401000e	mult	f0,f0,f1
 1456  00002084  00000834	movfp2i	r1,f0
 1457  00002088  afc1fff4	sw	-12(r30),r1
 1458  0000208c  8fc1fff4	lw	r1,-12(r30)
 1459  00002090  08000004	j	L72_LF2
 1460  00002094  54000000	nop; delay slot nop
 1461  00002098          	L72_LF2:
 1462  00002098  8fa20000	lw	r2,0(r29)
 1463  0000209c  8fdffff8	lw	r31,-8(r30)
 1464  000020a0  001ee820	add	r29,r0,r30
 1465  000020a4  8fdefffc	lw	r30,-4(r30)
 1466  000020a8  4be00000	jr	r31
 1467  000020ac  54000000	nop
 1468  000020b0          	.endproc _dstrtol
 1469  000020b0          	.align 2
 1470  000020b0          	.proc _bcopy
 1471  000020b0          	.global _bcopy
 1472  000020b0          	_bcopy:
 1473                      ;  Function 'bcopy'; 0 bytes of locals, 2 regs to save.
 1474  000020b0  afbefffc	sw	-4(r29),r30; push fp
 1475  000020b4  001df020	add	r30,r0,r29; fp = sp
 1476  000020b8  afbffff8	sw	-8(r29),r31; push ret addr
 1477  000020bc  2fbd0010	subui	r29,r29,#16; alloc local storage
 1478  000020c0  afa20000	sw	0(r29),r2
 1479  000020c4  afa30004	sw	4(r29),r3
 1480  000020c8  54000000	nop
 1481  000020cc          	L101_LF2:
 1482  000020cc  8fc10008	lw	r1,8(r30)
 1483  000020d0  2022ffff	addi	r2,r1,#-1
 1484  000020d4  afc20008	sw	8(r30),r2
 1485  000020d8  6c210000	sgti	r1,r1,#0
 1486  000020dc  1420000c	bnez	r1,L103_LF2
 1487  000020e0  54000000	nop; delay slot nop
 1488  000020e4  0800002c	j	L102_LF2
 1489  000020e8  54000000	nop; delay slot nop
 1490  000020ec          	L103_LF2:
 1491  000020ec  8fc10004	lw	r1,4(r30)
 1492  000020f0  20220001	addi	r2,r1,#1
 1493  000020f4  afc20004	sw	4(r30),r2
 1494  000020f8  8fc20000	lw	r2,(r30)
 1495  000020fc  20430001	addi	r3,r2,#1
 1496  00002100  afc30000	sw	(r30),r3
 1497  00002104  80420000	lb	r2,(r2)
 1498  00002108  a0220000	sb	(r1),r2
 1499  0000210c  0bffffbc	j	L101_LF2
 1500  00002110  54000000	nop; delay slot nop
 1501  00002114          	L102_LF2:
 1502  00002114          	L100_LF2:
 1503  00002114  8fa20000	lw	r2,0(r29)
 1504  00002118  8fa30004	lw	r3,4(r29)
 1505  0000211c  8fdffff8	lw	r31,-8(r30)
 1506  00002120  001ee820	add	r29,r0,r30
 1507  00002124  8fdefffc	lw	r30,-4(r30)
 1508  00002128  4be00000	jr	r31
 1509  0000212c  54000000	nop
 1510  00002130          	.endproc _bcopy
 1511  00002130          	.align 2
 1512  00002130          	.proc _bzero
 1513  00002130          	.global _bzero
 1514  00002130          	_bzero:
 1515                      ;  Function 'bzero'; 0 bytes of locals, 1 regs to save.
 1516  00002130  afbefffc	sw	-4(r29),r30; push fp
 1517  00002134  001df020	add	r30,r0,r29; fp = sp
 1518  00002138  afbffff8	sw	-8(r29),r31; push ret addr
 1519  0000213c  2fbd0010	subui	r29,r29,#16; alloc local storage
 1520  00002140  afa20000	sw	0(r29),r2
 1521  00002144  54000000	nop
 1522  00002148          	L105_LF2:
 1523  00002148  8fc10004	lw	r1,4(r30)
 1524  0000214c  2022ffff	addi	r2,r1,#-1
 1525  00002150  afc20004	sw	4(r30),r2
 1526  00002154  6c210000	sgti	r1,r1,#0
 1527  00002158  1420000c	bnez	r1,L107_LF2
 1528  0000215c  54000000	nop; delay slot nop
 1529  00002160  08000020	j	L106_LF2
 1530  00002164  54000000	nop; delay slot nop
 1531  00002168          	L107_LF2:
 1532  00002168  8fc10000	lw	r1,(r30)
 1533  0000216c  20220001	addi	r2,r1,#1
 1534  00002170  afc20000	sw	(r30),r2
 1535  00002174  20020000	addi	r2,r0,(#0x0)&0xff
 1536  00002178  a0220000	sb	(r1),r2
 1537  0000217c  0bffffc8	j	L105_LF2
 1538  00002180  54000000	nop; delay slot nop
 1539  00002184          	L106_LF2:
 1540  00002184          	L104_LF2:
 1541  00002184  8fa20000	lw	r2,0(r29)
 1542  00002188  8fdffff8	lw	r31,-8(r30)
 1543  0000218c  001ee820	add	r29,r0,r30
 1544  00002190  8fdefffc	lw	r30,-4(r30)
 1545  00002194  4be00000	jr	r31
 1546  00002198  54000000	nop
 1547  0000219c          	.endproc _bzero
 1548  0000219c          	.align 2
 1549  0000219c          	.proc _min
 1550  0000219c          	.global _min
 1551  0000219c          	_min:
 1552                      ;  Function 'min'; 0 bytes of locals, 2 regs to save.
 1553  0000219c  afbefffc	sw	-4(r29),r30; push fp
 1554  000021a0  001df020	add	r30,r0,r29; fp = sp
 1555  000021a4  afbffff8	sw	-8(r29),r31; push ret addr
 1556  000021a8  2fbd0010	subui	r29,r29,#16; alloc local storage
 1557  000021ac  afa20000	sw	0(r29),r2
 1558  000021b0  afa30004	sw	4(r29),r3
 1559  000021b4  8fc10000	lw	r1,(r30)
 1560  000021b8  8fc20004	lw	r2,4(r30)
 1561  000021bc  0022182c	sle	r3,r1,r2
 1562  000021c0  14600008	bnez	r3,L109_LF2
 1563  000021c4  54000000	nop; delay slot nop
 1564  000021c8  8fc10004	lw	r1,4(r30)
 1565  000021cc          	L109_LF2:
 1566  000021cc  08000004	j	L108_LF2
 1567  000021d0  54000000	nop; delay slot nop
 1568  000021d4          	L108_LF2:
 1569  000021d4  8fa20000	lw	r2,0(r29)
 1570  000021d8  8fa30004	lw	r3,4(r29)
 1571  000021dc  8fdffff8	lw	r31,-8(r30)
 1572  000021e0  001ee820	add	r29,r0,r30
 1573  000021e4  8fdefffc	lw	r30,-4(r30)
 1574  000021e8  4be00000	jr	r31
 1575  000021ec  54000000	nop
 1576  000021f0          	.endproc _min
 1577  000021f0          	.align 2
 1578  000021f0          	.proc _max
 1579  000021f0          	.global _max
 1580  000021f0          	_max:
 1581                      ;  Function 'max'; 0 bytes of locals, 2 regs to save.
 1582  000021f0  afbefffc	sw	-4(r29),r30; push fp
 1583  000021f4  001df020	add	r30,r0,r29; fp = sp
 1584  000021f8  afbffff8	sw	-8(r29),r31; push ret addr
 1585  000021fc  2fbd0010	subui	r29,r29,#16; alloc local storage
 1586  00002200  afa20000	sw	0(r29),r2
 1587  00002204  afa30004	sw	4(r29),r3
 1588  00002208  8fc10000	lw	r1,(r30)
 1589  0000220c  8fc20004	lw	r2,4(r30)
 1590  00002210  0022182d	sge	r3,r1,r2
 1591  00002214  14600008	bnez	r3,L111_LF2
 1592  00002218  54000000	nop; delay slot nop
 1593  0000221c  8fc10004	lw	r1,4(r30)
 1594  00002220          	L111_LF2:
 1595  00002220  08000004	j	L110_LF2
 1596  00002224  54000000	nop; delay slot nop
 1597  00002228          	L110_LF2:
 1598  00002228  8fa20000	lw	r2,0(r29)
 1599  0000222c  8fa30004	lw	r3,4(r29)
 1600  00002230  8fdffff8	lw	r31,-8(r30)
 1601  00002234  001ee820	add	r29,r0,r30
 1602  00002238  8fdefffc	lw	r30,-4(r30)
 1603  0000223c  4be00000	jr	r31
 1604  00002240  54000000	nop
 1605  00002244          	.endproc _max
 1606                      ;;; Ethan L. Miller, 1999.  Released to the public domain
 1607                      ;;;
 1608                      ;;; Most of the traps are called in files from libtraps.
 1611  00002244          	.align 2
 1612  00002244          	.proc _exit
 1613  00002244          	.global _exit
 1614  00002244          	_exit:
 1615  00002244  44000300	trap	#0x300
 1616  00002248  4be00000	jr	r31
 1617  0000224c  54000000	nop
 1618  00002250          	.endproc _exit
 1620                      ; for the benefit of gcc.
 1621  00002250          	.proc ___main
 1622  00002250          	.global ___main
 1623  00002250          	___main:
 1624  00002250  4be00000	jr	r31
 1625  00002254  54000000	nop
 1626  00002258          	.endproc ___main
 1627  00002258          	.text
 1628  00002258          	.global _etext
 1629  00002258          	_etext:
 1630  00002258          	.align 3
 1631  00002258          	.data
 1632  00003117          	.global _edata
 1633  00003117          	_edata:
