 line   address	contents
    1                      ; Linked by DLX-LD.
    2                      ; MemSize 24576
    3                      ; Data size: 373
    4                      ; Text size: 5492
    5                      ; Stack size: 8192
    6  00000000          	.text 0x1000
    7  00001000          	.data 0x3000
    8                      ; Compiled by GCC
    9  00003000          	.text
   10  00001000          	.align 2
   11  00001000          	.proc _isspace
   12  00001000          	.global _isspace
   13  00001000          	_isspace:
   14                      ;  Function 'isspace'; 0 bytes of locals, 1 regs to save.
   15  00001000  afbefffc	sw	-4(r29),r30; push fp
   16  00001004  001df020	add	r30,r0,r29; fp = sp
   17  00001008  afbffff8	sw	-8(r29),r31; push ret addr
   18  0000100c  2fbd0010	subui	r29,r29,#16; alloc local storage
   19  00001010  afa20000	sw	0(r29),r2
   20  00001014  83c20003	lb	r2,3(r30)
   21  00001018  201f0000	addi	r31,r0,#0
   22  0000101c  304100ff	andi	r1,r2,#0x00ff
   23  00001020  60210020	seqi	r1,r1,#32
   24  00001024  14200018	bnez	r1,L6_LF0
   25  00001028  54000000	nop; not filled.
   26  0000102c  2041fff7	addi	r1,r2,#-9
   27  00001030  302100ff	andi	r1,r1,#0x00ff
   28  00001034  70210001	sleui	r1,r1,#1
   29  00001038  10200008	beqz	r1,L5_LF0
   30  0000103c  54000000	nop; not filled.
   31  00001040          	L6_LF0:
   32  00001040  201f0001	addi	r31,r0,#1
   33  00001044          	L5_LF0:
   34  00001044  001f0820	add	r1,r0,r31
   35  00001048  8fa20000	lw	r2,0(r29)
   36  0000104c  8fdffff8	lw	r31,-8(r30)
   37  00001050  001ee820	add	r29,r0,r30
   38  00001054  8fdefffc	lw	r30,-4(r30)
   39  00001058  4be00000	jr	r31
   40  0000105c  54000000	nop
   41  00001060          	.endproc _isspace
   42  00001060          	.align 2
   43  00001060          	.proc _isxdigit
   44  00001060          	.global _isxdigit
   45  00001060          	_isxdigit:
   46                      ;  Function 'isxdigit'; 0 bytes of locals, 1 regs to save.
   47  00001060  afbefffc	sw	-4(r29),r30; push fp
   48  00001064  001df020	add	r30,r0,r29; fp = sp
   49  00001068  afbffff8	sw	-8(r29),r31; push ret addr
   50  0000106c  2fbd0010	subui	r29,r29,#16; alloc local storage
   51  00001070  afa20000	sw	0(r29),r2
   52  00001074  83df0003	lb	r31,3(r30)
   53  00001078  20020000	addi	r2,r0,#0
   54  0000107c  23e1ffd0	addi	r1,r31,#-48
   55  00001080  302100ff	andi	r1,r1,#0x00ff
   56  00001084  70210009	sleui	r1,r1,#9
   57  00001088  14200028	bnez	r1,L12_LF0
   58  0000108c  54000000	nop; not filled.
   59  00001090  23e1ff9f	addi	r1,r31,#-97
   60  00001094  302100ff	andi	r1,r1,#0x00ff
   61  00001098  70210005	sleui	r1,r1,#5
   62  0000109c  14200014	bnez	r1,L12_LF0
   63  000010a0  54000000	nop; not filled.
   64  000010a4  33e100ff	andi	r1,r31,#0x00ff
   65  000010a8  64210041	snei	r1,r1,#65
   66  000010ac  14200008	bnez	r1,L11_LF0
   67  000010b0  54000000	nop; not filled.
   68  000010b4          	L12_LF0:
   69  000010b4  20020001	addi	r2,r0,#1
   70  000010b8          	L11_LF0:
   71  000010b8  00020820	add	r1,r0,r2
   72  000010bc  8fa20000	lw	r2,0(r29)
   73  000010c0  8fdffff8	lw	r31,-8(r30)
   74  000010c4  001ee820	add	r29,r0,r30
   75  000010c8  8fdefffc	lw	r30,-4(r30)
   76  000010cc  4be00000	jr	r31
   77  000010d0  54000000	nop
   78  000010d4          	.endproc _isxdigit
   79  000010d4          	.data
   80  00003000          	.align 2
   81  00003000          	LC0_LF0:
   82  00003000  4e3200  	.ascii "N2\000"
   83  00003003          	.align 2
   84  00003004          	LC1_LF0:
   85  00003004  4f3200  	.ascii "O2\000"
   86  00003007          	.align 2
   87  00003008          	LC2_LF0:
   88  00003008  55736167	.ascii "Usage: \000"
   88  0000300c  653a2000	
   89  00003010          	.align 2
   90  00003010          	LC3_LF0:
   91  00003010  203c6861	.ascii " <handle_to_shared_memory_page> <handle_to_page_mapped_semaphore>\n\000"
   91  00003014  6e646c65	
   91  00003018  5f746f5f	
   91  0000301c  73686172	
   91  00003020  65645f6d	
   91  00003024  656d6f72	
   91  00003028  795f7061	
   91  0000302c  67653e20	
   91  00003030  3c68616e	
   91  00003034  646c655f	
   91  00003038  746f5f70	
   91  0000303c  6167655f	
   91  00003040  6d617070	
   91  00003044  65645f73	
   91  00003048  656d6170	
   91  0000304c  686f7265	
   91  00003050  3e0a00  	
   92  00003053          	.align 2
   93  00003054          	LC4_LF0:
   94  00003054  73706177	.ascii "spawn_me (%d): Could not open the mailbox!\n\000"
   94  00003058  6e5f6d65	
   94  0000305c  20282564	
   94  00003060  293a2043	
   94  00003064  6f756c64	
   94  00003068  206e6f74	
   94  0000306c  206f7065	
   94  00003070  6e207468	
   94  00003074  65206d61	
   94  00003078  696c626f	
   94  0000307c  78210a00	
   95  00003080          	.align 2
   96  00003080          	LC5_LF0:
   97  00003080  73706177	.ascii "spawn_me (%d): Could not map the virtual address to the memory!\n\000"
   97  00003084  6e5f6d65	
   97  00003088  20282564	
   97  0000308c  293a2043	
   97  00003090  6f756c64	
   97  00003094  206e6f74	
   97  00003098  206d6170	
   97  0000309c  20746865	
   97  000030a0  20766972	
   97  000030a4  7475616c	
   97  000030a8  20616464	
   97  000030ac  72657373	
   97  000030b0  20746f20	
   97  000030b4  74686520	
   97  000030b8  6d656d6f	
   97  000030bc  7279210a	
   97  000030c0  00      	
   98  000030c1          	.align 2
   99  000030c4          	LC6_LF0:
  100  000030c4  436f756c	.ascii "Could not send message to mailbox %d in %s (%d)\n\000"
  100  000030c8  64206e6f	
  100  000030cc  74207365	
  100  000030d0  6e64206d	
  100  000030d4  65737361	
  100  000030d8  67652074	
  100  000030dc  6f206d61	
  100  000030e0  696c626f	
  100  000030e4  78202564	
  100  000030e8  20696e20	
  100  000030ec  25732028	
  100  000030f0  2564290a	
  100  000030f4  00      	
  101  000030f5          	.align 2
  102  000030f8          	LC7_LF0:
  103  000030f8  6d616b65	.ascii "makeprocs (%d): Could not open mailbox %d!\n\000"
  103  000030fc  70726f63	
  103  00003100  73202825	
  103  00003104  64293a20	
  103  00003108  436f756c	
  103  0000310c  64206e6f	
  103  00003110  74206f70	
  103  00003114  656e206d	
  103  00003118  61696c62	
  103  0000311c  6f782025	
  103  00003120  64210a00	
  104  00003124          	.align 2
  105  00003124          	LC8_LF0:
  106  00003124  42616420	.ascii "Bad semaphore s_procs_completed (%d) in \000"
  106  00003128  73656d61	
  106  0000312c  70686f72	
  106  00003130  6520735f	
  106  00003134  70726f63	
  106  00003138  735f636f	
  106  0000313c  6d706c65	
  106  00003140  74656420	
  106  00003144  28256429	
  106  00003148  20696e20	
  106  0000314c  00      	
  107  0000314d          	.align 2
  108  00003150          	LC9_LF0:
  109  00003150  2c206578	.ascii ", exiting...\n\000"
  109  00003154  6974696e	
  109  00003158  672e2e2e	
  109  0000315c  0a00    	
  110  0000315e          	.align 2
  111  00003160          	LC10_LF0:
  112  00003160  52656163	.ascii "Reaction: 1 PID: %d\n\000"
  112  00003164  74696f6e	
  112  00003168  3a203120	
  112  0000316c  5049443a	
  112  00003170  2025640a	
  112  00003174  00      	
  113  00003175          	.text
  114  000010d4          	.align 2
  115  000010d4          	.proc _main
  116  000010d4          	.global _main
  117  000010d4          	_main:
  118                      ;  Function 'main'; 48 bytes of locals, 0 regs to save.
  119  000010d4  afbefffc	sw	-4(r29),r30; push fp
  120  000010d8  001df020	add	r30,r0,r29; fp = sp
  121  000010dc  afbffff8	sw	-8(r29),r31; push ret addr
  122  000010e0  2fbd0038	subui	r29,r29,#56; alloc local storage
  123  000010e4  8fc20000	lw	r2,(r30)
  124  000010e8  8fc60004	lw	r6,4(r30)
  125  000010ec  0c00147c	jal	___main
  126  000010f0  54000000	nop; not filled.
  127  000010f4  3c010000	lhi	r1,((LC0_LF0)>>16)&0xffff
  128  000010f8  24213000	addui	r1,r1,(LC0_LF0)&0xffff
  129  000010fc  80280000	lb	r8,(r1)
  130  00001100  a3c8ffd8	sb	-40(r30),r8
  131  00001104  80280001	lb	r8,1(r1)
  132  00001108  a3c8ffd9	sb	-39(r30),r8
  133  0000110c  80210002	lb	r1,2(r1)
  134  00001110  a3c1ffda	sb	-38(r30),r1
  135  00001114  23c1ffdb	addi	r1,r30,#-37
  136  00001118  23bdfff8	addi	r29,r29,#-8
  137  0000111c  afa10000	sw	(r29),r1
  138  00001120  20080007	addi	r8,r0,#7
  139  00001124  afa80004	sw	4(r29),r8
  140  00001128  0c001320	jal	_bzero
  141  0000112c  54000000	nop; not filled.
  142  00001130  23bd0008	addi	r29,r29,#8
  143  00001134  3c010000	lhi	r1,((LC1_LF0)>>16)&0xffff
  144  00001138  24213004	addui	r1,r1,(LC1_LF0)&0xffff
  145  0000113c  80280000	lb	r8,(r1)
  146  00001140  a3c8ffc8	sb	-56(r30),r8
  147  00001144  80280001	lb	r8,1(r1)
  148  00001148  a3c8ffc9	sb	-55(r30),r8
  149  0000114c  80210002	lb	r1,2(r1)
  150  00001150  a3c1ffca	sb	-54(r30),r1
  151  00001154  23c1ffcb	addi	r1,r30,#-53
  152  00001158  23bdfff8	addi	r29,r29,#-8
  153  0000115c  afa10000	sw	(r29),r1
  154  00001160  20080007	addi	r8,r0,#7
  155  00001164  afa80004	sw	4(r29),r8
  156  00001168  0c0012e0	jal	_bzero
  157  0000116c  54000000	nop; not filled.
  158  00001170  23bd0008	addi	r29,r29,#8
  159  00001174  64410005	snei	r1,r2,#5
  160  00001178  1020004c	beqz	r1,L14_LF0
  161  0000117c  54000000	nop; not filled.
  162  00001180  23bdfff8	addi	r29,r29,#-8
  163  00001184  3c080000	lhi	r8,((LC2_LF0)>>16)&0xffff
  164  00001188  25083008	addui	r8,r8,(LC2_LF0)&0xffff
  165  0000118c  afa80000	sw	(r29),r8
  166  00001190  0c000528	jal	_Printf
  167  00001194  54000000	nop; not filled.
  168  00001198  8cc80000	lw	r8,(r6)
  169  0000119c  afa80000	sw	(r29),r8
  170  000011a0  0c000518	jal	_Printf
  171  000011a4  54000000	nop; not filled.
  172  000011a8  3c080000	lhi	r8,((LC3_LF0)>>16)&0xffff
  173  000011ac  25083010	addui	r8,r8,(LC3_LF0)&0xffff
  174  000011b0  afa80000	sw	(r29),r8
  175  000011b4  0c000504	jal	_Printf
  176  000011b8  54000000	nop; not filled.
  177  000011bc  0c000604	jal	_Exit
  178  000011c0  54000000	nop; not filled.
  179  000011c4  23bd0008	addi	r29,r29,#8
  180  000011c8          	L14_LF0:
  181  000011c8  23bdfff0	addi	r29,r29,#-16
  182  000011cc  8cc80004	lw	r8,4(r6)
  183  000011d0  afa80000	sw	(r29),r8
  184  000011d4  20080000	addi	r8,r0,#0
  185  000011d8  afa80004	sw	4(r29),r8
  186  000011dc  2008000a	addi	r8,r0,#10
  187  000011e0  afa80008	sw	8(r29),r8
  188  000011e4  0c000e88	jal	_dstrtol
  189  000011e8  54000000	nop; not filled.
  190  000011ec  00011820	add	r3,r0,r1
  191  000011f0  8cc80008	lw	r8,8(r6)
  192  000011f4  afa80000	sw	(r29),r8
  193  000011f8  20080000	addi	r8,r0,#0
  194  000011fc  afa80004	sw	4(r29),r8
  195  00001200  2008000a	addi	r8,r0,#10
  196  00001204  afa80008	sw	8(r29),r8
  197  00001208  0c000e64	jal	_dstrtol
  198  0000120c  54000000	nop; not filled.
  199  00001210  00012020	add	r4,r0,r1
  200  00001214  8cc8000c	lw	r8,12(r6)
  201  00001218  afa80000	sw	(r29),r8
  202  0000121c  20080000	addi	r8,r0,#0
  203  00001220  afa80004	sw	4(r29),r8
  204  00001224  2008000a	addi	r8,r0,#10
  205  00001228  afa80008	sw	8(r29),r8
  206  0000122c  0c000e40	jal	_dstrtol
  207  00001230  54000000	nop; not filled.
  208  00001234  00012820	add	r5,r0,r1
  209  00001238  8cc80010	lw	r8,16(r6)
  210  0000123c  afa80000	sw	(r29),r8
  211  00001240  20080000	addi	r8,r0,#0
  212  00001244  afa80004	sw	4(r29),r8
  213  00001248  2008000a	addi	r8,r0,#10
  214  0000124c  afa80008	sw	8(r29),r8
  215  00001250  0c000e1c	jal	_dstrtol
  216  00001254  54000000	nop; not filled.
  217  00001258  00013820	add	r7,r0,r1
  218  0000125c  afa30000	sw	(r29),r3
  219  00001260  0c000518	jal	_mbox_open
  220  00001264  54000000	nop; not filled.
  221  00001268  23bd0010	addi	r29,r29,#16
  222  0000126c  6021ffff	seqi	r1,r1,#-1
  223  00001270  10200034	beqz	r1,L15_LF0
  224  00001274  54000000	nop; not filled.
  225  00001278  0c00044c	jal	_getpid
  226  0000127c  54000000	nop; not filled.
  227  00001280  23bdfff8	addi	r29,r29,#-8
  228  00001284  3c080000	lhi	r8,((LC4_LF0)>>16)&0xffff
  229  00001288  25083054	addui	r8,r8,(LC4_LF0)&0xffff
  230  0000128c  afa80000	sw	(r29),r8
  231  00001290  afa10004	sw	4(r29),r1
  232  00001294  0c000424	jal	_Printf
  233  00001298  54000000	nop; not filled.
  234  0000129c  0c000524	jal	_Exit
  235  000012a0  54000000	nop; not filled.
  236  000012a4  23bd0008	addi	r29,r29,#8
  237  000012a8          	L15_LF0:
  238  000012a8  23bdfff8	addi	r29,r29,#-8
  239  000012ac  afa40000	sw	(r29),r4
  240  000012b0  0c0004c8	jal	_mbox_open
  241  000012b4  54000000	nop; not filled.
  242  000012b8  23bd0008	addi	r29,r29,#8
  243  000012bc  6021ffff	seqi	r1,r1,#-1
  244  000012c0  10200034	beqz	r1,L16_LF0
  245  000012c4  54000000	nop; not filled.
  246  000012c8  0c0003fc	jal	_getpid
  247  000012cc  54000000	nop; not filled.
  248  000012d0  23bdfff8	addi	r29,r29,#-8
  249  000012d4  3c080000	lhi	r8,((LC4_LF0)>>16)&0xffff
  250  000012d8  25083054	addui	r8,r8,(LC4_LF0)&0xffff
  251  000012dc  afa80000	sw	(r29),r8
  252  000012e0  afa10004	sw	4(r29),r1
  253  000012e4  0c0003d4	jal	_Printf
  254  000012e8  54000000	nop; not filled.
  255  000012ec  0c0004d4	jal	_Exit
  256  000012f0  54000000	nop; not filled.
  257  000012f4  23bd0008	addi	r29,r29,#8
  258  000012f8          	L16_LF0:
  259  000012f8  23bdfff8	addi	r29,r29,#-8
  260  000012fc  afa50000	sw	(r29),r5
  261  00001300  0c000478	jal	_mbox_open
  262  00001304  54000000	nop; not filled.
  263  00001308  23bd0008	addi	r29,r29,#8
  264  0000130c  6021ffff	seqi	r1,r1,#-1
  265  00001310  10200034	beqz	r1,L17_LF0
  266  00001314  54000000	nop; not filled.
  267  00001318  0c0003ac	jal	_getpid
  268  0000131c  54000000	nop; not filled.
  269  00001320  23bdfff8	addi	r29,r29,#-8
  270  00001324  3c080000	lhi	r8,((LC4_LF0)>>16)&0xffff
  271  00001328  25083054	addui	r8,r8,(LC4_LF0)&0xffff
  272  0000132c  afa80000	sw	(r29),r8
  273  00001330  afa10004	sw	4(r29),r1
  274  00001334  0c000384	jal	_Printf
  275  00001338  54000000	nop; not filled.
  276  0000133c  0c000484	jal	_Exit
  277  00001340  54000000	nop; not filled.
  278  00001344  23bd0008	addi	r29,r29,#8
  279  00001348          	L17_LF0:
  280  00001348  23bdfff0	addi	r29,r29,#-16
  281  0000134c  afa30000	sw	(r29),r3
  282  00001350  2008000a	addi	r8,r0,#10
  283  00001354  afa80004	sw	4(r29),r8
  284  00001358  23c2ffe8	addi	r2,r30,#-24
  285  0000135c  afa20008	sw	8(r29),r2
  286  00001360  0c00043c	jal	_mbox_recv
  287  00001364  54000000	nop; not filled.
  288  00001368  23bd0010	addi	r29,r29,#16
  289  0000136c  6021ffff	seqi	r1,r1,#-1
  290  00001370  10200034	beqz	r1,L18_LF0
  291  00001374  54000000	nop; not filled.
  292  00001378  0c00034c	jal	_getpid
  293  0000137c  54000000	nop; not filled.
  294  00001380  23bdfff8	addi	r29,r29,#-8
  295  00001384  3c080000	lhi	r8,((LC5_LF0)>>16)&0xffff
  296  00001388  25083080	addui	r8,r8,(LC5_LF0)&0xffff
  297  0000138c  afa80000	sw	(r29),r8
  298  00001390  afa10004	sw	4(r29),r1
  299  00001394  0c000324	jal	_Printf
  300  00001398  54000000	nop; not filled.
  301  0000139c  0c000424	jal	_Exit
  302  000013a0  54000000	nop; not filled.
  303  000013a4  23bd0008	addi	r29,r29,#8
  304  000013a8          	L18_LF0:
  305  000013a8  23bdfff0	addi	r29,r29,#-16
  306  000013ac  afa30000	sw	(r29),r3
  307  000013b0  2008000a	addi	r8,r0,#10
  308  000013b4  afa80004	sw	4(r29),r8
  309  000013b8  afa20008	sw	8(r29),r2
  310  000013bc  0c0003e0	jal	_mbox_recv
  311  000013c0  54000000	nop; not filled.
  312  000013c4  23bd0010	addi	r29,r29,#16
  313  000013c8  6021ffff	seqi	r1,r1,#-1
  314  000013cc  10200034	beqz	r1,L19_LF0
  315  000013d0  54000000	nop; not filled.
  316  000013d4  0c0002f0	jal	_getpid
  317  000013d8  54000000	nop; not filled.
  318  000013dc  23bdfff8	addi	r29,r29,#-8
  319  000013e0  3c080000	lhi	r8,((LC5_LF0)>>16)&0xffff
  320  000013e4  25083080	addui	r8,r8,(LC5_LF0)&0xffff
  321  000013e8  afa80000	sw	(r29),r8
  322  000013ec  afa10004	sw	4(r29),r1
  323  000013f0  0c0002c8	jal	_Printf
  324  000013f4  54000000	nop; not filled.
  325  000013f8  0c0003c8	jal	_Exit
  326  000013fc  54000000	nop; not filled.
  327  00001400  23bd0008	addi	r29,r29,#8
  328  00001404          	L19_LF0:
  329  00001404  23bdfff0	addi	r29,r29,#-16
  330  00001408  afa40000	sw	(r29),r4
  331  0000140c  2008000a	addi	r8,r0,#10
  332  00001410  afa80004	sw	4(r29),r8
  333  00001414  23c1ffd8	addi	r1,r30,#-40
  334  00001418  afa10008	sw	8(r29),r1
  335  0000141c  0c000374	jal	_mbox_send
  336  00001420  54000000	nop; not filled.
  337  00001424  23bd0010	addi	r29,r29,#16
  338  00001428  6021ffff	seqi	r1,r1,#-1
  339  0000142c  10200040	beqz	r1,L20_LF0
  340  00001430  54000000	nop; not filled.
  341  00001434  0c000290	jal	_getpid
  342  00001438  54000000	nop; not filled.
  343  0000143c  23bdfff0	addi	r29,r29,#-16
  344  00001440  3c080000	lhi	r8,((LC6_LF0)>>16)&0xffff
  345  00001444  250830c4	addui	r8,r8,(LC6_LF0)&0xffff
  346  00001448  afa80000	sw	(r29),r8
  347  0000144c  afa40004	sw	4(r29),r4
  348  00001450  8cc80000	lw	r8,(r6)
  349  00001454  afa80008	sw	8(r29),r8
  350  00001458  afa1000c	sw	12(r29),r1
  351  0000145c  0c00025c	jal	_Printf
  352  00001460  54000000	nop; not filled.
  353  00001464  0c00035c	jal	_Exit
  354  00001468  54000000	nop; not filled.
  355  0000146c  23bd0010	addi	r29,r29,#16
  356  00001470          	L20_LF0:
  357  00001470  23bdfff0	addi	r29,r29,#-16
  358  00001474  afa50000	sw	(r29),r5
  359  00001478  2008000a	addi	r8,r0,#10
  360  0000147c  afa80004	sw	4(r29),r8
  361  00001480  23c1ffc8	addi	r1,r30,#-56
  362  00001484  afa10008	sw	8(r29),r1
  363  00001488  0c000308	jal	_mbox_send
  364  0000148c  54000000	nop; not filled.
  365  00001490  23bd0010	addi	r29,r29,#16
  366  00001494  6021ffff	seqi	r1,r1,#-1
  367  00001498  10200040	beqz	r1,L21_LF0
  368  0000149c  54000000	nop; not filled.
  369  000014a0  0c000224	jal	_getpid
  370  000014a4  54000000	nop; not filled.
  371  000014a8  23bdfff0	addi	r29,r29,#-16
  372  000014ac  3c080000	lhi	r8,((LC6_LF0)>>16)&0xffff
  373  000014b0  250830c4	addui	r8,r8,(LC6_LF0)&0xffff
  374  000014b4  afa80000	sw	(r29),r8
  375  000014b8  afa50004	sw	4(r29),r5
  376  000014bc  8cc80000	lw	r8,(r6)
  377  000014c0  afa80008	sw	8(r29),r8
  378  000014c4  afa1000c	sw	12(r29),r1
  379  000014c8  0c0001f0	jal	_Printf
  380  000014cc  54000000	nop; not filled.
  381  000014d0  0c0002f0	jal	_Exit
  382  000014d4  54000000	nop; not filled.
  383  000014d8  23bd0010	addi	r29,r29,#16
  384  000014dc          	L21_LF0:
  385  000014dc  23bdfff8	addi	r29,r29,#-8
  386  000014e0  afa30000	sw	(r29),r3
  387  000014e4  0c0002a0	jal	_mbox_close
  388  000014e8  54000000	nop; not filled.
  389  000014ec  23bd0008	addi	r29,r29,#8
  390  000014f0  6021ffff	seqi	r1,r1,#-1
  391  000014f4  10200038	beqz	r1,L22_LF0
  392  000014f8  54000000	nop; not filled.
  393  000014fc  0c0001c8	jal	_getpid
  394  00001500  54000000	nop; not filled.
  395  00001504  23bdfff0	addi	r29,r29,#-16
  396  00001508  3c080000	lhi	r8,((LC7_LF0)>>16)&0xffff
  397  0000150c  250830f8	addui	r8,r8,(LC7_LF0)&0xffff
  398  00001510  afa80000	sw	(r29),r8
  399  00001514  afa10004	sw	4(r29),r1
  400  00001518  afa30008	sw	8(r29),r3
  401  0000151c  0c00019c	jal	_Printf
  402  00001520  54000000	nop; not filled.
  403  00001524  0c00029c	jal	_Exit
  404  00001528  54000000	nop; not filled.
  405  0000152c  23bd0010	addi	r29,r29,#16
  406  00001530          	L22_LF0:
  407  00001530  23bdfff8	addi	r29,r29,#-8
  408  00001534  afa40000	sw	(r29),r4
  409  00001538  0c00024c	jal	_mbox_close
  410  0000153c  54000000	nop; not filled.
  411  00001540  23bd0008	addi	r29,r29,#8
  412  00001544  6021ffff	seqi	r1,r1,#-1
  413  00001548  10200038	beqz	r1,L23_LF0
  414  0000154c  54000000	nop; not filled.
  415  00001550  0c000174	jal	_getpid
  416  00001554  54000000	nop; not filled.
  417  00001558  23bdfff0	addi	r29,r29,#-16
  418  0000155c  3c080000	lhi	r8,((LC7_LF0)>>16)&0xffff
  419  00001560  250830f8	addui	r8,r8,(LC7_LF0)&0xffff
  420  00001564  afa80000	sw	(r29),r8
  421  00001568  afa10004	sw	4(r29),r1
  422  0000156c  afa40008	sw	8(r29),r4
  423  00001570  0c000148	jal	_Printf
  424  00001574  54000000	nop; not filled.
  425  00001578  0c000248	jal	_Exit
  426  0000157c  54000000	nop; not filled.
  427  00001580  23bd0010	addi	r29,r29,#16
  428  00001584          	L23_LF0:
  429  00001584  23bdfff8	addi	r29,r29,#-8
  430  00001588  afa50000	sw	(r29),r5
  431  0000158c  0c0001f8	jal	_mbox_close
  432  00001590  54000000	nop; not filled.
  433  00001594  23bd0008	addi	r29,r29,#8
  434  00001598  6021ffff	seqi	r1,r1,#-1
  435  0000159c  10200038	beqz	r1,L24_LF0
  436  000015a0  54000000	nop; not filled.
  437  000015a4  0c000120	jal	_getpid
  438  000015a8  54000000	nop; not filled.
  439  000015ac  23bdfff0	addi	r29,r29,#-16
  440  000015b0  3c080000	lhi	r8,((LC7_LF0)>>16)&0xffff
  441  000015b4  250830f8	addui	r8,r8,(LC7_LF0)&0xffff
  442  000015b8  afa80000	sw	(r29),r8
  443  000015bc  afa10004	sw	4(r29),r1
  444  000015c0  afa50008	sw	8(r29),r5
  445  000015c4  0c0000f4	jal	_Printf
  446  000015c8  54000000	nop; not filled.
  447  000015cc  0c0001f4	jal	_Exit
  448  000015d0  54000000	nop; not filled.
  449  000015d4  23bd0010	addi	r29,r29,#16
  450  000015d8          	L24_LF0:
  451  000015d8  23bdfff8	addi	r29,r29,#-8
  452  000015dc  afa70000	sw	(r29),r7
  453  000015e0  0c00012c	jal	_sem_signal
  454  000015e4  54000000	nop; not filled.
  455  000015e8  23bd0008	addi	r29,r29,#8
  456  000015ec  64210001	snei	r1,r1,#1
  457  000015f0  10200050	beqz	r1,L25_LF0
  458  000015f4  54000000	nop; not filled.
  459  000015f8  23bdfff8	addi	r29,r29,#-8
  460  000015fc  3c080000	lhi	r8,((LC8_LF0)>>16)&0xffff
  461  00001600  25083124	addui	r8,r8,(LC8_LF0)&0xffff
  462  00001604  afa80000	sw	(r29),r8
  463  00001608  afa70004	sw	4(r29),r7
  464  0000160c  0c0000ac	jal	_Printf
  465  00001610  54000000	nop; not filled.
  466  00001614  8cc60000	lw	r6,(r6)
  467  00001618  afa60000	sw	(r29),r6
  468  0000161c  0c00009c	jal	_Printf
  469  00001620  54000000	nop; not filled.
  470  00001624  3c080000	lhi	r8,((LC9_LF0)>>16)&0xffff
  471  00001628  25083150	addui	r8,r8,(LC9_LF0)&0xffff
  472  0000162c  afa80000	sw	(r29),r8
  473  00001630  0c000088	jal	_Printf
  474  00001634  54000000	nop; not filled.
  475  00001638  0c000188	jal	_Exit
  476  0000163c  54000000	nop; not filled.
  477  00001640  23bd0008	addi	r29,r29,#8
  478  00001644          	L25_LF0:
  479  00001644  0c000080	jal	_getpid
  480  00001648  54000000	nop; not filled.
  481  0000164c  23bdfff8	addi	r29,r29,#-8
  482  00001650  3c080000	lhi	r8,((LC10_LF0)>>16)&0xffff
  483  00001654  25083160	addui	r8,r8,(LC10_LF0)&0xffff
  484  00001658  afa80000	sw	(r29),r8
  485  0000165c  afa10004	sw	4(r29),r1
  486  00001660  0c000058	jal	_Printf
  487  00001664  54000000	nop; not filled.
  488  00001668  23bd0008	addi	r29,r29,#8
  489  0000166c  0c000ef0	jal	_exit
  490  00001670  54000000	nop
  491  00001674          	.endproc _main
  492                      ;;;
  493                      ;;; Stub functions for DLX traps.
  494                      ;;;
  495                      ;;; Ethan L. Miller, 1999.  Released to the public domain.
  496                      ;;;
  497                      ;;; The traps such as Open and Close
  498                      ;;; (note the capital letters) are for use by user programs.  The traps
  499                      ;;; with names such as open and close (lower case) are for use by the OS.
  500                      ;;;
  503  00001674          	.align 2
  505                      ;;; The following are the traps to be used by user-level programs
  506                      ;;;
  508  00001674          	.align 2
  509  00001674          	.proc _Open
  510  00001674          	.global _Open
  511  00001674          	_Open:
  512                      ;;; Note that trap #0x213 actually causes a trap vector in the OS of
  513                      ;;; 0x1213.  The same is true for other user traps.  Thus, a user trap
  514                      ;;; with trap #0x240 will result in a trap vector of 0x1240 in the OS.
  515  00001674  44000213	trap	#0x213
  516  00001678  4be00000	jr	r31
  517  0000167c  54000000	nop
  518  00001680          	.endproc _Open
  520  00001680          	.proc _Close
  521  00001680          	.global _Close
  522  00001680          	_Close:
  523  00001680  44000214	trap	#0x214
  524  00001684  4be00000	jr	r31
  525  00001688  54000000	nop
  526  0000168c          	.endproc _Close
  528  0000168c          	.proc _Read
  529  0000168c          	.global _Read
  530  0000168c          	_Read:
  531  0000168c  44000210	trap	#0x210
  532  00001690  4be00000	jr	r31
  533  00001694  54000000	nop
  534  00001698          	.endproc _Read
  536  00001698          	.proc _Write
  537  00001698          	.global _Write
  538  00001698          	_Write:
  539  00001698  44000211	trap	#0x211
  540  0000169c  4be00000	jr	r31
  541  000016a0  54000000	nop
  542  000016a4          	.endproc _Write
  544  000016a4          	.proc _Lseek
  545  000016a4          	.global _Lseek
  546  000016a4          	_Lseek:
  547  000016a4  44000212	trap	#0x212
  548  000016a8  4be00000	jr	r31
  549  000016ac  54000000	nop
  550  000016b0          	.endproc _Lseek
  552  000016b0          	.proc _Putchar
  553  000016b0          	.global _Putchar
  554  000016b0          	_Putchar:
  555  000016b0  44000280	trap	#0x280
  556  000016b4  4be00000	jr	r31
  557  000016b8  54000000	nop
  558  000016bc          	.endproc _Putchar
  560  000016bc          	.proc _Printf
  561  000016bc          	.global _Printf
  562  000016bc          	_Printf:
  563  000016bc  44000201	trap	#0x201
  564  000016c0  4be00000	jr	r31
  565  000016c4  54000000	nop
  566  000016c8          	.endproc _Printf
  568  000016c8          	.proc _getpid
  569  000016c8          	.global _getpid
  570  000016c8          	_getpid:
  571  000016c8  44000431	trap	#0x431
  572  000016cc  4be00000	jr	r31
  573  000016d0  54000000	nop
  574  000016d4          	.endproc _getpid
  576  000016d4          	.proc _process_create
  577  000016d4          	.global _process_create
  578  000016d4          	_process_create:
  579  000016d4  44000432	trap	#0x432
  580  000016d8  4be00000	jr	r31
  581  000016dc  54000000	nop
  582  000016e0          	.endproc _process_create
  584  000016e0          	.proc _shmget
  585  000016e0          	.global _shmget
  586  000016e0          	_shmget:
  587  000016e0  44000440	trap	#0x440
  588  000016e4  4be00000	jr	r31
  589  000016e8  54000000	nop
  590  000016ec          	.endproc _shmget
  592  000016ec          	.proc _shmat
  593  000016ec          	.global _shmat
  594  000016ec          	_shmat:
  595  000016ec  44000441	trap	#0x441
  596  000016f0  4be00000	jr	r31
  597  000016f4  54000000	nop
  598  000016f8          	.endproc _shmat
  600  000016f8          	.proc _sem_create
  601  000016f8          	.global _sem_create
  602  000016f8          	_sem_create:
  603  000016f8  44000450	trap	#0x450
  604  000016fc  4be00000	jr	r31
  605  00001700  54000000	nop
  606  00001704          	.endproc _sem_create
  608  00001704          	.proc _sem_wait
  609  00001704          	.global _sem_wait
  610  00001704          	_sem_wait:
  611  00001704  44000451	trap	#0x451
  612  00001708  4be00000	jr	r31
  613  0000170c  54000000	nop
  614  00001710          	.endproc _sem_wait
  616  00001710          	.proc _sem_signal
  617  00001710          	.global _sem_signal
  618  00001710          	_sem_signal:
  619  00001710  44000452	trap	#0x452
  620  00001714  4be00000	jr	r31
  621  00001718  54000000	nop
  622  0000171c          	.endproc _sem_signal
  624  0000171c          	.proc _lock_create
  625  0000171c          	.global _lock_create
  626  0000171c          	_lock_create:
  627  0000171c  44000453	trap	#0x453
  628  00001720  4be00000	jr	r31
  629  00001724  54000000	nop
  630  00001728          	.endproc _lock_create
  632  00001728          	.proc _lock_acquire
  633  00001728          	.global _lock_acquire
  634  00001728          	_lock_acquire:
  635  00001728  44000454	trap	#0x454
  636  0000172c  4be00000	jr	r31
  637  00001730  54000000	nop
  638  00001734          	.endproc _lock_acquire
  640  00001734          	.proc _lock_release
  641  00001734          	.global _lock_release
  642  00001734          	_lock_release:
  643  00001734  44000455	trap	#0x455
  644  00001738  4be00000	jr	r31
  645  0000173c  54000000	nop
  646  00001740          	.endproc _lock_release
  648  00001740          	.proc _cond_create
  649  00001740          	.global _cond_create
  650  00001740          	_cond_create:
  651  00001740  44000456	trap	#0x456
  652  00001744  4be00000	jr	r31
  653  00001748  54000000	nop
  654  0000174c          	.endproc _cond_create
  656  0000174c          	.proc _cond_wait
  657  0000174c          	.global _cond_wait
  658  0000174c          	_cond_wait:
  659  0000174c  44000457	trap	#0x457
  660  00001750  4be00000	jr	r31
  661  00001754  54000000	nop
  662  00001758          	.endproc _cond_wait
  664  00001758          	.proc _cond_signal
  665  00001758          	.global _cond_signal
  666  00001758          	_cond_signal:
  667  00001758  44000458	trap	#0x458
  668  0000175c  4be00000	jr	r31
  669  00001760  54000000	nop
  670  00001764          	.endproc _cond_signal
  672  00001764          	.proc _cond_broadcast
  673  00001764          	.global _cond_broadcast
  674  00001764          	_cond_broadcast:
  675  00001764  44000459	trap	#0x459
  676  00001768  4be00000	jr	r31
  677  0000176c  54000000	nop
  678  00001770          	.endproc _cond_broadcast
  680  00001770          	.proc _mbox_create
  681  00001770          	.global _mbox_create
  682  00001770          	_mbox_create:
  683  00001770  44000460	trap	#0x460
  684  00001774  4be00000	jr	r31
  685  00001778  54000000	nop
  686  0000177c          	.endproc _mbox_create
  688  0000177c          	.proc _mbox_open
  689  0000177c          	.global _mbox_open
  690  0000177c          	_mbox_open:
  691  0000177c  44000461	trap	#0x461
  692  00001780  4be00000	jr	r31
  693  00001784  54000000	nop
  694  00001788          	.endproc _mbox_open
  696  00001788          	.proc _mbox_close
  697  00001788          	.global _mbox_close
  698  00001788          	_mbox_close:
  699  00001788  44000462	trap	#0x462
  700  0000178c  4be00000	jr	r31
  701  00001790  54000000	nop
  702  00001794          	.endproc _mbox_close
  704  00001794          	.proc _mbox_send
  705  00001794          	.global _mbox_send
  706  00001794          	_mbox_send:
  707  00001794  44000463	trap	#0x463
  708  00001798  4be00000	jr	r31
  709  0000179c  54000000	nop
  710  000017a0          	.endproc _mbox_send
  712  000017a0          	.proc _mbox_recv
  713  000017a0          	.global _mbox_recv
  714  000017a0          	_mbox_recv:
  715  000017a0  44000464	trap	#0x464
  716  000017a4  4be00000	jr	r31
  717  000017a8  54000000	nop
  718  000017ac          	.endproc _mbox_recv
  720  000017ac          	.proc _sleep
  721  000017ac          	.global _sleep
  722  000017ac          	_sleep:
  723  000017ac  44000465	trap	#0x465
  724  000017b0  4be00000	jr	r31
  725  000017b4  54000000	nop
  726  000017b8          	.endproc _sleep
  728  000017b8          	.proc _yield
  729  000017b8          	.global _yield
  730  000017b8          	_yield:
  731  000017b8  44000466	trap	#0x466
  732  000017bc  4be00000	jr	r31
  733  000017c0  54000000	nop
  734  000017c4          	.endproc _yield
  737  000017c4          	.proc _Exit
  738  000017c4          	.global _Exit
  739  000017c4          	_Exit:
  740  000017c4  44000500	trap	#0x500
  741  000017c8  4be00000	jr	r31
  742  000017cc  54000000	nop
  743  000017d0          	.endproc _Exit
  744                      ; Compiled by GCC
  746  000017d0          	.align 2
  747  000017d0          	.proc _isspace
  748  000017d0          	.global _isspace
  749  000017d0          	_isspace:
  750                      ;  Function 'isspace'; 0 bytes of locals, 3 regs to save.
  751  000017d0  afbefffc	sw	-4(r29),r30; push fp
  752  000017d4  001df020	add	r30,r0,r29; fp = sp
  753  000017d8  afbffff8	sw	-8(r29),r31; push ret addr
  754  000017dc  2fbd0018	subui	r29,r29,#24; alloc local storage
  755  000017e0  afa20000	sw	0(r29),r2
  756  000017e4  afa30004	sw	4(r29),r3
  757  000017e8  afa40008	sw	8(r29),r4
  758  000017ec  83c20003	lb	r2,3(r30)
  759  000017f0  20010000	addi	r1,r0,#0
  760  000017f4  304300ff	andi	r3,r2,#0x00ff
  761  000017f8  60640020	seqi	r4,r3,#32
  762  000017fc  1480002c	bnez	r4,L3_LF2
  763  00001800  54000000	nop; delay slot nop
  764  00001804  304300ff	andi	r3,r2,#0x00ff
  765  00001808  60640009	seqi	r4,r3,#9
  766  0000180c  1480001c	bnez	r4,L3_LF2
  767  00001810  54000000	nop; delay slot nop
  768  00001814  304300ff	andi	r3,r2,#0x00ff
  769  00001818  6064000a	seqi	r4,r3,#10
  770  0000181c  1480000c	bnez	r4,L3_LF2
  771  00001820  54000000	nop; delay slot nop
  772  00001824  08000008	j	L2_LF2
  773  00001828  54000000	nop; delay slot nop
  774  0000182c          	L3_LF2:
  775  0000182c  20010001	addi	r1,r0,#1
  776  00001830          	L2_LF2:
  777  00001830  08000004	j	L1_LF2
  778  00001834  54000000	nop; delay slot nop
  779  00001838          	L1_LF2:
  780  00001838  8fa20000	lw	r2,0(r29)
  781  0000183c  8fa30004	lw	r3,4(r29)
  782  00001840  8fa40008	lw	r4,8(r29)
  783  00001844  8fdffff8	lw	r31,-8(r30)
  784  00001848  001ee820	add	r29,r0,r30
  785  0000184c  8fdefffc	lw	r30,-4(r30)
  786  00001850  4be00000	jr	r31
  787  00001854  54000000	nop
  788  00001858          	.endproc _isspace
  789  00001858          	.align 2
  790  00001858          	.proc _isxdigit
  791  00001858          	.global _isxdigit
  792  00001858          	_isxdigit:
  793                      ;  Function 'isxdigit'; 0 bytes of locals, 3 regs to save.
  794  00001858  afbefffc	sw	-4(r29),r30; push fp
  795  0000185c  001df020	add	r30,r0,r29; fp = sp
  796  00001860  afbffff8	sw	-8(r29),r31; push ret addr
  797  00001864  2fbd0018	subui	r29,r29,#24; alloc local storage
  798  00001868  afa20000	sw	0(r29),r2
  799  0000186c  afa30004	sw	4(r29),r3
  800  00001870  afa40008	sw	8(r29),r4
  801  00001874  83c20003	lb	r2,3(r30)
  802  00001878  20010000	addi	r1,r0,#0
  803  0000187c  304300ff	andi	r3,r2,#0x00ff
  804  00001880  6c64002f	sgtui	r4,r3,#47
  805  00001884  1080001c	beqz	r4,L7_LF2
  806  00001888  54000000	nop; delay slot nop
  807  0000188c  304300ff	andi	r3,r2,#0x00ff
  808  00001890  70640039	sleui	r4,r3,#57
  809  00001894  1480005c	bnez	r4,L6_LF2
  810  00001898  54000000	nop; delay slot nop
  811  0000189c  08000004	j	L7_LF2
  812  000018a0  54000000	nop; delay slot nop
  813  000018a4          	L7_LF2:
  814  000018a4  304300ff	andi	r3,r2,#0x00ff
  815  000018a8  6c640060	sgtui	r4,r3,#96
  816  000018ac  1080001c	beqz	r4,L8_LF2
  817  000018b0  54000000	nop; delay slot nop
  818  000018b4  304300ff	andi	r3,r2,#0x00ff
  819  000018b8  70640066	sleui	r4,r3,#102
  820  000018bc  14800034	bnez	r4,L6_LF2
  821  000018c0  54000000	nop; delay slot nop
  822  000018c4  08000004	j	L8_LF2
  823  000018c8  54000000	nop; delay slot nop
  824  000018cc          	L8_LF2:
  825  000018cc  304300ff	andi	r3,r2,#0x00ff
  826  000018d0  6c640040	sgtui	r4,r3,#64
  827  000018d4  10800020	beqz	r4,L5_LF2
  828  000018d8  54000000	nop; delay slot nop
  829  000018dc  304300ff	andi	r3,r2,#0x00ff
  830  000018e0  70640041	sleui	r4,r3,#65
  831  000018e4  1480000c	bnez	r4,L6_LF2
  832  000018e8  54000000	nop; delay slot nop
  833  000018ec  08000008	j	L5_LF2
  834  000018f0  54000000	nop; delay slot nop
  835  000018f4          	L6_LF2:
  836  000018f4  20010001	addi	r1,r0,#1
  837  000018f8          	L5_LF2:
  838  000018f8  08000004	j	L4_LF2
  839  000018fc  54000000	nop; delay slot nop
  840  00001900          	L4_LF2:
  841  00001900  8fa20000	lw	r2,0(r29)
  842  00001904  8fa30004	lw	r3,4(r29)
  843  00001908  8fa40008	lw	r4,8(r29)
  844  0000190c  8fdffff8	lw	r31,-8(r30)
  845  00001910  001ee820	add	r29,r0,r30
  846  00001914  8fdefffc	lw	r30,-4(r30)
  847  00001918  4be00000	jr	r31
  848  0000191c  54000000	nop
  849  00001920          	.endproc _isxdigit
  850  00001920          	.align 2
  851  00001920          	.proc _dstrcpy
  852  00001920          	.global _dstrcpy
  853  00001920          	_dstrcpy:
  854                      ;  Function 'dstrcpy'; 8 bytes of locals, 2 regs to save.
  855  00001920  afbefffc	sw	-4(r29),r30; push fp
  856  00001924  001df020	add	r30,r0,r29; fp = sp
  857  00001928  afbffff8	sw	-8(r29),r31; push ret addr
  858  0000192c  2fbd0018	subui	r29,r29,#24; alloc local storage
  859  00001930  afa20000	sw	0(r29),r2
  860  00001934  afa30004	sw	4(r29),r3
  861  00001938  8fc10000	lw	r1,(r30)
  862  0000193c  afc1fff4	sw	-12(r30),r1
  863  00001940          	L10_LF2:
  864  00001940  8fc10000	lw	r1,(r30)
  865  00001944  20220001	addi	r2,r1,#1
  866  00001948  afc20000	sw	(r30),r2
  867  0000194c  8fc20004	lw	r2,4(r30)
  868  00001950  20430001	addi	r3,r2,#1
  869  00001954  afc30004	sw	4(r30),r3
  870  00001958  80420000	lb	r2,(r2)
  871  0000195c  a0220000	sb	(r1),r2
  872  00001960  a3c2fff3	sb	-13(r30),r2
  873  00001964          	L12_LF2:
  874  00001964  93c1fff3	lbu	r1,-13(r30)
  875  00001968  64220000	snei	r2,r1,#0
  876  0000196c  1440000c	bnez	r2,L13_LF2
  877  00001970  54000000	nop; delay slot nop
  878  00001974  0800000c	j	L11_LF2
  879  00001978  54000000	nop; delay slot nop
  880  0000197c          	L13_LF2:
  881  0000197c  0bffffc0	j	L10_LF2
  882  00001980  54000000	nop; delay slot nop
  883  00001984          	L11_LF2:
  884  00001984  8fc1fff4	lw	r1,-12(r30)
  885  00001988  08000004	j	L9_LF2
  886  0000198c  54000000	nop; delay slot nop
  887  00001990          	L9_LF2:
  888  00001990  8fa20000	lw	r2,0(r29)
  889  00001994  8fa30004	lw	r3,4(r29)
  890  00001998  8fdffff8	lw	r31,-8(r30)
  891  0000199c  001ee820	add	r29,r0,r30
  892  000019a0  8fdefffc	lw	r30,-4(r30)
  893  000019a4  4be00000	jr	r31
  894  000019a8  54000000	nop
  895  000019ac          	.endproc _dstrcpy
  896  000019ac          	.align 2
  897  000019ac          	.proc _dstrncpy
  898  000019ac          	.global _dstrncpy
  899  000019ac          	_dstrncpy:
  900                      ;  Function 'dstrncpy'; 8 bytes of locals, 2 regs to save.
  901  000019ac  afbefffc	sw	-4(r29),r30; push fp
  902  000019b0  001df020	add	r30,r0,r29; fp = sp
  903  000019b4  afbffff8	sw	-8(r29),r31; push ret addr
  904  000019b8  2fbd0018	subui	r29,r29,#24; alloc local storage
  905  000019bc  afa20000	sw	0(r29),r2
  906  000019c0  afa30004	sw	4(r29),r3
  907  000019c4  8fc10000	lw	r1,(r30)
  908  000019c8  afc1fff4	sw	-12(r30),r1
  909  000019cc          	L15_LF2:
  910  000019cc  8fc10008	lw	r1,8(r30)
  911  000019d0  2022ffff	addi	r2,r1,#-1
  912  000019d4  afc20008	sw	8(r30),r2
  913  000019d8  70210000	slei	r1,r1,#0
  914  000019dc  1020000c	beqz	r1,L18_LF2
  915  000019e0  54000000	nop; delay slot nop
  916  000019e4  08000048	j	L16_LF2
  917  000019e8  54000000	nop; delay slot nop
  918  000019ec          	L18_LF2:
  919  000019ec  8fc10000	lw	r1,(r30)
  920  000019f0  20220001	addi	r2,r1,#1
  921  000019f4  afc20000	sw	(r30),r2
  922  000019f8  8fc20004	lw	r2,4(r30)
  923  000019fc  20430001	addi	r3,r2,#1
  924  00001a00  afc30004	sw	4(r30),r3
  925  00001a04  80420000	lb	r2,(r2)
  926  00001a08  a0220000	sb	(r1),r2
  927  00001a0c  a3c2fff3	sb	-13(r30),r2
  928  00001a10          	L17_LF2:
  929  00001a10  93c1fff3	lbu	r1,-13(r30)
  930  00001a14  64220000	snei	r2,r1,#0
  931  00001a18  1440000c	bnez	r2,L19_LF2
  932  00001a1c  54000000	nop; delay slot nop
  933  00001a20  0800000c	j	L16_LF2
  934  00001a24  54000000	nop; delay slot nop
  935  00001a28          	L19_LF2:
  936  00001a28  0bffffa0	j	L15_LF2
  937  00001a2c  54000000	nop; delay slot nop
  938  00001a30          	L16_LF2:
  939  00001a30  8fc1fff4	lw	r1,-12(r30)
  940  00001a34  08000004	j	L14_LF2
  941  00001a38  54000000	nop; delay slot nop
  942  00001a3c          	L14_LF2:
  943  00001a3c  8fa20000	lw	r2,0(r29)
  944  00001a40  8fa30004	lw	r3,4(r29)
  945  00001a44  8fdffff8	lw	r31,-8(r30)
  946  00001a48  001ee820	add	r29,r0,r30
  947  00001a4c  8fdefffc	lw	r30,-4(r30)
  948  00001a50  4be00000	jr	r31
  949  00001a54  54000000	nop
  950  00001a58          	.endproc _dstrncpy
  951  00001a58          	.align 2
  952  00001a58          	.proc _dstrcat
  953  00001a58          	.global _dstrcat
  954  00001a58          	_dstrcat:
  955                      ;  Function 'dstrcat'; 8 bytes of locals, 1 regs to save.
  956  00001a58  afbefffc	sw	-4(r29),r30; push fp
  957  00001a5c  001df020	add	r30,r0,r29; fp = sp
  958  00001a60  afbffff8	sw	-8(r29),r31; push ret addr
  959  00001a64  2fbd0018	subui	r29,r29,#24; alloc local storage
  960  00001a68  afa20000	sw	0(r29),r2
  961  00001a6c  8fc10000	lw	r1,(r30)
  962  00001a70  afc1fff4	sw	-12(r30),r1
  963  00001a74          	L21_LF2:
  964  00001a74  8fc10000	lw	r1,(r30)
  965  00001a78  90220000	lbu	r2,(r1)
  966  00001a7c  64410000	snei	r1,r2,#0
  967  00001a80  1420000c	bnez	r1,L23_LF2
  968  00001a84  54000000	nop; delay slot nop
  969  00001a88  0800001c	j	L22_LF2
  970  00001a8c  54000000	nop; delay slot nop
  971  00001a90          	L23_LF2:
  972  00001a90  8fc20000	lw	r2,(r30)
  973  00001a94  20410001	addi	r1,r2,#1
  974  00001a98  00011020	add	r2,r0,r1
  975  00001a9c  afc20000	sw	(r30),r2
  976  00001aa0  0bffffd0	j	L21_LF2
  977  00001aa4  54000000	nop; delay slot nop
  978  00001aa8          	L22_LF2:
  979  00001aa8  23bdfff8	addi	r29,r29,#-8
  980  00001aac  001d0820	add	r1,r0,r29
  981  00001ab0  8fc20000	lw	r2,(r30)
  982  00001ab4  ac220000	sw	(r1),r2
  983  00001ab8  8fc20004	lw	r2,4(r30)
  984  00001abc  ac220004	sw	4(r1),r2
  985  00001ac0  0ffffe5c	jal	_dstrcpy
  986  00001ac4  54000000	nop; delay slot nop
  987  00001ac8  23bd0008	addi	r29,r29,#8
  988  00001acc  8fc1fff4	lw	r1,-12(r30)
  989  00001ad0  08000004	j	L20_LF2
  990  00001ad4  54000000	nop; delay slot nop
  991  00001ad8          	L20_LF2:
  992  00001ad8  8fa20000	lw	r2,0(r29)
  993  00001adc  8fdffff8	lw	r31,-8(r30)
  994  00001ae0  001ee820	add	r29,r0,r30
  995  00001ae4  8fdefffc	lw	r30,-4(r30)
  996  00001ae8  4be00000	jr	r31
  997  00001aec  54000000	nop
  998  00001af0          	.endproc _dstrcat
  999  00001af0          	.align 2
 1000  00001af0          	.proc _dstrncmp
 1001  00001af0          	.global _dstrncmp
 1002  00001af0          	_dstrncmp:
 1003                      ;  Function 'dstrncmp'; 8 bytes of locals, 2 regs to save.
 1004  00001af0  afbefffc	sw	-4(r29),r30; push fp
 1005  00001af4  001df020	add	r30,r0,r29; fp = sp
 1006  00001af8  afbffff8	sw	-8(r29),r31; push ret addr
 1007  00001afc  2fbd0018	subui	r29,r29,#24; alloc local storage
 1008  00001b00  afa20000	sw	0(r29),r2
 1009  00001b04  afa30004	sw	4(r29),r3
 1010  00001b08  54000000	nop
 1011  00001b0c  20010000	addi	r1,r0,#0
 1012  00001b10  afc1fff4	sw	-12(r30),r1
 1013  00001b14          	L25_LF2:
 1014  00001b14  8fc1fff4	lw	r1,-12(r30)
 1015  00001b18  8fc20008	lw	r2,8(r30)
 1016  00001b1c  0022082a	slt	r1,r1,r2
 1017  00001b20  1420000c	bnez	r1,L28_LF2
 1018  00001b24  54000000	nop; delay slot nop
 1019  00001b28  08000088	j	L26_LF2
 1020  00001b2c  54000000	nop; delay slot nop
 1021  00001b30          	L28_LF2:
 1022  00001b30  8fc10004	lw	r1,4(r30)
 1023  00001b34  90220000	lbu	r2,(r1)
 1024  00001b38  64410000	snei	r1,r2,#0
 1025  00001b3c  14200018	bnez	r1,L29_LF2
 1026  00001b40  54000000	nop; delay slot nop
 1027  00001b44  20010000	addi	r1,r0,#0
 1028  00001b48  080000d8	j	L24_LF2
 1029  00001b4c  54000000	nop; delay slot nop
 1030  00001b50  08000028	j	L30_LF2
 1031  00001b54  54000000	nop; delay slot nop
 1032  00001b58          	L29_LF2:
 1033  00001b58  8fc10000	lw	r1,(r30)
 1034  00001b5c  8fc20004	lw	r2,4(r30)
 1035  00001b60  90210000	lbu	r1,(r1)
 1036  00001b64  90420000	lbu	r2,(r2)
 1037  00001b68  00220829	sne	r1,r1,r2
 1038  00001b6c  1020000c	beqz	r1,L30_LF2
 1039  00001b70  54000000	nop; delay slot nop
 1040  00001b74  0800003c	j	L26_LF2
 1041  00001b78  54000000	nop; delay slot nop
 1042  00001b7c          	L31_LF2:
 1043  00001b7c          	L30_LF2:
 1044  00001b7c  8fc20000	lw	r2,(r30)
 1045  00001b80  20410001	addi	r1,r2,#1
 1046  00001b84  00011020	add	r2,r0,r1
 1047  00001b88  afc20000	sw	(r30),r2
 1048  00001b8c  8fc20004	lw	r2,4(r30)
 1049  00001b90  20410001	addi	r1,r2,#1
 1050  00001b94  00011020	add	r2,r0,r1
 1051  00001b98  afc20004	sw	4(r30),r2
 1052  00001b9c          	L27_LF2:
 1053  00001b9c  8fc2fff4	lw	r2,-12(r30)
 1054  00001ba0  20410001	addi	r1,r2,#1
 1055  00001ba4  00011020	add	r2,r0,r1
 1056  00001ba8  afc2fff4	sw	-12(r30),r2
 1057  00001bac  0bffff64	j	L25_LF2
 1058  00001bb0  54000000	nop; delay slot nop
 1059  00001bb4          	L26_LF2:
 1060  00001bb4  8fc1fff4	lw	r1,-12(r30)
 1061  00001bb8  8fc20008	lw	r2,8(r30)
 1062  00001bbc  00220828	seq	r1,r1,r2
 1063  00001bc0  10200018	beqz	r1,L32_LF2
 1064  00001bc4  54000000	nop; delay slot nop
 1065  00001bc8  20010000	addi	r1,r0,#0
 1066  00001bcc  08000054	j	L24_LF2
 1067  00001bd0  54000000	nop; delay slot nop
 1068  00001bd4  0800004c	j	L33_LF2
 1069  00001bd8  54000000	nop; delay slot nop
 1070  00001bdc          	L32_LF2:
 1071  00001bdc  8fc20000	lw	r2,(r30)
 1072  00001be0  90410000	lbu	r1,(r2)
 1073  00001be4  8fc20004	lw	r2,4(r30)
 1074  00001be8  90430000	lbu	r3,(r2)
 1075  00001bec  00230822	sub	r1,r1,r3
 1076  00001bf0  74220000	sgei	r2,r1,#0
 1077  00001bf4  10400020	beqz	r2,L34_LF2
 1078  00001bf8  54000000	nop; delay slot nop
 1079  00001bfc  8fc10000	lw	r1,(r30)
 1080  00001c00  8fc20004	lw	r2,4(r30)
 1081  00001c04  90210000	lbu	r1,(r1)
 1082  00001c08  90420000	lbu	r2,(r2)
 1083  00001c0c  00220829	sne	r1,r1,r2
 1084  00001c10  08000008	j	L35_LF2
 1085  00001c14  54000000	nop; delay slot nop
 1086  00001c18          	L34_LF2:
 1087  00001c18  2001ffff	addi	r1,r0,#-1
 1088  00001c1c          	L35_LF2:
 1089  00001c1c  08000004	j	L24_LF2
 1090  00001c20  54000000	nop; delay slot nop
 1091  00001c24          	L33_LF2:
 1092  00001c24          	L24_LF2:
 1093  00001c24  8fa20000	lw	r2,0(r29)
 1094  00001c28  8fa30004	lw	r3,4(r29)
 1095  00001c2c  8fdffff8	lw	r31,-8(r30)
 1096  00001c30  001ee820	add	r29,r0,r30
 1097  00001c34  8fdefffc	lw	r30,-4(r30)
 1098  00001c38  4be00000	jr	r31
 1099  00001c3c  54000000	nop
 1100  00001c40          	.endproc _dstrncmp
 1101  00001c40          	.align 2
 1102  00001c40          	.proc _dstrlen
 1103  00001c40          	.global _dstrlen
 1104  00001c40          	_dstrlen:
 1105                      ;  Function 'dstrlen'; 8 bytes of locals, 1 regs to save.
 1106  00001c40  afbefffc	sw	-4(r29),r30; push fp
 1107  00001c44  001df020	add	r30,r0,r29; fp = sp
 1108  00001c48  afbffff8	sw	-8(r29),r31; push ret addr
 1109  00001c4c  2fbd0018	subui	r29,r29,#24; alloc local storage
 1110  00001c50  afa20000	sw	0(r29),r2
 1111  00001c54  20010000	addi	r1,r0,#0
 1112  00001c58  afc1fff4	sw	-12(r30),r1
 1113  00001c5c          	L37_LF2:
 1114  00001c5c  8fc10000	lw	r1,(r30)
 1115  00001c60  20220001	addi	r2,r1,#1
 1116  00001c64  afc20000	sw	(r30),r2
 1117  00001c68  90210000	lbu	r1,(r1)
 1118  00001c6c  64220000	snei	r2,r1,#0
 1119  00001c70  1440000c	bnez	r2,L39_LF2
 1120  00001c74  54000000	nop; delay slot nop
 1121  00001c78  0800001c	j	L38_LF2
 1122  00001c7c  54000000	nop; delay slot nop
 1123  00001c80          	L39_LF2:
 1124  00001c80  8fc2fff4	lw	r2,-12(r30)
 1125  00001c84  20410001	addi	r1,r2,#1
 1126  00001c88  00011020	add	r2,r0,r1
 1127  00001c8c  afc2fff4	sw	-12(r30),r2
 1128  00001c90  0bffffc8	j	L37_LF2
 1129  00001c94  54000000	nop; delay slot nop
 1130  00001c98          	L38_LF2:
 1131  00001c98  8fc1fff4	lw	r1,-12(r30)
 1132  00001c9c  08000004	j	L36_LF2
 1133  00001ca0  54000000	nop; delay slot nop
 1134  00001ca4          	L36_LF2:
 1135  00001ca4  8fa20000	lw	r2,0(r29)
 1136  00001ca8  8fdffff8	lw	r31,-8(r30)
 1137  00001cac  001ee820	add	r29,r0,r30
 1138  00001cb0  8fdefffc	lw	r30,-4(r30)
 1139  00001cb4  4be00000	jr	r31
 1140  00001cb8  54000000	nop
 1141  00001cbc          	.endproc _dstrlen
 1142  00001cbc          	.align 2
 1143  00001cbc          	.proc _dstrstr
 1144  00001cbc          	.global _dstrstr
 1145  00001cbc          	_dstrstr:
 1146                      ;  Function 'dstrstr'; 8 bytes of locals, 1 regs to save.
 1147  00001cbc  afbefffc	sw	-4(r29),r30; push fp
 1148  00001cc0  001df020	add	r30,r0,r29; fp = sp
 1149  00001cc4  afbffff8	sw	-8(r29),r31; push ret addr
 1150  00001cc8  2fbd0018	subui	r29,r29,#24; alloc local storage
 1151  00001ccc  afa20000	sw	0(r29),r2
 1152  00001cd0  23bdfff8	addi	r29,r29,#-8
 1153  00001cd4  001d0820	add	r1,r0,r29
 1154  00001cd8  8fc20004	lw	r2,4(r30)
 1155  00001cdc  ac220000	sw	(r1),r2
 1156  00001ce0  0fffff5c	jal	_dstrlen
 1157  00001ce4  54000000	nop; delay slot nop
 1158  00001ce8  23bd0008	addi	r29,r29,#8
 1159  00001cec  afc1fff4	sw	-12(r30),r1
 1160  00001cf0          	L41_LF2:
 1161  00001cf0  8fc10000	lw	r1,(r30)
 1162  00001cf4  90220000	lbu	r2,(r1)
 1163  00001cf8  64410000	snei	r1,r2,#0
 1164  00001cfc  1420000c	bnez	r1,L43_LF2
 1165  00001d00  54000000	nop; delay slot nop
 1166  00001d04  08000060	j	L42_LF2
 1167  00001d08  54000000	nop; delay slot nop
 1168  00001d0c          	L43_LF2:
 1169  00001d0c  23bdfff0	addi	r29,r29,#-16
 1170  00001d10  001d0820	add	r1,r0,r29
 1171  00001d14  8fc20000	lw	r2,(r30)
 1172  00001d18  ac220000	sw	(r1),r2
 1173  00001d1c  8fc20004	lw	r2,4(r30)
 1174  00001d20  ac220004	sw	4(r1),r2
 1175  00001d24  8fc2fff4	lw	r2,-12(r30)
 1176  00001d28  ac220008	sw	8(r1),r2
 1177  00001d2c  0ffffdc0	jal	_dstrncmp
 1178  00001d30  54000000	nop; delay slot nop
 1179  00001d34  23bd0010	addi	r29,r29,#16
 1180  00001d38  64220000	snei	r2,r1,#0
 1181  00001d3c  14400010	bnez	r2,L44_LF2
 1182  00001d40  54000000	nop; delay slot nop
 1183  00001d44  8fc10000	lw	r1,(r30)
 1184  00001d48  08000028	j	L40_LF2
 1185  00001d4c  54000000	nop; delay slot nop
 1186  00001d50          	L44_LF2:
 1187  00001d50  8fc20000	lw	r2,(r30)
 1188  00001d54  20410001	addi	r1,r2,#1
 1189  00001d58  00011020	add	r2,r0,r1
 1190  00001d5c  afc20000	sw	(r30),r2
 1191  00001d60  0bffff8c	j	L41_LF2
 1192  00001d64  54000000	nop; delay slot nop
 1193  00001d68          	L42_LF2:
 1194  00001d68  20010000	addi	r1,r0,#0
 1195  00001d6c  08000004	j	L40_LF2
 1196  00001d70  54000000	nop; delay slot nop
 1197  00001d74          	L40_LF2:
 1198  00001d74  8fa20000	lw	r2,0(r29)
 1199  00001d78  8fdffff8	lw	r31,-8(r30)
 1200  00001d7c  001ee820	add	r29,r0,r30
 1201  00001d80  8fdefffc	lw	r30,-4(r30)
 1202  00001d84  4be00000	jr	r31
 1203  00001d88  54000000	nop
 1204  00001d8c          	.endproc _dstrstr
 1205  00001d8c          	.align 2
 1206  00001d8c          	.proc _dmindex
 1207  00001d8c          	.global _dmindex
 1208  00001d8c          	_dmindex:
 1209                      ;  Function 'dmindex'; 8 bytes of locals, 1 regs to save.
 1210  00001d8c  afbefffc	sw	-4(r29),r30; push fp
 1211  00001d90  001df020	add	r30,r0,r29; fp = sp
 1212  00001d94  afbffff8	sw	-8(r29),r31; push ret addr
 1213  00001d98  2fbd0018	subui	r29,r29,#24; alloc local storage
 1214  00001d9c  afa20000	sw	0(r29),r2
 1215  00001da0  54000000	nop
 1216  00001da4          	L46_LF2:
 1217  00001da4  8fc10000	lw	r1,(r30)
 1218  00001da8  90220000	lbu	r2,(r1)
 1219  00001dac  64410000	snei	r1,r2,#0
 1220  00001db0  1420000c	bnez	r1,L48_LF2
 1221  00001db4  54000000	nop; delay slot nop
 1222  00001db8  08000070	j	L47_LF2
 1223  00001dbc  54000000	nop; delay slot nop
 1224  00001dc0          	L48_LF2:
 1225  00001dc0  8fc10004	lw	r1,4(r30)
 1226  00001dc4  afc1fff4	sw	-12(r30),r1
 1227  00001dc8          	L49_LF2:
 1228  00001dc8  8fc1fff4	lw	r1,-12(r30)
 1229  00001dcc  90220000	lbu	r2,(r1)
 1230  00001dd0  64410000	snei	r1,r2,#0
 1231  00001dd4  1420000c	bnez	r1,L52_LF2
 1232  00001dd8  54000000	nop; delay slot nop
 1233  00001ddc  08000044	j	L50_LF2
 1234  00001de0  54000000	nop; delay slot nop
 1235  00001de4          	L52_LF2:
 1236  00001de4  8fc10000	lw	r1,(r30)
 1237  00001de8  8fc2fff4	lw	r2,-12(r30)
 1238  00001dec  90210000	lbu	r1,(r1)
 1239  00001df0  90420000	lbu	r2,(r2)
 1240  00001df4  00220828	seq	r1,r1,r2
 1241  00001df8  10200010	beqz	r1,L51_LF2
 1242  00001dfc  54000000	nop; delay slot nop
 1243  00001e00  8fc10000	lw	r1,(r30)
 1244  00001e04  08000030	j	L45_LF2
 1245  00001e08  54000000	nop; delay slot nop
 1246  00001e0c          	L53_LF2:
 1247  00001e0c          	L51_LF2:
 1248  00001e0c  8fc2fff4	lw	r2,-12(r30)
 1249  00001e10  20410001	addi	r1,r2,#1
 1250  00001e14  00011020	add	r2,r0,r1
 1251  00001e18  afc2fff4	sw	-12(r30),r2
 1252  00001e1c  0bffffa8	j	L49_LF2
 1253  00001e20  54000000	nop; delay slot nop
 1254  00001e24          	L50_LF2:
 1255  00001e24  0bffff7c	j	L46_LF2
 1256  00001e28  54000000	nop; delay slot nop
 1257  00001e2c          	L47_LF2:
 1258  00001e2c  20010000	addi	r1,r0,#0
 1259  00001e30  08000004	j	L45_LF2
 1260  00001e34  54000000	nop; delay slot nop
 1261  00001e38          	L45_LF2:
 1262  00001e38  8fa20000	lw	r2,0(r29)
 1263  00001e3c  8fdffff8	lw	r31,-8(r30)
 1264  00001e40  001ee820	add	r29,r0,r30
 1265  00001e44  8fdefffc	lw	r30,-4(r30)
 1266  00001e48  4be00000	jr	r31
 1267  00001e4c  54000000	nop
 1268  00001e50          	.endproc _dmindex
 1269  00001e50          	.align 2
 1270  00001e50          	.proc _dindex
 1271  00001e50          	.global _dindex
 1272  00001e50          	_dindex:
 1273                      ;  Function 'dindex'; 0 bytes of locals, 1 regs to save.
 1274  00001e50  afbefffc	sw	-4(r29),r30; push fp
 1275  00001e54  001df020	add	r30,r0,r29; fp = sp
 1276  00001e58  afbffff8	sw	-8(r29),r31; push ret addr
 1277  00001e5c  2fbd0010	subui	r29,r29,#16; alloc local storage
 1278  00001e60  afa20000	sw	0(r29),r2
 1279  00001e64  54000000	nop
 1280  00001e68          	L55_LF2:
 1281  00001e68  8fc10000	lw	r1,(r30)
 1282  00001e6c  90220000	lbu	r2,(r1)
 1283  00001e70  64410000	snei	r1,r2,#0
 1284  00001e74  1420000c	bnez	r1,L57_LF2
 1285  00001e78  54000000	nop; delay slot nop
 1286  00001e7c  08000040	j	L56_LF2
 1287  00001e80  54000000	nop; delay slot nop
 1288  00001e84          	L57_LF2:
 1289  00001e84  8fc10000	lw	r1,(r30)
 1290  00001e88  90220000	lbu	r2,(r1)
 1291  00001e8c  8fc10004	lw	r1,4(r30)
 1292  00001e90  00411028	seq	r2,r2,r1
 1293  00001e94  10400010	beqz	r2,L58_LF2
 1294  00001e98  54000000	nop; delay slot nop
 1295  00001e9c  8fc10000	lw	r1,(r30)
 1296  00001ea0  08000028	j	L54_LF2
 1297  00001ea4  54000000	nop; delay slot nop
 1298  00001ea8          	L58_LF2:
 1299  00001ea8  8fc20000	lw	r2,(r30)
 1300  00001eac  20410001	addi	r1,r2,#1
 1301  00001eb0  00011020	add	r2,r0,r1
 1302  00001eb4  afc20000	sw	(r30),r2
 1303  00001eb8  0bffffac	j	L55_LF2
 1304  00001ebc  54000000	nop; delay slot nop
 1305  00001ec0          	L56_LF2:
 1306  00001ec0  20010000	addi	r1,r0,#0
 1307  00001ec4  08000004	j	L54_LF2
 1308  00001ec8  54000000	nop; delay slot nop
 1309  00001ecc          	L54_LF2:
 1310  00001ecc  8fa20000	lw	r2,0(r29)
 1311  00001ed0  8fdffff8	lw	r31,-8(r30)
 1312  00001ed4  001ee820	add	r29,r0,r30
 1313  00001ed8  8fdefffc	lw	r30,-4(r30)
 1314  00001edc  4be00000	jr	r31
 1315  00001ee0  54000000	nop
 1316  00001ee4          	.endproc _dindex
 1317  00001ee4          	.align 2
 1318  00001ee4          	.proc _ditoa
 1319  00001ee4          	.global _ditoa
 1320  00001ee4          	_ditoa:
 1321                      ;  Function 'ditoa'; 8 bytes of locals, 2 regs to save.
 1322  00001ee4  afbefffc	sw	-4(r29),r30; push fp
 1323  00001ee8  001df020	add	r30,r0,r29; fp = sp
 1324  00001eec  afbffff8	sw	-8(r29),r31; push ret addr
 1325  00001ef0  2fbd0018	subui	r29,r29,#24; alloc local storage
 1326  00001ef4  afa20000	sw	0(r29),r2
 1327  00001ef8  afa30004	sw	4(r29),r3
 1328  00001efc  8fc10000	lw	r1,(r30)
 1329  00001f00  68220000	slti	r2,r1,#0
 1330  00001f04  1040002c	beqz	r2,L60_LF2
 1331  00001f08  54000000	nop; delay slot nop
 1332  00001f0c  8fc10004	lw	r1,4(r30)
 1333  00001f10  20220001	addi	r2,r1,#1
 1334  00001f14  afc20004	sw	4(r30),r2
 1335  00001f18  2002002d	addi	r2,r0,(#0x2d)&0xff
 1336  00001f1c  a0220000	sb	(r1),r2
 1337  00001f20  8fc10000	lw	r1,(r30)
 1338  00001f24  00011022	sub	r2,r0,r1
 1339  00001f28  afc20000	sw	(r30),r2
 1340  00001f2c  08000118	j	L61_LF2
 1341  00001f30  54000000	nop; delay slot nop
 1342  00001f34          	L60_LF2:
 1343  00001f34  8fc10000	lw	r1,(r30)
 1344  00001f38  64220000	snei	r2,r1,#0
 1345  00001f3c  14400020	bnez	r2,L62_LF2
 1346  00001f40  54000000	nop; delay slot nop
 1347  00001f44  8fc10004	lw	r1,4(r30)
 1348  00001f48  20220001	addi	r2,r1,#1
 1349  00001f4c  afc20004	sw	4(r30),r2
 1350  00001f50  20020030	addi	r2,r0,(#0x30)&0xff
 1351  00001f54  a0220000	sb	(r1),r2
 1352  00001f58  080000ec	j	L61_LF2
 1353  00001f5c  54000000	nop; delay slot nop
 1354  00001f60          	L62_LF2:
 1355  00001f60  20010001	addi	r1,r0,#1
 1356  00001f64  afc1fff4	sw	-12(r30),r1
 1357  00001f68          	L64_LF2:
 1358  00001f68  8fc1fff4	lw	r1,-12(r30)
 1359  00001f6c  8fc20000	lw	r2,(r30)
 1360  00001f70  0022082c	sle	r1,r1,r2
 1361  00001f74  1420000c	bnez	r1,L66_LF2
 1362  00001f78  54000000	nop; delay slot nop
 1363  00001f7c  08000024	j	L65_LF2
 1364  00001f80  54000000	nop; delay slot nop
 1365  00001f84          	L67_LF2:
 1366  00001f84          	L66_LF2:
 1367  00001f84  8fc1fff4	lw	r1,-12(r30)
 1368  00001f88  00011820	add	r3,r0,r1
 1369  00001f8c  50620002	slli	r2,r3,#0x2
 1370  00001f90  00411020	add	r2,r2,r1
 1371  00001f94  50410001	slli	r1,r2,#0x1
 1372  00001f98  afc1fff4	sw	-12(r30),r1
 1373  00001f9c  0bffffc8	j	L64_LF2
 1374  00001fa0  54000000	nop; delay slot nop
 1375  00001fa4          	L65_LF2:
 1376  00001fa4  54000000	nop
 1377  00001fa8          	L68_LF2:
 1378  00001fa8  8fc1fff4	lw	r1,-12(r30)
 1379  00001fac  2002000a	addi	r2,r0,#10
 1380  00001fb0  00200035	movi2fp	f0,r1
 1381  00001fb4  00400835	movi2fp	f1,r2
 1382  00001fb8  0401000f	div	f0,f0,f1
 1383  00001fbc  00000834	movfp2i	r1,f0
 1384  00001fc0  afc1fff4	sw	-12(r30),r1
 1385  00001fc4  8fc10004	lw	r1,4(r30)
 1386  00001fc8  20220001	addi	r2,r1,#1
 1387  00001fcc  afc20004	sw	4(r30),r2
 1388  00001fd0  8fc20000	lw	r2,(r30)
 1389  00001fd4  8fc3fff4	lw	r3,-12(r30)
 1390  00001fd8  00400035	movi2fp	f0,r2
 1391  00001fdc  00600835	movi2fp	f1,r3
 1392  00001fe0  0401000f	div	f0,f0,f1
 1393  00001fe4  00001034	movfp2i	r2,f0
 1394  00001fe8  00021820	add	r3,r0,r2
 1395  00001fec  20620030	addi	r2,r3,#48
 1396  00001ff0  a0220000	sb	(r1),r2
 1397  00001ff4  8fc10000	lw	r1,(r30)
 1398  00001ff8  8fc3fff4	lw	r3,-12(r30)
 1399  00001ffc  00200035	movi2fp	f0,r1
 1400  00002000  00600835	movi2fp	f1,r3
 1401  00002004  0401000f	div	f0,f0,f1
 1402  00002008  00001034	movfp2i	r2,f0
 1403  0000200c  8fc3fff4	lw	r3,-12(r30)
 1404  00002010  00400035	movi2fp	f0,r2
 1405  00002014  00600835	movi2fp	f1,r3
 1406  00002018  0401000e	mult	f0,f0,f1
 1407  0000201c  00001034	movfp2i	r2,f0
 1408  00002020  00220822	sub	r1,r1,r2
 1409  00002024  afc10000	sw	(r30),r1
 1410  00002028          	L70_LF2:
 1411  00002028  8fc1fff4	lw	r1,-12(r30)
 1412  0000202c  6c220001	sgti	r2,r1,#1
 1413  00002030  1440000c	bnez	r2,L71_LF2
 1414  00002034  54000000	nop; delay slot nop
 1415  00002038  0800000c	j	L61_LF2
 1416  0000203c  54000000	nop; delay slot nop
 1417  00002040          	L71_LF2:
 1418  00002040  0bffff64	j	L68_LF2
 1419  00002044  54000000	nop; delay slot nop
 1420  00002048          	L69_LF2:
 1421  00002048          	L63_LF2:
 1422  00002048          	L61_LF2:
 1423  00002048  8fc10004	lw	r1,4(r30)
 1424  0000204c  20020000	addi	r2,r0,(#0x0)&0xff
 1425  00002050  a0220000	sb	(r1),r2
 1426  00002054          	L59_LF2:
 1427  00002054  8fa20000	lw	r2,0(r29)
 1428  00002058  8fa30004	lw	r3,4(r29)
 1429  0000205c  8fdffff8	lw	r31,-8(r30)
 1430  00002060  001ee820	add	r29,r0,r30
 1431  00002064  8fdefffc	lw	r30,-4(r30)
 1432  00002068  4be00000	jr	r31
 1433  0000206c  54000000	nop
 1434  00002070          	.endproc _ditoa
 1435  00002070          	.align 2
 1436  00002070          	.proc _dstrtol
 1437  00002070          	.global _dstrtol
 1438  00002070          	_dstrtol:
 1439                      ;  Function 'dstrtol'; 16 bytes of locals, 1 regs to save.
 1440  00002070  afbefffc	sw	-4(r29),r30; push fp
 1441  00002074  001df020	add	r30,r0,r29; fp = sp
 1442  00002078  afbffff8	sw	-8(r29),r31; push ret addr
 1443  0000207c  2fbd0020	subui	r29,r29,#32; alloc local storage
 1444  00002080  afa20000	sw	0(r29),r2
 1445  00002084  20010000	addi	r1,r0,#0
 1446  00002088  afc1fff4	sw	-12(r30),r1
 1447  0000208c          	L73_LF2:
 1448  0000208c  8fc10000	lw	r1,(r30)
 1449  00002090  90220000	lbu	r2,(r1)
 1450  00002094  60410020	seqi	r1,r2,#32
 1451  00002098  14200034	bnez	r1,L75_LF2
 1452  0000209c  54000000	nop; delay slot nop
 1453  000020a0  8fc10000	lw	r1,(r30)
 1454  000020a4  90220000	lbu	r2,(r1)
 1455  000020a8  60410009	seqi	r1,r2,#9
 1456  000020ac  14200020	bnez	r1,L75_LF2
 1457  000020b0  54000000	nop; delay slot nop
 1458  000020b4  8fc10000	lw	r1,(r30)
 1459  000020b8  90220000	lbu	r2,(r1)
 1460  000020bc  6041000a	seqi	r1,r2,#10
 1461  000020c0  1420000c	bnez	r1,L75_LF2
 1462  000020c4  54000000	nop; delay slot nop
 1463  000020c8  0800001c	j	L74_LF2
 1464  000020cc  54000000	nop; delay slot nop
 1465  000020d0          	L75_LF2:
 1466  000020d0  8fc20000	lw	r2,(r30)
 1467  000020d4  20410001	addi	r1,r2,#1
 1468  000020d8  00011020	add	r2,r0,r1
 1469  000020dc  afc20000	sw	(r30),r2
 1470  000020e0  0bffffa8	j	L73_LF2
 1471  000020e4  54000000	nop; delay slot nop
 1472  000020e8          	L74_LF2:
 1473  000020e8  8fc10004	lw	r1,4(r30)
 1474  000020ec  64220000	snei	r2,r1,#0
 1475  000020f0  10400010	beqz	r2,L76_LF2
 1476  000020f4  54000000	nop; delay slot nop
 1477  000020f8  8fc10004	lw	r1,4(r30)
 1478  000020fc  8fc20000	lw	r2,(r30)
 1479  00002100  ac220000	sw	(r1),r2
 1480  00002104          	L76_LF2:
 1481  00002104  8fc10000	lw	r1,(r30)
 1482  00002108  90220000	lbu	r2,(r1)
 1483  0000210c  64410000	snei	r1,r2,#0
 1484  00002110  14200010	bnez	r1,L77_LF2
 1485  00002114  54000000	nop; delay slot nop
 1486  00002118  8fc1fff4	lw	r1,-12(r30)
 1487  0000211c  08000294	j	L72_LF2
 1488  00002120  54000000	nop; delay slot nop
 1489  00002124          	L77_LF2:
 1490  00002124  8fc10000	lw	r1,(r30)
 1491  00002128  90220000	lbu	r2,(r1)
 1492  0000212c  6041002d	seqi	r1,r2,#45
 1493  00002130  10200024	beqz	r1,L78_LF2
 1494  00002134  54000000	nop; delay slot nop
 1495  00002138  2001ffff	addi	r1,r0,#-1
 1496  0000213c  afc1ffec	sw	-20(r30),r1
 1497  00002140  8fc20000	lw	r2,(r30)
 1498  00002144  20410001	addi	r1,r2,#1
 1499  00002148  00011020	add	r2,r0,r1
 1500  0000214c  afc20000	sw	(r30),r2
 1501  00002150  0800000c	j	L79_LF2
 1502  00002154  54000000	nop; delay slot nop
 1503  00002158          	L78_LF2:
 1504  00002158  20010001	addi	r1,r0,#1
 1505  0000215c  afc1ffec	sw	-20(r30),r1
 1506  00002160          	L79_LF2:
 1507  00002160  8fc10008	lw	r1,8(r30)
 1508  00002164  64220000	snei	r2,r1,#0
 1509  00002168  14400090	bnez	r2,L80_LF2
 1510  0000216c  54000000	nop; delay slot nop
 1511  00002170  8fc10000	lw	r1,(r30)
 1512  00002174  90220000	lbu	r2,(r1)
 1513  00002178  60410030	seqi	r1,r2,#48
 1514  0000217c  10200074	beqz	r1,L81_LF2
 1515  00002180  54000000	nop; delay slot nop
 1516  00002184  8fc20000	lw	r2,(r30)
 1517  00002188  20410001	addi	r1,r2,#1
 1518  0000218c  00011020	add	r2,r0,r1
 1519  00002190  afc20000	sw	(r30),r2
 1520  00002194  8fc10000	lw	r1,(r30)
 1521  00002198  90220000	lbu	r2,(r1)
 1522  0000219c  60410078	seqi	r1,r2,#120
 1523  000021a0  14200020	bnez	r1,L83_LF2
 1524  000021a4  54000000	nop; delay slot nop
 1525  000021a8  8fc10000	lw	r1,(r30)
 1526  000021ac  90220000	lbu	r2,(r1)
 1527  000021b0  60410058	seqi	r1,r2,#88
 1528  000021b4  1420000c	bnez	r1,L83_LF2
 1529  000021b8  54000000	nop; delay slot nop
 1530  000021bc  08000024	j	L82_LF2
 1531  000021c0  54000000	nop; delay slot nop
 1532  000021c4          	L83_LF2:
 1533  000021c4  20010010	addi	r1,r0,#16
 1534  000021c8  afc10008	sw	8(r30),r1
 1535  000021cc  8fc20000	lw	r2,(r30)
 1536  000021d0  20410001	addi	r1,r2,#1
 1537  000021d4  00011020	add	r2,r0,r1
 1538  000021d8  afc20000	sw	(r30),r2
 1539  000021dc  0800000c	j	L84_LF2
 1540  000021e0  54000000	nop; delay slot nop
 1541  000021e4          	L82_LF2:
 1542  000021e4  20010008	addi	r1,r0,#8
 1543  000021e8  afc10008	sw	8(r30),r1
 1544  000021ec          	L84_LF2:
 1545  000021ec  0800000c	j	L80_LF2
 1546  000021f0  54000000	nop; delay slot nop
 1547  000021f4          	L81_LF2:
 1548  000021f4  2001000a	addi	r1,r0,#10
 1549  000021f8  afc10008	sw	8(r30),r1
 1550  000021fc          	L85_LF2:
 1551  000021fc          	L80_LF2:
 1552  000021fc  8fc10008	lw	r1,8(r30)
 1553  00002200  70220000	slei	r2,r1,#0
 1554  00002204  1440001c	bnez	r2,L87_LF2
 1555  00002208  54000000	nop; delay slot nop
 1556  0000220c  8fc10008	lw	r1,8(r30)
 1557  00002210  6c220010	sgti	r2,r1,#16
 1558  00002214  1440000c	bnez	r2,L87_LF2
 1559  00002218  54000000	nop; delay slot nop
 1560  0000221c  08000010	j	L86_LF2
 1561  00002220  54000000	nop; delay slot nop
 1562  00002224          	L87_LF2:
 1563  00002224  8fc1fff4	lw	r1,-12(r30)
 1564  00002228  08000188	j	L72_LF2
 1565  0000222c  54000000	nop; delay slot nop
 1566  00002230          	L86_LF2:
 1567  00002230  54000000	nop
 1568  00002234          	L88_LF2:
 1569  00002234  8fc10000	lw	r1,(r30)
 1570  00002238  90220000	lbu	r2,(r1)
 1571  0000223c  6c41002f	sgtui	r1,r2,#47
 1572  00002240  10200030	beqz	r1,L91_LF2
 1573  00002244  54000000	nop; delay slot nop
 1574  00002248  8fc10000	lw	r1,(r30)
 1575  0000224c  90220000	lbu	r2,(r1)
 1576  00002250  70410039	sleui	r1,r2,#57
 1577  00002254  1020001c	beqz	r1,L91_LF2
 1578  00002258  54000000	nop; delay slot nop
 1579  0000225c  8fc10000	lw	r1,(r30)
 1580  00002260  90220000	lbu	r2,(r1)
 1581  00002264  2041ffd0	addi	r1,r2,#-48
 1582  00002268  afc1fff0	sw	-16(r30),r1
 1583  0000226c  0800008c	j	L92_LF2
 1584  00002270  54000000	nop; delay slot nop
 1585  00002274          	L91_LF2:
 1586  00002274  8fc10000	lw	r1,(r30)
 1587  00002278  90220000	lbu	r2,(r1)
 1588  0000227c  6c410060	sgtui	r1,r2,#96
 1589  00002280  10200030	beqz	r1,L93_LF2
 1590  00002284  54000000	nop; delay slot nop
 1591  00002288  8fc10000	lw	r1,(r30)
 1592  0000228c  90220000	lbu	r2,(r1)
 1593  00002290  7041007a	sleui	r1,r2,#122
 1594  00002294  1020001c	beqz	r1,L93_LF2
 1595  00002298  54000000	nop; delay slot nop
 1596  0000229c  8fc10000	lw	r1,(r30)
 1597  000022a0  90220000	lbu	r2,(r1)
 1598  000022a4  2041ffa9	addi	r1,r2,#-87
 1599  000022a8  afc1fff0	sw	-16(r30),r1
 1600  000022ac  0800004c	j	L92_LF2
 1601  000022b0  54000000	nop; delay slot nop
 1602  000022b4          	L93_LF2:
 1603  000022b4  8fc10000	lw	r1,(r30)
 1604  000022b8  90220000	lbu	r2,(r1)
 1605  000022bc  6c410040	sgtui	r1,r2,#64
 1606  000022c0  10200030	beqz	r1,L95_LF2
 1607  000022c4  54000000	nop; delay slot nop
 1608  000022c8  8fc10000	lw	r1,(r30)
 1609  000022cc  90220000	lbu	r2,(r1)
 1610  000022d0  7041005a	sleui	r1,r2,#90
 1611  000022d4  1020001c	beqz	r1,L95_LF2
 1612  000022d8  54000000	nop; delay slot nop
 1613  000022dc  8fc10000	lw	r1,(r30)
 1614  000022e0  90220000	lbu	r2,(r1)
 1615  000022e4  2041ffc9	addi	r1,r2,#-55
 1616  000022e8  afc1fff0	sw	-16(r30),r1
 1617  000022ec  0800000c	j	L92_LF2
 1618  000022f0  54000000	nop; delay slot nop
 1619  000022f4          	L95_LF2:
 1620  000022f4  200103e8	addi	r1,r0,#1000
 1621  000022f8  afc1fff0	sw	-16(r30),r1
 1622  000022fc          	L96_LF2:
 1623  000022fc          	L94_LF2:
 1624  000022fc          	L92_LF2:
 1625  000022fc  8fc1fff0	lw	r1,-16(r30)
 1626  00002300  8fc20008	lw	r2,8(r30)
 1627  00002304  0022082a	slt	r1,r1,r2
 1628  00002308  10200040	beqz	r1,L90_LF2
 1629  0000230c  54000000	nop; delay slot nop
 1630  00002310  8fc1fff4	lw	r1,-12(r30)
 1631  00002314  8fc20008	lw	r2,8(r30)
 1632  00002318  00200035	movi2fp	f0,r1
 1633  0000231c  00400835	movi2fp	f1,r2
 1634  00002320  0401000e	mult	f0,f0,f1
 1635  00002324  00000834	movfp2i	r1,f0
 1636  00002328  afc1fff4	sw	-12(r30),r1
 1637  0000232c  8fc1fff4	lw	r1,-12(r30)
 1638  00002330  8fc2fff0	lw	r2,-16(r30)
 1639  00002334  00220820	add	r1,r1,r2
 1640  00002338  afc1fff4	sw	-12(r30),r1
 1641  0000233c  8fc20000	lw	r2,(r30)
 1642  00002340  20410001	addi	r1,r2,#1
 1643  00002344  00011020	add	r2,r0,r1
 1644  00002348  afc20000	sw	(r30),r2
 1645  0000234c          	L97_LF2:
 1646  0000234c          	L90_LF2:
 1647  0000234c  8fc1fff0	lw	r1,-16(r30)
 1648  00002350  8fc20008	lw	r2,8(r30)
 1649  00002354  0022082a	slt	r1,r1,r2
 1650  00002358  1420000c	bnez	r1,L98_LF2
 1651  0000235c  54000000	nop; delay slot nop
 1652  00002360  0800000c	j	L89_LF2
 1653  00002364  54000000	nop; delay slot nop
 1654  00002368          	L98_LF2:
 1655  00002368  0bfffec8	j	L88_LF2
 1656  0000236c  54000000	nop; delay slot nop
 1657  00002370          	L89_LF2:
 1658  00002370  8fc10004	lw	r1,4(r30)
 1659  00002374  64220000	snei	r2,r1,#0
 1660  00002378  10400010	beqz	r2,L99_LF2
 1661  0000237c  54000000	nop; delay slot nop
 1662  00002380  8fc10004	lw	r1,4(r30)
 1663  00002384  8fc20000	lw	r2,(r30)
 1664  00002388  ac220000	sw	(r1),r2
 1665  0000238c          	L99_LF2:
 1666  0000238c  8fc1fff4	lw	r1,-12(r30)
 1667  00002390  8fc2ffec	lw	r2,-20(r30)
 1668  00002394  00200035	movi2fp	f0,r1
 1669  00002398  00400835	movi2fp	f1,r2
 1670  0000239c  0401000e	mult	f0,f0,f1
 1671  000023a0  00000834	movfp2i	r1,f0
 1672  000023a4  afc1fff4	sw	-12(r30),r1
 1673  000023a8  8fc1fff4	lw	r1,-12(r30)
 1674  000023ac  08000004	j	L72_LF2
 1675  000023b0  54000000	nop; delay slot nop
 1676  000023b4          	L72_LF2:
 1677  000023b4  8fa20000	lw	r2,0(r29)
 1678  000023b8  8fdffff8	lw	r31,-8(r30)
 1679  000023bc  001ee820	add	r29,r0,r30
 1680  000023c0  8fdefffc	lw	r30,-4(r30)
 1681  000023c4  4be00000	jr	r31
 1682  000023c8  54000000	nop
 1683  000023cc          	.endproc _dstrtol
 1684  000023cc          	.align 2
 1685  000023cc          	.proc _bcopy
 1686  000023cc          	.global _bcopy
 1687  000023cc          	_bcopy:
 1688                      ;  Function 'bcopy'; 0 bytes of locals, 2 regs to save.
 1689  000023cc  afbefffc	sw	-4(r29),r30; push fp
 1690  000023d0  001df020	add	r30,r0,r29; fp = sp
 1691  000023d4  afbffff8	sw	-8(r29),r31; push ret addr
 1692  000023d8  2fbd0010	subui	r29,r29,#16; alloc local storage
 1693  000023dc  afa20000	sw	0(r29),r2
 1694  000023e0  afa30004	sw	4(r29),r3
 1695  000023e4  54000000	nop
 1696  000023e8          	L101_LF2:
 1697  000023e8  8fc10008	lw	r1,8(r30)
 1698  000023ec  2022ffff	addi	r2,r1,#-1
 1699  000023f0  afc20008	sw	8(r30),r2
 1700  000023f4  6c210000	sgti	r1,r1,#0
 1701  000023f8  1420000c	bnez	r1,L103_LF2
 1702  000023fc  54000000	nop; delay slot nop
 1703  00002400  0800002c	j	L102_LF2
 1704  00002404  54000000	nop; delay slot nop
 1705  00002408          	L103_LF2:
 1706  00002408  8fc10004	lw	r1,4(r30)
 1707  0000240c  20220001	addi	r2,r1,#1
 1708  00002410  afc20004	sw	4(r30),r2
 1709  00002414  8fc20000	lw	r2,(r30)
 1710  00002418  20430001	addi	r3,r2,#1
 1711  0000241c  afc30000	sw	(r30),r3
 1712  00002420  80420000	lb	r2,(r2)
 1713  00002424  a0220000	sb	(r1),r2
 1714  00002428  0bffffbc	j	L101_LF2
 1715  0000242c  54000000	nop; delay slot nop
 1716  00002430          	L102_LF2:
 1717  00002430          	L100_LF2:
 1718  00002430  8fa20000	lw	r2,0(r29)
 1719  00002434  8fa30004	lw	r3,4(r29)
 1720  00002438  8fdffff8	lw	r31,-8(r30)
 1721  0000243c  001ee820	add	r29,r0,r30
 1722  00002440  8fdefffc	lw	r30,-4(r30)
 1723  00002444  4be00000	jr	r31
 1724  00002448  54000000	nop
 1725  0000244c          	.endproc _bcopy
 1726  0000244c          	.align 2
 1727  0000244c          	.proc _bzero
 1728  0000244c          	.global _bzero
 1729  0000244c          	_bzero:
 1730                      ;  Function 'bzero'; 0 bytes of locals, 1 regs to save.
 1731  0000244c  afbefffc	sw	-4(r29),r30; push fp
 1732  00002450  001df020	add	r30,r0,r29; fp = sp
 1733  00002454  afbffff8	sw	-8(r29),r31; push ret addr
 1734  00002458  2fbd0010	subui	r29,r29,#16; alloc local storage
 1735  0000245c  afa20000	sw	0(r29),r2
 1736  00002460  54000000	nop
 1737  00002464          	L105_LF2:
 1738  00002464  8fc10004	lw	r1,4(r30)
 1739  00002468  2022ffff	addi	r2,r1,#-1
 1740  0000246c  afc20004	sw	4(r30),r2
 1741  00002470  6c210000	sgti	r1,r1,#0
 1742  00002474  1420000c	bnez	r1,L107_LF2
 1743  00002478  54000000	nop; delay slot nop
 1744  0000247c  08000020	j	L106_LF2
 1745  00002480  54000000	nop; delay slot nop
 1746  00002484          	L107_LF2:
 1747  00002484  8fc10000	lw	r1,(r30)
 1748  00002488  20220001	addi	r2,r1,#1
 1749  0000248c  afc20000	sw	(r30),r2
 1750  00002490  20020000	addi	r2,r0,(#0x0)&0xff
 1751  00002494  a0220000	sb	(r1),r2
 1752  00002498  0bffffc8	j	L105_LF2
 1753  0000249c  54000000	nop; delay slot nop
 1754  000024a0          	L106_LF2:
 1755  000024a0          	L104_LF2:
 1756  000024a0  8fa20000	lw	r2,0(r29)
 1757  000024a4  8fdffff8	lw	r31,-8(r30)
 1758  000024a8  001ee820	add	r29,r0,r30
 1759  000024ac  8fdefffc	lw	r30,-4(r30)
 1760  000024b0  4be00000	jr	r31
 1761  000024b4  54000000	nop
 1762  000024b8          	.endproc _bzero
 1763  000024b8          	.align 2
 1764  000024b8          	.proc _min
 1765  000024b8          	.global _min
 1766  000024b8          	_min:
 1767                      ;  Function 'min'; 0 bytes of locals, 2 regs to save.
 1768  000024b8  afbefffc	sw	-4(r29),r30; push fp
 1769  000024bc  001df020	add	r30,r0,r29; fp = sp
 1770  000024c0  afbffff8	sw	-8(r29),r31; push ret addr
 1771  000024c4  2fbd0010	subui	r29,r29,#16; alloc local storage
 1772  000024c8  afa20000	sw	0(r29),r2
 1773  000024cc  afa30004	sw	4(r29),r3
 1774  000024d0  8fc10000	lw	r1,(r30)
 1775  000024d4  8fc20004	lw	r2,4(r30)
 1776  000024d8  0022182c	sle	r3,r1,r2
 1777  000024dc  14600008	bnez	r3,L109_LF2
 1778  000024e0  54000000	nop; delay slot nop
 1779  000024e4  8fc10004	lw	r1,4(r30)
 1780  000024e8          	L109_LF2:
 1781  000024e8  08000004	j	L108_LF2
 1782  000024ec  54000000	nop; delay slot nop
 1783  000024f0          	L108_LF2:
 1784  000024f0  8fa20000	lw	r2,0(r29)
 1785  000024f4  8fa30004	lw	r3,4(r29)
 1786  000024f8  8fdffff8	lw	r31,-8(r30)
 1787  000024fc  001ee820	add	r29,r0,r30
 1788  00002500  8fdefffc	lw	r30,-4(r30)
 1789  00002504  4be00000	jr	r31
 1790  00002508  54000000	nop
 1791  0000250c          	.endproc _min
 1792  0000250c          	.align 2
 1793  0000250c          	.proc _max
 1794  0000250c          	.global _max
 1795  0000250c          	_max:
 1796                      ;  Function 'max'; 0 bytes of locals, 2 regs to save.
 1797  0000250c  afbefffc	sw	-4(r29),r30; push fp
 1798  00002510  001df020	add	r30,r0,r29; fp = sp
 1799  00002514  afbffff8	sw	-8(r29),r31; push ret addr
 1800  00002518  2fbd0010	subui	r29,r29,#16; alloc local storage
 1801  0000251c  afa20000	sw	0(r29),r2
 1802  00002520  afa30004	sw	4(r29),r3
 1803  00002524  8fc10000	lw	r1,(r30)
 1804  00002528  8fc20004	lw	r2,4(r30)
 1805  0000252c  0022182d	sge	r3,r1,r2
 1806  00002530  14600008	bnez	r3,L111_LF2
 1807  00002534  54000000	nop; delay slot nop
 1808  00002538  8fc10004	lw	r1,4(r30)
 1809  0000253c          	L111_LF2:
 1810  0000253c  08000004	j	L110_LF2
 1811  00002540  54000000	nop; delay slot nop
 1812  00002544          	L110_LF2:
 1813  00002544  8fa20000	lw	r2,0(r29)
 1814  00002548  8fa30004	lw	r3,4(r29)
 1815  0000254c  8fdffff8	lw	r31,-8(r30)
 1816  00002550  001ee820	add	r29,r0,r30
 1817  00002554  8fdefffc	lw	r30,-4(r30)
 1818  00002558  4be00000	jr	r31
 1819  0000255c  54000000	nop
 1820  00002560          	.endproc _max
 1821                      ;;; Ethan L. Miller, 1999.  Released to the public domain
 1822                      ;;;
 1823                      ;;; Most of the traps are called in files from libtraps.
 1826  00002560          	.align 2
 1827  00002560          	.proc _exit
 1828  00002560          	.global _exit
 1829  00002560          	_exit:
 1830  00002560  44000300	trap	#0x300
 1831  00002564  4be00000	jr	r31
 1832  00002568  54000000	nop
 1833  0000256c          	.endproc _exit
 1835                      ; for the benefit of gcc.
 1836  0000256c          	.proc ___main
 1837  0000256c          	.global ___main
 1838  0000256c          	___main:
 1839  0000256c  4be00000	jr	r31
 1840  00002570  54000000	nop
 1841  00002574          	.endproc ___main
 1842  00002574          	.text
 1843  00002574          	.global _etext
 1844  00002574          	_etext:
 1845  00002574          	.align 3
 1846  00002578          	.data
 1847  00003175          	.global _edata
 1848  00003175          	_edata:
