 line   address	contents
    1                      ; Linked by DLX-LD.
    2                      ; MemSize 24576
    3                      ; Data size: 280
    4                      ; Text size: 4704
    5                      ; Stack size: 8192
    6  00000000          	.text 0x1000
    7  00001000          	.data 0x3000
    8                      ; Compiled by GCC
    9  00003000          	.text
   10  00001000          	.align 2
   11  00001000          	.proc _isspace
   12  00001000          	.global _isspace
   13  00001000          	_isspace:
   14                      ;  Function 'isspace'; 0 bytes of locals, 1 regs to save.
   15  00001000  afbefffc	sw	-4(r29),r30; push fp
   16  00001004  001df020	add	r30,r0,r29; fp = sp
   17  00001008  afbffff8	sw	-8(r29),r31; push ret addr
   18  0000100c  2fbd0010	subui	r29,r29,#16; alloc local storage
   19  00001010  afa20000	sw	0(r29),r2
   20  00001014  83c20003	lb	r2,3(r30)
   21  00001018  201f0000	addi	r31,r0,#0
   22  0000101c  304100ff	andi	r1,r2,#0x00ff
   23  00001020  60210020	seqi	r1,r1,#32
   24  00001024  14200018	bnez	r1,L6_LF0
   25  00001028  54000000	nop; not filled.
   26  0000102c  2041fff7	addi	r1,r2,#-9
   27  00001030  302100ff	andi	r1,r1,#0x00ff
   28  00001034  70210001	sleui	r1,r1,#1
   29  00001038  10200008	beqz	r1,L5_LF0
   30  0000103c  54000000	nop; not filled.
   31  00001040          	L6_LF0:
   32  00001040  201f0001	addi	r31,r0,#1
   33  00001044          	L5_LF0:
   34  00001044  001f0820	add	r1,r0,r31
   35  00001048  8fa20000	lw	r2,0(r29)
   36  0000104c  8fdffff8	lw	r31,-8(r30)
   37  00001050  001ee820	add	r29,r0,r30
   38  00001054  8fdefffc	lw	r30,-4(r30)
   39  00001058  4be00000	jr	r31
   40  0000105c  54000000	nop
   41  00001060          	.endproc _isspace
   42  00001060          	.align 2
   43  00001060          	.proc _isxdigit
   44  00001060          	.global _isxdigit
   45  00001060          	_isxdigit:
   46                      ;  Function 'isxdigit'; 0 bytes of locals, 1 regs to save.
   47  00001060  afbefffc	sw	-4(r29),r30; push fp
   48  00001064  001df020	add	r30,r0,r29; fp = sp
   49  00001068  afbffff8	sw	-8(r29),r31; push ret addr
   50  0000106c  2fbd0010	subui	r29,r29,#16; alloc local storage
   51  00001070  afa20000	sw	0(r29),r2
   52  00001074  83df0003	lb	r31,3(r30)
   53  00001078  20020000	addi	r2,r0,#0
   54  0000107c  23e1ffd0	addi	r1,r31,#-48
   55  00001080  302100ff	andi	r1,r1,#0x00ff
   56  00001084  70210009	sleui	r1,r1,#9
   57  00001088  14200028	bnez	r1,L12_LF0
   58  0000108c  54000000	nop; not filled.
   59  00001090  23e1ff9f	addi	r1,r31,#-97
   60  00001094  302100ff	andi	r1,r1,#0x00ff
   61  00001098  70210005	sleui	r1,r1,#5
   62  0000109c  14200014	bnez	r1,L12_LF0
   63  000010a0  54000000	nop; not filled.
   64  000010a4  33e100ff	andi	r1,r31,#0x00ff
   65  000010a8  64210041	snei	r1,r1,#65
   66  000010ac  14200008	bnez	r1,L11_LF0
   67  000010b0  54000000	nop; not filled.
   68  000010b4          	L12_LF0:
   69  000010b4  20020001	addi	r2,r0,#1
   70  000010b8          	L11_LF0:
   71  000010b8  00020820	add	r1,r0,r2
   72  000010bc  8fa20000	lw	r2,0(r29)
   73  000010c0  8fdffff8	lw	r31,-8(r30)
   74  000010c4  001ee820	add	r29,r0,r30
   75  000010c8  8fdefffc	lw	r30,-4(r30)
   76  000010cc  4be00000	jr	r31
   77  000010d0  54000000	nop
   78  000010d4          	.endproc _isxdigit
   79  000010d4          	.data
   80  00003000          	.align 2
   81  00003000          	LC0_LF0:
   82  00003000  48324f00	.ascii "H2O\000"
   83  00003004          	.align 2
   84  00003004          	LC1_LF0:
   85  00003004  4552524f	.ascii "ERROR: wrong number of arguments to injection_H2O\n\000"
   85  00003008  523a2077	
   85  0000300c  726f6e67	
   85  00003010  206e756d	
   85  00003014  62657220	
   85  00003018  6f662061	
   85  0000301c  7267756d	
   85  00003020  656e7473	
   85  00003024  20746f20	
   85  00003028  696e6a65	
   85  0000302c  6374696f	
   85  00003030  6e5f4832	
   85  00003034  4f0a00  	
   86  00003037          	.align 2
   87  00003038          	LC2_LF0:
   88  00003038  73706177	.ascii "spawn_me (%d): Could not open the mailbox!\n\000"
   88  0000303c  6e5f6d65	
   88  00003040  20282564	
   88  00003044  293a2043	
   88  00003048  6f756c64	
   88  0000304c  206e6f74	
   88  00003050  206f7065	
   88  00003054  6e207468	
   88  00003058  65206d61	
   88  0000305c  696c626f	
   88  00003060  78210a00	
   89  00003064          	.align 2
   90  00003064          	LC3_LF0:
   91  00003064  436f756c	.ascii "Could not send message to mailbox %d in %s (%d)\n\000"
   91  00003068  64206e6f	
   91  0000306c  74207365	
   91  00003070  6e64206d	
   91  00003074  65737361	
   91  00003078  67652074	
   91  0000307c  6f206d61	
   91  00003080  696c626f	
   91  00003084  78202564	
   91  00003088  20696e20	
   91  0000308c  25732028	
   91  00003090  2564290a	
   91  00003094  00      	
   92  00003095          	.align 2
   93  00003098          	LC4_LF0:
   94  00003098  6d616b65	.ascii "makeprocs (%d): Could not open mailbox %d!\n\000"
   94  0000309c  70726f63	
   94  000030a0  73202825	
   94  000030a4  64293a20	
   94  000030a8  436f756c	
   94  000030ac  64206e6f	
   94  000030b0  74206f70	
   94  000030b4  656e206d	
   94  000030b8  61696c62	
   94  000030bc  6f782025	
   94  000030c0  64210a00	
   95  000030c4          	.align 2
   96  000030c4          	LC5_LF0:
   97  000030c4  42616420	.ascii "Bad semaphore s_procs_completed (%d) in \000"
   97  000030c8  73656d61	
   97  000030cc  70686f72	
   97  000030d0  6520735f	
   97  000030d4  70726f63	
   97  000030d8  735f636f	
   97  000030dc  6d706c65	
   97  000030e0  74656420	
   97  000030e4  28256429	
   97  000030e8  20696e20	
   97  000030ec  00      	
   98  000030ed          	.align 2
   99  000030f0          	LC6_LF0:
  100  000030f0  2c206578	.ascii ", exiting...\n\000"
  100  000030f4  6974696e	
  100  000030f8  672e2e2e	
  100  000030fc  0a00    	
  101  000030fe          	.align 2
  102  00003100          	LC7_LF0:
  103  00003100  496e6a65	.ascii "Injection: H2O PID: %d\n\000"
  103  00003104  6374696f	
  103  00003108  6e3a2048	
  103  0000310c  324f2050	
  103  00003110  49443a20	
  103  00003114  25640a00	
  104  00003118          	.text
  105  000010d4          	.align 2
  106  000010d4          	.proc _main
  107  000010d4          	.global _main
  108  000010d4          	_main:
  109                      ;  Function 'main'; 16 bytes of locals, 0 regs to save.
  110  000010d4  afbefffc	sw	-4(r29),r30; push fp
  111  000010d8  001df020	add	r30,r0,r29; fp = sp
  112  000010dc  afbffff8	sw	-8(r29),r31; push ret addr
  113  000010e0  2fbd0018	subui	r29,r29,#24; alloc local storage
  114  000010e4  8fc20000	lw	r2,(r30)
  115  000010e8  8fc30004	lw	r3,4(r30)
  116  000010ec  0c001168	jal	___main
  117  000010f0  54000000	nop; not filled.
  118  000010f4  3c010000	lhi	r1,((LC0_LF0)>>16)&0xffff
  119  000010f8  24213000	addui	r1,r1,(LC0_LF0)&0xffff
  120  000010fc  80250000	lb	r5,(r1)
  121  00001100  a3c5ffe8	sb	-24(r30),r5
  122  00001104  80250001	lb	r5,1(r1)
  123  00001108  a3c5ffe9	sb	-23(r30),r5
  124  0000110c  80250002	lb	r5,2(r1)
  125  00001110  a3c5ffea	sb	-22(r30),r5
  126  00001114  80210003	lb	r1,3(r1)
  127  00001118  a3c1ffeb	sb	-21(r30),r1
  128  0000111c  23c1ffec	addi	r1,r30,#-20
  129  00001120  23bdfff8	addi	r29,r29,#-8
  130  00001124  afa10000	sw	(r29),r1
  131  00001128  20050006	addi	r5,r0,#6
  132  0000112c  afa50004	sw	4(r29),r5
  133  00001130  0c001004	jal	_bzero
  134  00001134  54000000	nop; not filled.
  135  00001138  23bd0008	addi	r29,r29,#8
  136  0000113c  64410003	snei	r1,r2,#3
  137  00001140  10200028	beqz	r1,L14_LF0
  138  00001144  54000000	nop; not filled.
  139  00001148  23bdfff8	addi	r29,r29,#-8
  140  0000114c  3c050000	lhi	r5,((LC1_LF0)>>16)&0xffff
  141  00001150  24a53004	addui	r5,r5,(LC1_LF0)&0xffff
  142  00001154  afa50000	sw	(r29),r5
  143  00001158  0c00024c	jal	_Printf
  144  0000115c  54000000	nop; not filled.
  145  00001160  0c00034c	jal	_Exit
  146  00001164  54000000	nop; not filled.
  147  00001168  23bd0008	addi	r29,r29,#8
  148  0000116c          	L14_LF0:
  149  0000116c  23bdfff0	addi	r29,r29,#-16
  150  00001170  8c650004	lw	r5,4(r3)
  151  00001174  afa50000	sw	(r29),r5
  152  00001178  20050000	addi	r5,r0,#0
  153  0000117c  afa50004	sw	4(r29),r5
  154  00001180  2005000a	addi	r5,r0,#10
  155  00001184  afa50008	sw	8(r29),r5
  156  00001188  0c000bd0	jal	_dstrtol
  157  0000118c  54000000	nop; not filled.
  158  00001190  00011020	add	r2,r0,r1
  159  00001194  8c650008	lw	r5,8(r3)
  160  00001198  afa50000	sw	(r29),r5
  161  0000119c  20050000	addi	r5,r0,#0
  162  000011a0  afa50004	sw	4(r29),r5
  163  000011a4  2005000a	addi	r5,r0,#10
  164  000011a8  afa50008	sw	8(r29),r5
  165  000011ac  0c000bac	jal	_dstrtol
  166  000011b0  54000000	nop; not filled.
  167  000011b4  00012020	add	r4,r0,r1
  168  000011b8  afa20000	sw	(r29),r2
  169  000011bc  0c0002a8	jal	_mbox_open
  170  000011c0  54000000	nop; not filled.
  171  000011c4  23bd0010	addi	r29,r29,#16
  172  000011c8  6021ffff	seqi	r1,r1,#-1
  173  000011cc  10200034	beqz	r1,L15_LF0
  174  000011d0  54000000	nop; not filled.
  175  000011d4  0c0001dc	jal	_getpid
  176  000011d8  54000000	nop; not filled.
  177  000011dc  23bdfff8	addi	r29,r29,#-8
  178  000011e0  3c050000	lhi	r5,((LC2_LF0)>>16)&0xffff
  179  000011e4  24a53038	addui	r5,r5,(LC2_LF0)&0xffff
  180  000011e8  afa50000	sw	(r29),r5
  181  000011ec  afa10004	sw	4(r29),r1
  182  000011f0  0c0001b4	jal	_Printf
  183  000011f4  54000000	nop; not filled.
  184  000011f8  0c0002b4	jal	_Exit
  185  000011fc  54000000	nop; not filled.
  186  00001200  23bd0008	addi	r29,r29,#8
  187  00001204          	L15_LF0:
  188  00001204  23bdfff0	addi	r29,r29,#-16
  189  00001208  afa20000	sw	(r29),r2
  190  0000120c  2005000a	addi	r5,r0,#10
  191  00001210  afa50004	sw	4(r29),r5
  192  00001214  23c1ffe8	addi	r1,r30,#-24
  193  00001218  afa10008	sw	8(r29),r1
  194  0000121c  0c000260	jal	_mbox_send
  195  00001220  54000000	nop; not filled.
  196  00001224  23bd0010	addi	r29,r29,#16
  197  00001228  6021ffff	seqi	r1,r1,#-1
  198  0000122c  10200040	beqz	r1,L16_LF0
  199  00001230  54000000	nop; not filled.
  200  00001234  0c00017c	jal	_getpid
  201  00001238  54000000	nop; not filled.
  202  0000123c  23bdfff0	addi	r29,r29,#-16
  203  00001240  3c050000	lhi	r5,((LC3_LF0)>>16)&0xffff
  204  00001244  24a53064	addui	r5,r5,(LC3_LF0)&0xffff
  205  00001248  afa50000	sw	(r29),r5
  206  0000124c  afa20004	sw	4(r29),r2
  207  00001250  8c650000	lw	r5,(r3)
  208  00001254  afa50008	sw	8(r29),r5
  209  00001258  afa1000c	sw	12(r29),r1
  210  0000125c  0c000148	jal	_Printf
  211  00001260  54000000	nop; not filled.
  212  00001264  0c000248	jal	_Exit
  213  00001268  54000000	nop; not filled.
  214  0000126c  23bd0010	addi	r29,r29,#16
  215  00001270          	L16_LF0:
  216  00001270  23bdfff8	addi	r29,r29,#-8
  217  00001274  afa20000	sw	(r29),r2
  218  00001278  0c0001f8	jal	_mbox_close
  219  0000127c  54000000	nop; not filled.
  220  00001280  23bd0008	addi	r29,r29,#8
  221  00001284  6021ffff	seqi	r1,r1,#-1
  222  00001288  10200038	beqz	r1,L17_LF0
  223  0000128c  54000000	nop; not filled.
  224  00001290  0c000120	jal	_getpid
  225  00001294  54000000	nop; not filled.
  226  00001298  23bdfff0	addi	r29,r29,#-16
  227  0000129c  3c050000	lhi	r5,((LC4_LF0)>>16)&0xffff
  228  000012a0  24a53098	addui	r5,r5,(LC4_LF0)&0xffff
  229  000012a4  afa50000	sw	(r29),r5
  230  000012a8  afa10004	sw	4(r29),r1
  231  000012ac  afa20008	sw	8(r29),r2
  232  000012b0  0c0000f4	jal	_Printf
  233  000012b4  54000000	nop; not filled.
  234  000012b8  0c0001f4	jal	_Exit
  235  000012bc  54000000	nop; not filled.
  236  000012c0  23bd0010	addi	r29,r29,#16
  237  000012c4          	L17_LF0:
  238  000012c4  23bdfff8	addi	r29,r29,#-8
  239  000012c8  afa40000	sw	(r29),r4
  240  000012cc  0c00012c	jal	_sem_signal
  241  000012d0  54000000	nop; not filled.
  242  000012d4  23bd0008	addi	r29,r29,#8
  243  000012d8  64210001	snei	r1,r1,#1
  244  000012dc  10200050	beqz	r1,L18_LF0
  245  000012e0  54000000	nop; not filled.
  246  000012e4  23bdfff8	addi	r29,r29,#-8
  247  000012e8  3c050000	lhi	r5,((LC5_LF0)>>16)&0xffff
  248  000012ec  24a530c4	addui	r5,r5,(LC5_LF0)&0xffff
  249  000012f0  afa50000	sw	(r29),r5
  250  000012f4  afa40004	sw	4(r29),r4
  251  000012f8  0c0000ac	jal	_Printf
  252  000012fc  54000000	nop; not filled.
  253  00001300  8c630000	lw	r3,(r3)
  254  00001304  afa30000	sw	(r29),r3
  255  00001308  0c00009c	jal	_Printf
  256  0000130c  54000000	nop; not filled.
  257  00001310  3c050000	lhi	r5,((LC6_LF0)>>16)&0xffff
  258  00001314  24a530f0	addui	r5,r5,(LC6_LF0)&0xffff
  259  00001318  afa50000	sw	(r29),r5
  260  0000131c  0c000088	jal	_Printf
  261  00001320  54000000	nop; not filled.
  262  00001324  0c000188	jal	_Exit
  263  00001328  54000000	nop; not filled.
  264  0000132c  23bd0008	addi	r29,r29,#8
  265  00001330          	L18_LF0:
  266  00001330  0c000080	jal	_getpid
  267  00001334  54000000	nop; not filled.
  268  00001338  23bdfff8	addi	r29,r29,#-8
  269  0000133c  3c050000	lhi	r5,((LC7_LF0)>>16)&0xffff
  270  00001340  24a53100	addui	r5,r5,(LC7_LF0)&0xffff
  271  00001344  afa50000	sw	(r29),r5
  272  00001348  afa10004	sw	4(r29),r1
  273  0000134c  0c000058	jal	_Printf
  274  00001350  54000000	nop; not filled.
  275  00001354  23bd0008	addi	r29,r29,#8
  276  00001358  0c000ef0	jal	_exit
  277  0000135c  54000000	nop
  278  00001360          	.endproc _main
  279                      ;;;
  280                      ;;; Stub functions for DLX traps.
  281                      ;;;
  282                      ;;; Ethan L. Miller, 1999.  Released to the public domain.
  283                      ;;;
  284                      ;;; The traps such as Open and Close
  285                      ;;; (note the capital letters) are for use by user programs.  The traps
  286                      ;;; with names such as open and close (lower case) are for use by the OS.
  287                      ;;;
  290  00001360          	.align 2
  292                      ;;; The following are the traps to be used by user-level programs
  293                      ;;;
  295  00001360          	.align 2
  296  00001360          	.proc _Open
  297  00001360          	.global _Open
  298  00001360          	_Open:
  299                      ;;; Note that trap #0x213 actually causes a trap vector in the OS of
  300                      ;;; 0x1213.  The same is true for other user traps.  Thus, a user trap
  301                      ;;; with trap #0x240 will result in a trap vector of 0x1240 in the OS.
  302  00001360  44000213	trap	#0x213
  303  00001364  4be00000	jr	r31
  304  00001368  54000000	nop
  305  0000136c          	.endproc _Open
  307  0000136c          	.proc _Close
  308  0000136c          	.global _Close
  309  0000136c          	_Close:
  310  0000136c  44000214	trap	#0x214
  311  00001370  4be00000	jr	r31
  312  00001374  54000000	nop
  313  00001378          	.endproc _Close
  315  00001378          	.proc _Read
  316  00001378          	.global _Read
  317  00001378          	_Read:
  318  00001378  44000210	trap	#0x210
  319  0000137c  4be00000	jr	r31
  320  00001380  54000000	nop
  321  00001384          	.endproc _Read
  323  00001384          	.proc _Write
  324  00001384          	.global _Write
  325  00001384          	_Write:
  326  00001384  44000211	trap	#0x211
  327  00001388  4be00000	jr	r31
  328  0000138c  54000000	nop
  329  00001390          	.endproc _Write
  331  00001390          	.proc _Lseek
  332  00001390          	.global _Lseek
  333  00001390          	_Lseek:
  334  00001390  44000212	trap	#0x212
  335  00001394  4be00000	jr	r31
  336  00001398  54000000	nop
  337  0000139c          	.endproc _Lseek
  339  0000139c          	.proc _Putchar
  340  0000139c          	.global _Putchar
  341  0000139c          	_Putchar:
  342  0000139c  44000280	trap	#0x280
  343  000013a0  4be00000	jr	r31
  344  000013a4  54000000	nop
  345  000013a8          	.endproc _Putchar
  347  000013a8          	.proc _Printf
  348  000013a8          	.global _Printf
  349  000013a8          	_Printf:
  350  000013a8  44000201	trap	#0x201
  351  000013ac  4be00000	jr	r31
  352  000013b0  54000000	nop
  353  000013b4          	.endproc _Printf
  355  000013b4          	.proc _getpid
  356  000013b4          	.global _getpid
  357  000013b4          	_getpid:
  358  000013b4  44000431	trap	#0x431
  359  000013b8  4be00000	jr	r31
  360  000013bc  54000000	nop
  361  000013c0          	.endproc _getpid
  363  000013c0          	.proc _process_create
  364  000013c0          	.global _process_create
  365  000013c0          	_process_create:
  366  000013c0  44000432	trap	#0x432
  367  000013c4  4be00000	jr	r31
  368  000013c8  54000000	nop
  369  000013cc          	.endproc _process_create
  371  000013cc          	.proc _shmget
  372  000013cc          	.global _shmget
  373  000013cc          	_shmget:
  374  000013cc  44000440	trap	#0x440
  375  000013d0  4be00000	jr	r31
  376  000013d4  54000000	nop
  377  000013d8          	.endproc _shmget
  379  000013d8          	.proc _shmat
  380  000013d8          	.global _shmat
  381  000013d8          	_shmat:
  382  000013d8  44000441	trap	#0x441
  383  000013dc  4be00000	jr	r31
  384  000013e0  54000000	nop
  385  000013e4          	.endproc _shmat
  387  000013e4          	.proc _sem_create
  388  000013e4          	.global _sem_create
  389  000013e4          	_sem_create:
  390  000013e4  44000450	trap	#0x450
  391  000013e8  4be00000	jr	r31
  392  000013ec  54000000	nop
  393  000013f0          	.endproc _sem_create
  395  000013f0          	.proc _sem_wait
  396  000013f0          	.global _sem_wait
  397  000013f0          	_sem_wait:
  398  000013f0  44000451	trap	#0x451
  399  000013f4  4be00000	jr	r31
  400  000013f8  54000000	nop
  401  000013fc          	.endproc _sem_wait
  403  000013fc          	.proc _sem_signal
  404  000013fc          	.global _sem_signal
  405  000013fc          	_sem_signal:
  406  000013fc  44000452	trap	#0x452
  407  00001400  4be00000	jr	r31
  408  00001404  54000000	nop
  409  00001408          	.endproc _sem_signal
  411  00001408          	.proc _lock_create
  412  00001408          	.global _lock_create
  413  00001408          	_lock_create:
  414  00001408  44000453	trap	#0x453
  415  0000140c  4be00000	jr	r31
  416  00001410  54000000	nop
  417  00001414          	.endproc _lock_create
  419  00001414          	.proc _lock_acquire
  420  00001414          	.global _lock_acquire
  421  00001414          	_lock_acquire:
  422  00001414  44000454	trap	#0x454
  423  00001418  4be00000	jr	r31
  424  0000141c  54000000	nop
  425  00001420          	.endproc _lock_acquire
  427  00001420          	.proc _lock_release
  428  00001420          	.global _lock_release
  429  00001420          	_lock_release:
  430  00001420  44000455	trap	#0x455
  431  00001424  4be00000	jr	r31
  432  00001428  54000000	nop
  433  0000142c          	.endproc _lock_release
  435  0000142c          	.proc _cond_create
  436  0000142c          	.global _cond_create
  437  0000142c          	_cond_create:
  438  0000142c  44000456	trap	#0x456
  439  00001430  4be00000	jr	r31
  440  00001434  54000000	nop
  441  00001438          	.endproc _cond_create
  443  00001438          	.proc _cond_wait
  444  00001438          	.global _cond_wait
  445  00001438          	_cond_wait:
  446  00001438  44000457	trap	#0x457
  447  0000143c  4be00000	jr	r31
  448  00001440  54000000	nop
  449  00001444          	.endproc _cond_wait
  451  00001444          	.proc _cond_signal
  452  00001444          	.global _cond_signal
  453  00001444          	_cond_signal:
  454  00001444  44000458	trap	#0x458
  455  00001448  4be00000	jr	r31
  456  0000144c  54000000	nop
  457  00001450          	.endproc _cond_signal
  459  00001450          	.proc _cond_broadcast
  460  00001450          	.global _cond_broadcast
  461  00001450          	_cond_broadcast:
  462  00001450  44000459	trap	#0x459
  463  00001454  4be00000	jr	r31
  464  00001458  54000000	nop
  465  0000145c          	.endproc _cond_broadcast
  467  0000145c          	.proc _mbox_create
  468  0000145c          	.global _mbox_create
  469  0000145c          	_mbox_create:
  470  0000145c  44000460	trap	#0x460
  471  00001460  4be00000	jr	r31
  472  00001464  54000000	nop
  473  00001468          	.endproc _mbox_create
  475  00001468          	.proc _mbox_open
  476  00001468          	.global _mbox_open
  477  00001468          	_mbox_open:
  478  00001468  44000461	trap	#0x461
  479  0000146c  4be00000	jr	r31
  480  00001470  54000000	nop
  481  00001474          	.endproc _mbox_open
  483  00001474          	.proc _mbox_close
  484  00001474          	.global _mbox_close
  485  00001474          	_mbox_close:
  486  00001474  44000462	trap	#0x462
  487  00001478  4be00000	jr	r31
  488  0000147c  54000000	nop
  489  00001480          	.endproc _mbox_close
  491  00001480          	.proc _mbox_send
  492  00001480          	.global _mbox_send
  493  00001480          	_mbox_send:
  494  00001480  44000463	trap	#0x463
  495  00001484  4be00000	jr	r31
  496  00001488  54000000	nop
  497  0000148c          	.endproc _mbox_send
  499  0000148c          	.proc _mbox_recv
  500  0000148c          	.global _mbox_recv
  501  0000148c          	_mbox_recv:
  502  0000148c  44000464	trap	#0x464
  503  00001490  4be00000	jr	r31
  504  00001494  54000000	nop
  505  00001498          	.endproc _mbox_recv
  507  00001498          	.proc _sleep
  508  00001498          	.global _sleep
  509  00001498          	_sleep:
  510  00001498  44000465	trap	#0x465
  511  0000149c  4be00000	jr	r31
  512  000014a0  54000000	nop
  513  000014a4          	.endproc _sleep
  515  000014a4          	.proc _yield
  516  000014a4          	.global _yield
  517  000014a4          	_yield:
  518  000014a4  44000466	trap	#0x466
  519  000014a8  4be00000	jr	r31
  520  000014ac  54000000	nop
  521  000014b0          	.endproc _yield
  524  000014b0          	.proc _Exit
  525  000014b0          	.global _Exit
  526  000014b0          	_Exit:
  527  000014b0  44000500	trap	#0x500
  528  000014b4  4be00000	jr	r31
  529  000014b8  54000000	nop
  530  000014bc          	.endproc _Exit
  531                      ; Compiled by GCC
  533  000014bc          	.align 2
  534  000014bc          	.proc _isspace
  535  000014bc          	.global _isspace
  536  000014bc          	_isspace:
  537                      ;  Function 'isspace'; 0 bytes of locals, 3 regs to save.
  538  000014bc  afbefffc	sw	-4(r29),r30; push fp
  539  000014c0  001df020	add	r30,r0,r29; fp = sp
  540  000014c4  afbffff8	sw	-8(r29),r31; push ret addr
  541  000014c8  2fbd0018	subui	r29,r29,#24; alloc local storage
  542  000014cc  afa20000	sw	0(r29),r2
  543  000014d0  afa30004	sw	4(r29),r3
  544  000014d4  afa40008	sw	8(r29),r4
  545  000014d8  83c20003	lb	r2,3(r30)
  546  000014dc  20010000	addi	r1,r0,#0
  547  000014e0  304300ff	andi	r3,r2,#0x00ff
  548  000014e4  60640020	seqi	r4,r3,#32
  549  000014e8  1480002c	bnez	r4,L3_LF2
  550  000014ec  54000000	nop; delay slot nop
  551  000014f0  304300ff	andi	r3,r2,#0x00ff
  552  000014f4  60640009	seqi	r4,r3,#9
  553  000014f8  1480001c	bnez	r4,L3_LF2
  554  000014fc  54000000	nop; delay slot nop
  555  00001500  304300ff	andi	r3,r2,#0x00ff
  556  00001504  6064000a	seqi	r4,r3,#10
  557  00001508  1480000c	bnez	r4,L3_LF2
  558  0000150c  54000000	nop; delay slot nop
  559  00001510  08000008	j	L2_LF2
  560  00001514  54000000	nop; delay slot nop
  561  00001518          	L3_LF2:
  562  00001518  20010001	addi	r1,r0,#1
  563  0000151c          	L2_LF2:
  564  0000151c  08000004	j	L1_LF2
  565  00001520  54000000	nop; delay slot nop
  566  00001524          	L1_LF2:
  567  00001524  8fa20000	lw	r2,0(r29)
  568  00001528  8fa30004	lw	r3,4(r29)
  569  0000152c  8fa40008	lw	r4,8(r29)
  570  00001530  8fdffff8	lw	r31,-8(r30)
  571  00001534  001ee820	add	r29,r0,r30
  572  00001538  8fdefffc	lw	r30,-4(r30)
  573  0000153c  4be00000	jr	r31
  574  00001540  54000000	nop
  575  00001544          	.endproc _isspace
  576  00001544          	.align 2
  577  00001544          	.proc _isxdigit
  578  00001544          	.global _isxdigit
  579  00001544          	_isxdigit:
  580                      ;  Function 'isxdigit'; 0 bytes of locals, 3 regs to save.
  581  00001544  afbefffc	sw	-4(r29),r30; push fp
  582  00001548  001df020	add	r30,r0,r29; fp = sp
  583  0000154c  afbffff8	sw	-8(r29),r31; push ret addr
  584  00001550  2fbd0018	subui	r29,r29,#24; alloc local storage
  585  00001554  afa20000	sw	0(r29),r2
  586  00001558  afa30004	sw	4(r29),r3
  587  0000155c  afa40008	sw	8(r29),r4
  588  00001560  83c20003	lb	r2,3(r30)
  589  00001564  20010000	addi	r1,r0,#0
  590  00001568  304300ff	andi	r3,r2,#0x00ff
  591  0000156c  6c64002f	sgtui	r4,r3,#47
  592  00001570  1080001c	beqz	r4,L7_LF2
  593  00001574  54000000	nop; delay slot nop
  594  00001578  304300ff	andi	r3,r2,#0x00ff
  595  0000157c  70640039	sleui	r4,r3,#57
  596  00001580  1480005c	bnez	r4,L6_LF2
  597  00001584  54000000	nop; delay slot nop
  598  00001588  08000004	j	L7_LF2
  599  0000158c  54000000	nop; delay slot nop
  600  00001590          	L7_LF2:
  601  00001590  304300ff	andi	r3,r2,#0x00ff
  602  00001594  6c640060	sgtui	r4,r3,#96
  603  00001598  1080001c	beqz	r4,L8_LF2
  604  0000159c  54000000	nop; delay slot nop
  605  000015a0  304300ff	andi	r3,r2,#0x00ff
  606  000015a4  70640066	sleui	r4,r3,#102
  607  000015a8  14800034	bnez	r4,L6_LF2
  608  000015ac  54000000	nop; delay slot nop
  609  000015b0  08000004	j	L8_LF2
  610  000015b4  54000000	nop; delay slot nop
  611  000015b8          	L8_LF2:
  612  000015b8  304300ff	andi	r3,r2,#0x00ff
  613  000015bc  6c640040	sgtui	r4,r3,#64
  614  000015c0  10800020	beqz	r4,L5_LF2
  615  000015c4  54000000	nop; delay slot nop
  616  000015c8  304300ff	andi	r3,r2,#0x00ff
  617  000015cc  70640041	sleui	r4,r3,#65
  618  000015d0  1480000c	bnez	r4,L6_LF2
  619  000015d4  54000000	nop; delay slot nop
  620  000015d8  08000008	j	L5_LF2
  621  000015dc  54000000	nop; delay slot nop
  622  000015e0          	L6_LF2:
  623  000015e0  20010001	addi	r1,r0,#1
  624  000015e4          	L5_LF2:
  625  000015e4  08000004	j	L4_LF2
  626  000015e8  54000000	nop; delay slot nop
  627  000015ec          	L4_LF2:
  628  000015ec  8fa20000	lw	r2,0(r29)
  629  000015f0  8fa30004	lw	r3,4(r29)
  630  000015f4  8fa40008	lw	r4,8(r29)
  631  000015f8  8fdffff8	lw	r31,-8(r30)
  632  000015fc  001ee820	add	r29,r0,r30
  633  00001600  8fdefffc	lw	r30,-4(r30)
  634  00001604  4be00000	jr	r31
  635  00001608  54000000	nop
  636  0000160c          	.endproc _isxdigit
  637  0000160c          	.align 2
  638  0000160c          	.proc _dstrcpy
  639  0000160c          	.global _dstrcpy
  640  0000160c          	_dstrcpy:
  641                      ;  Function 'dstrcpy'; 8 bytes of locals, 2 regs to save.
  642  0000160c  afbefffc	sw	-4(r29),r30; push fp
  643  00001610  001df020	add	r30,r0,r29; fp = sp
  644  00001614  afbffff8	sw	-8(r29),r31; push ret addr
  645  00001618  2fbd0018	subui	r29,r29,#24; alloc local storage
  646  0000161c  afa20000	sw	0(r29),r2
  647  00001620  afa30004	sw	4(r29),r3
  648  00001624  8fc10000	lw	r1,(r30)
  649  00001628  afc1fff4	sw	-12(r30),r1
  650  0000162c          	L10_LF2:
  651  0000162c  8fc10000	lw	r1,(r30)
  652  00001630  20220001	addi	r2,r1,#1
  653  00001634  afc20000	sw	(r30),r2
  654  00001638  8fc20004	lw	r2,4(r30)
  655  0000163c  20430001	addi	r3,r2,#1
  656  00001640  afc30004	sw	4(r30),r3
  657  00001644  80420000	lb	r2,(r2)
  658  00001648  a0220000	sb	(r1),r2
  659  0000164c  a3c2fff3	sb	-13(r30),r2
  660  00001650          	L12_LF2:
  661  00001650  93c1fff3	lbu	r1,-13(r30)
  662  00001654  64220000	snei	r2,r1,#0
  663  00001658  1440000c	bnez	r2,L13_LF2
  664  0000165c  54000000	nop; delay slot nop
  665  00001660  0800000c	j	L11_LF2
  666  00001664  54000000	nop; delay slot nop
  667  00001668          	L13_LF2:
  668  00001668  0bffffc0	j	L10_LF2
  669  0000166c  54000000	nop; delay slot nop
  670  00001670          	L11_LF2:
  671  00001670  8fc1fff4	lw	r1,-12(r30)
  672  00001674  08000004	j	L9_LF2
  673  00001678  54000000	nop; delay slot nop
  674  0000167c          	L9_LF2:
  675  0000167c  8fa20000	lw	r2,0(r29)
  676  00001680  8fa30004	lw	r3,4(r29)
  677  00001684  8fdffff8	lw	r31,-8(r30)
  678  00001688  001ee820	add	r29,r0,r30
  679  0000168c  8fdefffc	lw	r30,-4(r30)
  680  00001690  4be00000	jr	r31
  681  00001694  54000000	nop
  682  00001698          	.endproc _dstrcpy
  683  00001698          	.align 2
  684  00001698          	.proc _dstrncpy
  685  00001698          	.global _dstrncpy
  686  00001698          	_dstrncpy:
  687                      ;  Function 'dstrncpy'; 8 bytes of locals, 2 regs to save.
  688  00001698  afbefffc	sw	-4(r29),r30; push fp
  689  0000169c  001df020	add	r30,r0,r29; fp = sp
  690  000016a0  afbffff8	sw	-8(r29),r31; push ret addr
  691  000016a4  2fbd0018	subui	r29,r29,#24; alloc local storage
  692  000016a8  afa20000	sw	0(r29),r2
  693  000016ac  afa30004	sw	4(r29),r3
  694  000016b0  8fc10000	lw	r1,(r30)
  695  000016b4  afc1fff4	sw	-12(r30),r1
  696  000016b8          	L15_LF2:
  697  000016b8  8fc10008	lw	r1,8(r30)
  698  000016bc  2022ffff	addi	r2,r1,#-1
  699  000016c0  afc20008	sw	8(r30),r2
  700  000016c4  70210000	slei	r1,r1,#0
  701  000016c8  1020000c	beqz	r1,L18_LF2
  702  000016cc  54000000	nop; delay slot nop
  703  000016d0  08000048	j	L16_LF2
  704  000016d4  54000000	nop; delay slot nop
  705  000016d8          	L18_LF2:
  706  000016d8  8fc10000	lw	r1,(r30)
  707  000016dc  20220001	addi	r2,r1,#1
  708  000016e0  afc20000	sw	(r30),r2
  709  000016e4  8fc20004	lw	r2,4(r30)
  710  000016e8  20430001	addi	r3,r2,#1
  711  000016ec  afc30004	sw	4(r30),r3
  712  000016f0  80420000	lb	r2,(r2)
  713  000016f4  a0220000	sb	(r1),r2
  714  000016f8  a3c2fff3	sb	-13(r30),r2
  715  000016fc          	L17_LF2:
  716  000016fc  93c1fff3	lbu	r1,-13(r30)
  717  00001700  64220000	snei	r2,r1,#0
  718  00001704  1440000c	bnez	r2,L19_LF2
  719  00001708  54000000	nop; delay slot nop
  720  0000170c  0800000c	j	L16_LF2
  721  00001710  54000000	nop; delay slot nop
  722  00001714          	L19_LF2:
  723  00001714  0bffffa0	j	L15_LF2
  724  00001718  54000000	nop; delay slot nop
  725  0000171c          	L16_LF2:
  726  0000171c  8fc1fff4	lw	r1,-12(r30)
  727  00001720  08000004	j	L14_LF2
  728  00001724  54000000	nop; delay slot nop
  729  00001728          	L14_LF2:
  730  00001728  8fa20000	lw	r2,0(r29)
  731  0000172c  8fa30004	lw	r3,4(r29)
  732  00001730  8fdffff8	lw	r31,-8(r30)
  733  00001734  001ee820	add	r29,r0,r30
  734  00001738  8fdefffc	lw	r30,-4(r30)
  735  0000173c  4be00000	jr	r31
  736  00001740  54000000	nop
  737  00001744          	.endproc _dstrncpy
  738  00001744          	.align 2
  739  00001744          	.proc _dstrcat
  740  00001744          	.global _dstrcat
  741  00001744          	_dstrcat:
  742                      ;  Function 'dstrcat'; 8 bytes of locals, 1 regs to save.
  743  00001744  afbefffc	sw	-4(r29),r30; push fp
  744  00001748  001df020	add	r30,r0,r29; fp = sp
  745  0000174c  afbffff8	sw	-8(r29),r31; push ret addr
  746  00001750  2fbd0018	subui	r29,r29,#24; alloc local storage
  747  00001754  afa20000	sw	0(r29),r2
  748  00001758  8fc10000	lw	r1,(r30)
  749  0000175c  afc1fff4	sw	-12(r30),r1
  750  00001760          	L21_LF2:
  751  00001760  8fc10000	lw	r1,(r30)
  752  00001764  90220000	lbu	r2,(r1)
  753  00001768  64410000	snei	r1,r2,#0
  754  0000176c  1420000c	bnez	r1,L23_LF2
  755  00001770  54000000	nop; delay slot nop
  756  00001774  0800001c	j	L22_LF2
  757  00001778  54000000	nop; delay slot nop
  758  0000177c          	L23_LF2:
  759  0000177c  8fc20000	lw	r2,(r30)
  760  00001780  20410001	addi	r1,r2,#1
  761  00001784  00011020	add	r2,r0,r1
  762  00001788  afc20000	sw	(r30),r2
  763  0000178c  0bffffd0	j	L21_LF2
  764  00001790  54000000	nop; delay slot nop
  765  00001794          	L22_LF2:
  766  00001794  23bdfff8	addi	r29,r29,#-8
  767  00001798  001d0820	add	r1,r0,r29
  768  0000179c  8fc20000	lw	r2,(r30)
  769  000017a0  ac220000	sw	(r1),r2
  770  000017a4  8fc20004	lw	r2,4(r30)
  771  000017a8  ac220004	sw	4(r1),r2
  772  000017ac  0ffffe5c	jal	_dstrcpy
  773  000017b0  54000000	nop; delay slot nop
  774  000017b4  23bd0008	addi	r29,r29,#8
  775  000017b8  8fc1fff4	lw	r1,-12(r30)
  776  000017bc  08000004	j	L20_LF2
  777  000017c0  54000000	nop; delay slot nop
  778  000017c4          	L20_LF2:
  779  000017c4  8fa20000	lw	r2,0(r29)
  780  000017c8  8fdffff8	lw	r31,-8(r30)
  781  000017cc  001ee820	add	r29,r0,r30
  782  000017d0  8fdefffc	lw	r30,-4(r30)
  783  000017d4  4be00000	jr	r31
  784  000017d8  54000000	nop
  785  000017dc          	.endproc _dstrcat
  786  000017dc          	.align 2
  787  000017dc          	.proc _dstrncmp
  788  000017dc          	.global _dstrncmp
  789  000017dc          	_dstrncmp:
  790                      ;  Function 'dstrncmp'; 8 bytes of locals, 2 regs to save.
  791  000017dc  afbefffc	sw	-4(r29),r30; push fp
  792  000017e0  001df020	add	r30,r0,r29; fp = sp
  793  000017e4  afbffff8	sw	-8(r29),r31; push ret addr
  794  000017e8  2fbd0018	subui	r29,r29,#24; alloc local storage
  795  000017ec  afa20000	sw	0(r29),r2
  796  000017f0  afa30004	sw	4(r29),r3
  797  000017f4  54000000	nop
  798  000017f8  20010000	addi	r1,r0,#0
  799  000017fc  afc1fff4	sw	-12(r30),r1
  800  00001800          	L25_LF2:
  801  00001800  8fc1fff4	lw	r1,-12(r30)
  802  00001804  8fc20008	lw	r2,8(r30)
  803  00001808  0022082a	slt	r1,r1,r2
  804  0000180c  1420000c	bnez	r1,L28_LF2
  805  00001810  54000000	nop; delay slot nop
  806  00001814  08000088	j	L26_LF2
  807  00001818  54000000	nop; delay slot nop
  808  0000181c          	L28_LF2:
  809  0000181c  8fc10004	lw	r1,4(r30)
  810  00001820  90220000	lbu	r2,(r1)
  811  00001824  64410000	snei	r1,r2,#0
  812  00001828  14200018	bnez	r1,L29_LF2
  813  0000182c  54000000	nop; delay slot nop
  814  00001830  20010000	addi	r1,r0,#0
  815  00001834  080000d8	j	L24_LF2
  816  00001838  54000000	nop; delay slot nop
  817  0000183c  08000028	j	L30_LF2
  818  00001840  54000000	nop; delay slot nop
  819  00001844          	L29_LF2:
  820  00001844  8fc10000	lw	r1,(r30)
  821  00001848  8fc20004	lw	r2,4(r30)
  822  0000184c  90210000	lbu	r1,(r1)
  823  00001850  90420000	lbu	r2,(r2)
  824  00001854  00220829	sne	r1,r1,r2
  825  00001858  1020000c	beqz	r1,L30_LF2
  826  0000185c  54000000	nop; delay slot nop
  827  00001860  0800003c	j	L26_LF2
  828  00001864  54000000	nop; delay slot nop
  829  00001868          	L31_LF2:
  830  00001868          	L30_LF2:
  831  00001868  8fc20000	lw	r2,(r30)
  832  0000186c  20410001	addi	r1,r2,#1
  833  00001870  00011020	add	r2,r0,r1
  834  00001874  afc20000	sw	(r30),r2
  835  00001878  8fc20004	lw	r2,4(r30)
  836  0000187c  20410001	addi	r1,r2,#1
  837  00001880  00011020	add	r2,r0,r1
  838  00001884  afc20004	sw	4(r30),r2
  839  00001888          	L27_LF2:
  840  00001888  8fc2fff4	lw	r2,-12(r30)
  841  0000188c  20410001	addi	r1,r2,#1
  842  00001890  00011020	add	r2,r0,r1
  843  00001894  afc2fff4	sw	-12(r30),r2
  844  00001898  0bffff64	j	L25_LF2
  845  0000189c  54000000	nop; delay slot nop
  846  000018a0          	L26_LF2:
  847  000018a0  8fc1fff4	lw	r1,-12(r30)
  848  000018a4  8fc20008	lw	r2,8(r30)
  849  000018a8  00220828	seq	r1,r1,r2
  850  000018ac  10200018	beqz	r1,L32_LF2
  851  000018b0  54000000	nop; delay slot nop
  852  000018b4  20010000	addi	r1,r0,#0
  853  000018b8  08000054	j	L24_LF2
  854  000018bc  54000000	nop; delay slot nop
  855  000018c0  0800004c	j	L33_LF2
  856  000018c4  54000000	nop; delay slot nop
  857  000018c8          	L32_LF2:
  858  000018c8  8fc20000	lw	r2,(r30)
  859  000018cc  90410000	lbu	r1,(r2)
  860  000018d0  8fc20004	lw	r2,4(r30)
  861  000018d4  90430000	lbu	r3,(r2)
  862  000018d8  00230822	sub	r1,r1,r3
  863  000018dc  74220000	sgei	r2,r1,#0
  864  000018e0  10400020	beqz	r2,L34_LF2
  865  000018e4  54000000	nop; delay slot nop
  866  000018e8  8fc10000	lw	r1,(r30)
  867  000018ec  8fc20004	lw	r2,4(r30)
  868  000018f0  90210000	lbu	r1,(r1)
  869  000018f4  90420000	lbu	r2,(r2)
  870  000018f8  00220829	sne	r1,r1,r2
  871  000018fc  08000008	j	L35_LF2
  872  00001900  54000000	nop; delay slot nop
  873  00001904          	L34_LF2:
  874  00001904  2001ffff	addi	r1,r0,#-1
  875  00001908          	L35_LF2:
  876  00001908  08000004	j	L24_LF2
  877  0000190c  54000000	nop; delay slot nop
  878  00001910          	L33_LF2:
  879  00001910          	L24_LF2:
  880  00001910  8fa20000	lw	r2,0(r29)
  881  00001914  8fa30004	lw	r3,4(r29)
  882  00001918  8fdffff8	lw	r31,-8(r30)
  883  0000191c  001ee820	add	r29,r0,r30
  884  00001920  8fdefffc	lw	r30,-4(r30)
  885  00001924  4be00000	jr	r31
  886  00001928  54000000	nop
  887  0000192c          	.endproc _dstrncmp
  888  0000192c          	.align 2
  889  0000192c          	.proc _dstrlen
  890  0000192c          	.global _dstrlen
  891  0000192c          	_dstrlen:
  892                      ;  Function 'dstrlen'; 8 bytes of locals, 1 regs to save.
  893  0000192c  afbefffc	sw	-4(r29),r30; push fp
  894  00001930  001df020	add	r30,r0,r29; fp = sp
  895  00001934  afbffff8	sw	-8(r29),r31; push ret addr
  896  00001938  2fbd0018	subui	r29,r29,#24; alloc local storage
  897  0000193c  afa20000	sw	0(r29),r2
  898  00001940  20010000	addi	r1,r0,#0
  899  00001944  afc1fff4	sw	-12(r30),r1
  900  00001948          	L37_LF2:
  901  00001948  8fc10000	lw	r1,(r30)
  902  0000194c  20220001	addi	r2,r1,#1
  903  00001950  afc20000	sw	(r30),r2
  904  00001954  90210000	lbu	r1,(r1)
  905  00001958  64220000	snei	r2,r1,#0
  906  0000195c  1440000c	bnez	r2,L39_LF2
  907  00001960  54000000	nop; delay slot nop
  908  00001964  0800001c	j	L38_LF2
  909  00001968  54000000	nop; delay slot nop
  910  0000196c          	L39_LF2:
  911  0000196c  8fc2fff4	lw	r2,-12(r30)
  912  00001970  20410001	addi	r1,r2,#1
  913  00001974  00011020	add	r2,r0,r1
  914  00001978  afc2fff4	sw	-12(r30),r2
  915  0000197c  0bffffc8	j	L37_LF2
  916  00001980  54000000	nop; delay slot nop
  917  00001984          	L38_LF2:
  918  00001984  8fc1fff4	lw	r1,-12(r30)
  919  00001988  08000004	j	L36_LF2
  920  0000198c  54000000	nop; delay slot nop
  921  00001990          	L36_LF2:
  922  00001990  8fa20000	lw	r2,0(r29)
  923  00001994  8fdffff8	lw	r31,-8(r30)
  924  00001998  001ee820	add	r29,r0,r30
  925  0000199c  8fdefffc	lw	r30,-4(r30)
  926  000019a0  4be00000	jr	r31
  927  000019a4  54000000	nop
  928  000019a8          	.endproc _dstrlen
  929  000019a8          	.align 2
  930  000019a8          	.proc _dstrstr
  931  000019a8          	.global _dstrstr
  932  000019a8          	_dstrstr:
  933                      ;  Function 'dstrstr'; 8 bytes of locals, 1 regs to save.
  934  000019a8  afbefffc	sw	-4(r29),r30; push fp
  935  000019ac  001df020	add	r30,r0,r29; fp = sp
  936  000019b0  afbffff8	sw	-8(r29),r31; push ret addr
  937  000019b4  2fbd0018	subui	r29,r29,#24; alloc local storage
  938  000019b8  afa20000	sw	0(r29),r2
  939  000019bc  23bdfff8	addi	r29,r29,#-8
  940  000019c0  001d0820	add	r1,r0,r29
  941  000019c4  8fc20004	lw	r2,4(r30)
  942  000019c8  ac220000	sw	(r1),r2
  943  000019cc  0fffff5c	jal	_dstrlen
  944  000019d0  54000000	nop; delay slot nop
  945  000019d4  23bd0008	addi	r29,r29,#8
  946  000019d8  afc1fff4	sw	-12(r30),r1
  947  000019dc          	L41_LF2:
  948  000019dc  8fc10000	lw	r1,(r30)
  949  000019e0  90220000	lbu	r2,(r1)
  950  000019e4  64410000	snei	r1,r2,#0
  951  000019e8  1420000c	bnez	r1,L43_LF2
  952  000019ec  54000000	nop; delay slot nop
  953  000019f0  08000060	j	L42_LF2
  954  000019f4  54000000	nop; delay slot nop
  955  000019f8          	L43_LF2:
  956  000019f8  23bdfff0	addi	r29,r29,#-16
  957  000019fc  001d0820	add	r1,r0,r29
  958  00001a00  8fc20000	lw	r2,(r30)
  959  00001a04  ac220000	sw	(r1),r2
  960  00001a08  8fc20004	lw	r2,4(r30)
  961  00001a0c  ac220004	sw	4(r1),r2
  962  00001a10  8fc2fff4	lw	r2,-12(r30)
  963  00001a14  ac220008	sw	8(r1),r2
  964  00001a18  0ffffdc0	jal	_dstrncmp
  965  00001a1c  54000000	nop; delay slot nop
  966  00001a20  23bd0010	addi	r29,r29,#16
  967  00001a24  64220000	snei	r2,r1,#0
  968  00001a28  14400010	bnez	r2,L44_LF2
  969  00001a2c  54000000	nop; delay slot nop
  970  00001a30  8fc10000	lw	r1,(r30)
  971  00001a34  08000028	j	L40_LF2
  972  00001a38  54000000	nop; delay slot nop
  973  00001a3c          	L44_LF2:
  974  00001a3c  8fc20000	lw	r2,(r30)
  975  00001a40  20410001	addi	r1,r2,#1
  976  00001a44  00011020	add	r2,r0,r1
  977  00001a48  afc20000	sw	(r30),r2
  978  00001a4c  0bffff8c	j	L41_LF2
  979  00001a50  54000000	nop; delay slot nop
  980  00001a54          	L42_LF2:
  981  00001a54  20010000	addi	r1,r0,#0
  982  00001a58  08000004	j	L40_LF2
  983  00001a5c  54000000	nop; delay slot nop
  984  00001a60          	L40_LF2:
  985  00001a60  8fa20000	lw	r2,0(r29)
  986  00001a64  8fdffff8	lw	r31,-8(r30)
  987  00001a68  001ee820	add	r29,r0,r30
  988  00001a6c  8fdefffc	lw	r30,-4(r30)
  989  00001a70  4be00000	jr	r31
  990  00001a74  54000000	nop
  991  00001a78          	.endproc _dstrstr
  992  00001a78          	.align 2
  993  00001a78          	.proc _dmindex
  994  00001a78          	.global _dmindex
  995  00001a78          	_dmindex:
  996                      ;  Function 'dmindex'; 8 bytes of locals, 1 regs to save.
  997  00001a78  afbefffc	sw	-4(r29),r30; push fp
  998  00001a7c  001df020	add	r30,r0,r29; fp = sp
  999  00001a80  afbffff8	sw	-8(r29),r31; push ret addr
 1000  00001a84  2fbd0018	subui	r29,r29,#24; alloc local storage
 1001  00001a88  afa20000	sw	0(r29),r2
 1002  00001a8c  54000000	nop
 1003  00001a90          	L46_LF2:
 1004  00001a90  8fc10000	lw	r1,(r30)
 1005  00001a94  90220000	lbu	r2,(r1)
 1006  00001a98  64410000	snei	r1,r2,#0
 1007  00001a9c  1420000c	bnez	r1,L48_LF2
 1008  00001aa0  54000000	nop; delay slot nop
 1009  00001aa4  08000070	j	L47_LF2
 1010  00001aa8  54000000	nop; delay slot nop
 1011  00001aac          	L48_LF2:
 1012  00001aac  8fc10004	lw	r1,4(r30)
 1013  00001ab0  afc1fff4	sw	-12(r30),r1
 1014  00001ab4          	L49_LF2:
 1015  00001ab4  8fc1fff4	lw	r1,-12(r30)
 1016  00001ab8  90220000	lbu	r2,(r1)
 1017  00001abc  64410000	snei	r1,r2,#0
 1018  00001ac0  1420000c	bnez	r1,L52_LF2
 1019  00001ac4  54000000	nop; delay slot nop
 1020  00001ac8  08000044	j	L50_LF2
 1021  00001acc  54000000	nop; delay slot nop
 1022  00001ad0          	L52_LF2:
 1023  00001ad0  8fc10000	lw	r1,(r30)
 1024  00001ad4  8fc2fff4	lw	r2,-12(r30)
 1025  00001ad8  90210000	lbu	r1,(r1)
 1026  00001adc  90420000	lbu	r2,(r2)
 1027  00001ae0  00220828	seq	r1,r1,r2
 1028  00001ae4  10200010	beqz	r1,L51_LF2
 1029  00001ae8  54000000	nop; delay slot nop
 1030  00001aec  8fc10000	lw	r1,(r30)
 1031  00001af0  08000030	j	L45_LF2
 1032  00001af4  54000000	nop; delay slot nop
 1033  00001af8          	L53_LF2:
 1034  00001af8          	L51_LF2:
 1035  00001af8  8fc2fff4	lw	r2,-12(r30)
 1036  00001afc  20410001	addi	r1,r2,#1
 1037  00001b00  00011020	add	r2,r0,r1
 1038  00001b04  afc2fff4	sw	-12(r30),r2
 1039  00001b08  0bffffa8	j	L49_LF2
 1040  00001b0c  54000000	nop; delay slot nop
 1041  00001b10          	L50_LF2:
 1042  00001b10  0bffff7c	j	L46_LF2
 1043  00001b14  54000000	nop; delay slot nop
 1044  00001b18          	L47_LF2:
 1045  00001b18  20010000	addi	r1,r0,#0
 1046  00001b1c  08000004	j	L45_LF2
 1047  00001b20  54000000	nop; delay slot nop
 1048  00001b24          	L45_LF2:
 1049  00001b24  8fa20000	lw	r2,0(r29)
 1050  00001b28  8fdffff8	lw	r31,-8(r30)
 1051  00001b2c  001ee820	add	r29,r0,r30
 1052  00001b30  8fdefffc	lw	r30,-4(r30)
 1053  00001b34  4be00000	jr	r31
 1054  00001b38  54000000	nop
 1055  00001b3c          	.endproc _dmindex
 1056  00001b3c          	.align 2
 1057  00001b3c          	.proc _dindex
 1058  00001b3c          	.global _dindex
 1059  00001b3c          	_dindex:
 1060                      ;  Function 'dindex'; 0 bytes of locals, 1 regs to save.
 1061  00001b3c  afbefffc	sw	-4(r29),r30; push fp
 1062  00001b40  001df020	add	r30,r0,r29; fp = sp
 1063  00001b44  afbffff8	sw	-8(r29),r31; push ret addr
 1064  00001b48  2fbd0010	subui	r29,r29,#16; alloc local storage
 1065  00001b4c  afa20000	sw	0(r29),r2
 1066  00001b50  54000000	nop
 1067  00001b54          	L55_LF2:
 1068  00001b54  8fc10000	lw	r1,(r30)
 1069  00001b58  90220000	lbu	r2,(r1)
 1070  00001b5c  64410000	snei	r1,r2,#0
 1071  00001b60  1420000c	bnez	r1,L57_LF2
 1072  00001b64  54000000	nop; delay slot nop
 1073  00001b68  08000040	j	L56_LF2
 1074  00001b6c  54000000	nop; delay slot nop
 1075  00001b70          	L57_LF2:
 1076  00001b70  8fc10000	lw	r1,(r30)
 1077  00001b74  90220000	lbu	r2,(r1)
 1078  00001b78  8fc10004	lw	r1,4(r30)
 1079  00001b7c  00411028	seq	r2,r2,r1
 1080  00001b80  10400010	beqz	r2,L58_LF2
 1081  00001b84  54000000	nop; delay slot nop
 1082  00001b88  8fc10000	lw	r1,(r30)
 1083  00001b8c  08000028	j	L54_LF2
 1084  00001b90  54000000	nop; delay slot nop
 1085  00001b94          	L58_LF2:
 1086  00001b94  8fc20000	lw	r2,(r30)
 1087  00001b98  20410001	addi	r1,r2,#1
 1088  00001b9c  00011020	add	r2,r0,r1
 1089  00001ba0  afc20000	sw	(r30),r2
 1090  00001ba4  0bffffac	j	L55_LF2
 1091  00001ba8  54000000	nop; delay slot nop
 1092  00001bac          	L56_LF2:
 1093  00001bac  20010000	addi	r1,r0,#0
 1094  00001bb0  08000004	j	L54_LF2
 1095  00001bb4  54000000	nop; delay slot nop
 1096  00001bb8          	L54_LF2:
 1097  00001bb8  8fa20000	lw	r2,0(r29)
 1098  00001bbc  8fdffff8	lw	r31,-8(r30)
 1099  00001bc0  001ee820	add	r29,r0,r30
 1100  00001bc4  8fdefffc	lw	r30,-4(r30)
 1101  00001bc8  4be00000	jr	r31
 1102  00001bcc  54000000	nop
 1103  00001bd0          	.endproc _dindex
 1104  00001bd0          	.align 2
 1105  00001bd0          	.proc _ditoa
 1106  00001bd0          	.global _ditoa
 1107  00001bd0          	_ditoa:
 1108                      ;  Function 'ditoa'; 8 bytes of locals, 2 regs to save.
 1109  00001bd0  afbefffc	sw	-4(r29),r30; push fp
 1110  00001bd4  001df020	add	r30,r0,r29; fp = sp
 1111  00001bd8  afbffff8	sw	-8(r29),r31; push ret addr
 1112  00001bdc  2fbd0018	subui	r29,r29,#24; alloc local storage
 1113  00001be0  afa20000	sw	0(r29),r2
 1114  00001be4  afa30004	sw	4(r29),r3
 1115  00001be8  8fc10000	lw	r1,(r30)
 1116  00001bec  68220000	slti	r2,r1,#0
 1117  00001bf0  1040002c	beqz	r2,L60_LF2
 1118  00001bf4  54000000	nop; delay slot nop
 1119  00001bf8  8fc10004	lw	r1,4(r30)
 1120  00001bfc  20220001	addi	r2,r1,#1
 1121  00001c00  afc20004	sw	4(r30),r2
 1122  00001c04  2002002d	addi	r2,r0,(#0x2d)&0xff
 1123  00001c08  a0220000	sb	(r1),r2
 1124  00001c0c  8fc10000	lw	r1,(r30)
 1125  00001c10  00011022	sub	r2,r0,r1
 1126  00001c14  afc20000	sw	(r30),r2
 1127  00001c18  08000118	j	L61_LF2
 1128  00001c1c  54000000	nop; delay slot nop
 1129  00001c20          	L60_LF2:
 1130  00001c20  8fc10000	lw	r1,(r30)
 1131  00001c24  64220000	snei	r2,r1,#0
 1132  00001c28  14400020	bnez	r2,L62_LF2
 1133  00001c2c  54000000	nop; delay slot nop
 1134  00001c30  8fc10004	lw	r1,4(r30)
 1135  00001c34  20220001	addi	r2,r1,#1
 1136  00001c38  afc20004	sw	4(r30),r2
 1137  00001c3c  20020030	addi	r2,r0,(#0x30)&0xff
 1138  00001c40  a0220000	sb	(r1),r2
 1139  00001c44  080000ec	j	L61_LF2
 1140  00001c48  54000000	nop; delay slot nop
 1141  00001c4c          	L62_LF2:
 1142  00001c4c  20010001	addi	r1,r0,#1
 1143  00001c50  afc1fff4	sw	-12(r30),r1
 1144  00001c54          	L64_LF2:
 1145  00001c54  8fc1fff4	lw	r1,-12(r30)
 1146  00001c58  8fc20000	lw	r2,(r30)
 1147  00001c5c  0022082c	sle	r1,r1,r2
 1148  00001c60  1420000c	bnez	r1,L66_LF2
 1149  00001c64  54000000	nop; delay slot nop
 1150  00001c68  08000024	j	L65_LF2
 1151  00001c6c  54000000	nop; delay slot nop
 1152  00001c70          	L67_LF2:
 1153  00001c70          	L66_LF2:
 1154  00001c70  8fc1fff4	lw	r1,-12(r30)
 1155  00001c74  00011820	add	r3,r0,r1
 1156  00001c78  50620002	slli	r2,r3,#0x2
 1157  00001c7c  00411020	add	r2,r2,r1
 1158  00001c80  50410001	slli	r1,r2,#0x1
 1159  00001c84  afc1fff4	sw	-12(r30),r1
 1160  00001c88  0bffffc8	j	L64_LF2
 1161  00001c8c  54000000	nop; delay slot nop
 1162  00001c90          	L65_LF2:
 1163  00001c90  54000000	nop
 1164  00001c94          	L68_LF2:
 1165  00001c94  8fc1fff4	lw	r1,-12(r30)
 1166  00001c98  2002000a	addi	r2,r0,#10
 1167  00001c9c  00200035	movi2fp	f0,r1
 1168  00001ca0  00400835	movi2fp	f1,r2
 1169  00001ca4  0401000f	div	f0,f0,f1
 1170  00001ca8  00000834	movfp2i	r1,f0
 1171  00001cac  afc1fff4	sw	-12(r30),r1
 1172  00001cb0  8fc10004	lw	r1,4(r30)
 1173  00001cb4  20220001	addi	r2,r1,#1
 1174  00001cb8  afc20004	sw	4(r30),r2
 1175  00001cbc  8fc20000	lw	r2,(r30)
 1176  00001cc0  8fc3fff4	lw	r3,-12(r30)
 1177  00001cc4  00400035	movi2fp	f0,r2
 1178  00001cc8  00600835	movi2fp	f1,r3
 1179  00001ccc  0401000f	div	f0,f0,f1
 1180  00001cd0  00001034	movfp2i	r2,f0
 1181  00001cd4  00021820	add	r3,r0,r2
 1182  00001cd8  20620030	addi	r2,r3,#48
 1183  00001cdc  a0220000	sb	(r1),r2
 1184  00001ce0  8fc10000	lw	r1,(r30)
 1185  00001ce4  8fc3fff4	lw	r3,-12(r30)
 1186  00001ce8  00200035	movi2fp	f0,r1
 1187  00001cec  00600835	movi2fp	f1,r3
 1188  00001cf0  0401000f	div	f0,f0,f1
 1189  00001cf4  00001034	movfp2i	r2,f0
 1190  00001cf8  8fc3fff4	lw	r3,-12(r30)
 1191  00001cfc  00400035	movi2fp	f0,r2
 1192  00001d00  00600835	movi2fp	f1,r3
 1193  00001d04  0401000e	mult	f0,f0,f1
 1194  00001d08  00001034	movfp2i	r2,f0
 1195  00001d0c  00220822	sub	r1,r1,r2
 1196  00001d10  afc10000	sw	(r30),r1
 1197  00001d14          	L70_LF2:
 1198  00001d14  8fc1fff4	lw	r1,-12(r30)
 1199  00001d18  6c220001	sgti	r2,r1,#1
 1200  00001d1c  1440000c	bnez	r2,L71_LF2
 1201  00001d20  54000000	nop; delay slot nop
 1202  00001d24  0800000c	j	L61_LF2
 1203  00001d28  54000000	nop; delay slot nop
 1204  00001d2c          	L71_LF2:
 1205  00001d2c  0bffff64	j	L68_LF2
 1206  00001d30  54000000	nop; delay slot nop
 1207  00001d34          	L69_LF2:
 1208  00001d34          	L63_LF2:
 1209  00001d34          	L61_LF2:
 1210  00001d34  8fc10004	lw	r1,4(r30)
 1211  00001d38  20020000	addi	r2,r0,(#0x0)&0xff
 1212  00001d3c  a0220000	sb	(r1),r2
 1213  00001d40          	L59_LF2:
 1214  00001d40  8fa20000	lw	r2,0(r29)
 1215  00001d44  8fa30004	lw	r3,4(r29)
 1216  00001d48  8fdffff8	lw	r31,-8(r30)
 1217  00001d4c  001ee820	add	r29,r0,r30
 1218  00001d50  8fdefffc	lw	r30,-4(r30)
 1219  00001d54  4be00000	jr	r31
 1220  00001d58  54000000	nop
 1221  00001d5c          	.endproc _ditoa
 1222  00001d5c          	.align 2
 1223  00001d5c          	.proc _dstrtol
 1224  00001d5c          	.global _dstrtol
 1225  00001d5c          	_dstrtol:
 1226                      ;  Function 'dstrtol'; 16 bytes of locals, 1 regs to save.
 1227  00001d5c  afbefffc	sw	-4(r29),r30; push fp
 1228  00001d60  001df020	add	r30,r0,r29; fp = sp
 1229  00001d64  afbffff8	sw	-8(r29),r31; push ret addr
 1230  00001d68  2fbd0020	subui	r29,r29,#32; alloc local storage
 1231  00001d6c  afa20000	sw	0(r29),r2
 1232  00001d70  20010000	addi	r1,r0,#0
 1233  00001d74  afc1fff4	sw	-12(r30),r1
 1234  00001d78          	L73_LF2:
 1235  00001d78  8fc10000	lw	r1,(r30)
 1236  00001d7c  90220000	lbu	r2,(r1)
 1237  00001d80  60410020	seqi	r1,r2,#32
 1238  00001d84  14200034	bnez	r1,L75_LF2
 1239  00001d88  54000000	nop; delay slot nop
 1240  00001d8c  8fc10000	lw	r1,(r30)
 1241  00001d90  90220000	lbu	r2,(r1)
 1242  00001d94  60410009	seqi	r1,r2,#9
 1243  00001d98  14200020	bnez	r1,L75_LF2
 1244  00001d9c  54000000	nop; delay slot nop
 1245  00001da0  8fc10000	lw	r1,(r30)
 1246  00001da4  90220000	lbu	r2,(r1)
 1247  00001da8  6041000a	seqi	r1,r2,#10
 1248  00001dac  1420000c	bnez	r1,L75_LF2
 1249  00001db0  54000000	nop; delay slot nop
 1250  00001db4  0800001c	j	L74_LF2
 1251  00001db8  54000000	nop; delay slot nop
 1252  00001dbc          	L75_LF2:
 1253  00001dbc  8fc20000	lw	r2,(r30)
 1254  00001dc0  20410001	addi	r1,r2,#1
 1255  00001dc4  00011020	add	r2,r0,r1
 1256  00001dc8  afc20000	sw	(r30),r2
 1257  00001dcc  0bffffa8	j	L73_LF2
 1258  00001dd0  54000000	nop; delay slot nop
 1259  00001dd4          	L74_LF2:
 1260  00001dd4  8fc10004	lw	r1,4(r30)
 1261  00001dd8  64220000	snei	r2,r1,#0
 1262  00001ddc  10400010	beqz	r2,L76_LF2
 1263  00001de0  54000000	nop; delay slot nop
 1264  00001de4  8fc10004	lw	r1,4(r30)
 1265  00001de8  8fc20000	lw	r2,(r30)
 1266  00001dec  ac220000	sw	(r1),r2
 1267  00001df0          	L76_LF2:
 1268  00001df0  8fc10000	lw	r1,(r30)
 1269  00001df4  90220000	lbu	r2,(r1)
 1270  00001df8  64410000	snei	r1,r2,#0
 1271  00001dfc  14200010	bnez	r1,L77_LF2
 1272  00001e00  54000000	nop; delay slot nop
 1273  00001e04  8fc1fff4	lw	r1,-12(r30)
 1274  00001e08  08000294	j	L72_LF2
 1275  00001e0c  54000000	nop; delay slot nop
 1276  00001e10          	L77_LF2:
 1277  00001e10  8fc10000	lw	r1,(r30)
 1278  00001e14  90220000	lbu	r2,(r1)
 1279  00001e18  6041002d	seqi	r1,r2,#45
 1280  00001e1c  10200024	beqz	r1,L78_LF2
 1281  00001e20  54000000	nop; delay slot nop
 1282  00001e24  2001ffff	addi	r1,r0,#-1
 1283  00001e28  afc1ffec	sw	-20(r30),r1
 1284  00001e2c  8fc20000	lw	r2,(r30)
 1285  00001e30  20410001	addi	r1,r2,#1
 1286  00001e34  00011020	add	r2,r0,r1
 1287  00001e38  afc20000	sw	(r30),r2
 1288  00001e3c  0800000c	j	L79_LF2
 1289  00001e40  54000000	nop; delay slot nop
 1290  00001e44          	L78_LF2:
 1291  00001e44  20010001	addi	r1,r0,#1
 1292  00001e48  afc1ffec	sw	-20(r30),r1
 1293  00001e4c          	L79_LF2:
 1294  00001e4c  8fc10008	lw	r1,8(r30)
 1295  00001e50  64220000	snei	r2,r1,#0
 1296  00001e54  14400090	bnez	r2,L80_LF2
 1297  00001e58  54000000	nop; delay slot nop
 1298  00001e5c  8fc10000	lw	r1,(r30)
 1299  00001e60  90220000	lbu	r2,(r1)
 1300  00001e64  60410030	seqi	r1,r2,#48
 1301  00001e68  10200074	beqz	r1,L81_LF2
 1302  00001e6c  54000000	nop; delay slot nop
 1303  00001e70  8fc20000	lw	r2,(r30)
 1304  00001e74  20410001	addi	r1,r2,#1
 1305  00001e78  00011020	add	r2,r0,r1
 1306  00001e7c  afc20000	sw	(r30),r2
 1307  00001e80  8fc10000	lw	r1,(r30)
 1308  00001e84  90220000	lbu	r2,(r1)
 1309  00001e88  60410078	seqi	r1,r2,#120
 1310  00001e8c  14200020	bnez	r1,L83_LF2
 1311  00001e90  54000000	nop; delay slot nop
 1312  00001e94  8fc10000	lw	r1,(r30)
 1313  00001e98  90220000	lbu	r2,(r1)
 1314  00001e9c  60410058	seqi	r1,r2,#88
 1315  00001ea0  1420000c	bnez	r1,L83_LF2
 1316  00001ea4  54000000	nop; delay slot nop
 1317  00001ea8  08000024	j	L82_LF2
 1318  00001eac  54000000	nop; delay slot nop
 1319  00001eb0          	L83_LF2:
 1320  00001eb0  20010010	addi	r1,r0,#16
 1321  00001eb4  afc10008	sw	8(r30),r1
 1322  00001eb8  8fc20000	lw	r2,(r30)
 1323  00001ebc  20410001	addi	r1,r2,#1
 1324  00001ec0  00011020	add	r2,r0,r1
 1325  00001ec4  afc20000	sw	(r30),r2
 1326  00001ec8  0800000c	j	L84_LF2
 1327  00001ecc  54000000	nop; delay slot nop
 1328  00001ed0          	L82_LF2:
 1329  00001ed0  20010008	addi	r1,r0,#8
 1330  00001ed4  afc10008	sw	8(r30),r1
 1331  00001ed8          	L84_LF2:
 1332  00001ed8  0800000c	j	L80_LF2
 1333  00001edc  54000000	nop; delay slot nop
 1334  00001ee0          	L81_LF2:
 1335  00001ee0  2001000a	addi	r1,r0,#10
 1336  00001ee4  afc10008	sw	8(r30),r1
 1337  00001ee8          	L85_LF2:
 1338  00001ee8          	L80_LF2:
 1339  00001ee8  8fc10008	lw	r1,8(r30)
 1340  00001eec  70220000	slei	r2,r1,#0
 1341  00001ef0  1440001c	bnez	r2,L87_LF2
 1342  00001ef4  54000000	nop; delay slot nop
 1343  00001ef8  8fc10008	lw	r1,8(r30)
 1344  00001efc  6c220010	sgti	r2,r1,#16
 1345  00001f00  1440000c	bnez	r2,L87_LF2
 1346  00001f04  54000000	nop; delay slot nop
 1347  00001f08  08000010	j	L86_LF2
 1348  00001f0c  54000000	nop; delay slot nop
 1349  00001f10          	L87_LF2:
 1350  00001f10  8fc1fff4	lw	r1,-12(r30)
 1351  00001f14  08000188	j	L72_LF2
 1352  00001f18  54000000	nop; delay slot nop
 1353  00001f1c          	L86_LF2:
 1354  00001f1c  54000000	nop
 1355  00001f20          	L88_LF2:
 1356  00001f20  8fc10000	lw	r1,(r30)
 1357  00001f24  90220000	lbu	r2,(r1)
 1358  00001f28  6c41002f	sgtui	r1,r2,#47
 1359  00001f2c  10200030	beqz	r1,L91_LF2
 1360  00001f30  54000000	nop; delay slot nop
 1361  00001f34  8fc10000	lw	r1,(r30)
 1362  00001f38  90220000	lbu	r2,(r1)
 1363  00001f3c  70410039	sleui	r1,r2,#57
 1364  00001f40  1020001c	beqz	r1,L91_LF2
 1365  00001f44  54000000	nop; delay slot nop
 1366  00001f48  8fc10000	lw	r1,(r30)
 1367  00001f4c  90220000	lbu	r2,(r1)
 1368  00001f50  2041ffd0	addi	r1,r2,#-48
 1369  00001f54  afc1fff0	sw	-16(r30),r1
 1370  00001f58  0800008c	j	L92_LF2
 1371  00001f5c  54000000	nop; delay slot nop
 1372  00001f60          	L91_LF2:
 1373  00001f60  8fc10000	lw	r1,(r30)
 1374  00001f64  90220000	lbu	r2,(r1)
 1375  00001f68  6c410060	sgtui	r1,r2,#96
 1376  00001f6c  10200030	beqz	r1,L93_LF2
 1377  00001f70  54000000	nop; delay slot nop
 1378  00001f74  8fc10000	lw	r1,(r30)
 1379  00001f78  90220000	lbu	r2,(r1)
 1380  00001f7c  7041007a	sleui	r1,r2,#122
 1381  00001f80  1020001c	beqz	r1,L93_LF2
 1382  00001f84  54000000	nop; delay slot nop
 1383  00001f88  8fc10000	lw	r1,(r30)
 1384  00001f8c  90220000	lbu	r2,(r1)
 1385  00001f90  2041ffa9	addi	r1,r2,#-87
 1386  00001f94  afc1fff0	sw	-16(r30),r1
 1387  00001f98  0800004c	j	L92_LF2
 1388  00001f9c  54000000	nop; delay slot nop
 1389  00001fa0          	L93_LF2:
 1390  00001fa0  8fc10000	lw	r1,(r30)
 1391  00001fa4  90220000	lbu	r2,(r1)
 1392  00001fa8  6c410040	sgtui	r1,r2,#64
 1393  00001fac  10200030	beqz	r1,L95_LF2
 1394  00001fb0  54000000	nop; delay slot nop
 1395  00001fb4  8fc10000	lw	r1,(r30)
 1396  00001fb8  90220000	lbu	r2,(r1)
 1397  00001fbc  7041005a	sleui	r1,r2,#90
 1398  00001fc0  1020001c	beqz	r1,L95_LF2
 1399  00001fc4  54000000	nop; delay slot nop
 1400  00001fc8  8fc10000	lw	r1,(r30)
 1401  00001fcc  90220000	lbu	r2,(r1)
 1402  00001fd0  2041ffc9	addi	r1,r2,#-55
 1403  00001fd4  afc1fff0	sw	-16(r30),r1
 1404  00001fd8  0800000c	j	L92_LF2
 1405  00001fdc  54000000	nop; delay slot nop
 1406  00001fe0          	L95_LF2:
 1407  00001fe0  200103e8	addi	r1,r0,#1000
 1408  00001fe4  afc1fff0	sw	-16(r30),r1
 1409  00001fe8          	L96_LF2:
 1410  00001fe8          	L94_LF2:
 1411  00001fe8          	L92_LF2:
 1412  00001fe8  8fc1fff0	lw	r1,-16(r30)
 1413  00001fec  8fc20008	lw	r2,8(r30)
 1414  00001ff0  0022082a	slt	r1,r1,r2
 1415  00001ff4  10200040	beqz	r1,L90_LF2
 1416  00001ff8  54000000	nop; delay slot nop
 1417  00001ffc  8fc1fff4	lw	r1,-12(r30)
 1418  00002000  8fc20008	lw	r2,8(r30)
 1419  00002004  00200035	movi2fp	f0,r1
 1420  00002008  00400835	movi2fp	f1,r2
 1421  0000200c  0401000e	mult	f0,f0,f1
 1422  00002010  00000834	movfp2i	r1,f0
 1423  00002014  afc1fff4	sw	-12(r30),r1
 1424  00002018  8fc1fff4	lw	r1,-12(r30)
 1425  0000201c  8fc2fff0	lw	r2,-16(r30)
 1426  00002020  00220820	add	r1,r1,r2
 1427  00002024  afc1fff4	sw	-12(r30),r1
 1428  00002028  8fc20000	lw	r2,(r30)
 1429  0000202c  20410001	addi	r1,r2,#1
 1430  00002030  00011020	add	r2,r0,r1
 1431  00002034  afc20000	sw	(r30),r2
 1432  00002038          	L97_LF2:
 1433  00002038          	L90_LF2:
 1434  00002038  8fc1fff0	lw	r1,-16(r30)
 1435  0000203c  8fc20008	lw	r2,8(r30)
 1436  00002040  0022082a	slt	r1,r1,r2
 1437  00002044  1420000c	bnez	r1,L98_LF2
 1438  00002048  54000000	nop; delay slot nop
 1439  0000204c  0800000c	j	L89_LF2
 1440  00002050  54000000	nop; delay slot nop
 1441  00002054          	L98_LF2:
 1442  00002054  0bfffec8	j	L88_LF2
 1443  00002058  54000000	nop; delay slot nop
 1444  0000205c          	L89_LF2:
 1445  0000205c  8fc10004	lw	r1,4(r30)
 1446  00002060  64220000	snei	r2,r1,#0
 1447  00002064  10400010	beqz	r2,L99_LF2
 1448  00002068  54000000	nop; delay slot nop
 1449  0000206c  8fc10004	lw	r1,4(r30)
 1450  00002070  8fc20000	lw	r2,(r30)
 1451  00002074  ac220000	sw	(r1),r2
 1452  00002078          	L99_LF2:
 1453  00002078  8fc1fff4	lw	r1,-12(r30)
 1454  0000207c  8fc2ffec	lw	r2,-20(r30)
 1455  00002080  00200035	movi2fp	f0,r1
 1456  00002084  00400835	movi2fp	f1,r2
 1457  00002088  0401000e	mult	f0,f0,f1
 1458  0000208c  00000834	movfp2i	r1,f0
 1459  00002090  afc1fff4	sw	-12(r30),r1
 1460  00002094  8fc1fff4	lw	r1,-12(r30)
 1461  00002098  08000004	j	L72_LF2
 1462  0000209c  54000000	nop; delay slot nop
 1463  000020a0          	L72_LF2:
 1464  000020a0  8fa20000	lw	r2,0(r29)
 1465  000020a4  8fdffff8	lw	r31,-8(r30)
 1466  000020a8  001ee820	add	r29,r0,r30
 1467  000020ac  8fdefffc	lw	r30,-4(r30)
 1468  000020b0  4be00000	jr	r31
 1469  000020b4  54000000	nop
 1470  000020b8          	.endproc _dstrtol
 1471  000020b8          	.align 2
 1472  000020b8          	.proc _bcopy
 1473  000020b8          	.global _bcopy
 1474  000020b8          	_bcopy:
 1475                      ;  Function 'bcopy'; 0 bytes of locals, 2 regs to save.
 1476  000020b8  afbefffc	sw	-4(r29),r30; push fp
 1477  000020bc  001df020	add	r30,r0,r29; fp = sp
 1478  000020c0  afbffff8	sw	-8(r29),r31; push ret addr
 1479  000020c4  2fbd0010	subui	r29,r29,#16; alloc local storage
 1480  000020c8  afa20000	sw	0(r29),r2
 1481  000020cc  afa30004	sw	4(r29),r3
 1482  000020d0  54000000	nop
 1483  000020d4          	L101_LF2:
 1484  000020d4  8fc10008	lw	r1,8(r30)
 1485  000020d8  2022ffff	addi	r2,r1,#-1
 1486  000020dc  afc20008	sw	8(r30),r2
 1487  000020e0  6c210000	sgti	r1,r1,#0
 1488  000020e4  1420000c	bnez	r1,L103_LF2
 1489  000020e8  54000000	nop; delay slot nop
 1490  000020ec  0800002c	j	L102_LF2
 1491  000020f0  54000000	nop; delay slot nop
 1492  000020f4          	L103_LF2:
 1493  000020f4  8fc10004	lw	r1,4(r30)
 1494  000020f8  20220001	addi	r2,r1,#1
 1495  000020fc  afc20004	sw	4(r30),r2
 1496  00002100  8fc20000	lw	r2,(r30)
 1497  00002104  20430001	addi	r3,r2,#1
 1498  00002108  afc30000	sw	(r30),r3
 1499  0000210c  80420000	lb	r2,(r2)
 1500  00002110  a0220000	sb	(r1),r2
 1501  00002114  0bffffbc	j	L101_LF2
 1502  00002118  54000000	nop; delay slot nop
 1503  0000211c          	L102_LF2:
 1504  0000211c          	L100_LF2:
 1505  0000211c  8fa20000	lw	r2,0(r29)
 1506  00002120  8fa30004	lw	r3,4(r29)
 1507  00002124  8fdffff8	lw	r31,-8(r30)
 1508  00002128  001ee820	add	r29,r0,r30
 1509  0000212c  8fdefffc	lw	r30,-4(r30)
 1510  00002130  4be00000	jr	r31
 1511  00002134  54000000	nop
 1512  00002138          	.endproc _bcopy
 1513  00002138          	.align 2
 1514  00002138          	.proc _bzero
 1515  00002138          	.global _bzero
 1516  00002138          	_bzero:
 1517                      ;  Function 'bzero'; 0 bytes of locals, 1 regs to save.
 1518  00002138  afbefffc	sw	-4(r29),r30; push fp
 1519  0000213c  001df020	add	r30,r0,r29; fp = sp
 1520  00002140  afbffff8	sw	-8(r29),r31; push ret addr
 1521  00002144  2fbd0010	subui	r29,r29,#16; alloc local storage
 1522  00002148  afa20000	sw	0(r29),r2
 1523  0000214c  54000000	nop
 1524  00002150          	L105_LF2:
 1525  00002150  8fc10004	lw	r1,4(r30)
 1526  00002154  2022ffff	addi	r2,r1,#-1
 1527  00002158  afc20004	sw	4(r30),r2
 1528  0000215c  6c210000	sgti	r1,r1,#0
 1529  00002160  1420000c	bnez	r1,L107_LF2
 1530  00002164  54000000	nop; delay slot nop
 1531  00002168  08000020	j	L106_LF2
 1532  0000216c  54000000	nop; delay slot nop
 1533  00002170          	L107_LF2:
 1534  00002170  8fc10000	lw	r1,(r30)
 1535  00002174  20220001	addi	r2,r1,#1
 1536  00002178  afc20000	sw	(r30),r2
 1537  0000217c  20020000	addi	r2,r0,(#0x0)&0xff
 1538  00002180  a0220000	sb	(r1),r2
 1539  00002184  0bffffc8	j	L105_LF2
 1540  00002188  54000000	nop; delay slot nop
 1541  0000218c          	L106_LF2:
 1542  0000218c          	L104_LF2:
 1543  0000218c  8fa20000	lw	r2,0(r29)
 1544  00002190  8fdffff8	lw	r31,-8(r30)
 1545  00002194  001ee820	add	r29,r0,r30
 1546  00002198  8fdefffc	lw	r30,-4(r30)
 1547  0000219c  4be00000	jr	r31
 1548  000021a0  54000000	nop
 1549  000021a4          	.endproc _bzero
 1550  000021a4          	.align 2
 1551  000021a4          	.proc _min
 1552  000021a4          	.global _min
 1553  000021a4          	_min:
 1554                      ;  Function 'min'; 0 bytes of locals, 2 regs to save.
 1555  000021a4  afbefffc	sw	-4(r29),r30; push fp
 1556  000021a8  001df020	add	r30,r0,r29; fp = sp
 1557  000021ac  afbffff8	sw	-8(r29),r31; push ret addr
 1558  000021b0  2fbd0010	subui	r29,r29,#16; alloc local storage
 1559  000021b4  afa20000	sw	0(r29),r2
 1560  000021b8  afa30004	sw	4(r29),r3
 1561  000021bc  8fc10000	lw	r1,(r30)
 1562  000021c0  8fc20004	lw	r2,4(r30)
 1563  000021c4  0022182c	sle	r3,r1,r2
 1564  000021c8  14600008	bnez	r3,L109_LF2
 1565  000021cc  54000000	nop; delay slot nop
 1566  000021d0  8fc10004	lw	r1,4(r30)
 1567  000021d4          	L109_LF2:
 1568  000021d4  08000004	j	L108_LF2
 1569  000021d8  54000000	nop; delay slot nop
 1570  000021dc          	L108_LF2:
 1571  000021dc  8fa20000	lw	r2,0(r29)
 1572  000021e0  8fa30004	lw	r3,4(r29)
 1573  000021e4  8fdffff8	lw	r31,-8(r30)
 1574  000021e8  001ee820	add	r29,r0,r30
 1575  000021ec  8fdefffc	lw	r30,-4(r30)
 1576  000021f0  4be00000	jr	r31
 1577  000021f4  54000000	nop
 1578  000021f8          	.endproc _min
 1579  000021f8          	.align 2
 1580  000021f8          	.proc _max
 1581  000021f8          	.global _max
 1582  000021f8          	_max:
 1583                      ;  Function 'max'; 0 bytes of locals, 2 regs to save.
 1584  000021f8  afbefffc	sw	-4(r29),r30; push fp
 1585  000021fc  001df020	add	r30,r0,r29; fp = sp
 1586  00002200  afbffff8	sw	-8(r29),r31; push ret addr
 1587  00002204  2fbd0010	subui	r29,r29,#16; alloc local storage
 1588  00002208  afa20000	sw	0(r29),r2
 1589  0000220c  afa30004	sw	4(r29),r3
 1590  00002210  8fc10000	lw	r1,(r30)
 1591  00002214  8fc20004	lw	r2,4(r30)
 1592  00002218  0022182d	sge	r3,r1,r2
 1593  0000221c  14600008	bnez	r3,L111_LF2
 1594  00002220  54000000	nop; delay slot nop
 1595  00002224  8fc10004	lw	r1,4(r30)
 1596  00002228          	L111_LF2:
 1597  00002228  08000004	j	L110_LF2
 1598  0000222c  54000000	nop; delay slot nop
 1599  00002230          	L110_LF2:
 1600  00002230  8fa20000	lw	r2,0(r29)
 1601  00002234  8fa30004	lw	r3,4(r29)
 1602  00002238  8fdffff8	lw	r31,-8(r30)
 1603  0000223c  001ee820	add	r29,r0,r30
 1604  00002240  8fdefffc	lw	r30,-4(r30)
 1605  00002244  4be00000	jr	r31
 1606  00002248  54000000	nop
 1607  0000224c          	.endproc _max
 1608                      ;;; Ethan L. Miller, 1999.  Released to the public domain
 1609                      ;;;
 1610                      ;;; Most of the traps are called in files from libtraps.
 1613  0000224c          	.align 2
 1614  0000224c          	.proc _exit
 1615  0000224c          	.global _exit
 1616  0000224c          	_exit:
 1617  0000224c  44000300	trap	#0x300
 1618  00002250  4be00000	jr	r31
 1619  00002254  54000000	nop
 1620  00002258          	.endproc _exit
 1622                      ; for the benefit of gcc.
 1623  00002258          	.proc ___main
 1624  00002258          	.global ___main
 1625  00002258          	___main:
 1626  00002258  4be00000	jr	r31
 1627  0000225c  54000000	nop
 1628  00002260          	.endproc ___main
 1629  00002260          	.text
 1630  00002260          	.global _etext
 1631  00002260          	_etext:
 1632  00002260          	.align 3
 1633  00002260          	.data
 1634  00003118          	.global _edata
 1635  00003118          	_edata:
