 line   address	contents
    1                      ; Linked by DLX-LD.
    2                      ; MemSize 24576
    3                      ; Data size: 369
    4                      ; Text size: 6776
    5                      ; Stack size: 8192
    6  00000000          	.text 0x1000
    7  00001000          	.data 0x3000
    8                      ; Compiled by GCC
    9  00003000          	.text
   10  00001000          	.align 2
   11  00001000          	.proc _isspace
   12  00001000          	.global _isspace
   13  00001000          	_isspace:
   14                      ;  Function 'isspace'; 0 bytes of locals, 1 regs to save.
   15  00001000  afbefffc	sw	-4(r29),r30; push fp
   16  00001004  001df020	add	r30,r0,r29; fp = sp
   17  00001008  afbffff8	sw	-8(r29),r31; push ret addr
   18  0000100c  2fbd0010	subui	r29,r29,#16; alloc local storage
   19  00001010  afa20000	sw	0(r29),r2
   20  00001014  83c20003	lb	r2,3(r30)
   21  00001018  201f0000	addi	r31,r0,#0
   22  0000101c  304100ff	andi	r1,r2,#0x00ff
   23  00001020  60210020	seqi	r1,r1,#32
   24  00001024  14200018	bnez	r1,L6_LF0
   25  00001028  54000000	nop; not filled.
   26  0000102c  2041fff7	addi	r1,r2,#-9
   27  00001030  302100ff	andi	r1,r1,#0x00ff
   28  00001034  70210001	sleui	r1,r1,#1
   29  00001038  10200008	beqz	r1,L5_LF0
   30  0000103c  54000000	nop; not filled.
   31  00001040          	L6_LF0:
   32  00001040  201f0001	addi	r31,r0,#1
   33  00001044          	L5_LF0:
   34  00001044  001f0820	add	r1,r0,r31
   35  00001048  8fa20000	lw	r2,0(r29)
   36  0000104c  8fdffff8	lw	r31,-8(r30)
   37  00001050  001ee820	add	r29,r0,r30
   38  00001054  8fdefffc	lw	r30,-4(r30)
   39  00001058  4be00000	jr	r31
   40  0000105c  54000000	nop
   41  00001060          	.endproc _isspace
   42  00001060          	.align 2
   43  00001060          	.proc _isxdigit
   44  00001060          	.global _isxdigit
   45  00001060          	_isxdigit:
   46                      ;  Function 'isxdigit'; 0 bytes of locals, 1 regs to save.
   47  00001060  afbefffc	sw	-4(r29),r30; push fp
   48  00001064  001df020	add	r30,r0,r29; fp = sp
   49  00001068  afbffff8	sw	-8(r29),r31; push ret addr
   50  0000106c  2fbd0010	subui	r29,r29,#16; alloc local storage
   51  00001070  afa20000	sw	0(r29),r2
   52  00001074  83df0003	lb	r31,3(r30)
   53  00001078  20020000	addi	r2,r0,#0
   54  0000107c  23e1ffd0	addi	r1,r31,#-48
   55  00001080  302100ff	andi	r1,r1,#0x00ff
   56  00001084  70210009	sleui	r1,r1,#9
   57  00001088  14200028	bnez	r1,L12_LF0
   58  0000108c  54000000	nop; not filled.
   59  00001090  23e1ff9f	addi	r1,r31,#-97
   60  00001094  302100ff	andi	r1,r1,#0x00ff
   61  00001098  70210005	sleui	r1,r1,#5
   62  0000109c  14200014	bnez	r1,L12_LF0
   63  000010a0  54000000	nop; not filled.
   64  000010a4  33e100ff	andi	r1,r31,#0x00ff
   65  000010a8  64210041	snei	r1,r1,#65
   66  000010ac  14200008	bnez	r1,L11_LF0
   67  000010b0  54000000	nop; not filled.
   68  000010b4          	L12_LF0:
   69  000010b4  20020001	addi	r2,r0,#1
   70  000010b8          	L11_LF0:
   71  000010b8  00020820	add	r1,r0,r2
   72  000010bc  8fa20000	lw	r2,0(r29)
   73  000010c0  8fdffff8	lw	r31,-8(r30)
   74  000010c4  001ee820	add	r29,r0,r30
   75  000010c8  8fdefffc	lw	r30,-4(r30)
   76  000010cc  4be00000	jr	r31
   77  000010d0  54000000	nop
   78  000010d4          	.endproc _isxdigit
   79  000010d4          	.data
   80  00003000          	.align 2
   81  00003000          	LC0_LF0:
   82  00003000  55736167	.ascii "Usage: \000"
   82  00003004  653a2000	
   83  00003008          	.align 2
   84  00003008          	LC1_LF0:
   85  00003008  203c6e75	.ascii " <number of processes to create>\n\000"
   85  0000300c  6d626572	
   85  00003010  206f6620	
   85  00003014  70726f63	
   85  00003018  65737365	
   85  0000301c  7320746f	
   85  00003020  20637265	
   85  00003024  6174653e	
   85  00003028  0a00    	
   86  0000302a          	.align 2
   87  0000302c          	LC2_LF0:
   88  0000302c  6d616b65	.ascii "makeprocs (%d): ERROR: could not allocate mailbox!\000"
   88  00003030  70726f63	
   88  00003034  73202825	
   88  00003038  64293a20	
   88  0000303c  4552524f	
   88  00003040  523a2063	
   88  00003044  6f756c64	
   88  00003048  206e6f74	
   88  0000304c  20616c6c	
   88  00003050  6f636174	
   88  00003054  65206d61	
   88  00003058  696c626f	
   88  0000305c  782100  	
   89  0000305f          	.align 2
   90  00003060          	LC3_LF0:
   91  00003060  6d616b65	.ascii "makeprocs (%d): Could not open mailbox %d!\n\000"
   91  00003064  70726f63	
   91  00003068  73202825	
   91  0000306c  64293a20	
   91  00003070  436f756c	
   91  00003074  64206e6f	
   91  00003078  74206f70	
   91  0000307c  656e206d	
   91  00003080  61696c62	
   91  00003084  6f782025	
   91  00003088  64210a00	
   92  0000308c          	.align 2
   93  0000308c          	LC4_LF0:
   94  0000308c  42616420	.ascii "Bad sem_create in \000"
   94  00003090  73656d5f	
   94  00003094  63726561	
   94  00003098  74652069	
   94  0000309c  6e2000  	
   95  0000309f          	.align 2
   96  000030a0          	LC5_LF0:
   97  000030a0  0a00    	.ascii "\n\000"
   98  000030a2          	.align 2
   99  000030a4          	LC6_LF0:
  100  000030a4  696e6a65	.ascii "injection_NO.dlx.obj\000"
  100  000030a8  6374696f	
  100  000030ac  6e5f4e4f	
  100  000030b0  2e646c78	
  100  000030b4  2e6f626a	
  100  000030b8  00      	
  101  000030b9          	.align 2
  102  000030bc          	LC7_LF0:
  103  000030bc  696e6a65	.ascii "injection_H2O.dlx.obj\000"
  103  000030c0  6374696f	
  103  000030c4  6e5f4832	
  103  000030c8  4f2e646c	
  103  000030cc  782e6f62	
  103  000030d0  6a00    	
  104  000030d2          	.align 2
  105  000030d4          	LC8_LF0:
  106  000030d4  72656163	.ascii "reaction1.dlx.obj\000"
  106  000030d8  74696f6e	
  106  000030dc  312e646c	
  106  000030e0  782e6f62	
  106  000030e4  6a00    	
  107  000030e6          	.align 2
  108  000030e8          	LC9_LF0:
  109  000030e8  72656163	.ascii "reaction2.dlx.obj\000"
  109  000030ec  74696f6e	
  109  000030f0  322e646c	
  109  000030f4  782e6f62	
  109  000030f8  6a00    	
  110  000030fa          	.align 2
  111  000030fc          	LC10_LF0:
  112  000030fc  72656163	.ascii "reaction3.dlx.obj\000"
  112  00003100  74696f6e	
  112  00003104  332e646c	
  112  00003108  782e6f62	
  112  0000310c  6a00    	
  113  0000310e          	.align 2
  114  00003110          	LC11_LF0:
  115  00003110  42616420	.ascii "Bad semaphore s_procs_completed (%d) in \000"
  115  00003114  73656d61	
  115  00003118  70686f72	
  115  0000311c  6520735f	
  115  00003120  70726f63	
  115  00003124  735f636f	
  115  00003128  6d706c65	
  115  0000312c  74656420	
  115  00003130  28256429	
  115  00003134  20696e20	
  115  00003138  00      	
  116  00003139          	.align 2
  117  0000313c          	LC12_LF0:
  118  0000313c  52656d61	.ascii "Remain: %d NO, %d N2, %d H2O, %d H2, %d O2, %d HNO3\n\000"
  118  00003140  696e3a20	
  118  00003144  2564204e	
  118  00003148  4f2c2025	
  118  0000314c  64204e32	
  118  00003150  2c202564	
  118  00003154  2048324f	
  118  00003158  2c202564	
  118  0000315c  2048322c	
  118  00003160  20256420	
  118  00003164  4f322c20	
  118  00003168  25642048	
  118  0000316c  4e4f330a	
  118  00003170  00      	
  119  00003171          	.text
  120  000010d4          	.align 2
  121  000010d4          	.proc _main
  122  000010d4          	.global _main
  123  000010d4          	_main:
  124                      ;  Function 'main'; 112 bytes of locals, 0 regs to save.
  125  000010d4  afbefffc	sw	-4(r29),r30; push fp
  126  000010d8  001df020	add	r30,r0,r29; fp = sp
  127  000010dc  afbffff8	sw	-8(r29),r31; push ret addr
  128  000010e0  2fbd0078	subui	r29,r29,#120; alloc local storage
  129  000010e4  8fc20000	lw	r2,(r30)
  130  000010e8  8fd60004	lw	r22,4(r30)
  131  000010ec  0c001980	jal	___main
  132  000010f0  54000000	nop; not filled.
  133  000010f4  20150000	addi	r21,r0,#0
  134  000010f8  64410003	snei	r1,r2,#3
  135  000010fc  1020004c	beqz	r1,L14_LF0
  136  00001100  54000000	nop; not filled.
  137  00001104  23bdfff8	addi	r29,r29,#-8
  138  00001108  3c180000	lhi	r24,((LC0_LF0)>>16)&0xffff
  139  0000110c  27183000	addui	r24,r24,(LC0_LF0)&0xffff
  140  00001110  afb80000	sw	(r29),r24
  141  00001114  0c000aa8	jal	_Printf
  142  00001118  54000000	nop; not filled.
  143  0000111c  8ed80000	lw	r24,(r22)
  144  00001120  afb80000	sw	(r29),r24
  145  00001124  0c000a98	jal	_Printf
  146  00001128  54000000	nop; not filled.
  147  0000112c  3c180000	lhi	r24,((LC1_LF0)>>16)&0xffff
  148  00001130  27183008	addui	r24,r24,(LC1_LF0)&0xffff
  149  00001134  afb80000	sw	(r29),r24
  150  00001138  0c000a84	jal	_Printf
  151  0000113c  54000000	nop; not filled.
  152  00001140  0c000b84	jal	_Exit
  153  00001144  54000000	nop; not filled.
  154  00001148  23bd0008	addi	r29,r29,#8
  155  0000114c          	L14_LF0:
  156  0000114c  0c000b24	jal	_mbox_create
  157  00001150  54000000	nop; not filled.
  158  00001154  00017020	add	r14,r0,r1
  159  00001158  61c1ffff	seqi	r1,r14,#-1
  160  0000115c  10200034	beqz	r1,L15_LF0
  161  00001160  54000000	nop; not filled.
  162  00001164  0c000a64	jal	_getpid
  163  00001168  54000000	nop; not filled.
  164  0000116c  23bdfff8	addi	r29,r29,#-8
  165  00001170  3c180000	lhi	r24,((LC2_LF0)>>16)&0xffff
  166  00001174  2718302c	addui	r24,r24,(LC2_LF0)&0xffff
  167  00001178  afb80000	sw	(r29),r24
  168  0000117c  afa10004	sw	4(r29),r1
  169  00001180  0c000a3c	jal	_Printf
  170  00001184  54000000	nop; not filled.
  171  00001188  0c000b3c	jal	_Exit
  172  0000118c  54000000	nop; not filled.
  173  00001190  23bd0008	addi	r29,r29,#8
  174  00001194          	L15_LF0:
  175  00001194  0c000adc	jal	_mbox_create
  176  00001198  54000000	nop; not filled.
  177  0000119c  00017820	add	r15,r0,r1
  178  000011a0  61e1ffff	seqi	r1,r15,#-1
  179  000011a4  10200034	beqz	r1,L16_LF0
  180  000011a8  54000000	nop; not filled.
  181  000011ac  0c000a1c	jal	_getpid
  182  000011b0  54000000	nop; not filled.
  183  000011b4  23bdfff8	addi	r29,r29,#-8
  184  000011b8  3c180000	lhi	r24,((LC2_LF0)>>16)&0xffff
  185  000011bc  2718302c	addui	r24,r24,(LC2_LF0)&0xffff
  186  000011c0  afb80000	sw	(r29),r24
  187  000011c4  afa10004	sw	4(r29),r1
  188  000011c8  0c0009f4	jal	_Printf
  189  000011cc  54000000	nop; not filled.
  190  000011d0  0c000af4	jal	_Exit
  191  000011d4  54000000	nop; not filled.
  192  000011d8  23bd0008	addi	r29,r29,#8
  193  000011dc          	L16_LF0:
  194  000011dc  0c000a94	jal	_mbox_create
  195  000011e0  54000000	nop; not filled.
  196  000011e4  00018020	add	r16,r0,r1
  197  000011e8  6201ffff	seqi	r1,r16,#-1
  198  000011ec  10200034	beqz	r1,L17_LF0
  199  000011f0  54000000	nop; not filled.
  200  000011f4  0c0009d4	jal	_getpid
  201  000011f8  54000000	nop; not filled.
  202  000011fc  23bdfff8	addi	r29,r29,#-8
  203  00001200  3c180000	lhi	r24,((LC2_LF0)>>16)&0xffff
  204  00001204  2718302c	addui	r24,r24,(LC2_LF0)&0xffff
  205  00001208  afb80000	sw	(r29),r24
  206  0000120c  afa10004	sw	4(r29),r1
  207  00001210  0c0009ac	jal	_Printf
  208  00001214  54000000	nop; not filled.
  209  00001218  0c000aac	jal	_Exit
  210  0000121c  54000000	nop; not filled.
  211  00001220  23bd0008	addi	r29,r29,#8
  212  00001224          	L17_LF0:
  213  00001224  0c000a4c	jal	_mbox_create
  214  00001228  54000000	nop; not filled.
  215  0000122c  00018820	add	r17,r0,r1
  216  00001230  6221ffff	seqi	r1,r17,#-1
  217  00001234  10200034	beqz	r1,L18_LF0
  218  00001238  54000000	nop; not filled.
  219  0000123c  0c00098c	jal	_getpid
  220  00001240  54000000	nop; not filled.
  221  00001244  23bdfff8	addi	r29,r29,#-8
  222  00001248  3c180000	lhi	r24,((LC2_LF0)>>16)&0xffff
  223  0000124c  2718302c	addui	r24,r24,(LC2_LF0)&0xffff
  224  00001250  afb80000	sw	(r29),r24
  225  00001254  afa10004	sw	4(r29),r1
  226  00001258  0c000964	jal	_Printf
  227  0000125c  54000000	nop; not filled.
  228  00001260  0c000a64	jal	_Exit
  229  00001264  54000000	nop; not filled.
  230  00001268  23bd0008	addi	r29,r29,#8
  231  0000126c          	L18_LF0:
  232  0000126c  0c000a04	jal	_mbox_create
  233  00001270  54000000	nop; not filled.
  234  00001274  00019020	add	r18,r0,r1
  235  00001278  6241ffff	seqi	r1,r18,#-1
  236  0000127c  10200034	beqz	r1,L19_LF0
  237  00001280  54000000	nop; not filled.
  238  00001284  0c000944	jal	_getpid
  239  00001288  54000000	nop; not filled.
  240  0000128c  23bdfff8	addi	r29,r29,#-8
  241  00001290  3c180000	lhi	r24,((LC2_LF0)>>16)&0xffff
  242  00001294  2718302c	addui	r24,r24,(LC2_LF0)&0xffff
  243  00001298  afb80000	sw	(r29),r24
  244  0000129c  afa10004	sw	4(r29),r1
  245  000012a0  0c00091c	jal	_Printf
  246  000012a4  54000000	nop; not filled.
  247  000012a8  0c000a1c	jal	_Exit
  248  000012ac  54000000	nop; not filled.
  249  000012b0  23bd0008	addi	r29,r29,#8
  250  000012b4          	L19_LF0:
  251  000012b4  0c0009bc	jal	_mbox_create
  252  000012b8  54000000	nop; not filled.
  253  000012bc  00019820	add	r19,r0,r1
  254  000012c0  6261ffff	seqi	r1,r19,#-1
  255  000012c4  10200034	beqz	r1,L20_LF0
  256  000012c8  54000000	nop; not filled.
  257  000012cc  0c0008fc	jal	_getpid
  258  000012d0  54000000	nop; not filled.
  259  000012d4  23bdfff8	addi	r29,r29,#-8
  260  000012d8  3c180000	lhi	r24,((LC2_LF0)>>16)&0xffff
  261  000012dc  2718302c	addui	r24,r24,(LC2_LF0)&0xffff
  262  000012e0  afb80000	sw	(r29),r24
  263  000012e4  afa10004	sw	4(r29),r1
  264  000012e8  0c0008d4	jal	_Printf
  265  000012ec  54000000	nop; not filled.
  266  000012f0  0c0009d4	jal	_Exit
  267  000012f4  54000000	nop; not filled.
  268  000012f8  23bd0008	addi	r29,r29,#8
  269  000012fc          	L20_LF0:
  270  000012fc  23bdfff8	addi	r29,r29,#-8
  271  00001300  afae0000	sw	(r29),r14
  272  00001304  0c000978	jal	_mbox_open
  273  00001308  54000000	nop; not filled.
  274  0000130c  23bd0008	addi	r29,r29,#8
  275  00001310  6021ffff	seqi	r1,r1,#-1
  276  00001314  10200038	beqz	r1,L21_LF0
  277  00001318  54000000	nop; not filled.
  278  0000131c  0c0008ac	jal	_getpid
  279  00001320  54000000	nop; not filled.
  280  00001324  23bdfff0	addi	r29,r29,#-16
  281  00001328  3c180000	lhi	r24,((LC3_LF0)>>16)&0xffff
  282  0000132c  27183060	addui	r24,r24,(LC3_LF0)&0xffff
  283  00001330  afb80000	sw	(r29),r24
  284  00001334  afa10004	sw	4(r29),r1
  285  00001338  afae0008	sw	8(r29),r14
  286  0000133c  0c000880	jal	_Printf
  287  00001340  54000000	nop; not filled.
  288  00001344  0c000980	jal	_Exit
  289  00001348  54000000	nop; not filled.
  290  0000134c  23bd0010	addi	r29,r29,#16
  291  00001350          	L21_LF0:
  292  00001350  23bdfff8	addi	r29,r29,#-8
  293  00001354  afaf0000	sw	(r29),r15
  294  00001358  0c000924	jal	_mbox_open
  295  0000135c  54000000	nop; not filled.
  296  00001360  23bd0008	addi	r29,r29,#8
  297  00001364  6021ffff	seqi	r1,r1,#-1
  298  00001368  10200038	beqz	r1,L22_LF0
  299  0000136c  54000000	nop; not filled.
  300  00001370  0c000858	jal	_getpid
  301  00001374  54000000	nop; not filled.
  302  00001378  23bdfff0	addi	r29,r29,#-16
  303  0000137c  3c180000	lhi	r24,((LC3_LF0)>>16)&0xffff
  304  00001380  27183060	addui	r24,r24,(LC3_LF0)&0xffff
  305  00001384  afb80000	sw	(r29),r24
  306  00001388  afa10004	sw	4(r29),r1
  307  0000138c  afaf0008	sw	8(r29),r15
  308  00001390  0c00082c	jal	_Printf
  309  00001394  54000000	nop; not filled.
  310  00001398  0c00092c	jal	_Exit
  311  0000139c  54000000	nop; not filled.
  312  000013a0  23bd0010	addi	r29,r29,#16
  313  000013a4          	L22_LF0:
  314  000013a4  23bdfff8	addi	r29,r29,#-8
  315  000013a8  afb00000	sw	(r29),r16
  316  000013ac  0c0008d0	jal	_mbox_open
  317  000013b0  54000000	nop; not filled.
  318  000013b4  23bd0008	addi	r29,r29,#8
  319  000013b8  6021ffff	seqi	r1,r1,#-1
  320  000013bc  10200038	beqz	r1,L23_LF0
  321  000013c0  54000000	nop; not filled.
  322  000013c4  0c000804	jal	_getpid
  323  000013c8  54000000	nop; not filled.
  324  000013cc  23bdfff0	addi	r29,r29,#-16
  325  000013d0  3c180000	lhi	r24,((LC3_LF0)>>16)&0xffff
  326  000013d4  27183060	addui	r24,r24,(LC3_LF0)&0xffff
  327  000013d8  afb80000	sw	(r29),r24
  328  000013dc  afa10004	sw	4(r29),r1
  329  000013e0  afb00008	sw	8(r29),r16
  330  000013e4  0c0007d8	jal	_Printf
  331  000013e8  54000000	nop; not filled.
  332  000013ec  0c0008d8	jal	_Exit
  333  000013f0  54000000	nop; not filled.
  334  000013f4  23bd0010	addi	r29,r29,#16
  335  000013f8          	L23_LF0:
  336  000013f8  23bdfff8	addi	r29,r29,#-8
  337  000013fc  afb10000	sw	(r29),r17
  338  00001400  0c00087c	jal	_mbox_open
  339  00001404  54000000	nop; not filled.
  340  00001408  23bd0008	addi	r29,r29,#8
  341  0000140c  6021ffff	seqi	r1,r1,#-1
  342  00001410  10200038	beqz	r1,L24_LF0
  343  00001414  54000000	nop; not filled.
  344  00001418  0c0007b0	jal	_getpid
  345  0000141c  54000000	nop; not filled.
  346  00001420  23bdfff0	addi	r29,r29,#-16
  347  00001424  3c180000	lhi	r24,((LC3_LF0)>>16)&0xffff
  348  00001428  27183060	addui	r24,r24,(LC3_LF0)&0xffff
  349  0000142c  afb80000	sw	(r29),r24
  350  00001430  afa10004	sw	4(r29),r1
  351  00001434  afb10008	sw	8(r29),r17
  352  00001438  0c000784	jal	_Printf
  353  0000143c  54000000	nop; not filled.
  354  00001440  0c000884	jal	_Exit
  355  00001444  54000000	nop; not filled.
  356  00001448  23bd0010	addi	r29,r29,#16
  357  0000144c          	L24_LF0:
  358  0000144c  23bdfff8	addi	r29,r29,#-8
  359  00001450  afb20000	sw	(r29),r18
  360  00001454  0c000828	jal	_mbox_open
  361  00001458  54000000	nop; not filled.
  362  0000145c  23bd0008	addi	r29,r29,#8
  363  00001460  6021ffff	seqi	r1,r1,#-1
  364  00001464  10200038	beqz	r1,L25_LF0
  365  00001468  54000000	nop; not filled.
  366  0000146c  0c00075c	jal	_getpid
  367  00001470  54000000	nop; not filled.
  368  00001474  23bdfff0	addi	r29,r29,#-16
  369  00001478  3c180000	lhi	r24,((LC3_LF0)>>16)&0xffff
  370  0000147c  27183060	addui	r24,r24,(LC3_LF0)&0xffff
  371  00001480  afb80000	sw	(r29),r24
  372  00001484  afa10004	sw	4(r29),r1
  373  00001488  afb20008	sw	8(r29),r18
  374  0000148c  0c000730	jal	_Printf
  375  00001490  54000000	nop; not filled.
  376  00001494  0c000830	jal	_Exit
  377  00001498  54000000	nop; not filled.
  378  0000149c  23bd0010	addi	r29,r29,#16
  379  000014a0          	L25_LF0:
  380  000014a0  23bdfff8	addi	r29,r29,#-8
  381  000014a4  afb30000	sw	(r29),r19
  382  000014a8  0c0007d4	jal	_mbox_open
  383  000014ac  54000000	nop; not filled.
  384  000014b0  23bd0008	addi	r29,r29,#8
  385  000014b4  6021ffff	seqi	r1,r1,#-1
  386  000014b8  10200038	beqz	r1,L26_LF0
  387  000014bc  54000000	nop; not filled.
  388  000014c0  0c000708	jal	_getpid
  389  000014c4  54000000	nop; not filled.
  390  000014c8  23bdfff0	addi	r29,r29,#-16
  391  000014cc  3c180000	lhi	r24,((LC3_LF0)>>16)&0xffff
  392  000014d0  27183060	addui	r24,r24,(LC3_LF0)&0xffff
  393  000014d4  afb80000	sw	(r29),r24
  394  000014d8  afa10004	sw	4(r29),r1
  395  000014dc  afb30008	sw	8(r29),r19
  396  000014e0  0c0006dc	jal	_Printf
  397  000014e4  54000000	nop; not filled.
  398  000014e8  0c0007dc	jal	_Exit
  399  000014ec  54000000	nop; not filled.
  400  000014f0  23bd0010	addi	r29,r29,#16
  401  000014f4          	L26_LF0:
  402  000014f4  23bdfff0	addi	r29,r29,#-16
  403  000014f8  8ed80004	lw	r24,4(r22)
  404  000014fc  afb80000	sw	(r29),r24
  405  00001500  20180000	addi	r24,r0,#0
  406  00001504  afb80004	sw	4(r29),r24
  407  00001508  2018000a	addi	r24,r0,#10
  408  0000150c  afb80008	sw	8(r29),r24
  409  00001510  0c001060	jal	_dstrtol
  410  00001514  54000000	nop; not filled.
  411  00001518  00012020	add	r4,r0,r1
  412  0000151c  8ed80008	lw	r24,8(r22)
  413  00001520  afb80000	sw	(r29),r24
  414  00001524  20180000	addi	r24,r0,#0
  415  00001528  afb80004	sw	4(r29),r24
  416  0000152c  2018000a	addi	r24,r0,#10
  417  00001530  afb80008	sw	8(r29),r24
  418  00001534  0c00103c	jal	_dstrtol
  419  00001538  54000000	nop; not filled.
  420  0000153c  00013020	add	r6,r0,r1
  421  00001540  5881001f	srli	r1,r4,#0x1f
  422  00001544  00810820	add	r1,r4,r1
  423  00001548  5c290001	srai	r9,r1,#0x1
  424  0000154c  00095820	add	r11,r0,r9
  425  00001550  51210001	slli	r1,r9,#0x1
  426  00001554  0081b822	sub	r23,r4,r1
  427  00001558  00065020	add	r10,r0,r6
  428  0000155c  5941001f	srli	r1,r10,#0x1f
  429  00001560  01410820	add	r1,r10,r1
  430  00001564  5c220001	srai	r2,r1,#0x1
  431  00001568  01224820	add	r9,r9,r2
  432  0000156c  50410001	slli	r1,r2,#0x1
  433  00001570  0141a022	sub	r20,r10,r1
  434  00001574  000b4020	add	r8,r0,r11
  435  00001578  00026020	add	r12,r0,r2
  436  0000157c  20070000	addi	r7,r0,#0
  437  00001580  23bd0010	addi	r29,r29,#16
  438  00001584          	L29_LF0:
  439  00001584  65410000	snei	r1,r10,#0
  440  00001588  10200038	beqz	r1,L28_LF0
  441  0000158c  54000000	nop; not filled.
  442  00001590  65610000	snei	r1,r11,#0
  443  00001594  1020002c	beqz	r1,L28_LF0
  444  00001598  54000000	nop; not filled.
  445  0000159c  71210002	slei	r1,r9,#2
  446  000015a0  14200020	bnez	r1,L28_LF0
  447  000015a4  54000000	nop; not filled.
  448  000015a8  22b50002	addi	r21,r21,#2
  449  000015ac  214affff	addi	r10,r10,#-1
  450  000015b0  216bffff	addi	r11,r11,#-1
  451  000015b4  2129fffd	addi	r9,r9,#-3
  452  000015b8  20e70001	addi	r7,r7,#1
  453  000015bc  0bffffc4	j	L29_LF0
  454  000015c0  54000000	nop; not filled.
  455  000015c4          	L28_LF0:
  456  000015c4  010c0820	add	r1,r8,r12
  457  000015c8  00270820	add	r1,r1,r7
  458  000015cc  00240820	add	r1,r1,r4
  459  000015d0  00260820	add	r1,r1,r6
  460  000015d4  23bdfff8	addi	r29,r29,#-8
  461  000015d8  2021ffff	addi	r1,r1,#-1
  462  000015dc  00010822	sub	r1,r0,r1
  463  000015e0  afa10000	sw	(r29),r1
  464  000015e4  0c000614	jal	_sem_create
  465  000015e8  54000000	nop; not filled.
  466  000015ec  00016820	add	r13,r0,r1
  467  000015f0  23bd0008	addi	r29,r29,#8
  468  000015f4  61a1ffff	seqi	r1,r13,#-1
  469  000015f8  1020004c	beqz	r1,L34_LF0
  470  000015fc  54000000	nop; not filled.
  471  00001600  23bdfff8	addi	r29,r29,#-8
  472  00001604  3c180000	lhi	r24,((LC4_LF0)>>16)&0xffff
  473  00001608  2718308c	addui	r24,r24,(LC4_LF0)&0xffff
  474  0000160c  afb80000	sw	(r29),r24
  475  00001610  0c0005ac	jal	_Printf
  476  00001614  54000000	nop; not filled.
  477  00001618  8ed80000	lw	r24,(r22)
  478  0000161c  afb80000	sw	(r29),r24
  479  00001620  0c00059c	jal	_Printf
  480  00001624  54000000	nop; not filled.
  481  00001628  3c180000	lhi	r24,((LC5_LF0)>>16)&0xffff
  482  0000162c  271830a0	addui	r24,r24,(LC5_LF0)&0xffff
  483  00001630  afb80000	sw	(r29),r24
  484  00001634  0c000588	jal	_Printf
  485  00001638  54000000	nop; not filled.
  486  0000163c  0c000688	jal	_Exit
  487  00001640  54000000	nop; not filled.
  488  00001644  23bd0008	addi	r29,r29,#8
  489  00001648          	L34_LF0:
  490  00001648  23bdfff8	addi	r29,r29,#-8
  491  0000164c  afae0000	sw	(r29),r14
  492  00001650  23c5ffd8	addi	r5,r30,#-40
  493  00001654  afa50004	sw	4(r29),r5
  494  00001658  0c000d8c	jal	_ditoa
  495  0000165c  54000000	nop; not filled.
  496  00001660  afaf0000	sw	(r29),r15
  497  00001664  23c1ffc8	addi	r1,r30,#-56
  498  00001668  afa10004	sw	4(r29),r1
  499  0000166c  0c000d78	jal	_ditoa
  500  00001670  54000000	nop; not filled.
  501  00001674  afb10000	sw	(r29),r17
  502  00001678  23c1ffa8	addi	r1,r30,#-88
  503  0000167c  afa10004	sw	4(r29),r1
  504  00001680  0c000d64	jal	_ditoa
  505  00001684  54000000	nop; not filled.
  506  00001688  afb00000	sw	(r29),r16
  507  0000168c  23c1ffb8	addi	r1,r30,#-72
  508  00001690  afa10004	sw	4(r29),r1
  509  00001694  0c000d50	jal	_ditoa
  510  00001698  54000000	nop; not filled.
  511  0000169c  afb20000	sw	(r29),r18
  512  000016a0  23c1ff98	addi	r1,r30,#-104
  513  000016a4  afa10004	sw	4(r29),r1
  514  000016a8  0c000d3c	jal	_ditoa
  515  000016ac  54000000	nop; not filled.
  516  000016b0  afb30000	sw	(r29),r19
  517  000016b4  23c1ff88	addi	r1,r30,#-120
  518  000016b8  afa10004	sw	4(r29),r1
  519  000016bc  0c000d28	jal	_ditoa
  520  000016c0  54000000	nop; not filled.
  521  000016c4  afad0000	sw	(r29),r13
  522  000016c8  23c3ffe8	addi	r3,r30,#-24
  523  000016cc  afa30004	sw	4(r29),r3
  524  000016d0  0c000d14	jal	_ditoa
  525  000016d4  54000000	nop; not filled.
  526  000016d8  20020000	addi	r2,r0,#0
  527  000016dc  23bd0008	addi	r29,r29,#8
  528  000016e0  0044082a	slt	r1,r2,r4
  529  000016e4  1020004c	beqz	r1,L67_LF0
  530  000016e8  54000000	nop; not filled.
  531  000016ec          	L38_LF0:
  532  000016ec  23bdffe8	addi	r29,r29,#-24
  533  000016f0  3c180000	lhi	r24,((LC6_LF0)>>16)&0xffff
  534  000016f4  271830a4	addui	r24,r24,(LC6_LF0)&0xffff
  535  000016f8  afb80000	sw	(r29),r24
  536  000016fc  20180000	addi	r24,r0,#0
  537  00001700  afb80004	sw	4(r29),r24
  538  00001704  afb80008	sw	8(r29),r24
  539  00001708  afa5000c	sw	12(r29),r5
  540  0000170c  afa30010	sw	16(r29),r3
  541  00001710  afb80014	sw	20(r29),r24
  542  00001714  0c0004c0	jal	_process_create
  543  00001718  54000000	nop; not filled.
  544  0000171c  23bd0018	addi	r29,r29,#24
  545  00001720  20420001	addi	r2,r2,#1
  546  00001724  0044082a	slt	r1,r2,r4
  547  00001728  1420ffc0	bnez	r1,L38_LF0
  548  0000172c  54000000	nop; not filled.
  549  00001730  20020000	addi	r2,r0,#0
  550  00001734          	L67_LF0:
  551  00001734  0046082a	slt	r1,r2,r6
  552  00001738  10200050	beqz	r1,L41_LF0
  553  0000173c  54000000	nop; not filled.
  554  00001740  23c4ffc8	addi	r4,r30,#-56
  555  00001744  23c3ffe8	addi	r3,r30,#-24
  556  00001748          	L43_LF0:
  557  00001748  23bdffe8	addi	r29,r29,#-24
  558  0000174c  3c180000	lhi	r24,((LC7_LF0)>>16)&0xffff
  559  00001750  271830bc	addui	r24,r24,(LC7_LF0)&0xffff
  560  00001754  afb80000	sw	(r29),r24
  561  00001758  20180000	addi	r24,r0,#0
  562  0000175c  afb80004	sw	4(r29),r24
  563  00001760  afb80008	sw	8(r29),r24
  564  00001764  afa4000c	sw	12(r29),r4
  565  00001768  afa30010	sw	16(r29),r3
  566  0000176c  afb80014	sw	20(r29),r24
  567  00001770  0c000464	jal	_process_create
  568  00001774  54000000	nop; not filled.
  569  00001778  23bd0018	addi	r29,r29,#24
  570  0000177c  20420001	addi	r2,r2,#1
  571  00001780  0046082a	slt	r1,r2,r6
  572  00001784  1420ffc0	bnez	r1,L43_LF0
  573  00001788  54000000	nop; not filled.
  574  0000178c          	L41_LF0:
  575  0000178c  20020000	addi	r2,r0,#0
  576  00001790  0048082a	slt	r1,r2,r8
  577  00001794  10200064	beqz	r1,L68_LF0
  578  00001798  54000000	nop; not filled.
  579  0000179c  23c6ffd8	addi	r6,r30,#-40
  580  000017a0  23c5ffa8	addi	r5,r30,#-88
  581  000017a4  23c4ffb8	addi	r4,r30,#-72
  582  000017a8  23c3ffe8	addi	r3,r30,#-24
  583  000017ac          	L48_LF0:
  584  000017ac  23bdffe0	addi	r29,r29,#-32
  585  000017b0  3c180000	lhi	r24,((LC8_LF0)>>16)&0xffff
  586  000017b4  271830d4	addui	r24,r24,(LC8_LF0)&0xffff
  587  000017b8  afb80000	sw	(r29),r24
  588  000017bc  20180000	addi	r24,r0,#0
  589  000017c0  afb80004	sw	4(r29),r24
  590  000017c4  afb80008	sw	8(r29),r24
  591  000017c8  afa6000c	sw	12(r29),r6
  592  000017cc  afa50010	sw	16(r29),r5
  593  000017d0  afa40014	sw	20(r29),r4
  594  000017d4  afa30018	sw	24(r29),r3
  595  000017d8  afb8001c	sw	28(r29),r24
  596  000017dc  0c0003f8	jal	_process_create
  597  000017e0  54000000	nop; not filled.
  598  000017e4  23bd0020	addi	r29,r29,#32
  599  000017e8  20420001	addi	r2,r2,#1
  600  000017ec  0048082a	slt	r1,r2,r8
  601  000017f0  1420ffb8	bnez	r1,L48_LF0
  602  000017f4  54000000	nop; not filled.
  603  000017f8  20020000	addi	r2,r0,#0
  604  000017fc          	L68_LF0:
  605  000017fc  004c082a	slt	r1,r2,r12
  606  00001800  10200060	beqz	r1,L51_LF0
  607  00001804  54000000	nop; not filled.
  608  00001808  23c6ffc8	addi	r6,r30,#-56
  609  0000180c  23c5ff98	addi	r5,r30,#-104
  610  00001810  23c4ffb8	addi	r4,r30,#-72
  611  00001814  23c3ffe8	addi	r3,r30,#-24
  612  00001818          	L53_LF0:
  613  00001818  23bdffe0	addi	r29,r29,#-32
  614  0000181c  3c180000	lhi	r24,((LC9_LF0)>>16)&0xffff
  615  00001820  271830e8	addui	r24,r24,(LC9_LF0)&0xffff
  616  00001824  afb80000	sw	(r29),r24
  617  00001828  20180000	addi	r24,r0,#0
  618  0000182c  afb80004	sw	4(r29),r24
  619  00001830  afb80008	sw	8(r29),r24
  620  00001834  afa6000c	sw	12(r29),r6
  621  00001838  afa50010	sw	16(r29),r5
  622  0000183c  afa40014	sw	20(r29),r4
  623  00001840  afa30018	sw	24(r29),r3
  624  00001844  afb8001c	sw	28(r29),r24
  625  00001848  0c00038c	jal	_process_create
  626  0000184c  54000000	nop; not filled.
  627  00001850  23bd0020	addi	r29,r29,#32
  628  00001854  20420001	addi	r2,r2,#1
  629  00001858  004c082a	slt	r1,r2,r12
  630  0000185c  1420ffb8	bnez	r1,L53_LF0
  631  00001860  54000000	nop; not filled.
  632  00001864          	L51_LF0:
  633  00001864  20020000	addi	r2,r0,#0
  634  00001868  0047082a	slt	r1,r2,r7
  635  0000186c  10200068	beqz	r1,L56_LF0
  636  00001870  54000000	nop; not filled.
  637  00001874  23c8ff98	addi	r8,r30,#-104
  638  00001878  23c6ffa8	addi	r6,r30,#-88
  639  0000187c  23c5ffb8	addi	r5,r30,#-72
  640  00001880  23c4ff88	addi	r4,r30,#-120
  641  00001884  23c3ffe8	addi	r3,r30,#-24
  642  00001888          	L58_LF0:
  643  00001888  23bdffd8	addi	r29,r29,#-40
  644  0000188c  3c180000	lhi	r24,((LC10_LF0)>>16)&0xffff
  645  00001890  271830fc	addui	r24,r24,(LC10_LF0)&0xffff
  646  00001894  afb80000	sw	(r29),r24
  647  00001898  20180000	addi	r24,r0,#0
  648  0000189c  afb80004	sw	4(r29),r24
  649  000018a0  afb80008	sw	8(r29),r24
  650  000018a4  afa8000c	sw	12(r29),r8
  651  000018a8  afa60010	sw	16(r29),r6
  652  000018ac  afa50014	sw	20(r29),r5
  653  000018b0  afa40018	sw	24(r29),r4
  654  000018b4  afa3001c	sw	28(r29),r3
  655  000018b8  afb80020	sw	32(r29),r24
  656  000018bc  0c000318	jal	_process_create
  657  000018c0  54000000	nop; not filled.
  658  000018c4  23bd0028	addi	r29,r29,#40
  659  000018c8  20420001	addi	r2,r2,#1
  660  000018cc  0047082a	slt	r1,r2,r7
  661  000018d0  1420ffb4	bnez	r1,L58_LF0
  662  000018d4  54000000	nop; not filled.
  663  000018d8          	L56_LF0:
  664  000018d8  23bdfff8	addi	r29,r29,#-8
  665  000018dc  afad0000	sw	(r29),r13
  666  000018e0  0c000324	jal	_sem_wait
  667  000018e4  54000000	nop; not filled.
  668  000018e8  23bd0008	addi	r29,r29,#8
  669  000018ec  64210001	snei	r1,r1,#1
  670  000018f0  10200050	beqz	r1,L60_LF0
  671  000018f4  54000000	nop; not filled.
  672  000018f8  23bdfff8	addi	r29,r29,#-8
  673  000018fc  3c180000	lhi	r24,((LC11_LF0)>>16)&0xffff
  674  00001900  27183110	addui	r24,r24,(LC11_LF0)&0xffff
  675  00001904  afb80000	sw	(r29),r24
  676  00001908  afad0004	sw	4(r29),r13
  677  0000190c  0c0002b0	jal	_Printf
  678  00001910  54000000	nop; not filled.
  679  00001914  8ed60000	lw	r22,(r22)
  680  00001918  afb60000	sw	(r29),r22
  681  0000191c  0c0002a0	jal	_Printf
  682  00001920  54000000	nop; not filled.
  683  00001924  3c180000	lhi	r24,((LC5_LF0)>>16)&0xffff
  684  00001928  271830a0	addui	r24,r24,(LC5_LF0)&0xffff
  685  0000192c  afb80000	sw	(r29),r24
  686  00001930  0c00028c	jal	_Printf
  687  00001934  54000000	nop; not filled.
  688  00001938  0c00038c	jal	_Exit
  689  0000193c  54000000	nop; not filled.
  690  00001940  23bd0008	addi	r29,r29,#8
  691  00001944          	L60_LF0:
  692  00001944  23bdfff8	addi	r29,r29,#-8
  693  00001948  afae0000	sw	(r29),r14
  694  0000194c  0c00033c	jal	_mbox_close
  695  00001950  54000000	nop; not filled.
  696  00001954  23bd0008	addi	r29,r29,#8
  697  00001958  6021ffff	seqi	r1,r1,#-1
  698  0000195c  10200038	beqz	r1,L61_LF0
  699  00001960  54000000	nop; not filled.
  700  00001964  0c000264	jal	_getpid
  701  00001968  54000000	nop; not filled.
  702  0000196c  23bdfff0	addi	r29,r29,#-16
  703  00001970  3c180000	lhi	r24,((LC3_LF0)>>16)&0xffff
  704  00001974  27183060	addui	r24,r24,(LC3_LF0)&0xffff
  705  00001978  afb80000	sw	(r29),r24
  706  0000197c  afa10004	sw	4(r29),r1
  707  00001980  afae0008	sw	8(r29),r14
  708  00001984  0c000238	jal	_Printf
  709  00001988  54000000	nop; not filled.
  710  0000198c  0c000338	jal	_Exit
  711  00001990  54000000	nop; not filled.
  712  00001994  23bd0010	addi	r29,r29,#16
  713  00001998          	L61_LF0:
  714  00001998  23bdfff8	addi	r29,r29,#-8
  715  0000199c  afaf0000	sw	(r29),r15
  716  000019a0  0c0002e8	jal	_mbox_close
  717  000019a4  54000000	nop; not filled.
  718  000019a8  23bd0008	addi	r29,r29,#8
  719  000019ac  6021ffff	seqi	r1,r1,#-1
  720  000019b0  10200038	beqz	r1,L62_LF0
  721  000019b4  54000000	nop; not filled.
  722  000019b8  0c000210	jal	_getpid
  723  000019bc  54000000	nop; not filled.
  724  000019c0  23bdfff0	addi	r29,r29,#-16
  725  000019c4  3c180000	lhi	r24,((LC3_LF0)>>16)&0xffff
  726  000019c8  27183060	addui	r24,r24,(LC3_LF0)&0xffff
  727  000019cc  afb80000	sw	(r29),r24
  728  000019d0  afa10004	sw	4(r29),r1
  729  000019d4  afaf0008	sw	8(r29),r15
  730  000019d8  0c0001e4	jal	_Printf
  731  000019dc  54000000	nop; not filled.
  732  000019e0  0c0002e4	jal	_Exit
  733  000019e4  54000000	nop; not filled.
  734  000019e8  23bd0010	addi	r29,r29,#16
  735  000019ec          	L62_LF0:
  736  000019ec  23bdfff8	addi	r29,r29,#-8
  737  000019f0  afb00000	sw	(r29),r16
  738  000019f4  0c000294	jal	_mbox_close
  739  000019f8  54000000	nop; not filled.
  740  000019fc  23bd0008	addi	r29,r29,#8
  741  00001a00  6021ffff	seqi	r1,r1,#-1
  742  00001a04  10200038	beqz	r1,L63_LF0
  743  00001a08  54000000	nop; not filled.
  744  00001a0c  0c0001bc	jal	_getpid
  745  00001a10  54000000	nop; not filled.
  746  00001a14  23bdfff0	addi	r29,r29,#-16
  747  00001a18  3c180000	lhi	r24,((LC3_LF0)>>16)&0xffff
  748  00001a1c  27183060	addui	r24,r24,(LC3_LF0)&0xffff
  749  00001a20  afb80000	sw	(r29),r24
  750  00001a24  afa10004	sw	4(r29),r1
  751  00001a28  afb00008	sw	8(r29),r16
  752  00001a2c  0c000190	jal	_Printf
  753  00001a30  54000000	nop; not filled.
  754  00001a34  0c000290	jal	_Exit
  755  00001a38  54000000	nop; not filled.
  756  00001a3c  23bd0010	addi	r29,r29,#16
  757  00001a40          	L63_LF0:
  758  00001a40  23bdfff8	addi	r29,r29,#-8
  759  00001a44  afb10000	sw	(r29),r17
  760  00001a48  0c000240	jal	_mbox_close
  761  00001a4c  54000000	nop; not filled.
  762  00001a50  23bd0008	addi	r29,r29,#8
  763  00001a54  6021ffff	seqi	r1,r1,#-1
  764  00001a58  10200038	beqz	r1,L64_LF0
  765  00001a5c  54000000	nop; not filled.
  766  00001a60  0c000168	jal	_getpid
  767  00001a64  54000000	nop; not filled.
  768  00001a68  23bdfff0	addi	r29,r29,#-16
  769  00001a6c  3c180000	lhi	r24,((LC3_LF0)>>16)&0xffff
  770  00001a70  27183060	addui	r24,r24,(LC3_LF0)&0xffff
  771  00001a74  afb80000	sw	(r29),r24
  772  00001a78  afa10004	sw	4(r29),r1
  773  00001a7c  afb10008	sw	8(r29),r17
  774  00001a80  0c00013c	jal	_Printf
  775  00001a84  54000000	nop; not filled.
  776  00001a88  0c00023c	jal	_Exit
  777  00001a8c  54000000	nop; not filled.
  778  00001a90  23bd0010	addi	r29,r29,#16
  779  00001a94          	L64_LF0:
  780  00001a94  23bdfff8	addi	r29,r29,#-8
  781  00001a98  afb20000	sw	(r29),r18
  782  00001a9c  0c0001ec	jal	_mbox_close
  783  00001aa0  54000000	nop; not filled.
  784  00001aa4  23bd0008	addi	r29,r29,#8
  785  00001aa8  6021ffff	seqi	r1,r1,#-1
  786  00001aac  10200038	beqz	r1,L65_LF0
  787  00001ab0  54000000	nop; not filled.
  788  00001ab4  0c000114	jal	_getpid
  789  00001ab8  54000000	nop; not filled.
  790  00001abc  23bdfff0	addi	r29,r29,#-16
  791  00001ac0  3c180000	lhi	r24,((LC3_LF0)>>16)&0xffff
  792  00001ac4  27183060	addui	r24,r24,(LC3_LF0)&0xffff
  793  00001ac8  afb80000	sw	(r29),r24
  794  00001acc  afa10004	sw	4(r29),r1
  795  00001ad0  afb20008	sw	8(r29),r18
  796  00001ad4  0c0000e8	jal	_Printf
  797  00001ad8  54000000	nop; not filled.
  798  00001adc  0c0001e8	jal	_Exit
  799  00001ae0  54000000	nop; not filled.
  800  00001ae4  23bd0010	addi	r29,r29,#16
  801  00001ae8          	L65_LF0:
  802  00001ae8  23bdfff8	addi	r29,r29,#-8
  803  00001aec  afb30000	sw	(r29),r19
  804  00001af0  0c000198	jal	_mbox_close
  805  00001af4  54000000	nop; not filled.
  806  00001af8  23bd0008	addi	r29,r29,#8
  807  00001afc  6021ffff	seqi	r1,r1,#-1
  808  00001b00  10200038	beqz	r1,L66_LF0
  809  00001b04  54000000	nop; not filled.
  810  00001b08  0c0000c0	jal	_getpid
  811  00001b0c  54000000	nop; not filled.
  812  00001b10  23bdfff0	addi	r29,r29,#-16
  813  00001b14  3c180000	lhi	r24,((LC3_LF0)>>16)&0xffff
  814  00001b18  27183060	addui	r24,r24,(LC3_LF0)&0xffff
  815  00001b1c  afb80000	sw	(r29),r24
  816  00001b20  afa10004	sw	4(r29),r1
  817  00001b24  afb30008	sw	8(r29),r19
  818  00001b28  0c000094	jal	_Printf
  819  00001b2c  54000000	nop; not filled.
  820  00001b30  0c000194	jal	_Exit
  821  00001b34  54000000	nop; not filled.
  822  00001b38  23bd0010	addi	r29,r29,#16
  823  00001b3c          	L66_LF0:
  824  00001b3c  23bdffe0	addi	r29,r29,#-32
  825  00001b40  3c180000	lhi	r24,((LC12_LF0)>>16)&0xffff
  826  00001b44  2718313c	addui	r24,r24,(LC12_LF0)&0xffff
  827  00001b48  afb80000	sw	(r29),r24
  828  00001b4c  afb70004	sw	4(r29),r23
  829  00001b50  afab0008	sw	8(r29),r11
  830  00001b54  afb4000c	sw	12(r29),r20
  831  00001b58  afaa0010	sw	16(r29),r10
  832  00001b5c  afa90014	sw	20(r29),r9
  833  00001b60  afb50018	sw	24(r29),r21
  834  00001b64  0c000058	jal	_Printf
  835  00001b68  54000000	nop; not filled.
  836  00001b6c  23bd0020	addi	r29,r29,#32
  837  00001b70  0c000ef0	jal	_exit
  838  00001b74  54000000	nop
  839  00001b78          	.endproc _main
  840                      ;;;
  841                      ;;; Stub functions for DLX traps.
  842                      ;;;
  843                      ;;; Ethan L. Miller, 1999.  Released to the public domain.
  844                      ;;;
  845                      ;;; The traps such as Open and Close
  846                      ;;; (note the capital letters) are for use by user programs.  The traps
  847                      ;;; with names such as open and close (lower case) are for use by the OS.
  848                      ;;;
  851  00001b78          	.align 2
  853                      ;;; The following are the traps to be used by user-level programs
  854                      ;;;
  856  00001b78          	.align 2
  857  00001b78          	.proc _Open
  858  00001b78          	.global _Open
  859  00001b78          	_Open:
  860                      ;;; Note that trap #0x213 actually causes a trap vector in the OS of
  861                      ;;; 0x1213.  The same is true for other user traps.  Thus, a user trap
  862                      ;;; with trap #0x240 will result in a trap vector of 0x1240 in the OS.
  863  00001b78  44000213	trap	#0x213
  864  00001b7c  4be00000	jr	r31
  865  00001b80  54000000	nop
  866  00001b84          	.endproc _Open
  868  00001b84          	.proc _Close
  869  00001b84          	.global _Close
  870  00001b84          	_Close:
  871  00001b84  44000214	trap	#0x214
  872  00001b88  4be00000	jr	r31
  873  00001b8c  54000000	nop
  874  00001b90          	.endproc _Close
  876  00001b90          	.proc _Read
  877  00001b90          	.global _Read
  878  00001b90          	_Read:
  879  00001b90  44000210	trap	#0x210
  880  00001b94  4be00000	jr	r31
  881  00001b98  54000000	nop
  882  00001b9c          	.endproc _Read
  884  00001b9c          	.proc _Write
  885  00001b9c          	.global _Write
  886  00001b9c          	_Write:
  887  00001b9c  44000211	trap	#0x211
  888  00001ba0  4be00000	jr	r31
  889  00001ba4  54000000	nop
  890  00001ba8          	.endproc _Write
  892  00001ba8          	.proc _Lseek
  893  00001ba8          	.global _Lseek
  894  00001ba8          	_Lseek:
  895  00001ba8  44000212	trap	#0x212
  896  00001bac  4be00000	jr	r31
  897  00001bb0  54000000	nop
  898  00001bb4          	.endproc _Lseek
  900  00001bb4          	.proc _Putchar
  901  00001bb4          	.global _Putchar
  902  00001bb4          	_Putchar:
  903  00001bb4  44000280	trap	#0x280
  904  00001bb8  4be00000	jr	r31
  905  00001bbc  54000000	nop
  906  00001bc0          	.endproc _Putchar
  908  00001bc0          	.proc _Printf
  909  00001bc0          	.global _Printf
  910  00001bc0          	_Printf:
  911  00001bc0  44000201	trap	#0x201
  912  00001bc4  4be00000	jr	r31
  913  00001bc8  54000000	nop
  914  00001bcc          	.endproc _Printf
  916  00001bcc          	.proc _getpid
  917  00001bcc          	.global _getpid
  918  00001bcc          	_getpid:
  919  00001bcc  44000431	trap	#0x431
  920  00001bd0  4be00000	jr	r31
  921  00001bd4  54000000	nop
  922  00001bd8          	.endproc _getpid
  924  00001bd8          	.proc _process_create
  925  00001bd8          	.global _process_create
  926  00001bd8          	_process_create:
  927  00001bd8  44000432	trap	#0x432
  928  00001bdc  4be00000	jr	r31
  929  00001be0  54000000	nop
  930  00001be4          	.endproc _process_create
  932  00001be4          	.proc _shmget
  933  00001be4          	.global _shmget
  934  00001be4          	_shmget:
  935  00001be4  44000440	trap	#0x440
  936  00001be8  4be00000	jr	r31
  937  00001bec  54000000	nop
  938  00001bf0          	.endproc _shmget
  940  00001bf0          	.proc _shmat
  941  00001bf0          	.global _shmat
  942  00001bf0          	_shmat:
  943  00001bf0  44000441	trap	#0x441
  944  00001bf4  4be00000	jr	r31
  945  00001bf8  54000000	nop
  946  00001bfc          	.endproc _shmat
  948  00001bfc          	.proc _sem_create
  949  00001bfc          	.global _sem_create
  950  00001bfc          	_sem_create:
  951  00001bfc  44000450	trap	#0x450
  952  00001c00  4be00000	jr	r31
  953  00001c04  54000000	nop
  954  00001c08          	.endproc _sem_create
  956  00001c08          	.proc _sem_wait
  957  00001c08          	.global _sem_wait
  958  00001c08          	_sem_wait:
  959  00001c08  44000451	trap	#0x451
  960  00001c0c  4be00000	jr	r31
  961  00001c10  54000000	nop
  962  00001c14          	.endproc _sem_wait
  964  00001c14          	.proc _sem_signal
  965  00001c14          	.global _sem_signal
  966  00001c14          	_sem_signal:
  967  00001c14  44000452	trap	#0x452
  968  00001c18  4be00000	jr	r31
  969  00001c1c  54000000	nop
  970  00001c20          	.endproc _sem_signal
  972  00001c20          	.proc _lock_create
  973  00001c20          	.global _lock_create
  974  00001c20          	_lock_create:
  975  00001c20  44000453	trap	#0x453
  976  00001c24  4be00000	jr	r31
  977  00001c28  54000000	nop
  978  00001c2c          	.endproc _lock_create
  980  00001c2c          	.proc _lock_acquire
  981  00001c2c          	.global _lock_acquire
  982  00001c2c          	_lock_acquire:
  983  00001c2c  44000454	trap	#0x454
  984  00001c30  4be00000	jr	r31
  985  00001c34  54000000	nop
  986  00001c38          	.endproc _lock_acquire
  988  00001c38          	.proc _lock_release
  989  00001c38          	.global _lock_release
  990  00001c38          	_lock_release:
  991  00001c38  44000455	trap	#0x455
  992  00001c3c  4be00000	jr	r31
  993  00001c40  54000000	nop
  994  00001c44          	.endproc _lock_release
  996  00001c44          	.proc _cond_create
  997  00001c44          	.global _cond_create
  998  00001c44          	_cond_create:
  999  00001c44  44000456	trap	#0x456
 1000  00001c48  4be00000	jr	r31
 1001  00001c4c  54000000	nop
 1002  00001c50          	.endproc _cond_create
 1004  00001c50          	.proc _cond_wait
 1005  00001c50          	.global _cond_wait
 1006  00001c50          	_cond_wait:
 1007  00001c50  44000457	trap	#0x457
 1008  00001c54  4be00000	jr	r31
 1009  00001c58  54000000	nop
 1010  00001c5c          	.endproc _cond_wait
 1012  00001c5c          	.proc _cond_signal
 1013  00001c5c          	.global _cond_signal
 1014  00001c5c          	_cond_signal:
 1015  00001c5c  44000458	trap	#0x458
 1016  00001c60  4be00000	jr	r31
 1017  00001c64  54000000	nop
 1018  00001c68          	.endproc _cond_signal
 1020  00001c68          	.proc _cond_broadcast
 1021  00001c68          	.global _cond_broadcast
 1022  00001c68          	_cond_broadcast:
 1023  00001c68  44000459	trap	#0x459
 1024  00001c6c  4be00000	jr	r31
 1025  00001c70  54000000	nop
 1026  00001c74          	.endproc _cond_broadcast
 1028  00001c74          	.proc _mbox_create
 1029  00001c74          	.global _mbox_create
 1030  00001c74          	_mbox_create:
 1031  00001c74  44000460	trap	#0x460
 1032  00001c78  4be00000	jr	r31
 1033  00001c7c  54000000	nop
 1034  00001c80          	.endproc _mbox_create
 1036  00001c80          	.proc _mbox_open
 1037  00001c80          	.global _mbox_open
 1038  00001c80          	_mbox_open:
 1039  00001c80  44000461	trap	#0x461
 1040  00001c84  4be00000	jr	r31
 1041  00001c88  54000000	nop
 1042  00001c8c          	.endproc _mbox_open
 1044  00001c8c          	.proc _mbox_close
 1045  00001c8c          	.global _mbox_close
 1046  00001c8c          	_mbox_close:
 1047  00001c8c  44000462	trap	#0x462
 1048  00001c90  4be00000	jr	r31
 1049  00001c94  54000000	nop
 1050  00001c98          	.endproc _mbox_close
 1052  00001c98          	.proc _mbox_send
 1053  00001c98          	.global _mbox_send
 1054  00001c98          	_mbox_send:
 1055  00001c98  44000463	trap	#0x463
 1056  00001c9c  4be00000	jr	r31
 1057  00001ca0  54000000	nop
 1058  00001ca4          	.endproc _mbox_send
 1060  00001ca4          	.proc _mbox_recv
 1061  00001ca4          	.global _mbox_recv
 1062  00001ca4          	_mbox_recv:
 1063  00001ca4  44000464	trap	#0x464
 1064  00001ca8  4be00000	jr	r31
 1065  00001cac  54000000	nop
 1066  00001cb0          	.endproc _mbox_recv
 1068  00001cb0          	.proc _sleep
 1069  00001cb0          	.global _sleep
 1070  00001cb0          	_sleep:
 1071  00001cb0  44000465	trap	#0x465
 1072  00001cb4  4be00000	jr	r31
 1073  00001cb8  54000000	nop
 1074  00001cbc          	.endproc _sleep
 1076  00001cbc          	.proc _yield
 1077  00001cbc          	.global _yield
 1078  00001cbc          	_yield:
 1079  00001cbc  44000466	trap	#0x466
 1080  00001cc0  4be00000	jr	r31
 1081  00001cc4  54000000	nop
 1082  00001cc8          	.endproc _yield
 1085  00001cc8          	.proc _Exit
 1086  00001cc8          	.global _Exit
 1087  00001cc8          	_Exit:
 1088  00001cc8  44000500	trap	#0x500
 1089  00001ccc  4be00000	jr	r31
 1090  00001cd0  54000000	nop
 1091  00001cd4          	.endproc _Exit
 1092                      ; Compiled by GCC
 1094  00001cd4          	.align 2
 1095  00001cd4          	.proc _isspace
 1096  00001cd4          	.global _isspace
 1097  00001cd4          	_isspace:
 1098                      ;  Function 'isspace'; 0 bytes of locals, 3 regs to save.
 1099  00001cd4  afbefffc	sw	-4(r29),r30; push fp
 1100  00001cd8  001df020	add	r30,r0,r29; fp = sp
 1101  00001cdc  afbffff8	sw	-8(r29),r31; push ret addr
 1102  00001ce0  2fbd0018	subui	r29,r29,#24; alloc local storage
 1103  00001ce4  afa20000	sw	0(r29),r2
 1104  00001ce8  afa30004	sw	4(r29),r3
 1105  00001cec  afa40008	sw	8(r29),r4
 1106  00001cf0  83c20003	lb	r2,3(r30)
 1107  00001cf4  20010000	addi	r1,r0,#0
 1108  00001cf8  304300ff	andi	r3,r2,#0x00ff
 1109  00001cfc  60640020	seqi	r4,r3,#32
 1110  00001d00  1480002c	bnez	r4,L3_LF2
 1111  00001d04  54000000	nop; delay slot nop
 1112  00001d08  304300ff	andi	r3,r2,#0x00ff
 1113  00001d0c  60640009	seqi	r4,r3,#9
 1114  00001d10  1480001c	bnez	r4,L3_LF2
 1115  00001d14  54000000	nop; delay slot nop
 1116  00001d18  304300ff	andi	r3,r2,#0x00ff
 1117  00001d1c  6064000a	seqi	r4,r3,#10
 1118  00001d20  1480000c	bnez	r4,L3_LF2
 1119  00001d24  54000000	nop; delay slot nop
 1120  00001d28  08000008	j	L2_LF2
 1121  00001d2c  54000000	nop; delay slot nop
 1122  00001d30          	L3_LF2:
 1123  00001d30  20010001	addi	r1,r0,#1
 1124  00001d34          	L2_LF2:
 1125  00001d34  08000004	j	L1_LF2
 1126  00001d38  54000000	nop; delay slot nop
 1127  00001d3c          	L1_LF2:
 1128  00001d3c  8fa20000	lw	r2,0(r29)
 1129  00001d40  8fa30004	lw	r3,4(r29)
 1130  00001d44  8fa40008	lw	r4,8(r29)
 1131  00001d48  8fdffff8	lw	r31,-8(r30)
 1132  00001d4c  001ee820	add	r29,r0,r30
 1133  00001d50  8fdefffc	lw	r30,-4(r30)
 1134  00001d54  4be00000	jr	r31
 1135  00001d58  54000000	nop
 1136  00001d5c          	.endproc _isspace
 1137  00001d5c          	.align 2
 1138  00001d5c          	.proc _isxdigit
 1139  00001d5c          	.global _isxdigit
 1140  00001d5c          	_isxdigit:
 1141                      ;  Function 'isxdigit'; 0 bytes of locals, 3 regs to save.
 1142  00001d5c  afbefffc	sw	-4(r29),r30; push fp
 1143  00001d60  001df020	add	r30,r0,r29; fp = sp
 1144  00001d64  afbffff8	sw	-8(r29),r31; push ret addr
 1145  00001d68  2fbd0018	subui	r29,r29,#24; alloc local storage
 1146  00001d6c  afa20000	sw	0(r29),r2
 1147  00001d70  afa30004	sw	4(r29),r3
 1148  00001d74  afa40008	sw	8(r29),r4
 1149  00001d78  83c20003	lb	r2,3(r30)
 1150  00001d7c  20010000	addi	r1,r0,#0
 1151  00001d80  304300ff	andi	r3,r2,#0x00ff
 1152  00001d84  6c64002f	sgtui	r4,r3,#47
 1153  00001d88  1080001c	beqz	r4,L7_LF2
 1154  00001d8c  54000000	nop; delay slot nop
 1155  00001d90  304300ff	andi	r3,r2,#0x00ff
 1156  00001d94  70640039	sleui	r4,r3,#57
 1157  00001d98  1480005c	bnez	r4,L6_LF2
 1158  00001d9c  54000000	nop; delay slot nop
 1159  00001da0  08000004	j	L7_LF2
 1160  00001da4  54000000	nop; delay slot nop
 1161  00001da8          	L7_LF2:
 1162  00001da8  304300ff	andi	r3,r2,#0x00ff
 1163  00001dac  6c640060	sgtui	r4,r3,#96
 1164  00001db0  1080001c	beqz	r4,L8_LF2
 1165  00001db4  54000000	nop; delay slot nop
 1166  00001db8  304300ff	andi	r3,r2,#0x00ff
 1167  00001dbc  70640066	sleui	r4,r3,#102
 1168  00001dc0  14800034	bnez	r4,L6_LF2
 1169  00001dc4  54000000	nop; delay slot nop
 1170  00001dc8  08000004	j	L8_LF2
 1171  00001dcc  54000000	nop; delay slot nop
 1172  00001dd0          	L8_LF2:
 1173  00001dd0  304300ff	andi	r3,r2,#0x00ff
 1174  00001dd4  6c640040	sgtui	r4,r3,#64
 1175  00001dd8  10800020	beqz	r4,L5_LF2
 1176  00001ddc  54000000	nop; delay slot nop
 1177  00001de0  304300ff	andi	r3,r2,#0x00ff
 1178  00001de4  70640041	sleui	r4,r3,#65
 1179  00001de8  1480000c	bnez	r4,L6_LF2
 1180  00001dec  54000000	nop; delay slot nop
 1181  00001df0  08000008	j	L5_LF2
 1182  00001df4  54000000	nop; delay slot nop
 1183  00001df8          	L6_LF2:
 1184  00001df8  20010001	addi	r1,r0,#1
 1185  00001dfc          	L5_LF2:
 1186  00001dfc  08000004	j	L4_LF2
 1187  00001e00  54000000	nop; delay slot nop
 1188  00001e04          	L4_LF2:
 1189  00001e04  8fa20000	lw	r2,0(r29)
 1190  00001e08  8fa30004	lw	r3,4(r29)
 1191  00001e0c  8fa40008	lw	r4,8(r29)
 1192  00001e10  8fdffff8	lw	r31,-8(r30)
 1193  00001e14  001ee820	add	r29,r0,r30
 1194  00001e18  8fdefffc	lw	r30,-4(r30)
 1195  00001e1c  4be00000	jr	r31
 1196  00001e20  54000000	nop
 1197  00001e24          	.endproc _isxdigit
 1198  00001e24          	.align 2
 1199  00001e24          	.proc _dstrcpy
 1200  00001e24          	.global _dstrcpy
 1201  00001e24          	_dstrcpy:
 1202                      ;  Function 'dstrcpy'; 8 bytes of locals, 2 regs to save.
 1203  00001e24  afbefffc	sw	-4(r29),r30; push fp
 1204  00001e28  001df020	add	r30,r0,r29; fp = sp
 1205  00001e2c  afbffff8	sw	-8(r29),r31; push ret addr
 1206  00001e30  2fbd0018	subui	r29,r29,#24; alloc local storage
 1207  00001e34  afa20000	sw	0(r29),r2
 1208  00001e38  afa30004	sw	4(r29),r3
 1209  00001e3c  8fc10000	lw	r1,(r30)
 1210  00001e40  afc1fff4	sw	-12(r30),r1
 1211  00001e44          	L10_LF2:
 1212  00001e44  8fc10000	lw	r1,(r30)
 1213  00001e48  20220001	addi	r2,r1,#1
 1214  00001e4c  afc20000	sw	(r30),r2
 1215  00001e50  8fc20004	lw	r2,4(r30)
 1216  00001e54  20430001	addi	r3,r2,#1
 1217  00001e58  afc30004	sw	4(r30),r3
 1218  00001e5c  80420000	lb	r2,(r2)
 1219  00001e60  a0220000	sb	(r1),r2
 1220  00001e64  a3c2fff3	sb	-13(r30),r2
 1221  00001e68          	L12_LF2:
 1222  00001e68  93c1fff3	lbu	r1,-13(r30)
 1223  00001e6c  64220000	snei	r2,r1,#0
 1224  00001e70  1440000c	bnez	r2,L13_LF2
 1225  00001e74  54000000	nop; delay slot nop
 1226  00001e78  0800000c	j	L11_LF2
 1227  00001e7c  54000000	nop; delay slot nop
 1228  00001e80          	L13_LF2:
 1229  00001e80  0bffffc0	j	L10_LF2
 1230  00001e84  54000000	nop; delay slot nop
 1231  00001e88          	L11_LF2:
 1232  00001e88  8fc1fff4	lw	r1,-12(r30)
 1233  00001e8c  08000004	j	L9_LF2
 1234  00001e90  54000000	nop; delay slot nop
 1235  00001e94          	L9_LF2:
 1236  00001e94  8fa20000	lw	r2,0(r29)
 1237  00001e98  8fa30004	lw	r3,4(r29)
 1238  00001e9c  8fdffff8	lw	r31,-8(r30)
 1239  00001ea0  001ee820	add	r29,r0,r30
 1240  00001ea4  8fdefffc	lw	r30,-4(r30)
 1241  00001ea8  4be00000	jr	r31
 1242  00001eac  54000000	nop
 1243  00001eb0          	.endproc _dstrcpy
 1244  00001eb0          	.align 2
 1245  00001eb0          	.proc _dstrncpy
 1246  00001eb0          	.global _dstrncpy
 1247  00001eb0          	_dstrncpy:
 1248                      ;  Function 'dstrncpy'; 8 bytes of locals, 2 regs to save.
 1249  00001eb0  afbefffc	sw	-4(r29),r30; push fp
 1250  00001eb4  001df020	add	r30,r0,r29; fp = sp
 1251  00001eb8  afbffff8	sw	-8(r29),r31; push ret addr
 1252  00001ebc  2fbd0018	subui	r29,r29,#24; alloc local storage
 1253  00001ec0  afa20000	sw	0(r29),r2
 1254  00001ec4  afa30004	sw	4(r29),r3
 1255  00001ec8  8fc10000	lw	r1,(r30)
 1256  00001ecc  afc1fff4	sw	-12(r30),r1
 1257  00001ed0          	L15_LF2:
 1258  00001ed0  8fc10008	lw	r1,8(r30)
 1259  00001ed4  2022ffff	addi	r2,r1,#-1
 1260  00001ed8  afc20008	sw	8(r30),r2
 1261  00001edc  70210000	slei	r1,r1,#0
 1262  00001ee0  1020000c	beqz	r1,L18_LF2
 1263  00001ee4  54000000	nop; delay slot nop
 1264  00001ee8  08000048	j	L16_LF2
 1265  00001eec  54000000	nop; delay slot nop
 1266  00001ef0          	L18_LF2:
 1267  00001ef0  8fc10000	lw	r1,(r30)
 1268  00001ef4  20220001	addi	r2,r1,#1
 1269  00001ef8  afc20000	sw	(r30),r2
 1270  00001efc  8fc20004	lw	r2,4(r30)
 1271  00001f00  20430001	addi	r3,r2,#1
 1272  00001f04  afc30004	sw	4(r30),r3
 1273  00001f08  80420000	lb	r2,(r2)
 1274  00001f0c  a0220000	sb	(r1),r2
 1275  00001f10  a3c2fff3	sb	-13(r30),r2
 1276  00001f14          	L17_LF2:
 1277  00001f14  93c1fff3	lbu	r1,-13(r30)
 1278  00001f18  64220000	snei	r2,r1,#0
 1279  00001f1c  1440000c	bnez	r2,L19_LF2
 1280  00001f20  54000000	nop; delay slot nop
 1281  00001f24  0800000c	j	L16_LF2
 1282  00001f28  54000000	nop; delay slot nop
 1283  00001f2c          	L19_LF2:
 1284  00001f2c  0bffffa0	j	L15_LF2
 1285  00001f30  54000000	nop; delay slot nop
 1286  00001f34          	L16_LF2:
 1287  00001f34  8fc1fff4	lw	r1,-12(r30)
 1288  00001f38  08000004	j	L14_LF2
 1289  00001f3c  54000000	nop; delay slot nop
 1290  00001f40          	L14_LF2:
 1291  00001f40  8fa20000	lw	r2,0(r29)
 1292  00001f44  8fa30004	lw	r3,4(r29)
 1293  00001f48  8fdffff8	lw	r31,-8(r30)
 1294  00001f4c  001ee820	add	r29,r0,r30
 1295  00001f50  8fdefffc	lw	r30,-4(r30)
 1296  00001f54  4be00000	jr	r31
 1297  00001f58  54000000	nop
 1298  00001f5c          	.endproc _dstrncpy
 1299  00001f5c          	.align 2
 1300  00001f5c          	.proc _dstrcat
 1301  00001f5c          	.global _dstrcat
 1302  00001f5c          	_dstrcat:
 1303                      ;  Function 'dstrcat'; 8 bytes of locals, 1 regs to save.
 1304  00001f5c  afbefffc	sw	-4(r29),r30; push fp
 1305  00001f60  001df020	add	r30,r0,r29; fp = sp
 1306  00001f64  afbffff8	sw	-8(r29),r31; push ret addr
 1307  00001f68  2fbd0018	subui	r29,r29,#24; alloc local storage
 1308  00001f6c  afa20000	sw	0(r29),r2
 1309  00001f70  8fc10000	lw	r1,(r30)
 1310  00001f74  afc1fff4	sw	-12(r30),r1
 1311  00001f78          	L21_LF2:
 1312  00001f78  8fc10000	lw	r1,(r30)
 1313  00001f7c  90220000	lbu	r2,(r1)
 1314  00001f80  64410000	snei	r1,r2,#0
 1315  00001f84  1420000c	bnez	r1,L23_LF2
 1316  00001f88  54000000	nop; delay slot nop
 1317  00001f8c  0800001c	j	L22_LF2
 1318  00001f90  54000000	nop; delay slot nop
 1319  00001f94          	L23_LF2:
 1320  00001f94  8fc20000	lw	r2,(r30)
 1321  00001f98  20410001	addi	r1,r2,#1
 1322  00001f9c  00011020	add	r2,r0,r1
 1323  00001fa0  afc20000	sw	(r30),r2
 1324  00001fa4  0bffffd0	j	L21_LF2
 1325  00001fa8  54000000	nop; delay slot nop
 1326  00001fac          	L22_LF2:
 1327  00001fac  23bdfff8	addi	r29,r29,#-8
 1328  00001fb0  001d0820	add	r1,r0,r29
 1329  00001fb4  8fc20000	lw	r2,(r30)
 1330  00001fb8  ac220000	sw	(r1),r2
 1331  00001fbc  8fc20004	lw	r2,4(r30)
 1332  00001fc0  ac220004	sw	4(r1),r2
 1333  00001fc4  0ffffe5c	jal	_dstrcpy
 1334  00001fc8  54000000	nop; delay slot nop
 1335  00001fcc  23bd0008	addi	r29,r29,#8
 1336  00001fd0  8fc1fff4	lw	r1,-12(r30)
 1337  00001fd4  08000004	j	L20_LF2
 1338  00001fd8  54000000	nop; delay slot nop
 1339  00001fdc          	L20_LF2:
 1340  00001fdc  8fa20000	lw	r2,0(r29)
 1341  00001fe0  8fdffff8	lw	r31,-8(r30)
 1342  00001fe4  001ee820	add	r29,r0,r30
 1343  00001fe8  8fdefffc	lw	r30,-4(r30)
 1344  00001fec  4be00000	jr	r31
 1345  00001ff0  54000000	nop
 1346  00001ff4          	.endproc _dstrcat
 1347  00001ff4          	.align 2
 1348  00001ff4          	.proc _dstrncmp
 1349  00001ff4          	.global _dstrncmp
 1350  00001ff4          	_dstrncmp:
 1351                      ;  Function 'dstrncmp'; 8 bytes of locals, 2 regs to save.
 1352  00001ff4  afbefffc	sw	-4(r29),r30; push fp
 1353  00001ff8  001df020	add	r30,r0,r29; fp = sp
 1354  00001ffc  afbffff8	sw	-8(r29),r31; push ret addr
 1355  00002000  2fbd0018	subui	r29,r29,#24; alloc local storage
 1356  00002004  afa20000	sw	0(r29),r2
 1357  00002008  afa30004	sw	4(r29),r3
 1358  0000200c  54000000	nop
 1359  00002010  20010000	addi	r1,r0,#0
 1360  00002014  afc1fff4	sw	-12(r30),r1
 1361  00002018          	L25_LF2:
 1362  00002018  8fc1fff4	lw	r1,-12(r30)
 1363  0000201c  8fc20008	lw	r2,8(r30)
 1364  00002020  0022082a	slt	r1,r1,r2
 1365  00002024  1420000c	bnez	r1,L28_LF2
 1366  00002028  54000000	nop; delay slot nop
 1367  0000202c  08000088	j	L26_LF2
 1368  00002030  54000000	nop; delay slot nop
 1369  00002034          	L28_LF2:
 1370  00002034  8fc10004	lw	r1,4(r30)
 1371  00002038  90220000	lbu	r2,(r1)
 1372  0000203c  64410000	snei	r1,r2,#0
 1373  00002040  14200018	bnez	r1,L29_LF2
 1374  00002044  54000000	nop; delay slot nop
 1375  00002048  20010000	addi	r1,r0,#0
 1376  0000204c  080000d8	j	L24_LF2
 1377  00002050  54000000	nop; delay slot nop
 1378  00002054  08000028	j	L30_LF2
 1379  00002058  54000000	nop; delay slot nop
 1380  0000205c          	L29_LF2:
 1381  0000205c  8fc10000	lw	r1,(r30)
 1382  00002060  8fc20004	lw	r2,4(r30)
 1383  00002064  90210000	lbu	r1,(r1)
 1384  00002068  90420000	lbu	r2,(r2)
 1385  0000206c  00220829	sne	r1,r1,r2
 1386  00002070  1020000c	beqz	r1,L30_LF2
 1387  00002074  54000000	nop; delay slot nop
 1388  00002078  0800003c	j	L26_LF2
 1389  0000207c  54000000	nop; delay slot nop
 1390  00002080          	L31_LF2:
 1391  00002080          	L30_LF2:
 1392  00002080  8fc20000	lw	r2,(r30)
 1393  00002084  20410001	addi	r1,r2,#1
 1394  00002088  00011020	add	r2,r0,r1
 1395  0000208c  afc20000	sw	(r30),r2
 1396  00002090  8fc20004	lw	r2,4(r30)
 1397  00002094  20410001	addi	r1,r2,#1
 1398  00002098  00011020	add	r2,r0,r1
 1399  0000209c  afc20004	sw	4(r30),r2
 1400  000020a0          	L27_LF2:
 1401  000020a0  8fc2fff4	lw	r2,-12(r30)
 1402  000020a4  20410001	addi	r1,r2,#1
 1403  000020a8  00011020	add	r2,r0,r1
 1404  000020ac  afc2fff4	sw	-12(r30),r2
 1405  000020b0  0bffff64	j	L25_LF2
 1406  000020b4  54000000	nop; delay slot nop
 1407  000020b8          	L26_LF2:
 1408  000020b8  8fc1fff4	lw	r1,-12(r30)
 1409  000020bc  8fc20008	lw	r2,8(r30)
 1410  000020c0  00220828	seq	r1,r1,r2
 1411  000020c4  10200018	beqz	r1,L32_LF2
 1412  000020c8  54000000	nop; delay slot nop
 1413  000020cc  20010000	addi	r1,r0,#0
 1414  000020d0  08000054	j	L24_LF2
 1415  000020d4  54000000	nop; delay slot nop
 1416  000020d8  0800004c	j	L33_LF2
 1417  000020dc  54000000	nop; delay slot nop
 1418  000020e0          	L32_LF2:
 1419  000020e0  8fc20000	lw	r2,(r30)
 1420  000020e4  90410000	lbu	r1,(r2)
 1421  000020e8  8fc20004	lw	r2,4(r30)
 1422  000020ec  90430000	lbu	r3,(r2)
 1423  000020f0  00230822	sub	r1,r1,r3
 1424  000020f4  74220000	sgei	r2,r1,#0
 1425  000020f8  10400020	beqz	r2,L34_LF2
 1426  000020fc  54000000	nop; delay slot nop
 1427  00002100  8fc10000	lw	r1,(r30)
 1428  00002104  8fc20004	lw	r2,4(r30)
 1429  00002108  90210000	lbu	r1,(r1)
 1430  0000210c  90420000	lbu	r2,(r2)
 1431  00002110  00220829	sne	r1,r1,r2
 1432  00002114  08000008	j	L35_LF2
 1433  00002118  54000000	nop; delay slot nop
 1434  0000211c          	L34_LF2:
 1435  0000211c  2001ffff	addi	r1,r0,#-1
 1436  00002120          	L35_LF2:
 1437  00002120  08000004	j	L24_LF2
 1438  00002124  54000000	nop; delay slot nop
 1439  00002128          	L33_LF2:
 1440  00002128          	L24_LF2:
 1441  00002128  8fa20000	lw	r2,0(r29)
 1442  0000212c  8fa30004	lw	r3,4(r29)
 1443  00002130  8fdffff8	lw	r31,-8(r30)
 1444  00002134  001ee820	add	r29,r0,r30
 1445  00002138  8fdefffc	lw	r30,-4(r30)
 1446  0000213c  4be00000	jr	r31
 1447  00002140  54000000	nop
 1448  00002144          	.endproc _dstrncmp
 1449  00002144          	.align 2
 1450  00002144          	.proc _dstrlen
 1451  00002144          	.global _dstrlen
 1452  00002144          	_dstrlen:
 1453                      ;  Function 'dstrlen'; 8 bytes of locals, 1 regs to save.
 1454  00002144  afbefffc	sw	-4(r29),r30; push fp
 1455  00002148  001df020	add	r30,r0,r29; fp = sp
 1456  0000214c  afbffff8	sw	-8(r29),r31; push ret addr
 1457  00002150  2fbd0018	subui	r29,r29,#24; alloc local storage
 1458  00002154  afa20000	sw	0(r29),r2
 1459  00002158  20010000	addi	r1,r0,#0
 1460  0000215c  afc1fff4	sw	-12(r30),r1
 1461  00002160          	L37_LF2:
 1462  00002160  8fc10000	lw	r1,(r30)
 1463  00002164  20220001	addi	r2,r1,#1
 1464  00002168  afc20000	sw	(r30),r2
 1465  0000216c  90210000	lbu	r1,(r1)
 1466  00002170  64220000	snei	r2,r1,#0
 1467  00002174  1440000c	bnez	r2,L39_LF2
 1468  00002178  54000000	nop; delay slot nop
 1469  0000217c  0800001c	j	L38_LF2
 1470  00002180  54000000	nop; delay slot nop
 1471  00002184          	L39_LF2:
 1472  00002184  8fc2fff4	lw	r2,-12(r30)
 1473  00002188  20410001	addi	r1,r2,#1
 1474  0000218c  00011020	add	r2,r0,r1
 1475  00002190  afc2fff4	sw	-12(r30),r2
 1476  00002194  0bffffc8	j	L37_LF2
 1477  00002198  54000000	nop; delay slot nop
 1478  0000219c          	L38_LF2:
 1479  0000219c  8fc1fff4	lw	r1,-12(r30)
 1480  000021a0  08000004	j	L36_LF2
 1481  000021a4  54000000	nop; delay slot nop
 1482  000021a8          	L36_LF2:
 1483  000021a8  8fa20000	lw	r2,0(r29)
 1484  000021ac  8fdffff8	lw	r31,-8(r30)
 1485  000021b0  001ee820	add	r29,r0,r30
 1486  000021b4  8fdefffc	lw	r30,-4(r30)
 1487  000021b8  4be00000	jr	r31
 1488  000021bc  54000000	nop
 1489  000021c0          	.endproc _dstrlen
 1490  000021c0          	.align 2
 1491  000021c0          	.proc _dstrstr
 1492  000021c0          	.global _dstrstr
 1493  000021c0          	_dstrstr:
 1494                      ;  Function 'dstrstr'; 8 bytes of locals, 1 regs to save.
 1495  000021c0  afbefffc	sw	-4(r29),r30; push fp
 1496  000021c4  001df020	add	r30,r0,r29; fp = sp
 1497  000021c8  afbffff8	sw	-8(r29),r31; push ret addr
 1498  000021cc  2fbd0018	subui	r29,r29,#24; alloc local storage
 1499  000021d0  afa20000	sw	0(r29),r2
 1500  000021d4  23bdfff8	addi	r29,r29,#-8
 1501  000021d8  001d0820	add	r1,r0,r29
 1502  000021dc  8fc20004	lw	r2,4(r30)
 1503  000021e0  ac220000	sw	(r1),r2
 1504  000021e4  0fffff5c	jal	_dstrlen
 1505  000021e8  54000000	nop; delay slot nop
 1506  000021ec  23bd0008	addi	r29,r29,#8
 1507  000021f0  afc1fff4	sw	-12(r30),r1
 1508  000021f4          	L41_LF2:
 1509  000021f4  8fc10000	lw	r1,(r30)
 1510  000021f8  90220000	lbu	r2,(r1)
 1511  000021fc  64410000	snei	r1,r2,#0
 1512  00002200  1420000c	bnez	r1,L43_LF2
 1513  00002204  54000000	nop; delay slot nop
 1514  00002208  08000060	j	L42_LF2
 1515  0000220c  54000000	nop; delay slot nop
 1516  00002210          	L43_LF2:
 1517  00002210  23bdfff0	addi	r29,r29,#-16
 1518  00002214  001d0820	add	r1,r0,r29
 1519  00002218  8fc20000	lw	r2,(r30)
 1520  0000221c  ac220000	sw	(r1),r2
 1521  00002220  8fc20004	lw	r2,4(r30)
 1522  00002224  ac220004	sw	4(r1),r2
 1523  00002228  8fc2fff4	lw	r2,-12(r30)
 1524  0000222c  ac220008	sw	8(r1),r2
 1525  00002230  0ffffdc0	jal	_dstrncmp
 1526  00002234  54000000	nop; delay slot nop
 1527  00002238  23bd0010	addi	r29,r29,#16
 1528  0000223c  64220000	snei	r2,r1,#0
 1529  00002240  14400010	bnez	r2,L44_LF2
 1530  00002244  54000000	nop; delay slot nop
 1531  00002248  8fc10000	lw	r1,(r30)
 1532  0000224c  08000028	j	L40_LF2
 1533  00002250  54000000	nop; delay slot nop
 1534  00002254          	L44_LF2:
 1535  00002254  8fc20000	lw	r2,(r30)
 1536  00002258  20410001	addi	r1,r2,#1
 1537  0000225c  00011020	add	r2,r0,r1
 1538  00002260  afc20000	sw	(r30),r2
 1539  00002264  0bffff8c	j	L41_LF2
 1540  00002268  54000000	nop; delay slot nop
 1541  0000226c          	L42_LF2:
 1542  0000226c  20010000	addi	r1,r0,#0
 1543  00002270  08000004	j	L40_LF2
 1544  00002274  54000000	nop; delay slot nop
 1545  00002278          	L40_LF2:
 1546  00002278  8fa20000	lw	r2,0(r29)
 1547  0000227c  8fdffff8	lw	r31,-8(r30)
 1548  00002280  001ee820	add	r29,r0,r30
 1549  00002284  8fdefffc	lw	r30,-4(r30)
 1550  00002288  4be00000	jr	r31
 1551  0000228c  54000000	nop
 1552  00002290          	.endproc _dstrstr
 1553  00002290          	.align 2
 1554  00002290          	.proc _dmindex
 1555  00002290          	.global _dmindex
 1556  00002290          	_dmindex:
 1557                      ;  Function 'dmindex'; 8 bytes of locals, 1 regs to save.
 1558  00002290  afbefffc	sw	-4(r29),r30; push fp
 1559  00002294  001df020	add	r30,r0,r29; fp = sp
 1560  00002298  afbffff8	sw	-8(r29),r31; push ret addr
 1561  0000229c  2fbd0018	subui	r29,r29,#24; alloc local storage
 1562  000022a0  afa20000	sw	0(r29),r2
 1563  000022a4  54000000	nop
 1564  000022a8          	L46_LF2:
 1565  000022a8  8fc10000	lw	r1,(r30)
 1566  000022ac  90220000	lbu	r2,(r1)
 1567  000022b0  64410000	snei	r1,r2,#0
 1568  000022b4  1420000c	bnez	r1,L48_LF2
 1569  000022b8  54000000	nop; delay slot nop
 1570  000022bc  08000070	j	L47_LF2
 1571  000022c0  54000000	nop; delay slot nop
 1572  000022c4          	L48_LF2:
 1573  000022c4  8fc10004	lw	r1,4(r30)
 1574  000022c8  afc1fff4	sw	-12(r30),r1
 1575  000022cc          	L49_LF2:
 1576  000022cc  8fc1fff4	lw	r1,-12(r30)
 1577  000022d0  90220000	lbu	r2,(r1)
 1578  000022d4  64410000	snei	r1,r2,#0
 1579  000022d8  1420000c	bnez	r1,L52_LF2
 1580  000022dc  54000000	nop; delay slot nop
 1581  000022e0  08000044	j	L50_LF2
 1582  000022e4  54000000	nop; delay slot nop
 1583  000022e8          	L52_LF2:
 1584  000022e8  8fc10000	lw	r1,(r30)
 1585  000022ec  8fc2fff4	lw	r2,-12(r30)
 1586  000022f0  90210000	lbu	r1,(r1)
 1587  000022f4  90420000	lbu	r2,(r2)
 1588  000022f8  00220828	seq	r1,r1,r2
 1589  000022fc  10200010	beqz	r1,L51_LF2
 1590  00002300  54000000	nop; delay slot nop
 1591  00002304  8fc10000	lw	r1,(r30)
 1592  00002308  08000030	j	L45_LF2
 1593  0000230c  54000000	nop; delay slot nop
 1594  00002310          	L53_LF2:
 1595  00002310          	L51_LF2:
 1596  00002310  8fc2fff4	lw	r2,-12(r30)
 1597  00002314  20410001	addi	r1,r2,#1
 1598  00002318  00011020	add	r2,r0,r1
 1599  0000231c  afc2fff4	sw	-12(r30),r2
 1600  00002320  0bffffa8	j	L49_LF2
 1601  00002324  54000000	nop; delay slot nop
 1602  00002328          	L50_LF2:
 1603  00002328  0bffff7c	j	L46_LF2
 1604  0000232c  54000000	nop; delay slot nop
 1605  00002330          	L47_LF2:
 1606  00002330  20010000	addi	r1,r0,#0
 1607  00002334  08000004	j	L45_LF2
 1608  00002338  54000000	nop; delay slot nop
 1609  0000233c          	L45_LF2:
 1610  0000233c  8fa20000	lw	r2,0(r29)
 1611  00002340  8fdffff8	lw	r31,-8(r30)
 1612  00002344  001ee820	add	r29,r0,r30
 1613  00002348  8fdefffc	lw	r30,-4(r30)
 1614  0000234c  4be00000	jr	r31
 1615  00002350  54000000	nop
 1616  00002354          	.endproc _dmindex
 1617  00002354          	.align 2
 1618  00002354          	.proc _dindex
 1619  00002354          	.global _dindex
 1620  00002354          	_dindex:
 1621                      ;  Function 'dindex'; 0 bytes of locals, 1 regs to save.
 1622  00002354  afbefffc	sw	-4(r29),r30; push fp
 1623  00002358  001df020	add	r30,r0,r29; fp = sp
 1624  0000235c  afbffff8	sw	-8(r29),r31; push ret addr
 1625  00002360  2fbd0010	subui	r29,r29,#16; alloc local storage
 1626  00002364  afa20000	sw	0(r29),r2
 1627  00002368  54000000	nop
 1628  0000236c          	L55_LF2:
 1629  0000236c  8fc10000	lw	r1,(r30)
 1630  00002370  90220000	lbu	r2,(r1)
 1631  00002374  64410000	snei	r1,r2,#0
 1632  00002378  1420000c	bnez	r1,L57_LF2
 1633  0000237c  54000000	nop; delay slot nop
 1634  00002380  08000040	j	L56_LF2
 1635  00002384  54000000	nop; delay slot nop
 1636  00002388          	L57_LF2:
 1637  00002388  8fc10000	lw	r1,(r30)
 1638  0000238c  90220000	lbu	r2,(r1)
 1639  00002390  8fc10004	lw	r1,4(r30)
 1640  00002394  00411028	seq	r2,r2,r1
 1641  00002398  10400010	beqz	r2,L58_LF2
 1642  0000239c  54000000	nop; delay slot nop
 1643  000023a0  8fc10000	lw	r1,(r30)
 1644  000023a4  08000028	j	L54_LF2
 1645  000023a8  54000000	nop; delay slot nop
 1646  000023ac          	L58_LF2:
 1647  000023ac  8fc20000	lw	r2,(r30)
 1648  000023b0  20410001	addi	r1,r2,#1
 1649  000023b4  00011020	add	r2,r0,r1
 1650  000023b8  afc20000	sw	(r30),r2
 1651  000023bc  0bffffac	j	L55_LF2
 1652  000023c0  54000000	nop; delay slot nop
 1653  000023c4          	L56_LF2:
 1654  000023c4  20010000	addi	r1,r0,#0
 1655  000023c8  08000004	j	L54_LF2
 1656  000023cc  54000000	nop; delay slot nop
 1657  000023d0          	L54_LF2:
 1658  000023d0  8fa20000	lw	r2,0(r29)
 1659  000023d4  8fdffff8	lw	r31,-8(r30)
 1660  000023d8  001ee820	add	r29,r0,r30
 1661  000023dc  8fdefffc	lw	r30,-4(r30)
 1662  000023e0  4be00000	jr	r31
 1663  000023e4  54000000	nop
 1664  000023e8          	.endproc _dindex
 1665  000023e8          	.align 2
 1666  000023e8          	.proc _ditoa
 1667  000023e8          	.global _ditoa
 1668  000023e8          	_ditoa:
 1669                      ;  Function 'ditoa'; 8 bytes of locals, 2 regs to save.
 1670  000023e8  afbefffc	sw	-4(r29),r30; push fp
 1671  000023ec  001df020	add	r30,r0,r29; fp = sp
 1672  000023f0  afbffff8	sw	-8(r29),r31; push ret addr
 1673  000023f4  2fbd0018	subui	r29,r29,#24; alloc local storage
 1674  000023f8  afa20000	sw	0(r29),r2
 1675  000023fc  afa30004	sw	4(r29),r3
 1676  00002400  8fc10000	lw	r1,(r30)
 1677  00002404  68220000	slti	r2,r1,#0
 1678  00002408  1040002c	beqz	r2,L60_LF2
 1679  0000240c  54000000	nop; delay slot nop
 1680  00002410  8fc10004	lw	r1,4(r30)
 1681  00002414  20220001	addi	r2,r1,#1
 1682  00002418  afc20004	sw	4(r30),r2
 1683  0000241c  2002002d	addi	r2,r0,(#0x2d)&0xff
 1684  00002420  a0220000	sb	(r1),r2
 1685  00002424  8fc10000	lw	r1,(r30)
 1686  00002428  00011022	sub	r2,r0,r1
 1687  0000242c  afc20000	sw	(r30),r2
 1688  00002430  08000118	j	L61_LF2
 1689  00002434  54000000	nop; delay slot nop
 1690  00002438          	L60_LF2:
 1691  00002438  8fc10000	lw	r1,(r30)
 1692  0000243c  64220000	snei	r2,r1,#0
 1693  00002440  14400020	bnez	r2,L62_LF2
 1694  00002444  54000000	nop; delay slot nop
 1695  00002448  8fc10004	lw	r1,4(r30)
 1696  0000244c  20220001	addi	r2,r1,#1
 1697  00002450  afc20004	sw	4(r30),r2
 1698  00002454  20020030	addi	r2,r0,(#0x30)&0xff
 1699  00002458  a0220000	sb	(r1),r2
 1700  0000245c  080000ec	j	L61_LF2
 1701  00002460  54000000	nop; delay slot nop
 1702  00002464          	L62_LF2:
 1703  00002464  20010001	addi	r1,r0,#1
 1704  00002468  afc1fff4	sw	-12(r30),r1
 1705  0000246c          	L64_LF2:
 1706  0000246c  8fc1fff4	lw	r1,-12(r30)
 1707  00002470  8fc20000	lw	r2,(r30)
 1708  00002474  0022082c	sle	r1,r1,r2
 1709  00002478  1420000c	bnez	r1,L66_LF2
 1710  0000247c  54000000	nop; delay slot nop
 1711  00002480  08000024	j	L65_LF2
 1712  00002484  54000000	nop; delay slot nop
 1713  00002488          	L67_LF2:
 1714  00002488          	L66_LF2:
 1715  00002488  8fc1fff4	lw	r1,-12(r30)
 1716  0000248c  00011820	add	r3,r0,r1
 1717  00002490  50620002	slli	r2,r3,#0x2
 1718  00002494  00411020	add	r2,r2,r1
 1719  00002498  50410001	slli	r1,r2,#0x1
 1720  0000249c  afc1fff4	sw	-12(r30),r1
 1721  000024a0  0bffffc8	j	L64_LF2
 1722  000024a4  54000000	nop; delay slot nop
 1723  000024a8          	L65_LF2:
 1724  000024a8  54000000	nop
 1725  000024ac          	L68_LF2:
 1726  000024ac  8fc1fff4	lw	r1,-12(r30)
 1727  000024b0  2002000a	addi	r2,r0,#10
 1728  000024b4  00200035	movi2fp	f0,r1
 1729  000024b8  00400835	movi2fp	f1,r2
 1730  000024bc  0401000f	div	f0,f0,f1
 1731  000024c0  00000834	movfp2i	r1,f0
 1732  000024c4  afc1fff4	sw	-12(r30),r1
 1733  000024c8  8fc10004	lw	r1,4(r30)
 1734  000024cc  20220001	addi	r2,r1,#1
 1735  000024d0  afc20004	sw	4(r30),r2
 1736  000024d4  8fc20000	lw	r2,(r30)
 1737  000024d8  8fc3fff4	lw	r3,-12(r30)
 1738  000024dc  00400035	movi2fp	f0,r2
 1739  000024e0  00600835	movi2fp	f1,r3
 1740  000024e4  0401000f	div	f0,f0,f1
 1741  000024e8  00001034	movfp2i	r2,f0
 1742  000024ec  00021820	add	r3,r0,r2
 1743  000024f0  20620030	addi	r2,r3,#48
 1744  000024f4  a0220000	sb	(r1),r2
 1745  000024f8  8fc10000	lw	r1,(r30)
 1746  000024fc  8fc3fff4	lw	r3,-12(r30)
 1747  00002500  00200035	movi2fp	f0,r1
 1748  00002504  00600835	movi2fp	f1,r3
 1749  00002508  0401000f	div	f0,f0,f1
 1750  0000250c  00001034	movfp2i	r2,f0
 1751  00002510  8fc3fff4	lw	r3,-12(r30)
 1752  00002514  00400035	movi2fp	f0,r2
 1753  00002518  00600835	movi2fp	f1,r3
 1754  0000251c  0401000e	mult	f0,f0,f1
 1755  00002520  00001034	movfp2i	r2,f0
 1756  00002524  00220822	sub	r1,r1,r2
 1757  00002528  afc10000	sw	(r30),r1
 1758  0000252c          	L70_LF2:
 1759  0000252c  8fc1fff4	lw	r1,-12(r30)
 1760  00002530  6c220001	sgti	r2,r1,#1
 1761  00002534  1440000c	bnez	r2,L71_LF2
 1762  00002538  54000000	nop; delay slot nop
 1763  0000253c  0800000c	j	L61_LF2
 1764  00002540  54000000	nop; delay slot nop
 1765  00002544          	L71_LF2:
 1766  00002544  0bffff64	j	L68_LF2
 1767  00002548  54000000	nop; delay slot nop
 1768  0000254c          	L69_LF2:
 1769  0000254c          	L63_LF2:
 1770  0000254c          	L61_LF2:
 1771  0000254c  8fc10004	lw	r1,4(r30)
 1772  00002550  20020000	addi	r2,r0,(#0x0)&0xff
 1773  00002554  a0220000	sb	(r1),r2
 1774  00002558          	L59_LF2:
 1775  00002558  8fa20000	lw	r2,0(r29)
 1776  0000255c  8fa30004	lw	r3,4(r29)
 1777  00002560  8fdffff8	lw	r31,-8(r30)
 1778  00002564  001ee820	add	r29,r0,r30
 1779  00002568  8fdefffc	lw	r30,-4(r30)
 1780  0000256c  4be00000	jr	r31
 1781  00002570  54000000	nop
 1782  00002574          	.endproc _ditoa
 1783  00002574          	.align 2
 1784  00002574          	.proc _dstrtol
 1785  00002574          	.global _dstrtol
 1786  00002574          	_dstrtol:
 1787                      ;  Function 'dstrtol'; 16 bytes of locals, 1 regs to save.
 1788  00002574  afbefffc	sw	-4(r29),r30; push fp
 1789  00002578  001df020	add	r30,r0,r29; fp = sp
 1790  0000257c  afbffff8	sw	-8(r29),r31; push ret addr
 1791  00002580  2fbd0020	subui	r29,r29,#32; alloc local storage
 1792  00002584  afa20000	sw	0(r29),r2
 1793  00002588  20010000	addi	r1,r0,#0
 1794  0000258c  afc1fff4	sw	-12(r30),r1
 1795  00002590          	L73_LF2:
 1796  00002590  8fc10000	lw	r1,(r30)
 1797  00002594  90220000	lbu	r2,(r1)
 1798  00002598  60410020	seqi	r1,r2,#32
 1799  0000259c  14200034	bnez	r1,L75_LF2
 1800  000025a0  54000000	nop; delay slot nop
 1801  000025a4  8fc10000	lw	r1,(r30)
 1802  000025a8  90220000	lbu	r2,(r1)
 1803  000025ac  60410009	seqi	r1,r2,#9
 1804  000025b0  14200020	bnez	r1,L75_LF2
 1805  000025b4  54000000	nop; delay slot nop
 1806  000025b8  8fc10000	lw	r1,(r30)
 1807  000025bc  90220000	lbu	r2,(r1)
 1808  000025c0  6041000a	seqi	r1,r2,#10
 1809  000025c4  1420000c	bnez	r1,L75_LF2
 1810  000025c8  54000000	nop; delay slot nop
 1811  000025cc  0800001c	j	L74_LF2
 1812  000025d0  54000000	nop; delay slot nop
 1813  000025d4          	L75_LF2:
 1814  000025d4  8fc20000	lw	r2,(r30)
 1815  000025d8  20410001	addi	r1,r2,#1
 1816  000025dc  00011020	add	r2,r0,r1
 1817  000025e0  afc20000	sw	(r30),r2
 1818  000025e4  0bffffa8	j	L73_LF2
 1819  000025e8  54000000	nop; delay slot nop
 1820  000025ec          	L74_LF2:
 1821  000025ec  8fc10004	lw	r1,4(r30)
 1822  000025f0  64220000	snei	r2,r1,#0
 1823  000025f4  10400010	beqz	r2,L76_LF2
 1824  000025f8  54000000	nop; delay slot nop
 1825  000025fc  8fc10004	lw	r1,4(r30)
 1826  00002600  8fc20000	lw	r2,(r30)
 1827  00002604  ac220000	sw	(r1),r2
 1828  00002608          	L76_LF2:
 1829  00002608  8fc10000	lw	r1,(r30)
 1830  0000260c  90220000	lbu	r2,(r1)
 1831  00002610  64410000	snei	r1,r2,#0
 1832  00002614  14200010	bnez	r1,L77_LF2
 1833  00002618  54000000	nop; delay slot nop
 1834  0000261c  8fc1fff4	lw	r1,-12(r30)
 1835  00002620  08000294	j	L72_LF2
 1836  00002624  54000000	nop; delay slot nop
 1837  00002628          	L77_LF2:
 1838  00002628  8fc10000	lw	r1,(r30)
 1839  0000262c  90220000	lbu	r2,(r1)
 1840  00002630  6041002d	seqi	r1,r2,#45
 1841  00002634  10200024	beqz	r1,L78_LF2
 1842  00002638  54000000	nop; delay slot nop
 1843  0000263c  2001ffff	addi	r1,r0,#-1
 1844  00002640  afc1ffec	sw	-20(r30),r1
 1845  00002644  8fc20000	lw	r2,(r30)
 1846  00002648  20410001	addi	r1,r2,#1
 1847  0000264c  00011020	add	r2,r0,r1
 1848  00002650  afc20000	sw	(r30),r2
 1849  00002654  0800000c	j	L79_LF2
 1850  00002658  54000000	nop; delay slot nop
 1851  0000265c          	L78_LF2:
 1852  0000265c  20010001	addi	r1,r0,#1
 1853  00002660  afc1ffec	sw	-20(r30),r1
 1854  00002664          	L79_LF2:
 1855  00002664  8fc10008	lw	r1,8(r30)
 1856  00002668  64220000	snei	r2,r1,#0
 1857  0000266c  14400090	bnez	r2,L80_LF2
 1858  00002670  54000000	nop; delay slot nop
 1859  00002674  8fc10000	lw	r1,(r30)
 1860  00002678  90220000	lbu	r2,(r1)
 1861  0000267c  60410030	seqi	r1,r2,#48
 1862  00002680  10200074	beqz	r1,L81_LF2
 1863  00002684  54000000	nop; delay slot nop
 1864  00002688  8fc20000	lw	r2,(r30)
 1865  0000268c  20410001	addi	r1,r2,#1
 1866  00002690  00011020	add	r2,r0,r1
 1867  00002694  afc20000	sw	(r30),r2
 1868  00002698  8fc10000	lw	r1,(r30)
 1869  0000269c  90220000	lbu	r2,(r1)
 1870  000026a0  60410078	seqi	r1,r2,#120
 1871  000026a4  14200020	bnez	r1,L83_LF2
 1872  000026a8  54000000	nop; delay slot nop
 1873  000026ac  8fc10000	lw	r1,(r30)
 1874  000026b0  90220000	lbu	r2,(r1)
 1875  000026b4  60410058	seqi	r1,r2,#88
 1876  000026b8  1420000c	bnez	r1,L83_LF2
 1877  000026bc  54000000	nop; delay slot nop
 1878  000026c0  08000024	j	L82_LF2
 1879  000026c4  54000000	nop; delay slot nop
 1880  000026c8          	L83_LF2:
 1881  000026c8  20010010	addi	r1,r0,#16
 1882  000026cc  afc10008	sw	8(r30),r1
 1883  000026d0  8fc20000	lw	r2,(r30)
 1884  000026d4  20410001	addi	r1,r2,#1
 1885  000026d8  00011020	add	r2,r0,r1
 1886  000026dc  afc20000	sw	(r30),r2
 1887  000026e0  0800000c	j	L84_LF2
 1888  000026e4  54000000	nop; delay slot nop
 1889  000026e8          	L82_LF2:
 1890  000026e8  20010008	addi	r1,r0,#8
 1891  000026ec  afc10008	sw	8(r30),r1
 1892  000026f0          	L84_LF2:
 1893  000026f0  0800000c	j	L80_LF2
 1894  000026f4  54000000	nop; delay slot nop
 1895  000026f8          	L81_LF2:
 1896  000026f8  2001000a	addi	r1,r0,#10
 1897  000026fc  afc10008	sw	8(r30),r1
 1898  00002700          	L85_LF2:
 1899  00002700          	L80_LF2:
 1900  00002700  8fc10008	lw	r1,8(r30)
 1901  00002704  70220000	slei	r2,r1,#0
 1902  00002708  1440001c	bnez	r2,L87_LF2
 1903  0000270c  54000000	nop; delay slot nop
 1904  00002710  8fc10008	lw	r1,8(r30)
 1905  00002714  6c220010	sgti	r2,r1,#16
 1906  00002718  1440000c	bnez	r2,L87_LF2
 1907  0000271c  54000000	nop; delay slot nop
 1908  00002720  08000010	j	L86_LF2
 1909  00002724  54000000	nop; delay slot nop
 1910  00002728          	L87_LF2:
 1911  00002728  8fc1fff4	lw	r1,-12(r30)
 1912  0000272c  08000188	j	L72_LF2
 1913  00002730  54000000	nop; delay slot nop
 1914  00002734          	L86_LF2:
 1915  00002734  54000000	nop
 1916  00002738          	L88_LF2:
 1917  00002738  8fc10000	lw	r1,(r30)
 1918  0000273c  90220000	lbu	r2,(r1)
 1919  00002740  6c41002f	sgtui	r1,r2,#47
 1920  00002744  10200030	beqz	r1,L91_LF2
 1921  00002748  54000000	nop; delay slot nop
 1922  0000274c  8fc10000	lw	r1,(r30)
 1923  00002750  90220000	lbu	r2,(r1)
 1924  00002754  70410039	sleui	r1,r2,#57
 1925  00002758  1020001c	beqz	r1,L91_LF2
 1926  0000275c  54000000	nop; delay slot nop
 1927  00002760  8fc10000	lw	r1,(r30)
 1928  00002764  90220000	lbu	r2,(r1)
 1929  00002768  2041ffd0	addi	r1,r2,#-48
 1930  0000276c  afc1fff0	sw	-16(r30),r1
 1931  00002770  0800008c	j	L92_LF2
 1932  00002774  54000000	nop; delay slot nop
 1933  00002778          	L91_LF2:
 1934  00002778  8fc10000	lw	r1,(r30)
 1935  0000277c  90220000	lbu	r2,(r1)
 1936  00002780  6c410060	sgtui	r1,r2,#96
 1937  00002784  10200030	beqz	r1,L93_LF2
 1938  00002788  54000000	nop; delay slot nop
 1939  0000278c  8fc10000	lw	r1,(r30)
 1940  00002790  90220000	lbu	r2,(r1)
 1941  00002794  7041007a	sleui	r1,r2,#122
 1942  00002798  1020001c	beqz	r1,L93_LF2
 1943  0000279c  54000000	nop; delay slot nop
 1944  000027a0  8fc10000	lw	r1,(r30)
 1945  000027a4  90220000	lbu	r2,(r1)
 1946  000027a8  2041ffa9	addi	r1,r2,#-87
 1947  000027ac  afc1fff0	sw	-16(r30),r1
 1948  000027b0  0800004c	j	L92_LF2
 1949  000027b4  54000000	nop; delay slot nop
 1950  000027b8          	L93_LF2:
 1951  000027b8  8fc10000	lw	r1,(r30)
 1952  000027bc  90220000	lbu	r2,(r1)
 1953  000027c0  6c410040	sgtui	r1,r2,#64
 1954  000027c4  10200030	beqz	r1,L95_LF2
 1955  000027c8  54000000	nop; delay slot nop
 1956  000027cc  8fc10000	lw	r1,(r30)
 1957  000027d0  90220000	lbu	r2,(r1)
 1958  000027d4  7041005a	sleui	r1,r2,#90
 1959  000027d8  1020001c	beqz	r1,L95_LF2
 1960  000027dc  54000000	nop; delay slot nop
 1961  000027e0  8fc10000	lw	r1,(r30)
 1962  000027e4  90220000	lbu	r2,(r1)
 1963  000027e8  2041ffc9	addi	r1,r2,#-55
 1964  000027ec  afc1fff0	sw	-16(r30),r1
 1965  000027f0  0800000c	j	L92_LF2
 1966  000027f4  54000000	nop; delay slot nop
 1967  000027f8          	L95_LF2:
 1968  000027f8  200103e8	addi	r1,r0,#1000
 1969  000027fc  afc1fff0	sw	-16(r30),r1
 1970  00002800          	L96_LF2:
 1971  00002800          	L94_LF2:
 1972  00002800          	L92_LF2:
 1973  00002800  8fc1fff0	lw	r1,-16(r30)
 1974  00002804  8fc20008	lw	r2,8(r30)
 1975  00002808  0022082a	slt	r1,r1,r2
 1976  0000280c  10200040	beqz	r1,L90_LF2
 1977  00002810  54000000	nop; delay slot nop
 1978  00002814  8fc1fff4	lw	r1,-12(r30)
 1979  00002818  8fc20008	lw	r2,8(r30)
 1980  0000281c  00200035	movi2fp	f0,r1
 1981  00002820  00400835	movi2fp	f1,r2
 1982  00002824  0401000e	mult	f0,f0,f1
 1983  00002828  00000834	movfp2i	r1,f0
 1984  0000282c  afc1fff4	sw	-12(r30),r1
 1985  00002830  8fc1fff4	lw	r1,-12(r30)
 1986  00002834  8fc2fff0	lw	r2,-16(r30)
 1987  00002838  00220820	add	r1,r1,r2
 1988  0000283c  afc1fff4	sw	-12(r30),r1
 1989  00002840  8fc20000	lw	r2,(r30)
 1990  00002844  20410001	addi	r1,r2,#1
 1991  00002848  00011020	add	r2,r0,r1
 1992  0000284c  afc20000	sw	(r30),r2
 1993  00002850          	L97_LF2:
 1994  00002850          	L90_LF2:
 1995  00002850  8fc1fff0	lw	r1,-16(r30)
 1996  00002854  8fc20008	lw	r2,8(r30)
 1997  00002858  0022082a	slt	r1,r1,r2
 1998  0000285c  1420000c	bnez	r1,L98_LF2
 1999  00002860  54000000	nop; delay slot nop
 2000  00002864  0800000c	j	L89_LF2
 2001  00002868  54000000	nop; delay slot nop
 2002  0000286c          	L98_LF2:
 2003  0000286c  0bfffec8	j	L88_LF2
 2004  00002870  54000000	nop; delay slot nop
 2005  00002874          	L89_LF2:
 2006  00002874  8fc10004	lw	r1,4(r30)
 2007  00002878  64220000	snei	r2,r1,#0
 2008  0000287c  10400010	beqz	r2,L99_LF2
 2009  00002880  54000000	nop; delay slot nop
 2010  00002884  8fc10004	lw	r1,4(r30)
 2011  00002888  8fc20000	lw	r2,(r30)
 2012  0000288c  ac220000	sw	(r1),r2
 2013  00002890          	L99_LF2:
 2014  00002890  8fc1fff4	lw	r1,-12(r30)
 2015  00002894  8fc2ffec	lw	r2,-20(r30)
 2016  00002898  00200035	movi2fp	f0,r1
 2017  0000289c  00400835	movi2fp	f1,r2
 2018  000028a0  0401000e	mult	f0,f0,f1
 2019  000028a4  00000834	movfp2i	r1,f0
 2020  000028a8  afc1fff4	sw	-12(r30),r1
 2021  000028ac  8fc1fff4	lw	r1,-12(r30)
 2022  000028b0  08000004	j	L72_LF2
 2023  000028b4  54000000	nop; delay slot nop
 2024  000028b8          	L72_LF2:
 2025  000028b8  8fa20000	lw	r2,0(r29)
 2026  000028bc  8fdffff8	lw	r31,-8(r30)
 2027  000028c0  001ee820	add	r29,r0,r30
 2028  000028c4  8fdefffc	lw	r30,-4(r30)
 2029  000028c8  4be00000	jr	r31
 2030  000028cc  54000000	nop
 2031  000028d0          	.endproc _dstrtol
 2032  000028d0          	.align 2
 2033  000028d0          	.proc _bcopy
 2034  000028d0          	.global _bcopy
 2035  000028d0          	_bcopy:
 2036                      ;  Function 'bcopy'; 0 bytes of locals, 2 regs to save.
 2037  000028d0  afbefffc	sw	-4(r29),r30; push fp
 2038  000028d4  001df020	add	r30,r0,r29; fp = sp
 2039  000028d8  afbffff8	sw	-8(r29),r31; push ret addr
 2040  000028dc  2fbd0010	subui	r29,r29,#16; alloc local storage
 2041  000028e0  afa20000	sw	0(r29),r2
 2042  000028e4  afa30004	sw	4(r29),r3
 2043  000028e8  54000000	nop
 2044  000028ec          	L101_LF2:
 2045  000028ec  8fc10008	lw	r1,8(r30)
 2046  000028f0  2022ffff	addi	r2,r1,#-1
 2047  000028f4  afc20008	sw	8(r30),r2
 2048  000028f8  6c210000	sgti	r1,r1,#0
 2049  000028fc  1420000c	bnez	r1,L103_LF2
 2050  00002900  54000000	nop; delay slot nop
 2051  00002904  0800002c	j	L102_LF2
 2052  00002908  54000000	nop; delay slot nop
 2053  0000290c          	L103_LF2:
 2054  0000290c  8fc10004	lw	r1,4(r30)
 2055  00002910  20220001	addi	r2,r1,#1
 2056  00002914  afc20004	sw	4(r30),r2
 2057  00002918  8fc20000	lw	r2,(r30)
 2058  0000291c  20430001	addi	r3,r2,#1
 2059  00002920  afc30000	sw	(r30),r3
 2060  00002924  80420000	lb	r2,(r2)
 2061  00002928  a0220000	sb	(r1),r2
 2062  0000292c  0bffffbc	j	L101_LF2
 2063  00002930  54000000	nop; delay slot nop
 2064  00002934          	L102_LF2:
 2065  00002934          	L100_LF2:
 2066  00002934  8fa20000	lw	r2,0(r29)
 2067  00002938  8fa30004	lw	r3,4(r29)
 2068  0000293c  8fdffff8	lw	r31,-8(r30)
 2069  00002940  001ee820	add	r29,r0,r30
 2070  00002944  8fdefffc	lw	r30,-4(r30)
 2071  00002948  4be00000	jr	r31
 2072  0000294c  54000000	nop
 2073  00002950          	.endproc _bcopy
 2074  00002950          	.align 2
 2075  00002950          	.proc _bzero
 2076  00002950          	.global _bzero
 2077  00002950          	_bzero:
 2078                      ;  Function 'bzero'; 0 bytes of locals, 1 regs to save.
 2079  00002950  afbefffc	sw	-4(r29),r30; push fp
 2080  00002954  001df020	add	r30,r0,r29; fp = sp
 2081  00002958  afbffff8	sw	-8(r29),r31; push ret addr
 2082  0000295c  2fbd0010	subui	r29,r29,#16; alloc local storage
 2083  00002960  afa20000	sw	0(r29),r2
 2084  00002964  54000000	nop
 2085  00002968          	L105_LF2:
 2086  00002968  8fc10004	lw	r1,4(r30)
 2087  0000296c  2022ffff	addi	r2,r1,#-1
 2088  00002970  afc20004	sw	4(r30),r2
 2089  00002974  6c210000	sgti	r1,r1,#0
 2090  00002978  1420000c	bnez	r1,L107_LF2
 2091  0000297c  54000000	nop; delay slot nop
 2092  00002980  08000020	j	L106_LF2
 2093  00002984  54000000	nop; delay slot nop
 2094  00002988          	L107_LF2:
 2095  00002988  8fc10000	lw	r1,(r30)
 2096  0000298c  20220001	addi	r2,r1,#1
 2097  00002990  afc20000	sw	(r30),r2
 2098  00002994  20020000	addi	r2,r0,(#0x0)&0xff
 2099  00002998  a0220000	sb	(r1),r2
 2100  0000299c  0bffffc8	j	L105_LF2
 2101  000029a0  54000000	nop; delay slot nop
 2102  000029a4          	L106_LF2:
 2103  000029a4          	L104_LF2:
 2104  000029a4  8fa20000	lw	r2,0(r29)
 2105  000029a8  8fdffff8	lw	r31,-8(r30)
 2106  000029ac  001ee820	add	r29,r0,r30
 2107  000029b0  8fdefffc	lw	r30,-4(r30)
 2108  000029b4  4be00000	jr	r31
 2109  000029b8  54000000	nop
 2110  000029bc          	.endproc _bzero
 2111  000029bc          	.align 2
 2112  000029bc          	.proc _min
 2113  000029bc          	.global _min
 2114  000029bc          	_min:
 2115                      ;  Function 'min'; 0 bytes of locals, 2 regs to save.
 2116  000029bc  afbefffc	sw	-4(r29),r30; push fp
 2117  000029c0  001df020	add	r30,r0,r29; fp = sp
 2118  000029c4  afbffff8	sw	-8(r29),r31; push ret addr
 2119  000029c8  2fbd0010	subui	r29,r29,#16; alloc local storage
 2120  000029cc  afa20000	sw	0(r29),r2
 2121  000029d0  afa30004	sw	4(r29),r3
 2122  000029d4  8fc10000	lw	r1,(r30)
 2123  000029d8  8fc20004	lw	r2,4(r30)
 2124  000029dc  0022182c	sle	r3,r1,r2
 2125  000029e0  14600008	bnez	r3,L109_LF2
 2126  000029e4  54000000	nop; delay slot nop
 2127  000029e8  8fc10004	lw	r1,4(r30)
 2128  000029ec          	L109_LF2:
 2129  000029ec  08000004	j	L108_LF2
 2130  000029f0  54000000	nop; delay slot nop
 2131  000029f4          	L108_LF2:
 2132  000029f4  8fa20000	lw	r2,0(r29)
 2133  000029f8  8fa30004	lw	r3,4(r29)
 2134  000029fc  8fdffff8	lw	r31,-8(r30)
 2135  00002a00  001ee820	add	r29,r0,r30
 2136  00002a04  8fdefffc	lw	r30,-4(r30)
 2137  00002a08  4be00000	jr	r31
 2138  00002a0c  54000000	nop
 2139  00002a10          	.endproc _min
 2140  00002a10          	.align 2
 2141  00002a10          	.proc _max
 2142  00002a10          	.global _max
 2143  00002a10          	_max:
 2144                      ;  Function 'max'; 0 bytes of locals, 2 regs to save.
 2145  00002a10  afbefffc	sw	-4(r29),r30; push fp
 2146  00002a14  001df020	add	r30,r0,r29; fp = sp
 2147  00002a18  afbffff8	sw	-8(r29),r31; push ret addr
 2148  00002a1c  2fbd0010	subui	r29,r29,#16; alloc local storage
 2149  00002a20  afa20000	sw	0(r29),r2
 2150  00002a24  afa30004	sw	4(r29),r3
 2151  00002a28  8fc10000	lw	r1,(r30)
 2152  00002a2c  8fc20004	lw	r2,4(r30)
 2153  00002a30  0022182d	sge	r3,r1,r2
 2154  00002a34  14600008	bnez	r3,L111_LF2
 2155  00002a38  54000000	nop; delay slot nop
 2156  00002a3c  8fc10004	lw	r1,4(r30)
 2157  00002a40          	L111_LF2:
 2158  00002a40  08000004	j	L110_LF2
 2159  00002a44  54000000	nop; delay slot nop
 2160  00002a48          	L110_LF2:
 2161  00002a48  8fa20000	lw	r2,0(r29)
 2162  00002a4c  8fa30004	lw	r3,4(r29)
 2163  00002a50  8fdffff8	lw	r31,-8(r30)
 2164  00002a54  001ee820	add	r29,r0,r30
 2165  00002a58  8fdefffc	lw	r30,-4(r30)
 2166  00002a5c  4be00000	jr	r31
 2167  00002a60  54000000	nop
 2168  00002a64          	.endproc _max
 2169                      ;;; Ethan L. Miller, 1999.  Released to the public domain
 2170                      ;;;
 2171                      ;;; Most of the traps are called in files from libtraps.
 2174  00002a64          	.align 2
 2175  00002a64          	.proc _exit
 2176  00002a64          	.global _exit
 2177  00002a64          	_exit:
 2178  00002a64  44000300	trap	#0x300
 2179  00002a68  4be00000	jr	r31
 2180  00002a6c  54000000	nop
 2181  00002a70          	.endproc _exit
 2183                      ; for the benefit of gcc.
 2184  00002a70          	.proc ___main
 2185  00002a70          	.global ___main
 2186  00002a70          	___main:
 2187  00002a70  4be00000	jr	r31
 2188  00002a74  54000000	nop
 2189  00002a78          	.endproc ___main
 2190  00002a78          	.text
 2191  00002a78          	.global _etext
 2192  00002a78          	_etext:
 2193  00002a78          	.align 3
 2194  00002a78          	.data
 2195  00003171          	.global _edata
 2196  00003171          	_edata:
