 line   address	contents
    1                      ; Linked by DLX-LD.
    2                      ; MemSize 24576
    3                      ; Data size: 283
    4                      ; Text size: 4752
    5                      ; Stack size: 8192
    6  00000000          	.text 0x1000
    7  00001000          	.data 0x3000
    8                      ; Compiled by GCC
    9  00003000          	.text
   10  00001000          	.align 2
   11  00001000          	.proc _isspace
   12  00001000          	.global _isspace
   13  00001000          	_isspace:
   14                      ;  Function 'isspace'; 0 bytes of locals, 1 regs to save.
   15  00001000  afbefffc	sw	-4(r29),r30; push fp
   16  00001004  001df020	add	r30,r0,r29; fp = sp
   17  00001008  afbffff8	sw	-8(r29),r31; push ret addr
   18  0000100c  2fbd0010	subui	r29,r29,#16; alloc local storage
   19  00001010  afa20000	sw	0(r29),r2
   20  00001014  83c20003	lb	r2,3(r30)
   21  00001018  201f0000	addi	r31,r0,#0
   22  0000101c  304100ff	andi	r1,r2,#0x00ff
   23  00001020  60210020	seqi	r1,r1,#32
   24  00001024  14200018	bnez	r1,L6_LF0
   25  00001028  54000000	nop; not filled.
   26  0000102c  2041fff7	addi	r1,r2,#-9
   27  00001030  302100ff	andi	r1,r1,#0x00ff
   28  00001034  70210001	sleui	r1,r1,#1
   29  00001038  10200008	beqz	r1,L5_LF0
   30  0000103c  54000000	nop; not filled.
   31  00001040          	L6_LF0:
   32  00001040  201f0001	addi	r31,r0,#1
   33  00001044          	L5_LF0:
   34  00001044  001f0820	add	r1,r0,r31
   35  00001048  8fa20000	lw	r2,0(r29)
   36  0000104c  8fdffff8	lw	r31,-8(r30)
   37  00001050  001ee820	add	r29,r0,r30
   38  00001054  8fdefffc	lw	r30,-4(r30)
   39  00001058  4be00000	jr	r31
   40  0000105c  54000000	nop
   41  00001060          	.endproc _isspace
   42  00001060          	.align 2
   43  00001060          	.proc _isxdigit
   44  00001060          	.global _isxdigit
   45  00001060          	_isxdigit:
   46                      ;  Function 'isxdigit'; 0 bytes of locals, 1 regs to save.
   47  00001060  afbefffc	sw	-4(r29),r30; push fp
   48  00001064  001df020	add	r30,r0,r29; fp = sp
   49  00001068  afbffff8	sw	-8(r29),r31; push ret addr
   50  0000106c  2fbd0010	subui	r29,r29,#16; alloc local storage
   51  00001070  afa20000	sw	0(r29),r2
   52  00001074  83df0003	lb	r31,3(r30)
   53  00001078  20020000	addi	r2,r0,#0
   54  0000107c  23e1ffd0	addi	r1,r31,#-48
   55  00001080  302100ff	andi	r1,r1,#0x00ff
   56  00001084  70210009	sleui	r1,r1,#9
   57  00001088  14200028	bnez	r1,L12_LF0
   58  0000108c  54000000	nop; not filled.
   59  00001090  23e1ff9f	addi	r1,r31,#-97
   60  00001094  302100ff	andi	r1,r1,#0x00ff
   61  00001098  70210005	sleui	r1,r1,#5
   62  0000109c  14200014	bnez	r1,L12_LF0
   63  000010a0  54000000	nop; not filled.
   64  000010a4  33e100ff	andi	r1,r31,#0x00ff
   65  000010a8  64210041	snei	r1,r1,#65
   66  000010ac  14200008	bnez	r1,L11_LF0
   67  000010b0  54000000	nop; not filled.
   68  000010b4          	L12_LF0:
   69  000010b4  20020001	addi	r2,r0,#1
   70  000010b8          	L11_LF0:
   71  000010b8  00020820	add	r1,r0,r2
   72  000010bc  8fa20000	lw	r2,0(r29)
   73  000010c0  8fdffff8	lw	r31,-8(r30)
   74  000010c4  001ee820	add	r29,r0,r30
   75  000010c8  8fdefffc	lw	r30,-4(r30)
   76  000010cc  4be00000	jr	r31
   77  000010d0  54000000	nop
   78  000010d4          	.endproc _isxdigit
   79  000010d4          	.data
   80  00003000          	.align 2
   81  00003000          	LC0_LF0:
   82  00003000  55736167	.ascii "Usage: \000"
   82  00003004  653a2000	
   83  00003008          	.align 2
   84  00003008          	LC1_LF0:
   85  00003008  203c6e75	.ascii " <number of processes to create>\n\000"
   85  0000300c  6d626572	
   85  00003010  206f6620	
   85  00003014  70726f63	
   85  00003018  65737365	
   85  0000301c  7320746f	
   85  00003020  20637265	
   85  00003024  6174653e	
   85  00003028  0a00    	
   86  0000302a          	.align 2
   87  0000302c          	LC2_LF0:
   88  0000302c  4552524f	.ascii "ERROR: could not allocate shared memory page in \000"
   88  00003030  523a2063	
   88  00003034  6f756c64	
   88  00003038  206e6f74	
   88  0000303c  20616c6c	
   88  00003040  6f636174	
   88  00003044  65207368	
   88  00003048  61726564	
   88  0000304c  206d656d	
   88  00003050  6f727920	
   88  00003054  70616765	
   88  00003058  20696e20	
   88  0000305c  00      	
   89  0000305d          	.align 2
   90  00003060          	LC3_LF0:
   91  00003060  2c206578	.ascii ", exiting...\n\000"
   91  00003064  6974696e	
   91  00003068  672e2e2e	
   91  0000306c  0a00    	
   92  0000306e          	.align 2
   93  00003070          	LC4_LF0:
   94  00003070  436f756c	.ascii "Could not map the shared page to virtual address in \000"
   94  00003074  64206e6f	
   94  00003078  74206d61	
   94  0000307c  70207468	
   94  00003080  65207368	
   94  00003084  61726564	
   94  00003088  20706167	
   94  0000308c  6520746f	
   94  00003090  20766972	
   94  00003094  7475616c	
   94  00003098  20616464	
   94  0000309c  72657373	
   94  000030a0  20696e20	
   94  000030a4  00      	
   95  000030a5          	.align 2
   96  000030a8          	LC5_LF0:
   97  000030a8  2c206578	.ascii ", exiting..\n\000"
   97  000030ac  6974696e	
   97  000030b0  672e2e0a	
   97  000030b4  00      	
   98  000030b5          	.align 2
   99  000030b8          	LC6_LF0:
  100  000030b8  42616420	.ascii "Bad sem_create in \000"
  100  000030bc  73656d5f	
  100  000030c0  63726561	
  100  000030c4  74652069	
  100  000030c8  6e2000  	
  101  000030cb          	.align 2
  102  000030cc          	LC7_LF0:
  103  000030cc  0a00    	.ascii "\n\000"
  104  000030ce          	.align 2
  105  000030d0          	LC8_LF0:
  106  000030d0  636f6e73	.ascii "consumer_spawn.dlx.obj\000"
  106  000030d4  756d6572	
  106  000030d8  5f737061	
  106  000030dc  776e2e64	
  106  000030e0  6c782e6f	
  106  000030e4  626a00  	
  107  000030e7          	.align 2
  108  000030e8          	LC9_LF0:
  109  000030e8  70726f64	.ascii "producer_spawn.dlx.obj\000"
  109  000030ec  75636572	
  109  000030f0  5f737061	
  109  000030f4  776e2e64	
  109  000030f8  6c782e6f	
  109  000030fc  626a00  	
  110  000030ff          	.align 2
  111  00003100          	LC10_LF0:
  112  00003100  42616420	.ascii "Bad semaphore sem (%d) in \000"
  112  00003104  73656d61	
  112  00003108  70686f72	
  112  0000310c  65207365	
  112  00003110  6d202825	
  112  00003114  64292069	
  112  00003118  6e2000  	
  113  0000311b          	.text
  114  000010d4          	.align 2
  115  000010d4          	.proc _main
  116  000010d4          	.global _main
  117  000010d4          	_main:
  118                      ;  Function 'main'; 32 bytes of locals, 0 regs to save.
  119  000010d4  afbefffc	sw	-4(r29),r30; push fp
  120  000010d8  001df020	add	r30,r0,r29; fp = sp
  121  000010dc  afbffff8	sw	-8(r29),r31; push ret addr
  122  000010e0  2fbd0028	subui	r29,r29,#40; alloc local storage
  123  000010e4  8fc40000	lw	r4,(r30)
  124  000010e8  8fc70004	lw	r7,4(r30)
  125  000010ec  0c001198	jal	___main
  126  000010f0  54000000	nop; not filled.
  127  000010f4  0c0003f4	jal	_lock_create
  128  000010f8  54000000	nop; not filled.
  129  000010fc  00014820	add	r9,r0,r1
  130  00001100  0c0003e8	jal	_lock_create
  131  00001104  54000000	nop; not filled.
  132  00001108  00011020	add	r2,r0,r1
  133  0000110c  0c0003dc	jal	_lock_create
  134  00001110  54000000	nop; not filled.
  135  00001114  00011820	add	r3,r0,r1
  136  00001118  23bdfff8	addi	r29,r29,#-8
  137  0000111c  afa20000	sw	(r29),r2
  138  00001120  0c0003ec	jal	_cond_create
  139  00001124  54000000	nop; not filled.
  140  00001128  00014020	add	r8,r0,r1
  141  0000112c  afa30000	sw	(r29),r3
  142  00001130  0c0003dc	jal	_cond_create
  143  00001134  54000000	nop; not filled.
  144  00001138  00012820	add	r5,r0,r1
  145  0000113c  0c00034c	jal	_run_os_tests
  146  00001140  54000000	nop; not filled.
  147  00001144  23bd0008	addi	r29,r29,#8
  148  00001148  64810002	snei	r1,r4,#2
  149  0000114c  1020004c	beqz	r1,L14_LF0
  150  00001150  54000000	nop; not filled.
  151  00001154  23bdfff8	addi	r29,r29,#-8
  152  00001158  3c0a0000	lhi	r10,((LC0_LF0)>>16)&0xffff
  153  0000115c  254a3000	addui	r10,r10,(LC0_LF0)&0xffff
  154  00001160  afaa0000	sw	(r29),r10
  155  00001164  0c000318	jal	_Printf
  156  00001168  54000000	nop; not filled.
  157  0000116c  8cea0000	lw	r10,(r7)
  158  00001170  afaa0000	sw	(r29),r10
  159  00001174  0c000308	jal	_Printf
  160  00001178  54000000	nop; not filled.
  161  0000117c  3c0a0000	lhi	r10,((LC1_LF0)>>16)&0xffff
  162  00001180  254a3008	addui	r10,r10,(LC1_LF0)&0xffff
  163  00001184  afaa0000	sw	(r29),r10
  164  00001188  0c0002f4	jal	_Printf
  165  0000118c  54000000	nop; not filled.
  166  00001190  0c0003a0	jal	_Exit
  167  00001194  54000000	nop; not filled.
  168  00001198  23bd0008	addi	r29,r29,#8
  169  0000119c          	L14_LF0:
  170  0000119c  23bdfff0	addi	r29,r29,#-16
  171  000011a0  8cea0004	lw	r10,4(r7)
  172  000011a4  afaa0000	sw	(r29),r10
  173  000011a8  200a0000	addi	r10,r0,#0
  174  000011ac  afaa0004	sw	4(r29),r10
  175  000011b0  200a000a	addi	r10,r0,#10
  176  000011b4  afaa0008	sw	8(r29),r10
  177  000011b8  0c000c24	jal	_dstrtol
  178  000011bc  54000000	nop; not filled.
  179  000011c0  00013020	add	r6,r0,r1
  180  000011c4  0c0002e8	jal	_shmget
  181  000011c8  54000000	nop; not filled.
  182  000011cc  00011820	add	r3,r0,r1
  183  000011d0  23bd0010	addi	r29,r29,#16
  184  000011d4  64610000	snei	r1,r3,#0
  185  000011d8  1420004c	bnez	r1,L15_LF0
  186  000011dc  54000000	nop; not filled.
  187  000011e0  23bdfff8	addi	r29,r29,#-8
  188  000011e4  3c0a0000	lhi	r10,((LC2_LF0)>>16)&0xffff
  189  000011e8  254a302c	addui	r10,r10,(LC2_LF0)&0xffff
  190  000011ec  afaa0000	sw	(r29),r10
  191  000011f0  0c00028c	jal	_Printf
  192  000011f4  54000000	nop; not filled.
  193  000011f8  8cea0000	lw	r10,(r7)
  194  000011fc  afaa0000	sw	(r29),r10
  195  00001200  0c00027c	jal	_Printf
  196  00001204  54000000	nop; not filled.
  197  00001208  3c0a0000	lhi	r10,((LC3_LF0)>>16)&0xffff
  198  0000120c  254a3060	addui	r10,r10,(LC3_LF0)&0xffff
  199  00001210  afaa0000	sw	(r29),r10
  200  00001214  0c000268	jal	_Printf
  201  00001218  54000000	nop; not filled.
  202  0000121c  0c000314	jal	_Exit
  203  00001220  54000000	nop; not filled.
  204  00001224  23bd0008	addi	r29,r29,#8
  205  00001228          	L15_LF0:
  206  00001228  23bdfff8	addi	r29,r29,#-8
  207  0000122c  afa30000	sw	(r29),r3
  208  00001230  0c000288	jal	_shmat
  209  00001234  54000000	nop; not filled.
  210  00001238  00011020	add	r2,r0,r1
  211  0000123c  23bd0008	addi	r29,r29,#8
  212  00001240  64410000	snei	r1,r2,#0
  213  00001244  1420004c	bnez	r1,L16_LF0
  214  00001248  54000000	nop; not filled.
  215  0000124c  23bdfff8	addi	r29,r29,#-8
  216  00001250  3c0a0000	lhi	r10,((LC4_LF0)>>16)&0xffff
  217  00001254  254a3070	addui	r10,r10,(LC4_LF0)&0xffff
  218  00001258  afaa0000	sw	(r29),r10
  219  0000125c  0c000220	jal	_Printf
  220  00001260  54000000	nop; not filled.
  221  00001264  8cea0000	lw	r10,(r7)
  222  00001268  afaa0000	sw	(r29),r10
  223  0000126c  0c000210	jal	_Printf
  224  00001270  54000000	nop; not filled.
  225  00001274  3c0a0000	lhi	r10,((LC5_LF0)>>16)&0xffff
  226  00001278  254a30a8	addui	r10,r10,(LC5_LF0)&0xffff
  227  0000127c  afaa0000	sw	(r29),r10
  228  00001280  0c0001fc	jal	_Printf
  229  00001284  54000000	nop; not filled.
  230  00001288  0c0002a8	jal	_Exit
  231  0000128c  54000000	nop; not filled.
  232  00001290  23bd0008	addi	r29,r29,#8
  233  00001294          	L16_LF0:
  234  00001294  ac460008	sw	8(r2),r6
  235  00001298  ac490014	sw	20(r2),r9
  236  0000129c  200a0000	addi	r10,r0,#0
  237  000012a0  ac4a0000	sw	(r2),r10
  238  000012a4  ac4a0004	sw	4(r2),r10
  239  000012a8  ac480018	sw	24(r2),r8
  240  000012ac  ac45001c	sw	28(r2),r5
  241  000012b0  23bdfff8	addi	r29,r29,#-8
  242  000012b4  20010001	addi	r1,r0,#1
  243  000012b8  00260822	sub	r1,r1,r6
  244  000012bc  afa10000	sw	(r29),r1
  245  000012c0  0c000204	jal	_sem_create
  246  000012c4  54000000	nop; not filled.
  247  000012c8  00012820	add	r5,r0,r1
  248  000012cc  23bd0008	addi	r29,r29,#8
  249  000012d0  60a1ffff	seqi	r1,r5,#-1
  250  000012d4  1020004c	beqz	r1,L17_LF0
  251  000012d8  54000000	nop; not filled.
  252  000012dc  23bdfff8	addi	r29,r29,#-8
  253  000012e0  3c0a0000	lhi	r10,((LC6_LF0)>>16)&0xffff
  254  000012e4  254a30b8	addui	r10,r10,(LC6_LF0)&0xffff
  255  000012e8  afaa0000	sw	(r29),r10
  256  000012ec  0c000190	jal	_Printf
  257  000012f0  54000000	nop; not filled.
  258  000012f4  8cea0000	lw	r10,(r7)
  259  000012f8  afaa0000	sw	(r29),r10
  260  000012fc  0c000180	jal	_Printf
  261  00001300  54000000	nop; not filled.
  262  00001304  3c0a0000	lhi	r10,((LC7_LF0)>>16)&0xffff
  263  00001308  254a30cc	addui	r10,r10,(LC7_LF0)&0xffff
  264  0000130c  afaa0000	sw	(r29),r10
  265  00001310  0c00016c	jal	_Printf
  266  00001314  54000000	nop; not filled.
  267  00001318  0c000218	jal	_Exit
  268  0000131c  54000000	nop; not filled.
  269  00001320  23bd0008	addi	r29,r29,#8
  270  00001324          	L17_LF0:
  271  00001324  23bdfff8	addi	r29,r29,#-8
  272  00001328  afa30000	sw	(r29),r3
  273  0000132c  23c4ffe8	addi	r4,r30,#-24
  274  00001330  afa40004	sw	4(r29),r4
  275  00001334  0c00091c	jal	_ditoa
  276  00001338  54000000	nop; not filled.
  277  0000133c  afa50000	sw	(r29),r5
  278  00001340  23c3ffd8	addi	r3,r30,#-40
  279  00001344  afa30004	sw	4(r29),r3
  280  00001348  0c000908	jal	_ditoa
  281  0000134c  54000000	nop; not filled.
  282  00001350  20020000	addi	r2,r0,#0
  283  00001354  23bd0008	addi	r29,r29,#8
  284  00001358  0046082a	slt	r1,r2,r6
  285  0000135c  10200064	beqz	r1,L19_LF0
  286  00001360  54000000	nop; not filled.
  287  00001364          	L21_LF0:
  288  00001364  23bdfff0	addi	r29,r29,#-16
  289  00001368  3c0a0000	lhi	r10,((LC8_LF0)>>16)&0xffff
  290  0000136c  254a30d0	addui	r10,r10,(LC8_LF0)&0xffff
  291  00001370  afaa0000	sw	(r29),r10
  292  00001374  afa40004	sw	4(r29),r4
  293  00001378  afa30008	sw	8(r29),r3
  294  0000137c  200a0000	addi	r10,r0,#0
  295  00001380  afaa000c	sw	12(r29),r10
  296  00001384  0c00011c	jal	_process_create
  297  00001388  54000000	nop; not filled.
  298  0000138c  3c0a0000	lhi	r10,((LC9_LF0)>>16)&0xffff
  299  00001390  254a30e8	addui	r10,r10,(LC9_LF0)&0xffff
  300  00001394  afaa0000	sw	(r29),r10
  301  00001398  afa40004	sw	4(r29),r4
  302  0000139c  afa30008	sw	8(r29),r3
  303  000013a0  200a0000	addi	r10,r0,#0
  304  000013a4  afaa000c	sw	12(r29),r10
  305  000013a8  0c0000f8	jal	_process_create
  306  000013ac  54000000	nop; not filled.
  307  000013b0  23bd0010	addi	r29,r29,#16
  308  000013b4  20420001	addi	r2,r2,#1
  309  000013b8  0046082a	slt	r1,r2,r6
  310  000013bc  1420ffa4	bnez	r1,L21_LF0
  311  000013c0  54000000	nop; not filled.
  312  000013c4          	L19_LF0:
  313  000013c4  23bdfff8	addi	r29,r29,#-8
  314  000013c8  afa50000	sw	(r29),r5
  315  000013cc  0c000104	jal	_sem_wait
  316  000013d0  54000000	nop; not filled.
  317  000013d4  23bd0008	addi	r29,r29,#8
  318  000013d8  64210001	snei	r1,r1,#1
  319  000013dc  10200050	beqz	r1,L23_LF0
  320  000013e0  54000000	nop; not filled.
  321  000013e4  23bdfff8	addi	r29,r29,#-8
  322  000013e8  3c0a0000	lhi	r10,((LC10_LF0)>>16)&0xffff
  323  000013ec  254a3100	addui	r10,r10,(LC10_LF0)&0xffff
  324  000013f0  afaa0000	sw	(r29),r10
  325  000013f4  afa50004	sw	4(r29),r5
  326  000013f8  0c000084	jal	_Printf
  327  000013fc  54000000	nop; not filled.
  328  00001400  8ce70000	lw	r7,(r7)
  329  00001404  afa70000	sw	(r29),r7
  330  00001408  0c000074	jal	_Printf
  331  0000140c  54000000	nop; not filled.
  332  00001410  3c0a0000	lhi	r10,((LC7_LF0)>>16)&0xffff
  333  00001414  254a30cc	addui	r10,r10,(LC7_LF0)&0xffff
  334  00001418  afaa0000	sw	(r29),r10
  335  0000141c  0c000060	jal	_Printf
  336  00001420  54000000	nop; not filled.
  337  00001424  0c00010c	jal	_Exit
  338  00001428  54000000	nop; not filled.
  339  0000142c  23bd0008	addi	r29,r29,#8
  340  00001430          	L23_LF0:
  341  00001430  0c000e48	jal	_exit
  342  00001434  54000000	nop
  343  00001438          	.endproc _main
  344                      ;;;
  345                      ;;; Stub functions for DLX traps.
  346                      ;;;
  347                      ;;; Ethan L. Miller, 1999.  Released to the public domain.
  348                      ;;;
  349                      ;;; The traps such as Open and Close
  350                      ;;; (note the capital letters) are for use by user programs.  The traps
  351                      ;;; with names such as open and close (lower case) are for use by the OS.
  352                      ;;;
  355  00001438          	.align 2
  357                      ;;; The following are the traps to be used by user-level programs
  358                      ;;;
  360  00001438          	.align 2
  361  00001438          	.proc _Open
  362  00001438          	.global _Open
  363  00001438          	_Open:
  364                      ;;; Note that trap #0x213 actually causes a trap vector in the OS of
  365                      ;;; 0x1213.  The same is true for other user traps.  Thus, a user trap
  366                      ;;; with trap #0x240 will result in a trap vector of 0x1240 in the OS.
  367  00001438  44000213	trap	#0x213
  368  0000143c  4be00000	jr	r31
  369  00001440  54000000	nop
  370  00001444          	.endproc _Open
  372  00001444          	.proc _Close
  373  00001444          	.global _Close
  374  00001444          	_Close:
  375  00001444  44000214	trap	#0x214
  376  00001448  4be00000	jr	r31
  377  0000144c  54000000	nop
  378  00001450          	.endproc _Close
  380  00001450          	.proc _Read
  381  00001450          	.global _Read
  382  00001450          	_Read:
  383  00001450  44000210	trap	#0x210
  384  00001454  4be00000	jr	r31
  385  00001458  54000000	nop
  386  0000145c          	.endproc _Read
  388  0000145c          	.proc _Write
  389  0000145c          	.global _Write
  390  0000145c          	_Write:
  391  0000145c  44000211	trap	#0x211
  392  00001460  4be00000	jr	r31
  393  00001464  54000000	nop
  394  00001468          	.endproc _Write
  396  00001468          	.proc _Lseek
  397  00001468          	.global _Lseek
  398  00001468          	_Lseek:
  399  00001468  44000212	trap	#0x212
  400  0000146c  4be00000	jr	r31
  401  00001470  54000000	nop
  402  00001474          	.endproc _Lseek
  404  00001474          	.proc _Putchar
  405  00001474          	.global _Putchar
  406  00001474          	_Putchar:
  407  00001474  44000280	trap	#0x280
  408  00001478  4be00000	jr	r31
  409  0000147c  54000000	nop
  410  00001480          	.endproc _Putchar
  412  00001480          	.proc _Printf
  413  00001480          	.global _Printf
  414  00001480          	_Printf:
  415  00001480  44000201	trap	#0x201
  416  00001484  4be00000	jr	r31
  417  00001488  54000000	nop
  418  0000148c          	.endproc _Printf
  420  0000148c          	.proc _run_os_tests
  421  0000148c          	.global _run_os_tests
  422  0000148c          	_run_os_tests:
  423  0000148c  440004ff	trap	#0x4FF
  424  00001490  4be00000	jr	r31
  425  00001494  54000000	nop
  426  00001498          	.endproc _run_os_tests
  428  00001498          	.proc _Getpid
  429  00001498          	.global _Getpid
  430  00001498          	_Getpid:
  431  00001498  44000431	trap	#0x431
  432  0000149c  4be00000	jr	r31
  433  000014a0  54000000	nop
  434  000014a4          	.endproc _Getpid
  436  000014a4          	.proc _process_create
  437  000014a4          	.global _process_create
  438  000014a4          	_process_create:
  439  000014a4  44000432	trap	#0x432
  440  000014a8  4be00000	jr	r31
  441  000014ac  54000000	nop
  442  000014b0          	.endproc _process_create
  444  000014b0          	.proc _shmget
  445  000014b0          	.global _shmget
  446  000014b0          	_shmget:
  447  000014b0  44000440	trap	#0x440
  448  000014b4  4be00000	jr	r31
  449  000014b8  54000000	nop
  450  000014bc          	.endproc _shmget
  452  000014bc          	.proc _shmat
  453  000014bc          	.global _shmat
  454  000014bc          	_shmat:
  455  000014bc  44000441	trap	#0x441
  456  000014c0  4be00000	jr	r31
  457  000014c4  54000000	nop
  458  000014c8          	.endproc _shmat
  460  000014c8          	.proc _sem_create
  461  000014c8          	.global _sem_create
  462  000014c8          	_sem_create:
  463  000014c8  44000450	trap	#0x450
  464  000014cc  4be00000	jr	r31
  465  000014d0  54000000	nop
  466  000014d4          	.endproc _sem_create
  468  000014d4          	.proc _sem_wait
  469  000014d4          	.global _sem_wait
  470  000014d4          	_sem_wait:
  471  000014d4  44000451	trap	#0x451
  472  000014d8  4be00000	jr	r31
  473  000014dc  54000000	nop
  474  000014e0          	.endproc _sem_wait
  476  000014e0          	.proc _sem_signal
  477  000014e0          	.global _sem_signal
  478  000014e0          	_sem_signal:
  479  000014e0  44000452	trap	#0x452
  480  000014e4  4be00000	jr	r31
  481  000014e8  54000000	nop
  482  000014ec          	.endproc _sem_signal
  484  000014ec          	.proc _lock_create
  485  000014ec          	.global _lock_create
  486  000014ec          	_lock_create:
  487  000014ec  44000453	trap	#0x453
  488  000014f0  4be00000	jr	r31
  489  000014f4  54000000	nop
  490  000014f8          	.endproc _lock_create
  492  000014f8          	.proc _lock_acquire
  493  000014f8          	.global _lock_acquire
  494  000014f8          	_lock_acquire:
  495  000014f8  44000454	trap	#0x454
  496  000014fc  4be00000	jr	r31
  497  00001500  54000000	nop
  498  00001504          	.endproc _lock_acquire
  500  00001504          	.proc _lock_release
  501  00001504          	.global _lock_release
  502  00001504          	_lock_release:
  503  00001504  44000455	trap	#0x455
  504  00001508  4be00000	jr	r31
  505  0000150c  54000000	nop
  506  00001510          	.endproc _lock_release
  508  00001510          	.proc _cond_create
  509  00001510          	.global _cond_create
  510  00001510          	_cond_create:
  511  00001510  44000456	trap	#0x456
  512  00001514  4be00000	jr	r31
  513  00001518  54000000	nop
  514  0000151c          	.endproc _cond_create
  516  0000151c          	.proc _cond_wait
  517  0000151c          	.global _cond_wait
  518  0000151c          	_cond_wait:
  519  0000151c  44000457	trap	#0x457
  520  00001520  4be00000	jr	r31
  521  00001524  54000000	nop
  522  00001528          	.endproc _cond_wait
  524  00001528          	.proc _cond_signal
  525  00001528          	.global _cond_signal
  526  00001528          	_cond_signal:
  527  00001528  44000458	trap	#0x458
  528  0000152c  4be00000	jr	r31
  529  00001530  54000000	nop
  530  00001534          	.endproc _cond_signal
  532  00001534          	.proc _Exit
  533  00001534          	.global _Exit
  534  00001534          	_Exit:
  535  00001534  44000500	trap	#0x500
  536  00001538  4be00000	jr	r31
  537  0000153c  54000000	nop
  538  00001540          	.endproc _Exit
  539                      ; Compiled by GCC
  541  00001540          	.align 2
  542  00001540          	.proc _isspace
  543  00001540          	.global _isspace
  544  00001540          	_isspace:
  545                      ;  Function 'isspace'; 0 bytes of locals, 3 regs to save.
  546  00001540  afbefffc	sw	-4(r29),r30; push fp
  547  00001544  001df020	add	r30,r0,r29; fp = sp
  548  00001548  afbffff8	sw	-8(r29),r31; push ret addr
  549  0000154c  2fbd0018	subui	r29,r29,#24; alloc local storage
  550  00001550  afa20000	sw	0(r29),r2
  551  00001554  afa30004	sw	4(r29),r3
  552  00001558  afa40008	sw	8(r29),r4
  553  0000155c  83c20003	lb	r2,3(r30)
  554  00001560  20010000	addi	r1,r0,#0
  555  00001564  304300ff	andi	r3,r2,#0x00ff
  556  00001568  60640020	seqi	r4,r3,#32
  557  0000156c  1480002c	bnez	r4,L3_LF2
  558  00001570  54000000	nop; delay slot nop
  559  00001574  304300ff	andi	r3,r2,#0x00ff
  560  00001578  60640009	seqi	r4,r3,#9
  561  0000157c  1480001c	bnez	r4,L3_LF2
  562  00001580  54000000	nop; delay slot nop
  563  00001584  304300ff	andi	r3,r2,#0x00ff
  564  00001588  6064000a	seqi	r4,r3,#10
  565  0000158c  1480000c	bnez	r4,L3_LF2
  566  00001590  54000000	nop; delay slot nop
  567  00001594  08000008	j	L2_LF2
  568  00001598  54000000	nop; delay slot nop
  569  0000159c          	L3_LF2:
  570  0000159c  20010001	addi	r1,r0,#1
  571  000015a0          	L2_LF2:
  572  000015a0  08000004	j	L1_LF2
  573  000015a4  54000000	nop; delay slot nop
  574  000015a8          	L1_LF2:
  575  000015a8  8fa20000	lw	r2,0(r29)
  576  000015ac  8fa30004	lw	r3,4(r29)
  577  000015b0  8fa40008	lw	r4,8(r29)
  578  000015b4  8fdffff8	lw	r31,-8(r30)
  579  000015b8  001ee820	add	r29,r0,r30
  580  000015bc  8fdefffc	lw	r30,-4(r30)
  581  000015c0  4be00000	jr	r31
  582  000015c4  54000000	nop
  583  000015c8          	.endproc _isspace
  584  000015c8          	.align 2
  585  000015c8          	.proc _isxdigit
  586  000015c8          	.global _isxdigit
  587  000015c8          	_isxdigit:
  588                      ;  Function 'isxdigit'; 0 bytes of locals, 3 regs to save.
  589  000015c8  afbefffc	sw	-4(r29),r30; push fp
  590  000015cc  001df020	add	r30,r0,r29; fp = sp
  591  000015d0  afbffff8	sw	-8(r29),r31; push ret addr
  592  000015d4  2fbd0018	subui	r29,r29,#24; alloc local storage
  593  000015d8  afa20000	sw	0(r29),r2
  594  000015dc  afa30004	sw	4(r29),r3
  595  000015e0  afa40008	sw	8(r29),r4
  596  000015e4  83c20003	lb	r2,3(r30)
  597  000015e8  20010000	addi	r1,r0,#0
  598  000015ec  304300ff	andi	r3,r2,#0x00ff
  599  000015f0  6c64002f	sgtui	r4,r3,#47
  600  000015f4  1080001c	beqz	r4,L7_LF2
  601  000015f8  54000000	nop; delay slot nop
  602  000015fc  304300ff	andi	r3,r2,#0x00ff
  603  00001600  70640039	sleui	r4,r3,#57
  604  00001604  1480005c	bnez	r4,L6_LF2
  605  00001608  54000000	nop; delay slot nop
  606  0000160c  08000004	j	L7_LF2
  607  00001610  54000000	nop; delay slot nop
  608  00001614          	L7_LF2:
  609  00001614  304300ff	andi	r3,r2,#0x00ff
  610  00001618  6c640060	sgtui	r4,r3,#96
  611  0000161c  1080001c	beqz	r4,L8_LF2
  612  00001620  54000000	nop; delay slot nop
  613  00001624  304300ff	andi	r3,r2,#0x00ff
  614  00001628  70640066	sleui	r4,r3,#102
  615  0000162c  14800034	bnez	r4,L6_LF2
  616  00001630  54000000	nop; delay slot nop
  617  00001634  08000004	j	L8_LF2
  618  00001638  54000000	nop; delay slot nop
  619  0000163c          	L8_LF2:
  620  0000163c  304300ff	andi	r3,r2,#0x00ff
  621  00001640  6c640040	sgtui	r4,r3,#64
  622  00001644  10800020	beqz	r4,L5_LF2
  623  00001648  54000000	nop; delay slot nop
  624  0000164c  304300ff	andi	r3,r2,#0x00ff
  625  00001650  70640041	sleui	r4,r3,#65
  626  00001654  1480000c	bnez	r4,L6_LF2
  627  00001658  54000000	nop; delay slot nop
  628  0000165c  08000008	j	L5_LF2
  629  00001660  54000000	nop; delay slot nop
  630  00001664          	L6_LF2:
  631  00001664  20010001	addi	r1,r0,#1
  632  00001668          	L5_LF2:
  633  00001668  08000004	j	L4_LF2
  634  0000166c  54000000	nop; delay slot nop
  635  00001670          	L4_LF2:
  636  00001670  8fa20000	lw	r2,0(r29)
  637  00001674  8fa30004	lw	r3,4(r29)
  638  00001678  8fa40008	lw	r4,8(r29)
  639  0000167c  8fdffff8	lw	r31,-8(r30)
  640  00001680  001ee820	add	r29,r0,r30
  641  00001684  8fdefffc	lw	r30,-4(r30)
  642  00001688  4be00000	jr	r31
  643  0000168c  54000000	nop
  644  00001690          	.endproc _isxdigit
  645  00001690          	.align 2
  646  00001690          	.proc _dstrcpy
  647  00001690          	.global _dstrcpy
  648  00001690          	_dstrcpy:
  649                      ;  Function 'dstrcpy'; 8 bytes of locals, 2 regs to save.
  650  00001690  afbefffc	sw	-4(r29),r30; push fp
  651  00001694  001df020	add	r30,r0,r29; fp = sp
  652  00001698  afbffff8	sw	-8(r29),r31; push ret addr
  653  0000169c  2fbd0018	subui	r29,r29,#24; alloc local storage
  654  000016a0  afa20000	sw	0(r29),r2
  655  000016a4  afa30004	sw	4(r29),r3
  656  000016a8  8fc10000	lw	r1,(r30)
  657  000016ac  afc1fff4	sw	-12(r30),r1
  658  000016b0          	L10_LF2:
  659  000016b0  8fc10000	lw	r1,(r30)
  660  000016b4  20220001	addi	r2,r1,#1
  661  000016b8  afc20000	sw	(r30),r2
  662  000016bc  8fc20004	lw	r2,4(r30)
  663  000016c0  20430001	addi	r3,r2,#1
  664  000016c4  afc30004	sw	4(r30),r3
  665  000016c8  80420000	lb	r2,(r2)
  666  000016cc  a0220000	sb	(r1),r2
  667  000016d0  a3c2fff3	sb	-13(r30),r2
  668  000016d4          	L12_LF2:
  669  000016d4  93c1fff3	lbu	r1,-13(r30)
  670  000016d8  64220000	snei	r2,r1,#0
  671  000016dc  1440000c	bnez	r2,L13_LF2
  672  000016e0  54000000	nop; delay slot nop
  673  000016e4  0800000c	j	L11_LF2
  674  000016e8  54000000	nop; delay slot nop
  675  000016ec          	L13_LF2:
  676  000016ec  0bffffc0	j	L10_LF2
  677  000016f0  54000000	nop; delay slot nop
  678  000016f4          	L11_LF2:
  679  000016f4  8fc1fff4	lw	r1,-12(r30)
  680  000016f8  08000004	j	L9_LF2
  681  000016fc  54000000	nop; delay slot nop
  682  00001700          	L9_LF2:
  683  00001700  8fa20000	lw	r2,0(r29)
  684  00001704  8fa30004	lw	r3,4(r29)
  685  00001708  8fdffff8	lw	r31,-8(r30)
  686  0000170c  001ee820	add	r29,r0,r30
  687  00001710  8fdefffc	lw	r30,-4(r30)
  688  00001714  4be00000	jr	r31
  689  00001718  54000000	nop
  690  0000171c          	.endproc _dstrcpy
  691  0000171c          	.align 2
  692  0000171c          	.proc _dstrncpy
  693  0000171c          	.global _dstrncpy
  694  0000171c          	_dstrncpy:
  695                      ;  Function 'dstrncpy'; 8 bytes of locals, 2 regs to save.
  696  0000171c  afbefffc	sw	-4(r29),r30; push fp
  697  00001720  001df020	add	r30,r0,r29; fp = sp
  698  00001724  afbffff8	sw	-8(r29),r31; push ret addr
  699  00001728  2fbd0018	subui	r29,r29,#24; alloc local storage
  700  0000172c  afa20000	sw	0(r29),r2
  701  00001730  afa30004	sw	4(r29),r3
  702  00001734  8fc10000	lw	r1,(r30)
  703  00001738  afc1fff4	sw	-12(r30),r1
  704  0000173c          	L15_LF2:
  705  0000173c  8fc10008	lw	r1,8(r30)
  706  00001740  2022ffff	addi	r2,r1,#-1
  707  00001744  afc20008	sw	8(r30),r2
  708  00001748  70210000	slei	r1,r1,#0
  709  0000174c  1020000c	beqz	r1,L18_LF2
  710  00001750  54000000	nop; delay slot nop
  711  00001754  08000048	j	L16_LF2
  712  00001758  54000000	nop; delay slot nop
  713  0000175c          	L18_LF2:
  714  0000175c  8fc10000	lw	r1,(r30)
  715  00001760  20220001	addi	r2,r1,#1
  716  00001764  afc20000	sw	(r30),r2
  717  00001768  8fc20004	lw	r2,4(r30)
  718  0000176c  20430001	addi	r3,r2,#1
  719  00001770  afc30004	sw	4(r30),r3
  720  00001774  80420000	lb	r2,(r2)
  721  00001778  a0220000	sb	(r1),r2
  722  0000177c  a3c2fff3	sb	-13(r30),r2
  723  00001780          	L17_LF2:
  724  00001780  93c1fff3	lbu	r1,-13(r30)
  725  00001784  64220000	snei	r2,r1,#0
  726  00001788  1440000c	bnez	r2,L19_LF2
  727  0000178c  54000000	nop; delay slot nop
  728  00001790  0800000c	j	L16_LF2
  729  00001794  54000000	nop; delay slot nop
  730  00001798          	L19_LF2:
  731  00001798  0bffffa0	j	L15_LF2
  732  0000179c  54000000	nop; delay slot nop
  733  000017a0          	L16_LF2:
  734  000017a0  8fc1fff4	lw	r1,-12(r30)
  735  000017a4  08000004	j	L14_LF2
  736  000017a8  54000000	nop; delay slot nop
  737  000017ac          	L14_LF2:
  738  000017ac  8fa20000	lw	r2,0(r29)
  739  000017b0  8fa30004	lw	r3,4(r29)
  740  000017b4  8fdffff8	lw	r31,-8(r30)
  741  000017b8  001ee820	add	r29,r0,r30
  742  000017bc  8fdefffc	lw	r30,-4(r30)
  743  000017c0  4be00000	jr	r31
  744  000017c4  54000000	nop
  745  000017c8          	.endproc _dstrncpy
  746  000017c8          	.align 2
  747  000017c8          	.proc _dstrcat
  748  000017c8          	.global _dstrcat
  749  000017c8          	_dstrcat:
  750                      ;  Function 'dstrcat'; 8 bytes of locals, 1 regs to save.
  751  000017c8  afbefffc	sw	-4(r29),r30; push fp
  752  000017cc  001df020	add	r30,r0,r29; fp = sp
  753  000017d0  afbffff8	sw	-8(r29),r31; push ret addr
  754  000017d4  2fbd0018	subui	r29,r29,#24; alloc local storage
  755  000017d8  afa20000	sw	0(r29),r2
  756  000017dc  8fc10000	lw	r1,(r30)
  757  000017e0  afc1fff4	sw	-12(r30),r1
  758  000017e4          	L21_LF2:
  759  000017e4  8fc10000	lw	r1,(r30)
  760  000017e8  90220000	lbu	r2,(r1)
  761  000017ec  64410000	snei	r1,r2,#0
  762  000017f0  1420000c	bnez	r1,L23_LF2
  763  000017f4  54000000	nop; delay slot nop
  764  000017f8  0800001c	j	L22_LF2
  765  000017fc  54000000	nop; delay slot nop
  766  00001800          	L23_LF2:
  767  00001800  8fc20000	lw	r2,(r30)
  768  00001804  20410001	addi	r1,r2,#1
  769  00001808  00011020	add	r2,r0,r1
  770  0000180c  afc20000	sw	(r30),r2
  771  00001810  0bffffd0	j	L21_LF2
  772  00001814  54000000	nop; delay slot nop
  773  00001818          	L22_LF2:
  774  00001818  23bdfff8	addi	r29,r29,#-8
  775  0000181c  001d0820	add	r1,r0,r29
  776  00001820  8fc20000	lw	r2,(r30)
  777  00001824  ac220000	sw	(r1),r2
  778  00001828  8fc20004	lw	r2,4(r30)
  779  0000182c  ac220004	sw	4(r1),r2
  780  00001830  0ffffe5c	jal	_dstrcpy
  781  00001834  54000000	nop; delay slot nop
  782  00001838  23bd0008	addi	r29,r29,#8
  783  0000183c  8fc1fff4	lw	r1,-12(r30)
  784  00001840  08000004	j	L20_LF2
  785  00001844  54000000	nop; delay slot nop
  786  00001848          	L20_LF2:
  787  00001848  8fa20000	lw	r2,0(r29)
  788  0000184c  8fdffff8	lw	r31,-8(r30)
  789  00001850  001ee820	add	r29,r0,r30
  790  00001854  8fdefffc	lw	r30,-4(r30)
  791  00001858  4be00000	jr	r31
  792  0000185c  54000000	nop
  793  00001860          	.endproc _dstrcat
  794  00001860          	.align 2
  795  00001860          	.proc _dstrncmp
  796  00001860          	.global _dstrncmp
  797  00001860          	_dstrncmp:
  798                      ;  Function 'dstrncmp'; 8 bytes of locals, 2 regs to save.
  799  00001860  afbefffc	sw	-4(r29),r30; push fp
  800  00001864  001df020	add	r30,r0,r29; fp = sp
  801  00001868  afbffff8	sw	-8(r29),r31; push ret addr
  802  0000186c  2fbd0018	subui	r29,r29,#24; alloc local storage
  803  00001870  afa20000	sw	0(r29),r2
  804  00001874  afa30004	sw	4(r29),r3
  805  00001878  54000000	nop
  806  0000187c  20010000	addi	r1,r0,#0
  807  00001880  afc1fff4	sw	-12(r30),r1
  808  00001884          	L25_LF2:
  809  00001884  8fc1fff4	lw	r1,-12(r30)
  810  00001888  8fc20008	lw	r2,8(r30)
  811  0000188c  0022082a	slt	r1,r1,r2
  812  00001890  1420000c	bnez	r1,L28_LF2
  813  00001894  54000000	nop; delay slot nop
  814  00001898  08000088	j	L26_LF2
  815  0000189c  54000000	nop; delay slot nop
  816  000018a0          	L28_LF2:
  817  000018a0  8fc10004	lw	r1,4(r30)
  818  000018a4  90220000	lbu	r2,(r1)
  819  000018a8  64410000	snei	r1,r2,#0
  820  000018ac  14200018	bnez	r1,L29_LF2
  821  000018b0  54000000	nop; delay slot nop
  822  000018b4  20010000	addi	r1,r0,#0
  823  000018b8  080000d8	j	L24_LF2
  824  000018bc  54000000	nop; delay slot nop
  825  000018c0  08000028	j	L30_LF2
  826  000018c4  54000000	nop; delay slot nop
  827  000018c8          	L29_LF2:
  828  000018c8  8fc10000	lw	r1,(r30)
  829  000018cc  8fc20004	lw	r2,4(r30)
  830  000018d0  90210000	lbu	r1,(r1)
  831  000018d4  90420000	lbu	r2,(r2)
  832  000018d8  00220829	sne	r1,r1,r2
  833  000018dc  1020000c	beqz	r1,L30_LF2
  834  000018e0  54000000	nop; delay slot nop
  835  000018e4  0800003c	j	L26_LF2
  836  000018e8  54000000	nop; delay slot nop
  837  000018ec          	L31_LF2:
  838  000018ec          	L30_LF2:
  839  000018ec  8fc20000	lw	r2,(r30)
  840  000018f0  20410001	addi	r1,r2,#1
  841  000018f4  00011020	add	r2,r0,r1
  842  000018f8  afc20000	sw	(r30),r2
  843  000018fc  8fc20004	lw	r2,4(r30)
  844  00001900  20410001	addi	r1,r2,#1
  845  00001904  00011020	add	r2,r0,r1
  846  00001908  afc20004	sw	4(r30),r2
  847  0000190c          	L27_LF2:
  848  0000190c  8fc2fff4	lw	r2,-12(r30)
  849  00001910  20410001	addi	r1,r2,#1
  850  00001914  00011020	add	r2,r0,r1
  851  00001918  afc2fff4	sw	-12(r30),r2
  852  0000191c  0bffff64	j	L25_LF2
  853  00001920  54000000	nop; delay slot nop
  854  00001924          	L26_LF2:
  855  00001924  8fc1fff4	lw	r1,-12(r30)
  856  00001928  8fc20008	lw	r2,8(r30)
  857  0000192c  00220828	seq	r1,r1,r2
  858  00001930  10200018	beqz	r1,L32_LF2
  859  00001934  54000000	nop; delay slot nop
  860  00001938  20010000	addi	r1,r0,#0
  861  0000193c  08000054	j	L24_LF2
  862  00001940  54000000	nop; delay slot nop
  863  00001944  0800004c	j	L33_LF2
  864  00001948  54000000	nop; delay slot nop
  865  0000194c          	L32_LF2:
  866  0000194c  8fc20000	lw	r2,(r30)
  867  00001950  90410000	lbu	r1,(r2)
  868  00001954  8fc20004	lw	r2,4(r30)
  869  00001958  90430000	lbu	r3,(r2)
  870  0000195c  00230822	sub	r1,r1,r3
  871  00001960  74220000	sgei	r2,r1,#0
  872  00001964  10400020	beqz	r2,L34_LF2
  873  00001968  54000000	nop; delay slot nop
  874  0000196c  8fc10000	lw	r1,(r30)
  875  00001970  8fc20004	lw	r2,4(r30)
  876  00001974  90210000	lbu	r1,(r1)
  877  00001978  90420000	lbu	r2,(r2)
  878  0000197c  00220829	sne	r1,r1,r2
  879  00001980  08000008	j	L35_LF2
  880  00001984  54000000	nop; delay slot nop
  881  00001988          	L34_LF2:
  882  00001988  2001ffff	addi	r1,r0,#-1
  883  0000198c          	L35_LF2:
  884  0000198c  08000004	j	L24_LF2
  885  00001990  54000000	nop; delay slot nop
  886  00001994          	L33_LF2:
  887  00001994          	L24_LF2:
  888  00001994  8fa20000	lw	r2,0(r29)
  889  00001998  8fa30004	lw	r3,4(r29)
  890  0000199c  8fdffff8	lw	r31,-8(r30)
  891  000019a0  001ee820	add	r29,r0,r30
  892  000019a4  8fdefffc	lw	r30,-4(r30)
  893  000019a8  4be00000	jr	r31
  894  000019ac  54000000	nop
  895  000019b0          	.endproc _dstrncmp
  896  000019b0          	.align 2
  897  000019b0          	.proc _dstrlen
  898  000019b0          	.global _dstrlen
  899  000019b0          	_dstrlen:
  900                      ;  Function 'dstrlen'; 8 bytes of locals, 1 regs to save.
  901  000019b0  afbefffc	sw	-4(r29),r30; push fp
  902  000019b4  001df020	add	r30,r0,r29; fp = sp
  903  000019b8  afbffff8	sw	-8(r29),r31; push ret addr
  904  000019bc  2fbd0018	subui	r29,r29,#24; alloc local storage
  905  000019c0  afa20000	sw	0(r29),r2
  906  000019c4  20010000	addi	r1,r0,#0
  907  000019c8  afc1fff4	sw	-12(r30),r1
  908  000019cc          	L37_LF2:
  909  000019cc  8fc10000	lw	r1,(r30)
  910  000019d0  20220001	addi	r2,r1,#1
  911  000019d4  afc20000	sw	(r30),r2
  912  000019d8  90210000	lbu	r1,(r1)
  913  000019dc  64220000	snei	r2,r1,#0
  914  000019e0  1440000c	bnez	r2,L39_LF2
  915  000019e4  54000000	nop; delay slot nop
  916  000019e8  0800001c	j	L38_LF2
  917  000019ec  54000000	nop; delay slot nop
  918  000019f0          	L39_LF2:
  919  000019f0  8fc2fff4	lw	r2,-12(r30)
  920  000019f4  20410001	addi	r1,r2,#1
  921  000019f8  00011020	add	r2,r0,r1
  922  000019fc  afc2fff4	sw	-12(r30),r2
  923  00001a00  0bffffc8	j	L37_LF2
  924  00001a04  54000000	nop; delay slot nop
  925  00001a08          	L38_LF2:
  926  00001a08  8fc1fff4	lw	r1,-12(r30)
  927  00001a0c  08000004	j	L36_LF2
  928  00001a10  54000000	nop; delay slot nop
  929  00001a14          	L36_LF2:
  930  00001a14  8fa20000	lw	r2,0(r29)
  931  00001a18  8fdffff8	lw	r31,-8(r30)
  932  00001a1c  001ee820	add	r29,r0,r30
  933  00001a20  8fdefffc	lw	r30,-4(r30)
  934  00001a24  4be00000	jr	r31
  935  00001a28  54000000	nop
  936  00001a2c          	.endproc _dstrlen
  937  00001a2c          	.align 2
  938  00001a2c          	.proc _dstrstr
  939  00001a2c          	.global _dstrstr
  940  00001a2c          	_dstrstr:
  941                      ;  Function 'dstrstr'; 8 bytes of locals, 1 regs to save.
  942  00001a2c  afbefffc	sw	-4(r29),r30; push fp
  943  00001a30  001df020	add	r30,r0,r29; fp = sp
  944  00001a34  afbffff8	sw	-8(r29),r31; push ret addr
  945  00001a38  2fbd0018	subui	r29,r29,#24; alloc local storage
  946  00001a3c  afa20000	sw	0(r29),r2
  947  00001a40  23bdfff8	addi	r29,r29,#-8
  948  00001a44  001d0820	add	r1,r0,r29
  949  00001a48  8fc20004	lw	r2,4(r30)
  950  00001a4c  ac220000	sw	(r1),r2
  951  00001a50  0fffff5c	jal	_dstrlen
  952  00001a54  54000000	nop; delay slot nop
  953  00001a58  23bd0008	addi	r29,r29,#8
  954  00001a5c  afc1fff4	sw	-12(r30),r1
  955  00001a60          	L41_LF2:
  956  00001a60  8fc10000	lw	r1,(r30)
  957  00001a64  90220000	lbu	r2,(r1)
  958  00001a68  64410000	snei	r1,r2,#0
  959  00001a6c  1420000c	bnez	r1,L43_LF2
  960  00001a70  54000000	nop; delay slot nop
  961  00001a74  08000060	j	L42_LF2
  962  00001a78  54000000	nop; delay slot nop
  963  00001a7c          	L43_LF2:
  964  00001a7c  23bdfff0	addi	r29,r29,#-16
  965  00001a80  001d0820	add	r1,r0,r29
  966  00001a84  8fc20000	lw	r2,(r30)
  967  00001a88  ac220000	sw	(r1),r2
  968  00001a8c  8fc20004	lw	r2,4(r30)
  969  00001a90  ac220004	sw	4(r1),r2
  970  00001a94  8fc2fff4	lw	r2,-12(r30)
  971  00001a98  ac220008	sw	8(r1),r2
  972  00001a9c  0ffffdc0	jal	_dstrncmp
  973  00001aa0  54000000	nop; delay slot nop
  974  00001aa4  23bd0010	addi	r29,r29,#16
  975  00001aa8  64220000	snei	r2,r1,#0
  976  00001aac  14400010	bnez	r2,L44_LF2
  977  00001ab0  54000000	nop; delay slot nop
  978  00001ab4  8fc10000	lw	r1,(r30)
  979  00001ab8  08000028	j	L40_LF2
  980  00001abc  54000000	nop; delay slot nop
  981  00001ac0          	L44_LF2:
  982  00001ac0  8fc20000	lw	r2,(r30)
  983  00001ac4  20410001	addi	r1,r2,#1
  984  00001ac8  00011020	add	r2,r0,r1
  985  00001acc  afc20000	sw	(r30),r2
  986  00001ad0  0bffff8c	j	L41_LF2
  987  00001ad4  54000000	nop; delay slot nop
  988  00001ad8          	L42_LF2:
  989  00001ad8  20010000	addi	r1,r0,#0
  990  00001adc  08000004	j	L40_LF2
  991  00001ae0  54000000	nop; delay slot nop
  992  00001ae4          	L40_LF2:
  993  00001ae4  8fa20000	lw	r2,0(r29)
  994  00001ae8  8fdffff8	lw	r31,-8(r30)
  995  00001aec  001ee820	add	r29,r0,r30
  996  00001af0  8fdefffc	lw	r30,-4(r30)
  997  00001af4  4be00000	jr	r31
  998  00001af8  54000000	nop
  999  00001afc          	.endproc _dstrstr
 1000  00001afc          	.align 2
 1001  00001afc          	.proc _dmindex
 1002  00001afc          	.global _dmindex
 1003  00001afc          	_dmindex:
 1004                      ;  Function 'dmindex'; 8 bytes of locals, 1 regs to save.
 1005  00001afc  afbefffc	sw	-4(r29),r30; push fp
 1006  00001b00  001df020	add	r30,r0,r29; fp = sp
 1007  00001b04  afbffff8	sw	-8(r29),r31; push ret addr
 1008  00001b08  2fbd0018	subui	r29,r29,#24; alloc local storage
 1009  00001b0c  afa20000	sw	0(r29),r2
 1010  00001b10  54000000	nop
 1011  00001b14          	L46_LF2:
 1012  00001b14  8fc10000	lw	r1,(r30)
 1013  00001b18  90220000	lbu	r2,(r1)
 1014  00001b1c  64410000	snei	r1,r2,#0
 1015  00001b20  1420000c	bnez	r1,L48_LF2
 1016  00001b24  54000000	nop; delay slot nop
 1017  00001b28  08000070	j	L47_LF2
 1018  00001b2c  54000000	nop; delay slot nop
 1019  00001b30          	L48_LF2:
 1020  00001b30  8fc10004	lw	r1,4(r30)
 1021  00001b34  afc1fff4	sw	-12(r30),r1
 1022  00001b38          	L49_LF2:
 1023  00001b38  8fc1fff4	lw	r1,-12(r30)
 1024  00001b3c  90220000	lbu	r2,(r1)
 1025  00001b40  64410000	snei	r1,r2,#0
 1026  00001b44  1420000c	bnez	r1,L52_LF2
 1027  00001b48  54000000	nop; delay slot nop
 1028  00001b4c  08000044	j	L50_LF2
 1029  00001b50  54000000	nop; delay slot nop
 1030  00001b54          	L52_LF2:
 1031  00001b54  8fc10000	lw	r1,(r30)
 1032  00001b58  8fc2fff4	lw	r2,-12(r30)
 1033  00001b5c  90210000	lbu	r1,(r1)
 1034  00001b60  90420000	lbu	r2,(r2)
 1035  00001b64  00220828	seq	r1,r1,r2
 1036  00001b68  10200010	beqz	r1,L51_LF2
 1037  00001b6c  54000000	nop; delay slot nop
 1038  00001b70  8fc10000	lw	r1,(r30)
 1039  00001b74  08000030	j	L45_LF2
 1040  00001b78  54000000	nop; delay slot nop
 1041  00001b7c          	L53_LF2:
 1042  00001b7c          	L51_LF2:
 1043  00001b7c  8fc2fff4	lw	r2,-12(r30)
 1044  00001b80  20410001	addi	r1,r2,#1
 1045  00001b84  00011020	add	r2,r0,r1
 1046  00001b88  afc2fff4	sw	-12(r30),r2
 1047  00001b8c  0bffffa8	j	L49_LF2
 1048  00001b90  54000000	nop; delay slot nop
 1049  00001b94          	L50_LF2:
 1050  00001b94  0bffff7c	j	L46_LF2
 1051  00001b98  54000000	nop; delay slot nop
 1052  00001b9c          	L47_LF2:
 1053  00001b9c  20010000	addi	r1,r0,#0
 1054  00001ba0  08000004	j	L45_LF2
 1055  00001ba4  54000000	nop; delay slot nop
 1056  00001ba8          	L45_LF2:
 1057  00001ba8  8fa20000	lw	r2,0(r29)
 1058  00001bac  8fdffff8	lw	r31,-8(r30)
 1059  00001bb0  001ee820	add	r29,r0,r30
 1060  00001bb4  8fdefffc	lw	r30,-4(r30)
 1061  00001bb8  4be00000	jr	r31
 1062  00001bbc  54000000	nop
 1063  00001bc0          	.endproc _dmindex
 1064  00001bc0          	.align 2
 1065  00001bc0          	.proc _dindex
 1066  00001bc0          	.global _dindex
 1067  00001bc0          	_dindex:
 1068                      ;  Function 'dindex'; 0 bytes of locals, 1 regs to save.
 1069  00001bc0  afbefffc	sw	-4(r29),r30; push fp
 1070  00001bc4  001df020	add	r30,r0,r29; fp = sp
 1071  00001bc8  afbffff8	sw	-8(r29),r31; push ret addr
 1072  00001bcc  2fbd0010	subui	r29,r29,#16; alloc local storage
 1073  00001bd0  afa20000	sw	0(r29),r2
 1074  00001bd4  54000000	nop
 1075  00001bd8          	L55_LF2:
 1076  00001bd8  8fc10000	lw	r1,(r30)
 1077  00001bdc  90220000	lbu	r2,(r1)
 1078  00001be0  64410000	snei	r1,r2,#0
 1079  00001be4  1420000c	bnez	r1,L57_LF2
 1080  00001be8  54000000	nop; delay slot nop
 1081  00001bec  08000040	j	L56_LF2
 1082  00001bf0  54000000	nop; delay slot nop
 1083  00001bf4          	L57_LF2:
 1084  00001bf4  8fc10000	lw	r1,(r30)
 1085  00001bf8  90220000	lbu	r2,(r1)
 1086  00001bfc  8fc10004	lw	r1,4(r30)
 1087  00001c00  00411028	seq	r2,r2,r1
 1088  00001c04  10400010	beqz	r2,L58_LF2
 1089  00001c08  54000000	nop; delay slot nop
 1090  00001c0c  8fc10000	lw	r1,(r30)
 1091  00001c10  08000028	j	L54_LF2
 1092  00001c14  54000000	nop; delay slot nop
 1093  00001c18          	L58_LF2:
 1094  00001c18  8fc20000	lw	r2,(r30)
 1095  00001c1c  20410001	addi	r1,r2,#1
 1096  00001c20  00011020	add	r2,r0,r1
 1097  00001c24  afc20000	sw	(r30),r2
 1098  00001c28  0bffffac	j	L55_LF2
 1099  00001c2c  54000000	nop; delay slot nop
 1100  00001c30          	L56_LF2:
 1101  00001c30  20010000	addi	r1,r0,#0
 1102  00001c34  08000004	j	L54_LF2
 1103  00001c38  54000000	nop; delay slot nop
 1104  00001c3c          	L54_LF2:
 1105  00001c3c  8fa20000	lw	r2,0(r29)
 1106  00001c40  8fdffff8	lw	r31,-8(r30)
 1107  00001c44  001ee820	add	r29,r0,r30
 1108  00001c48  8fdefffc	lw	r30,-4(r30)
 1109  00001c4c  4be00000	jr	r31
 1110  00001c50  54000000	nop
 1111  00001c54          	.endproc _dindex
 1112  00001c54          	.align 2
 1113  00001c54          	.proc _ditoa
 1114  00001c54          	.global _ditoa
 1115  00001c54          	_ditoa:
 1116                      ;  Function 'ditoa'; 8 bytes of locals, 2 regs to save.
 1117  00001c54  afbefffc	sw	-4(r29),r30; push fp
 1118  00001c58  001df020	add	r30,r0,r29; fp = sp
 1119  00001c5c  afbffff8	sw	-8(r29),r31; push ret addr
 1120  00001c60  2fbd0018	subui	r29,r29,#24; alloc local storage
 1121  00001c64  afa20000	sw	0(r29),r2
 1122  00001c68  afa30004	sw	4(r29),r3
 1123  00001c6c  8fc10000	lw	r1,(r30)
 1124  00001c70  68220000	slti	r2,r1,#0
 1125  00001c74  1040002c	beqz	r2,L60_LF2
 1126  00001c78  54000000	nop; delay slot nop
 1127  00001c7c  8fc10004	lw	r1,4(r30)
 1128  00001c80  20220001	addi	r2,r1,#1
 1129  00001c84  afc20004	sw	4(r30),r2
 1130  00001c88  2002002d	addi	r2,r0,(#0x2d)&0xff
 1131  00001c8c  a0220000	sb	(r1),r2
 1132  00001c90  8fc10000	lw	r1,(r30)
 1133  00001c94  00011022	sub	r2,r0,r1
 1134  00001c98  afc20000	sw	(r30),r2
 1135  00001c9c  08000118	j	L61_LF2
 1136  00001ca0  54000000	nop; delay slot nop
 1137  00001ca4          	L60_LF2:
 1138  00001ca4  8fc10000	lw	r1,(r30)
 1139  00001ca8  64220000	snei	r2,r1,#0
 1140  00001cac  14400020	bnez	r2,L62_LF2
 1141  00001cb0  54000000	nop; delay slot nop
 1142  00001cb4  8fc10004	lw	r1,4(r30)
 1143  00001cb8  20220001	addi	r2,r1,#1
 1144  00001cbc  afc20004	sw	4(r30),r2
 1145  00001cc0  20020030	addi	r2,r0,(#0x30)&0xff
 1146  00001cc4  a0220000	sb	(r1),r2
 1147  00001cc8  080000ec	j	L61_LF2
 1148  00001ccc  54000000	nop; delay slot nop
 1149  00001cd0          	L62_LF2:
 1150  00001cd0  20010001	addi	r1,r0,#1
 1151  00001cd4  afc1fff4	sw	-12(r30),r1
 1152  00001cd8          	L64_LF2:
 1153  00001cd8  8fc1fff4	lw	r1,-12(r30)
 1154  00001cdc  8fc20000	lw	r2,(r30)
 1155  00001ce0  0022082c	sle	r1,r1,r2
 1156  00001ce4  1420000c	bnez	r1,L66_LF2
 1157  00001ce8  54000000	nop; delay slot nop
 1158  00001cec  08000024	j	L65_LF2
 1159  00001cf0  54000000	nop; delay slot nop
 1160  00001cf4          	L67_LF2:
 1161  00001cf4          	L66_LF2:
 1162  00001cf4  8fc1fff4	lw	r1,-12(r30)
 1163  00001cf8  00011820	add	r3,r0,r1
 1164  00001cfc  50620002	slli	r2,r3,#0x2
 1165  00001d00  00411020	add	r2,r2,r1
 1166  00001d04  50410001	slli	r1,r2,#0x1
 1167  00001d08  afc1fff4	sw	-12(r30),r1
 1168  00001d0c  0bffffc8	j	L64_LF2
 1169  00001d10  54000000	nop; delay slot nop
 1170  00001d14          	L65_LF2:
 1171  00001d14  54000000	nop
 1172  00001d18          	L68_LF2:
 1173  00001d18  8fc1fff4	lw	r1,-12(r30)
 1174  00001d1c  2002000a	addi	r2,r0,#10
 1175  00001d20  00200035	movi2fp	f0,r1
 1176  00001d24  00400835	movi2fp	f1,r2
 1177  00001d28  0401000f	div	f0,f0,f1
 1178  00001d2c  00000834	movfp2i	r1,f0
 1179  00001d30  afc1fff4	sw	-12(r30),r1
 1180  00001d34  8fc10004	lw	r1,4(r30)
 1181  00001d38  20220001	addi	r2,r1,#1
 1182  00001d3c  afc20004	sw	4(r30),r2
 1183  00001d40  8fc20000	lw	r2,(r30)
 1184  00001d44  8fc3fff4	lw	r3,-12(r30)
 1185  00001d48  00400035	movi2fp	f0,r2
 1186  00001d4c  00600835	movi2fp	f1,r3
 1187  00001d50  0401000f	div	f0,f0,f1
 1188  00001d54  00001034	movfp2i	r2,f0
 1189  00001d58  00021820	add	r3,r0,r2
 1190  00001d5c  20620030	addi	r2,r3,#48
 1191  00001d60  a0220000	sb	(r1),r2
 1192  00001d64  8fc10000	lw	r1,(r30)
 1193  00001d68  8fc3fff4	lw	r3,-12(r30)
 1194  00001d6c  00200035	movi2fp	f0,r1
 1195  00001d70  00600835	movi2fp	f1,r3
 1196  00001d74  0401000f	div	f0,f0,f1
 1197  00001d78  00001034	movfp2i	r2,f0
 1198  00001d7c  8fc3fff4	lw	r3,-12(r30)
 1199  00001d80  00400035	movi2fp	f0,r2
 1200  00001d84  00600835	movi2fp	f1,r3
 1201  00001d88  0401000e	mult	f0,f0,f1
 1202  00001d8c  00001034	movfp2i	r2,f0
 1203  00001d90  00220822	sub	r1,r1,r2
 1204  00001d94  afc10000	sw	(r30),r1
 1205  00001d98          	L70_LF2:
 1206  00001d98  8fc1fff4	lw	r1,-12(r30)
 1207  00001d9c  6c220001	sgti	r2,r1,#1
 1208  00001da0  1440000c	bnez	r2,L71_LF2
 1209  00001da4  54000000	nop; delay slot nop
 1210  00001da8  0800000c	j	L61_LF2
 1211  00001dac  54000000	nop; delay slot nop
 1212  00001db0          	L71_LF2:
 1213  00001db0  0bffff64	j	L68_LF2
 1214  00001db4  54000000	nop; delay slot nop
 1215  00001db8          	L69_LF2:
 1216  00001db8          	L63_LF2:
 1217  00001db8          	L61_LF2:
 1218  00001db8  8fc10004	lw	r1,4(r30)
 1219  00001dbc  20020000	addi	r2,r0,(#0x0)&0xff
 1220  00001dc0  a0220000	sb	(r1),r2
 1221  00001dc4          	L59_LF2:
 1222  00001dc4  8fa20000	lw	r2,0(r29)
 1223  00001dc8  8fa30004	lw	r3,4(r29)
 1224  00001dcc  8fdffff8	lw	r31,-8(r30)
 1225  00001dd0  001ee820	add	r29,r0,r30
 1226  00001dd4  8fdefffc	lw	r30,-4(r30)
 1227  00001dd8  4be00000	jr	r31
 1228  00001ddc  54000000	nop
 1229  00001de0          	.endproc _ditoa
 1230  00001de0          	.align 2
 1231  00001de0          	.proc _dstrtol
 1232  00001de0          	.global _dstrtol
 1233  00001de0          	_dstrtol:
 1234                      ;  Function 'dstrtol'; 16 bytes of locals, 1 regs to save.
 1235  00001de0  afbefffc	sw	-4(r29),r30; push fp
 1236  00001de4  001df020	add	r30,r0,r29; fp = sp
 1237  00001de8  afbffff8	sw	-8(r29),r31; push ret addr
 1238  00001dec  2fbd0020	subui	r29,r29,#32; alloc local storage
 1239  00001df0  afa20000	sw	0(r29),r2
 1240  00001df4  20010000	addi	r1,r0,#0
 1241  00001df8  afc1fff4	sw	-12(r30),r1
 1242  00001dfc          	L73_LF2:
 1243  00001dfc  8fc10000	lw	r1,(r30)
 1244  00001e00  90220000	lbu	r2,(r1)
 1245  00001e04  60410020	seqi	r1,r2,#32
 1246  00001e08  14200034	bnez	r1,L75_LF2
 1247  00001e0c  54000000	nop; delay slot nop
 1248  00001e10  8fc10000	lw	r1,(r30)
 1249  00001e14  90220000	lbu	r2,(r1)
 1250  00001e18  60410009	seqi	r1,r2,#9
 1251  00001e1c  14200020	bnez	r1,L75_LF2
 1252  00001e20  54000000	nop; delay slot nop
 1253  00001e24  8fc10000	lw	r1,(r30)
 1254  00001e28  90220000	lbu	r2,(r1)
 1255  00001e2c  6041000a	seqi	r1,r2,#10
 1256  00001e30  1420000c	bnez	r1,L75_LF2
 1257  00001e34  54000000	nop; delay slot nop
 1258  00001e38  0800001c	j	L74_LF2
 1259  00001e3c  54000000	nop; delay slot nop
 1260  00001e40          	L75_LF2:
 1261  00001e40  8fc20000	lw	r2,(r30)
 1262  00001e44  20410001	addi	r1,r2,#1
 1263  00001e48  00011020	add	r2,r0,r1
 1264  00001e4c  afc20000	sw	(r30),r2
 1265  00001e50  0bffffa8	j	L73_LF2
 1266  00001e54  54000000	nop; delay slot nop
 1267  00001e58          	L74_LF2:
 1268  00001e58  8fc10004	lw	r1,4(r30)
 1269  00001e5c  64220000	snei	r2,r1,#0
 1270  00001e60  10400010	beqz	r2,L76_LF2
 1271  00001e64  54000000	nop; delay slot nop
 1272  00001e68  8fc10004	lw	r1,4(r30)
 1273  00001e6c  8fc20000	lw	r2,(r30)
 1274  00001e70  ac220000	sw	(r1),r2
 1275  00001e74          	L76_LF2:
 1276  00001e74  8fc10000	lw	r1,(r30)
 1277  00001e78  90220000	lbu	r2,(r1)
 1278  00001e7c  64410000	snei	r1,r2,#0
 1279  00001e80  14200010	bnez	r1,L77_LF2
 1280  00001e84  54000000	nop; delay slot nop
 1281  00001e88  8fc1fff4	lw	r1,-12(r30)
 1282  00001e8c  08000294	j	L72_LF2
 1283  00001e90  54000000	nop; delay slot nop
 1284  00001e94          	L77_LF2:
 1285  00001e94  8fc10000	lw	r1,(r30)
 1286  00001e98  90220000	lbu	r2,(r1)
 1287  00001e9c  6041002d	seqi	r1,r2,#45
 1288  00001ea0  10200024	beqz	r1,L78_LF2
 1289  00001ea4  54000000	nop; delay slot nop
 1290  00001ea8  2001ffff	addi	r1,r0,#-1
 1291  00001eac  afc1ffec	sw	-20(r30),r1
 1292  00001eb0  8fc20000	lw	r2,(r30)
 1293  00001eb4  20410001	addi	r1,r2,#1
 1294  00001eb8  00011020	add	r2,r0,r1
 1295  00001ebc  afc20000	sw	(r30),r2
 1296  00001ec0  0800000c	j	L79_LF2
 1297  00001ec4  54000000	nop; delay slot nop
 1298  00001ec8          	L78_LF2:
 1299  00001ec8  20010001	addi	r1,r0,#1
 1300  00001ecc  afc1ffec	sw	-20(r30),r1
 1301  00001ed0          	L79_LF2:
 1302  00001ed0  8fc10008	lw	r1,8(r30)
 1303  00001ed4  64220000	snei	r2,r1,#0
 1304  00001ed8  14400090	bnez	r2,L80_LF2
 1305  00001edc  54000000	nop; delay slot nop
 1306  00001ee0  8fc10000	lw	r1,(r30)
 1307  00001ee4  90220000	lbu	r2,(r1)
 1308  00001ee8  60410030	seqi	r1,r2,#48
 1309  00001eec  10200074	beqz	r1,L81_LF2
 1310  00001ef0  54000000	nop; delay slot nop
 1311  00001ef4  8fc20000	lw	r2,(r30)
 1312  00001ef8  20410001	addi	r1,r2,#1
 1313  00001efc  00011020	add	r2,r0,r1
 1314  00001f00  afc20000	sw	(r30),r2
 1315  00001f04  8fc10000	lw	r1,(r30)
 1316  00001f08  90220000	lbu	r2,(r1)
 1317  00001f0c  60410078	seqi	r1,r2,#120
 1318  00001f10  14200020	bnez	r1,L83_LF2
 1319  00001f14  54000000	nop; delay slot nop
 1320  00001f18  8fc10000	lw	r1,(r30)
 1321  00001f1c  90220000	lbu	r2,(r1)
 1322  00001f20  60410058	seqi	r1,r2,#88
 1323  00001f24  1420000c	bnez	r1,L83_LF2
 1324  00001f28  54000000	nop; delay slot nop
 1325  00001f2c  08000024	j	L82_LF2
 1326  00001f30  54000000	nop; delay slot nop
 1327  00001f34          	L83_LF2:
 1328  00001f34  20010010	addi	r1,r0,#16
 1329  00001f38  afc10008	sw	8(r30),r1
 1330  00001f3c  8fc20000	lw	r2,(r30)
 1331  00001f40  20410001	addi	r1,r2,#1
 1332  00001f44  00011020	add	r2,r0,r1
 1333  00001f48  afc20000	sw	(r30),r2
 1334  00001f4c  0800000c	j	L84_LF2
 1335  00001f50  54000000	nop; delay slot nop
 1336  00001f54          	L82_LF2:
 1337  00001f54  20010008	addi	r1,r0,#8
 1338  00001f58  afc10008	sw	8(r30),r1
 1339  00001f5c          	L84_LF2:
 1340  00001f5c  0800000c	j	L80_LF2
 1341  00001f60  54000000	nop; delay slot nop
 1342  00001f64          	L81_LF2:
 1343  00001f64  2001000a	addi	r1,r0,#10
 1344  00001f68  afc10008	sw	8(r30),r1
 1345  00001f6c          	L85_LF2:
 1346  00001f6c          	L80_LF2:
 1347  00001f6c  8fc10008	lw	r1,8(r30)
 1348  00001f70  70220000	slei	r2,r1,#0
 1349  00001f74  1440001c	bnez	r2,L87_LF2
 1350  00001f78  54000000	nop; delay slot nop
 1351  00001f7c  8fc10008	lw	r1,8(r30)
 1352  00001f80  6c220010	sgti	r2,r1,#16
 1353  00001f84  1440000c	bnez	r2,L87_LF2
 1354  00001f88  54000000	nop; delay slot nop
 1355  00001f8c  08000010	j	L86_LF2
 1356  00001f90  54000000	nop; delay slot nop
 1357  00001f94          	L87_LF2:
 1358  00001f94  8fc1fff4	lw	r1,-12(r30)
 1359  00001f98  08000188	j	L72_LF2
 1360  00001f9c  54000000	nop; delay slot nop
 1361  00001fa0          	L86_LF2:
 1362  00001fa0  54000000	nop
 1363  00001fa4          	L88_LF2:
 1364  00001fa4  8fc10000	lw	r1,(r30)
 1365  00001fa8  90220000	lbu	r2,(r1)
 1366  00001fac  6c41002f	sgtui	r1,r2,#47
 1367  00001fb0  10200030	beqz	r1,L91_LF2
 1368  00001fb4  54000000	nop; delay slot nop
 1369  00001fb8  8fc10000	lw	r1,(r30)
 1370  00001fbc  90220000	lbu	r2,(r1)
 1371  00001fc0  70410039	sleui	r1,r2,#57
 1372  00001fc4  1020001c	beqz	r1,L91_LF2
 1373  00001fc8  54000000	nop; delay slot nop
 1374  00001fcc  8fc10000	lw	r1,(r30)
 1375  00001fd0  90220000	lbu	r2,(r1)
 1376  00001fd4  2041ffd0	addi	r1,r2,#-48
 1377  00001fd8  afc1fff0	sw	-16(r30),r1
 1378  00001fdc  0800008c	j	L92_LF2
 1379  00001fe0  54000000	nop; delay slot nop
 1380  00001fe4          	L91_LF2:
 1381  00001fe4  8fc10000	lw	r1,(r30)
 1382  00001fe8  90220000	lbu	r2,(r1)
 1383  00001fec  6c410060	sgtui	r1,r2,#96
 1384  00001ff0  10200030	beqz	r1,L93_LF2
 1385  00001ff4  54000000	nop; delay slot nop
 1386  00001ff8  8fc10000	lw	r1,(r30)
 1387  00001ffc  90220000	lbu	r2,(r1)
 1388  00002000  7041007a	sleui	r1,r2,#122
 1389  00002004  1020001c	beqz	r1,L93_LF2
 1390  00002008  54000000	nop; delay slot nop
 1391  0000200c  8fc10000	lw	r1,(r30)
 1392  00002010  90220000	lbu	r2,(r1)
 1393  00002014  2041ffa9	addi	r1,r2,#-87
 1394  00002018  afc1fff0	sw	-16(r30),r1
 1395  0000201c  0800004c	j	L92_LF2
 1396  00002020  54000000	nop; delay slot nop
 1397  00002024          	L93_LF2:
 1398  00002024  8fc10000	lw	r1,(r30)
 1399  00002028  90220000	lbu	r2,(r1)
 1400  0000202c  6c410040	sgtui	r1,r2,#64
 1401  00002030  10200030	beqz	r1,L95_LF2
 1402  00002034  54000000	nop; delay slot nop
 1403  00002038  8fc10000	lw	r1,(r30)
 1404  0000203c  90220000	lbu	r2,(r1)
 1405  00002040  7041005a	sleui	r1,r2,#90
 1406  00002044  1020001c	beqz	r1,L95_LF2
 1407  00002048  54000000	nop; delay slot nop
 1408  0000204c  8fc10000	lw	r1,(r30)
 1409  00002050  90220000	lbu	r2,(r1)
 1410  00002054  2041ffc9	addi	r1,r2,#-55
 1411  00002058  afc1fff0	sw	-16(r30),r1
 1412  0000205c  0800000c	j	L92_LF2
 1413  00002060  54000000	nop; delay slot nop
 1414  00002064          	L95_LF2:
 1415  00002064  200103e8	addi	r1,r0,#1000
 1416  00002068  afc1fff0	sw	-16(r30),r1
 1417  0000206c          	L96_LF2:
 1418  0000206c          	L94_LF2:
 1419  0000206c          	L92_LF2:
 1420  0000206c  8fc1fff0	lw	r1,-16(r30)
 1421  00002070  8fc20008	lw	r2,8(r30)
 1422  00002074  0022082a	slt	r1,r1,r2
 1423  00002078  10200040	beqz	r1,L90_LF2
 1424  0000207c  54000000	nop; delay slot nop
 1425  00002080  8fc1fff4	lw	r1,-12(r30)
 1426  00002084  8fc20008	lw	r2,8(r30)
 1427  00002088  00200035	movi2fp	f0,r1
 1428  0000208c  00400835	movi2fp	f1,r2
 1429  00002090  0401000e	mult	f0,f0,f1
 1430  00002094  00000834	movfp2i	r1,f0
 1431  00002098  afc1fff4	sw	-12(r30),r1
 1432  0000209c  8fc1fff4	lw	r1,-12(r30)
 1433  000020a0  8fc2fff0	lw	r2,-16(r30)
 1434  000020a4  00220820	add	r1,r1,r2
 1435  000020a8  afc1fff4	sw	-12(r30),r1
 1436  000020ac  8fc20000	lw	r2,(r30)
 1437  000020b0  20410001	addi	r1,r2,#1
 1438  000020b4  00011020	add	r2,r0,r1
 1439  000020b8  afc20000	sw	(r30),r2
 1440  000020bc          	L97_LF2:
 1441  000020bc          	L90_LF2:
 1442  000020bc  8fc1fff0	lw	r1,-16(r30)
 1443  000020c0  8fc20008	lw	r2,8(r30)
 1444  000020c4  0022082a	slt	r1,r1,r2
 1445  000020c8  1420000c	bnez	r1,L98_LF2
 1446  000020cc  54000000	nop; delay slot nop
 1447  000020d0  0800000c	j	L89_LF2
 1448  000020d4  54000000	nop; delay slot nop
 1449  000020d8          	L98_LF2:
 1450  000020d8  0bfffec8	j	L88_LF2
 1451  000020dc  54000000	nop; delay slot nop
 1452  000020e0          	L89_LF2:
 1453  000020e0  8fc10004	lw	r1,4(r30)
 1454  000020e4  64220000	snei	r2,r1,#0
 1455  000020e8  10400010	beqz	r2,L99_LF2
 1456  000020ec  54000000	nop; delay slot nop
 1457  000020f0  8fc10004	lw	r1,4(r30)
 1458  000020f4  8fc20000	lw	r2,(r30)
 1459  000020f8  ac220000	sw	(r1),r2
 1460  000020fc          	L99_LF2:
 1461  000020fc  8fc1fff4	lw	r1,-12(r30)
 1462  00002100  8fc2ffec	lw	r2,-20(r30)
 1463  00002104  00200035	movi2fp	f0,r1
 1464  00002108  00400835	movi2fp	f1,r2
 1465  0000210c  0401000e	mult	f0,f0,f1
 1466  00002110  00000834	movfp2i	r1,f0
 1467  00002114  afc1fff4	sw	-12(r30),r1
 1468  00002118  8fc1fff4	lw	r1,-12(r30)
 1469  0000211c  08000004	j	L72_LF2
 1470  00002120  54000000	nop; delay slot nop
 1471  00002124          	L72_LF2:
 1472  00002124  8fa20000	lw	r2,0(r29)
 1473  00002128  8fdffff8	lw	r31,-8(r30)
 1474  0000212c  001ee820	add	r29,r0,r30
 1475  00002130  8fdefffc	lw	r30,-4(r30)
 1476  00002134  4be00000	jr	r31
 1477  00002138  54000000	nop
 1478  0000213c          	.endproc _dstrtol
 1479  0000213c          	.align 2
 1480  0000213c          	.proc _bcopy
 1481  0000213c          	.global _bcopy
 1482  0000213c          	_bcopy:
 1483                      ;  Function 'bcopy'; 0 bytes of locals, 2 regs to save.
 1484  0000213c  afbefffc	sw	-4(r29),r30; push fp
 1485  00002140  001df020	add	r30,r0,r29; fp = sp
 1486  00002144  afbffff8	sw	-8(r29),r31; push ret addr
 1487  00002148  2fbd0010	subui	r29,r29,#16; alloc local storage
 1488  0000214c  afa20000	sw	0(r29),r2
 1489  00002150  afa30004	sw	4(r29),r3
 1490  00002154  54000000	nop
 1491  00002158          	L101_LF2:
 1492  00002158  8fc10008	lw	r1,8(r30)
 1493  0000215c  2022ffff	addi	r2,r1,#-1
 1494  00002160  afc20008	sw	8(r30),r2
 1495  00002164  6c210000	sgti	r1,r1,#0
 1496  00002168  1420000c	bnez	r1,L103_LF2
 1497  0000216c  54000000	nop; delay slot nop
 1498  00002170  0800002c	j	L102_LF2
 1499  00002174  54000000	nop; delay slot nop
 1500  00002178          	L103_LF2:
 1501  00002178  8fc10004	lw	r1,4(r30)
 1502  0000217c  20220001	addi	r2,r1,#1
 1503  00002180  afc20004	sw	4(r30),r2
 1504  00002184  8fc20000	lw	r2,(r30)
 1505  00002188  20430001	addi	r3,r2,#1
 1506  0000218c  afc30000	sw	(r30),r3
 1507  00002190  80420000	lb	r2,(r2)
 1508  00002194  a0220000	sb	(r1),r2
 1509  00002198  0bffffbc	j	L101_LF2
 1510  0000219c  54000000	nop; delay slot nop
 1511  000021a0          	L102_LF2:
 1512  000021a0          	L100_LF2:
 1513  000021a0  8fa20000	lw	r2,0(r29)
 1514  000021a4  8fa30004	lw	r3,4(r29)
 1515  000021a8  8fdffff8	lw	r31,-8(r30)
 1516  000021ac  001ee820	add	r29,r0,r30
 1517  000021b0  8fdefffc	lw	r30,-4(r30)
 1518  000021b4  4be00000	jr	r31
 1519  000021b8  54000000	nop
 1520  000021bc          	.endproc _bcopy
 1521  000021bc          	.align 2
 1522  000021bc          	.proc _bzero
 1523  000021bc          	.global _bzero
 1524  000021bc          	_bzero:
 1525                      ;  Function 'bzero'; 0 bytes of locals, 1 regs to save.
 1526  000021bc  afbefffc	sw	-4(r29),r30; push fp
 1527  000021c0  001df020	add	r30,r0,r29; fp = sp
 1528  000021c4  afbffff8	sw	-8(r29),r31; push ret addr
 1529  000021c8  2fbd0010	subui	r29,r29,#16; alloc local storage
 1530  000021cc  afa20000	sw	0(r29),r2
 1531  000021d0  54000000	nop
 1532  000021d4          	L105_LF2:
 1533  000021d4  8fc10004	lw	r1,4(r30)
 1534  000021d8  2022ffff	addi	r2,r1,#-1
 1535  000021dc  afc20004	sw	4(r30),r2
 1536  000021e0  6c210000	sgti	r1,r1,#0
 1537  000021e4  1420000c	bnez	r1,L107_LF2
 1538  000021e8  54000000	nop; delay slot nop
 1539  000021ec  08000020	j	L106_LF2
 1540  000021f0  54000000	nop; delay slot nop
 1541  000021f4          	L107_LF2:
 1542  000021f4  8fc10000	lw	r1,(r30)
 1543  000021f8  20220001	addi	r2,r1,#1
 1544  000021fc  afc20000	sw	(r30),r2
 1545  00002200  20020000	addi	r2,r0,(#0x0)&0xff
 1546  00002204  a0220000	sb	(r1),r2
 1547  00002208  0bffffc8	j	L105_LF2
 1548  0000220c  54000000	nop; delay slot nop
 1549  00002210          	L106_LF2:
 1550  00002210          	L104_LF2:
 1551  00002210  8fa20000	lw	r2,0(r29)
 1552  00002214  8fdffff8	lw	r31,-8(r30)
 1553  00002218  001ee820	add	r29,r0,r30
 1554  0000221c  8fdefffc	lw	r30,-4(r30)
 1555  00002220  4be00000	jr	r31
 1556  00002224  54000000	nop
 1557  00002228          	.endproc _bzero
 1558  00002228          	.align 2
 1559  00002228          	.proc _min
 1560  00002228          	.global _min
 1561  00002228          	_min:
 1562                      ;  Function 'min'; 0 bytes of locals, 2 regs to save.
 1563  00002228  afbefffc	sw	-4(r29),r30; push fp
 1564  0000222c  001df020	add	r30,r0,r29; fp = sp
 1565  00002230  afbffff8	sw	-8(r29),r31; push ret addr
 1566  00002234  2fbd0010	subui	r29,r29,#16; alloc local storage
 1567  00002238  afa20000	sw	0(r29),r2
 1568  0000223c  afa30004	sw	4(r29),r3
 1569  00002240  8fc10000	lw	r1,(r30)
 1570  00002244  8fc20004	lw	r2,4(r30)
 1571  00002248  0022182c	sle	r3,r1,r2
 1572  0000224c  14600008	bnez	r3,L109_LF2
 1573  00002250  54000000	nop; delay slot nop
 1574  00002254  8fc10004	lw	r1,4(r30)
 1575  00002258          	L109_LF2:
 1576  00002258  08000004	j	L108_LF2
 1577  0000225c  54000000	nop; delay slot nop
 1578  00002260          	L108_LF2:
 1579  00002260  8fa20000	lw	r2,0(r29)
 1580  00002264  8fa30004	lw	r3,4(r29)
 1581  00002268  8fdffff8	lw	r31,-8(r30)
 1582  0000226c  001ee820	add	r29,r0,r30
 1583  00002270  8fdefffc	lw	r30,-4(r30)
 1584  00002274  4be00000	jr	r31
 1585  00002278  54000000	nop
 1586  0000227c          	.endproc _min
 1587                      ;;; Ethan L. Miller, 1999.  Released to the public domain
 1588                      ;;;
 1589                      ;;; Most of the traps are called in files from libtraps.
 1592  0000227c          	.align 2
 1593  0000227c          	.proc _exit
 1594  0000227c          	.global _exit
 1595  0000227c          	_exit:
 1596  0000227c  44000300	trap	#0x300
 1597  00002280  4be00000	jr	r31
 1598  00002284  54000000	nop
 1599  00002288          	.endproc _exit
 1601                      ; for the benefit of gcc.
 1602  00002288          	.proc ___main
 1603  00002288          	.global ___main
 1604  00002288          	___main:
 1605  00002288  4be00000	jr	r31
 1606  0000228c  54000000	nop
 1607  00002290          	.endproc ___main
 1608  00002290          	.text
 1609  00002290          	.global _etext
 1610  00002290          	_etext:
 1611  00002290          	.align 3
 1612  00002290          	.data
 1613  0000311b          	.global _edata
 1614  0000311b          	_edata:
